ForwardY 2022-06-01 11:33:06.999999 -0.00267
ForwardY 2022-06-01 11:33:06.999999 -0.00303726
ForwardY 2022-06-01 11:33:06.999999 -0.00247911
ForwardY 2022-06-01 11:33:06.999999 -0.00197523
ForwardY 2022-06-01 11:33:06.999999 -0.00179643
ForwardY 2022-06-01 11:33:06.999999 -0.00289714
ForwardY 2022-06-01 11:33:06.999999 -0.00126352
ForwardY 2022-06-01 11:33:06.999999 -0.000266974
ForwardY 2022-06-01 11:33:06.999999 -0.00248663
ForwardY 2022-06-01 11:33:06.999999 -0.000690949
ForwardY 2022-06-01 11:33:06.999999 -0.00160843
ForwardY 2022-06-01 11:33:06.999999 -0.000901
ForwardY 2022-06-01 11:33:06.999999 -0.000816593
ForwardY 2022-06-01 11:33:06.999999 -0.000997422
ForwardY 2022-06-01 11:33:06.999999 -0.00341617
ForwardY 2022-06-01 11:33:06.999999 -0.00367756
ForwardY 2022-06-01 11:33:06.999999 -0.00280482
ForwardY 2022-06-01 11:33:06.999999 -0.0027357
ForwardY 2022-06-01 11:33:06.999999 -0.00429065
ForwardY 2022-06-01 11:33:06.999999 -0.00491624
ForwardY 2022-06-01 11:33:06.999999 -0.00363614
ForwardY 2022-06-01 11:33:06.999999 -0.00405042
ForwardY 2022-06-01 11:33:06.999999 -0.00306172
ForwardY 2022-06-01 11:33:06.999999 -0.00121967
ForwardY 2022-06-01 11:33:06.999999 -0.00101171
ForwardY 2022-06-01 11:33:06.999999 0.000460773
ForwardY 2022-06-01 11:33:06.999999 0.000413026
ForwardY 2022-06-01 11:33:06.999999 -0.0001343
ForwardY 2022-06-01 11:33:06.999999 -0.00152179
ForwardY 2022-06-01 11:33:06.999999 -0.00167026
ForwardY 2022-06-01 11:33:06.999999 0.000119907
ForwardY 2022-06-01 11:33:06.999999 -0.00114385
ForwardY 2022-06-01 11:33:06.999999 0.000132292
ForwardY 2022-06-01 11:33:06.999999 -0.000601068
ForwardY 2022-06-01 11:33:06.999999 -0.000549714
ForwardY 2022-06-01 11:33:06.999999 -0.00326846
ForwardY 2022-06-01 11:33:06.999999 -0.0028442
ForwardY 2022-06-01 11:33:06.999999 -0.00152884
ForwardY 2022-06-01 11:33:06.999999 -0.00143169
ForwardY 2022-06-01 11:33:06.999999 -0.000401586
ForwardY 2022-06-01 11:33:06.999999 0.000192744
ForwardY 2022-06-01 11:33:06.999999 -0.000674364
ForwardY 2022-06-01 11:33:06.999999 0.000603426
ForwardY 2022-06-01 11:33:06.999999 -0.000406369
ForwardY 2022-06-01 11:33:06.999999 -5.16896e-05
ForwardY 2022-06-01 11:33:06.999999 -1.50161e-05
ForwardY 2022-06-01 11:33:06.999999 -0.000166442
ForwardY 2022-06-01 11:33:06.999999 -0.00169277
ForwardY 2022-06-01 11:33:06.999999 -0.00186159
ForwardY 2022-06-01 11:33:06.999999 -0.00134825
ForwardY 2022-06-01 11:33:06.999999 -0.00334378
ForwardY 2022-06-01 11:33:06.999999 -0.00313836
ForwardY 2022-06-01 11:33:06.999999 -0.00248524
ForwardY 2022-06-01 11:33:06.999999 -0.000423677
ForwardY 2022-06-01 11:33:06.999999 -0.00074373
ForwardY 2022-06-01 11:33:06.999999 -0.000787754
ForwardY 2022-06-01 11:33:06.999999 -0.000188502
ForwardY 2022-06-01 11:33:06.999999 -0.000912214
ForwardY 2022-06-01 11:33:06.999999 0.00029838
ForwardY 2022-06-01 11:33:06.999999 -0.000883777
ForwardY 2022-06-01 11:33:06.999999 -0.000244631
ForwardY 2022-06-01 11:33:06.999999 -0.00149604
ForwardY 2022-06-01 11:33:06.999999 -0.000213537
ForwardY 2022-06-01 11:33:06.999999 -0.00181774
ForwardY 2022-06-01 11:33:06.999999 -0.00198409
ForwardY 2022-06-01 11:33:06.999999 -0.000674292
ForwardY 2022-06-01 11:33:06.999999 -0.00103418
ForwardY 2022-06-01 11:33:06.999999 -0.000952532
ForwardY 2022-06-01 11:33:06.999999 0.000122938
ForwardY 2022-06-01 11:33:06.999999 0.000143993
ForwardY 2022-06-01 11:33:06.999999 0.000405571
ForwardY 2022-06-01 11:33:06.999999 -0.000504297
ForwardY 2022-06-01 11:33:06.999999 0.000975032
ForwardY 2022-06-01 11:33:06.999999 0.000627827
ForwardY 2022-06-01 11:33:06.999999 -0.000402593
ForwardY 2022-06-01 11:33:06.999999 -0.00157373
ForwardY 2022-06-01 11:33:06.999999 -0.00211568
ForwardY 2022-06-01 11:33:06.999999 -0.00202937
ForwardY 2022-06-01 11:33:06.999999 -0.00204207
ForwardY 2022-06-01 11:33:06.999999 -0.00189516
ForwardY 2022-06-01 11:33:06.999999 -0.00240601
ForwardY 2022-06-01 11:33:06.999999 -0.00201921
ForwardY 2022-06-01 11:33:06.999999 -0.00190569
ForwardY 2022-06-01 11:33:06.999999 -0.00065504
ForwardY 2022-06-01 11:33:06.999999 -0.00083818
ForwardY 2022-06-01 11:33:06.999999 -0.00184874
ForwardY 2022-06-01 11:33:06.999999 -0.00103166
ForwardY 2022-06-01 11:33:06.999999 -0.00132887
ForwardY 2022-06-01 11:33:06.999999 -0.000642011
ForwardY 2022-06-01 11:33:06.999999 -0.00229795
ForwardY 2022-06-01 11:33:06.999999 -0.00162481
ForwardY 2022-06-01 11:33:06.999999 -0.00251656
ForwardY 2022-06-01 11:33:06.999999 -0.000329686
ForwardY 2022-06-01 11:33:06.999999 -0.00278547
ForwardY 2022-06-01 11:33:06.999999 -0.00122839
ForwardY 2022-06-01 11:33:06.999999 -0.00203351
ForwardY 2022-06-01 11:33:06.999999 -0.00139176
ForwardY 2022-06-01 11:33:06.999999 -0.000510112
ForwardY 2022-06-01 11:33:06.999999 -0.00190762
ForwardY 2022-06-01 11:33:06.999999 -0.000983419
ForwardY 2022-06-01 11:33:06.999999 -0.00153611
ForwardY 2022-06-01 11:33:06.999999 -0.00122236
ForwardY 2022-06-01 11:33:06.999999 -0.00226561
ForwardY 2022-06-01 11:33:06.999999 -0.0031219
ForwardY 2022-06-01 11:33:06.999999 -0.00477761
ForwardY 2022-06-01 11:33:06.999999 -0.00412826
ForwardY 2022-06-01 11:33:06.999999 -0.00238898
ForwardY 2022-06-01 11:33:06.999999 -0.00331695
ForwardY 2022-06-01 11:33:06.999999 -0.00293928
ForwardY 2022-06-01 11:33:06.999999 -0.00360698
ForwardY 2022-06-01 11:33:06.999999 -0.00232508
ForwardY 2022-06-01 11:33:06.999999 -0.00325216
ForwardY 2022-06-01 11:33:06.999999 -0.00158988
ForwardY 2022-06-01 11:33:06.999999 -0.000173003
ForwardY 2022-06-01 11:33:06.999999 -0.00100351
ForwardY 2022-06-01 11:33:06.999999 -0.000702745
ForwardY 2022-06-01 11:33:06.999999 -0.00126079
ForwardY 2022-06-01 11:33:06.999999 -0.00159531
ForwardY 2022-06-01 11:33:06.999999 -0.0027005
ForwardY 2022-06-01 11:33:06.999999 -0.00325996
ForwardY 2022-06-01 11:33:06.999999 -0.00287485
ForwardY 2022-06-01 11:33:06.999999 -0.00179476
ForwardY 2022-06-01 11:33:06.999999 -0.00223361
ForwardY 2022-06-01 11:33:06.999999 -0.00371824
ForwardY 2022-06-01 11:33:06.999999 -0.00203236
ForwardY 2022-06-01 11:33:06.999999 -0.00379354
ForwardY 2022-06-01 11:33:06.999999 -0.00276917
ForwardY 2022-06-01 11:33:06.999999 -0.00306428
ForwardY 2022-06-01 11:33:06.999999 -0.000803787
ForwardY 2022-06-01 11:33:06.999999 -0.00246087
ForwardY 2022-06-01 11:33:06.999999 -0.00290683
ForwardY 2022-06-01 11:33:06.999999 -0.00280486
ForwardY 2022-06-01 11:33:06.999999 -0.00232616
ForwardY 2022-06-01 11:33:06.999999 -0.00160009
ForwardY 2022-06-01 11:33:06.999999 0.000412005
ForwardY 2022-06-01 11:33:06.999999 -0.000582688
ForwardY 2022-06-01 11:33:06.999999 -0.00052204
ForwardY 2022-06-01 11:33:06.999999 0.000923856
ForwardY 2022-06-01 11:33:06.999999 -0.000562953
ForwardY 2022-06-01 11:33:06.999999 -0.00079002
ForwardY 2022-06-01 11:33:06.999999 -0.00184499
ForwardY 2022-06-01 11:33:06.999999 -0.0022969
ForwardY 2022-06-01 11:33:06.999999 8.77379e-05
ForwardY 2022-06-01 11:33:06.999999 -4.42319e-05
ForwardY 2022-06-01 11:33:06.999999 0.000544409
ForwardY 2022-06-01 11:33:06.999999 -7.14169e-05
ForwardY 2022-06-01 11:33:06.999999 0.000215389
ForwardY 2022-06-01 11:33:06.999999 0.000210465
ForwardY 2022-06-01 11:33:06.999999 0.000123773
ForwardY 2022-06-01 11:33:06.999999 -0.00115329
ForwardY 2022-06-01 11:33:06.999999 -0.00125529
ForwardY 2022-06-01 11:33:06.999999 -0.00299907
ForwardY 2022-06-01 11:33:06.999999 -0.00435913
ForwardY 2022-06-01 11:33:06.999999 -0.00351925
ForwardY 2022-06-01 11:33:06.999999 -0.00117992
ForwardY 2022-06-01 11:33:06.999999 -0.00115972
ForwardY 2022-06-01 11:33:06.999999 -0.00103689
ForwardY 2022-06-01 11:33:06.999999 -0.00110569
ForwardY 2022-06-01 11:33:06.999999 -0.00096581
ForwardY 2022-06-01 11:33:06.999999 -0.000727773
ForwardY 2022-06-01 11:33:06.999999 0.000606523
ForwardY 2022-06-01 11:33:06.999999 5.155e-05
ForwardY 2022-06-01 11:33:06.999999 0.00109639
ForwardY 2022-06-01 11:33:06.999999 0.000404031
ForwardY 2022-06-01 11:33:06.999999 0.001183
ForwardY 2022-06-01 11:33:06.999999 0.000275565
ForwardY 2022-06-01 11:33:06.999999 0.00132148
ForwardY 2022-06-01 11:33:06.999999 0.000378235
ForwardY 2022-06-01 11:33:06.999999 -0.00081159
ForwardY 2022-06-01 11:33:06.999999 -0.00287319
ForwardY 2022-06-01 11:33:06.999999 -0.00380826
ForwardY 2022-06-01 11:33:06.999999 -0.00220715
ForwardY 2022-06-01 11:33:06.999999 -0.00217636
ForwardY 2022-06-01 11:33:06.999999 -0.000605494
ForwardY 2022-06-01 11:33:06.999999 -0.000592738
ForwardY 2022-06-01 11:33:06.999999 0.000102953
ForwardY 2022-06-01 11:33:06.999999 -0.000903865
ForwardY 2022-06-01 11:33:06.999999 -0.00107072
ForwardY 2022-06-01 11:33:06.999999 -0.00123016
ForwardY 2022-06-01 11:33:06.999999 -0.00323815
ForwardY 2022-06-01 11:33:06.999999 -0.00193057
ForwardY 2022-06-01 11:33:06.999999 -0.000427705
ForwardY 2022-06-01 11:33:06.999999 0.000105385
ForwardY 2022-06-01 11:33:06.999999 -0.00172555
ForwardY 2022-06-01 11:33:06.999999 -0.00207128
ForwardY 2022-06-01 11:33:06.999999 -0.000147126
ForwardY 2022-06-01 11:33:06.999999 -0.000340416
ForwardY 2022-06-01 11:33:06.999999 0.000133623
ForwardY 2022-06-01 11:33:06.999999 -0.00161161
ForwardY 2022-06-01 11:33:06.999999 -0.00189614
ForwardY 2022-06-01 11:33:06.999999 -0.00248514
ForwardY 2022-06-01 11:33:06.999999 -0.00343497
ForwardY 2022-06-01 11:33:06.999999 -0.00287427
ForwardY 2022-06-01 11:33:06.999999 -0.00396471
ForwardY 2022-06-01 11:33:06.999999 -0.00311871
ForwardY 2022-06-01 11:33:06.999999 -0.00307979
ForwardY 2022-06-01 11:33:06.999999 -0.00303486
ForwardY 2022-06-01 11:33:06.999999 -0.00164923
ForwardY 2022-06-01 11:33:06.999999 -0.000909336
ForwardY 2022-06-01 11:33:06.999999 -0.00267276
ForwardY 2022-06-01 11:33:06.999999 -0.00228483
ForwardY 2022-06-01 11:33:06.999999 -0.00167772
ForwardY 2022-06-01 11:33:06.999999 -0.00199223
ForwardY 2022-06-01 11:33:06.999999 -0.00244819
ForwardY 2022-06-01 11:33:06.999999 -0.00288026
ForwardY 2022-06-01 11:33:06.999999 -0.0019966
ForwardY 2022-06-01 11:33:06.999999 -0.00246721
ForwardY 2022-06-01 11:33:06.999999 -0.000524364
ForwardY 2022-06-01 11:33:06.999999 -0.00225598
ForwardY 2022-06-01 11:33:06.999999 -0.00216141
ForwardY 2022-06-01 11:33:06.999999 -0.00240313
ForwardY 2022-06-01 11:33:06.999999 -0.00137364
ForwardY 2022-06-01 11:33:06.999999 -0.000707587
ForwardY 2022-06-01 11:33:06.999999 -0.00169503
ForwardY 2022-06-01 11:33:06.999999 -0.000198602
ForwardY 2022-06-01 11:33:06.999999 -0.00257602
ForwardY 2022-06-01 11:33:06.999999 -0.0013263
ForwardY 2022-06-01 11:33:06.999999 -0.000115031
ForwardY 2022-06-01 11:33:06.999999 0.00126418
ForwardY 2022-06-01 11:33:06.999999 0.000387498
ForwardY 2022-06-01 11:33:06.999999 0.00119538
ForwardY 2022-06-01 11:33:06.999999 0.000249214
ForwardY 2022-06-01 11:33:06.999999 -0.000988651
ForwardY 2022-06-01 11:33:06.999999 0.000930442
ForwardY 2022-06-01 11:33:06.999999 0.0010308
ForwardY 2022-06-01 11:33:06.999999 0.000686839
ForwardY 2022-06-01 11:33:06.999999 -0.000833283
ForwardY 2022-06-01 11:33:06.999999 -0.00129767
ForwardY 2022-06-01 11:33:06.999999 -0.00321908
ForwardY 2022-06-01 11:33:06.999999 -0.00220381
ForwardY 2022-06-01 11:33:06.999999 -0.00240803
ForwardY 2022-06-01 11:33:06.999999 -0.00207839
ForwardY 2022-06-01 11:33:06.999999 -0.00195928
ForwardY 2022-06-01 11:33:06.999999 -0.00193875
ForwardY 2022-06-01 11:33:06.999999 -0.000847911
ForwardY 2022-06-01 11:33:06.999999 -9.36122e-05
ForwardY 2022-06-01 11:33:06.999999 0.000260228
ForwardY 2022-06-01 11:33:06.999999 -0.000457731
ForwardY 2022-06-01 11:33:06.999999 -0.0024442
ForwardY 2022-06-01 11:33:06.999999 -0.000766756
ForwardY 2022-06-01 11:33:06.999999 -0.00250843
ForwardY 2022-06-01 11:33:06.999999 -0.00157584
ForwardY 2022-06-01 11:33:06.999999 -0.000108675
ForwardY 2022-06-01 11:33:06.999999 -0.00158658
ForwardY 2022-06-01 11:33:06.999999 -0.00078771
ForwardY 2022-06-01 11:33:06.999999 -0.00170349
ForwardY 2022-06-01 11:33:06.999999 0.000309972
ForwardY 2022-06-01 11:33:06.999999 -0.000131668
ForwardY 2022-06-01 11:33:06.999999 -0.000216401
ForwardY 2022-06-01 11:33:06.999999 -0.000732866
ForwardY 2022-06-01 11:33:06.999999 -4.55154e-05
ForwardY 2022-06-01 11:33:06.999999 -0.000778309
ForwardY 2022-06-01 11:33:06.999999 -0.00178328
ForwardY 2022-06-01 11:33:06.999999 -0.00109332
ForwardY 2022-06-01 11:33:06.999999 -0.00244971
ForwardY 2022-06-01 11:33:06.999999 -0.00181611
ForwardY 2022-06-01 11:33:06.999999 -0.00248919
ForwardY 2022-06-01 11:33:06.999999 -0.00188155
ForwardY 2022-06-01 11:33:06.999999 -0.00210157
ForwardY 2022-06-01 11:33:06.999999 -0.00118184
ForwardY 2022-06-01 11:33:06.999999 -0.00206478
ForwardY 2022-06-01 11:33:06.999999 -0.00240228
ForwardY 2022-06-01 11:33:06.999999 -0.0029419
ForwardY 2022-06-01 11:33:06.999999 -0.0032897
ForwardY 2022-06-01 11:33:06.999999 -0.00229641
ForwardY 2022-06-01 11:33:06.999999 -0.00177634
ForwardY 2022-06-01 11:33:06.999999 -0.00245738
ForwardY 2022-06-01 11:33:06.999999 -0.00303433
ForwardY 2022-06-01 11:33:06.999999 -0.00183035
ForwardY 2022-06-01 11:33:06.999999 -0.00186551
ForwardY 2022-06-01 11:33:06.999999 -0.00325192
ForwardY 2022-06-01 11:33:06.999999 -0.0025243
ForwardY 2022-06-01 11:33:06.999999 -0.000311902
ForwardY 2022-06-01 11:33:06.999999 -0.00118844
ForwardY 2022-06-01 11:33:06.999999 -0.000524304
ForwardY 2022-06-01 11:33:06.999999 -0.000345688
ForwardY 2022-06-01 11:33:06.999999 0.000166803
ForwardY 2022-06-01 11:33:06.999999 0.000227348
ForwardY 2022-06-01 11:33:06.999999 -0.000583973
ForwardY 2022-06-01 11:33:06.999999 -0.00195177
ForwardY 2022-06-01 11:33:06.999999 -0.0013985
ForwardY 2022-06-01 11:33:06.999999 -0.0020328
ForwardY 2022-06-01 11:33:06.999999 -0.000501688
ForwardY 2022-06-01 11:33:06.999999 -0.000582807
ForwardY 2022-06-01 11:33:06.999999 0.000959114
ForwardY 2022-06-01 11:33:06.999999 0.00121085
ForwardY 2022-06-01 11:33:06.999999 0.000505404
ForwardY 2022-06-01 11:33:06.999999 0.000646586
ForwardY 2022-06-01 11:33:06.999999 0.000440755
ForwardY 2022-06-01 11:33:06.999999 0.000791684
ForwardY 2022-06-01 11:33:06.999999 0.00224909
ForwardY 2022-06-01 11:33:06.999999 0.00158004
ForwardY 2022-06-01 11:33:06.999999 -0.000346975
ForwardY 2022-06-01 11:33:06.999999 -0.00220859
ForwardY 2022-06-01 11:33:06.999999 -0.00351627
ForwardY 2022-06-01 11:33:06.999999 -0.00161823
ForwardY 2022-06-01 11:33:06.999999 -0.00144807
ForwardY 2022-06-01 11:33:06.999999 -0.00218903
ForwardY 2022-06-01 11:33:06.999999 -0.00263266
ForwardY 2022-06-01 11:33:06.999999 -0.00293607
ForwardY 2022-06-01 11:33:06.999999 -0.00211773
ForwardY 2022-06-01 11:33:06.999999 -0.00244244
ForwardY 2022-06-01 11:33:06.999999 -0.00127871
ForwardY 2022-06-01 11:33:06.999999 -0.00104562
ForwardY 2022-06-01 11:33:06.999999 -0.00113216
ForwardY 2022-06-01 11:33:06.999999 -0.00123855
ForwardY 2022-06-01 11:33:06.999999 -0.000604679
ForwardY 2022-06-01 11:33:06.999999 0.001486
ForwardY 2022-06-01 11:33:06.999999 -0.00172894
ForwardY 2022-06-01 11:33:06.999999 -0.00228547
ForwardY 2022-06-01 11:33:06.999999 -0.00182075
ForwardY 2022-06-01 11:33:06.999999 -0.00243513
ForwardY 2022-06-01 11:33:06.999999 -0.00198274
ForwardY 2022-06-01 11:33:06.999999 -0.000427876
ForwardY 2022-06-01 11:33:06.999999 -0.000713333
ForwardY 2022-06-01 11:33:06.999999 -0.00381058
ForwardY 2022-06-01 11:33:06.999999 -0.00367221
ForwardY 2022-06-01 11:33:06.999999 -0.00320623
ForwardY 2022-06-01 11:33:06.999999 -0.00219632
ForwardY 2022-06-01 11:33:06.999999 -0.00356294
ForwardY 2022-06-01 11:33:06.999999 -0.00379748
ForwardY 2022-06-01 11:33:06.999999 -0.00263775
ForwardY 2022-06-01 11:33:06.999999 -0.00280039
ForwardY 2022-06-01 11:33:06.999999 -0.00268546
ForwardY 2022-06-01 11:33:06.999999 -0.00230256
ForwardY 2022-06-01 11:33:06.999999 -0.000788809
ForwardY 2022-06-01 11:33:06.999999 -0.00618665
ForwardY 2022-06-01 11:33:06.999999 -0.0155054
ForwardY 2022-06-01 11:33:06.999999 -0.0279128
ForwardY 2022-06-01 11:33:06.999999 -0.0374053
ForwardY 2022-06-01 11:33:06.999999 -0.0555839
ForwardY 2022-06-01 11:33:06.999999 -0.0775956
ForwardY 2022-06-01 11:33:06.999999 -0.107625
ForwardY 2022-06-01 11:33:06.999999 -0.141021
ForwardY 2022-06-01 11:33:06.999999 -0.178113
ForwardY 2022-06-01 11:33:06.999999 -0.223581
ForwardY 2022-06-01 11:33:06.999999 -0.272361
ForwardY 2022-06-01 11:33:06.999999 -0.328193
ForwardY 2022-06-01 11:33:06.999999 -0.391708
ForwardY 2022-06-01 11:33:06.999999 -0.45834
ForwardY 2022-06-01 11:33:06.999999 -0.531834
ForwardY 2022-06-01 11:33:06.999999 -0.607261
ForwardY 2022-06-01 11:33:06.999999 -0.680988
ForwardY 2022-06-01 11:33:06.999999 -0.755975
ForwardY 2022-06-01 11:33:06.999999 -0.820098
ForwardY 2022-06-01 11:33:06.999999 -0.886739
ForwardY 2022-06-01 11:33:06.999999 -0.957408
ForwardY 2022-06-01 11:33:06.999999 -1.02757
ForwardY 2022-06-01 11:33:06.999999 -1.09391
ForwardY 2022-06-01 11:33:06.999999 -1.14725
ForwardY 2022-06-01 11:33:06.999999 -1.19617
ForwardY 2022-06-01 11:33:06.999999 -1.2459
ForwardY 2022-06-01 11:33:06.999999 -1.29284
ForwardY 2022-06-01 11:33:06.999999 -1.33619
ForwardY 2022-06-01 11:33:06.999999 -1.36872
ForwardY 2022-06-01 11:33:06.999999 -1.391
ForwardY 2022-06-01 11:33:06.999999 -1.41454
ForwardY 2022-06-01 11:33:06.999999 -1.43809
ForwardY 2022-06-01 11:33:06.999999 -1.45866
ForwardY 2022-06-01 11:33:06.999999 -1.47881
ForwardY 2022-06-01 11:33:06.999999 -1.49596
ForwardY 2022-06-01 11:33:06.999999 -1.51365
ForwardY 2022-06-01 11:33:06.999999 -1.53224
ForwardY 2022-06-01 11:33:06.999999 -1.55197
ForwardY 2022-06-01 11:33:06.999999 -1.56849
ForwardY 2022-06-01 11:33:06.999999 -1.58166
ForwardY 2022-06-01 11:33:06.999999 -1.59451
ForwardY 2022-06-01 11:33:06.999999 -1.6147
ForwardY 2022-06-01 11:33:06.999999 -1.63701
ForwardY 2022-06-01 11:33:06.999999 -1.66012
ForwardY 2022-06-01 11:33:06.999999 -1.67621
ForwardY 2022-06-01 11:33:06.999999 -1.69748
ForwardY 2022-06-01 11:33:06.999999 -1.72022
ForwardY 2022-06-01 11:33:06.999999 -1.74411
ForwardY 2022-06-01 11:33:06.999999 -1.76515
ForwardY 2022-06-01 11:33:06.999999 -1.78049
ForwardY 2022-06-01 11:33:06.999999 -1.79366
ForwardY 2022-06-01 11:33:06.999999 -1.81547
ForwardY 2022-06-01 11:33:06.999999 -1.83467
ForwardY 2022-06-01 11:33:06.999999 -1.85708
ForwardY 2022-06-01 11:33:06.999999 -1.8695
ForwardY 2022-06-01 11:33:06.999999 -1.88951
ForwardY 2022-06-01 11:33:06.999999 -1.91158
ForwardY 2022-06-01 11:33:06.999999 -1.92913
ForwardY 2022-06-01 11:33:06.999999 -1.94896
ForwardY 2022-06-01 11:33:06.999999 -1.96217
ForwardY 2022-06-01 11:33:06.999999 -1.97534
ForwardY 2022-06-01 11:33:06.999999 -1.99584
ForwardY 2022-06-01 11:33:06.999999 -2.01805
ForwardY 2022-06-01 11:33:06.999999 -2.03703
ForwardY 2022-06-01 11:33:06.999999 -2.05753
ForwardY 2022-06-01 11:33:06.999999 -2.07841
ForwardY 2022-06-01 11:33:06.999999 -2.10043
ForwardY 2022-06-01 11:33:06.999999 -2.12112
ForwardY 2022-06-01 11:33:06.999999 -2.14336
ForwardY 2022-06-01 11:33:06.999999 -2.15702
ForwardY 2022-06-01 11:33:06.999999 -2.16944
ForwardY 2022-06-01 11:33:06.999999 -2.18757
ForwardY 2022-06-01 11:33:06.999999 -2.20998
ForwardY 2022-06-01 11:33:06.999999 -2.22558
ForwardY 2022-06-01 11:33:06.999999 -2.2456
ForwardY 2022-06-01 11:33:06.999999 -2.26075
ForwardY 2022-06-01 11:33:06.999999 -2.28246
ForwardY 2022-06-01 11:33:06.999999 -2.29843
ForwardY 2022-06-01 11:33:06.999999 -2.31699
ForwardY 2022-06-01 11:33:06.999999 -2.3274
ForwardY 2022-06-01 11:33:06.999999 -2.33932
ForwardY 2022-06-01 11:33:06.999999 -2.35807
ForwardY 2022-06-01 11:33:06.999999 -2.3753
ForwardY 2022-06-01 11:33:06.999999 -2.3928
ForwardY 2022-06-01 11:33:06.999999 -2.40595
ForwardY 2022-06-01 11:33:06.999999 -2.42237
ForwardY 2022-06-01 11:33:06.999999 -2.43627
ForwardY 2022-06-01 11:33:06.999999 -2.44888
ForwardY 2022-06-01 11:33:06.999999 -2.46198
ForwardY 2022-06-01 11:33:06.999999 -2.4695
ForwardY 2022-06-01 11:33:06.999999 -2.47453
ForwardY 2022-06-01 11:33:06.999999 -2.48688
ForwardY 2022-06-01 11:33:06.999999 -2.50064
ForwardY 2022-06-01 11:33:06.999999 -2.51054
ForwardY 2022-06-01 11:33:06.999999 -2.52189
ForwardY 2022-06-01 11:33:06.999999 -2.53191
ForwardY 2022-06-01 11:33:06.999999 -2.54684
ForwardY 2022-06-01 11:33:06.999999 -2.55604
ForwardY 2022-06-01 11:33:06.999999 -2.5696
ForwardY 2022-06-01 11:33:06.999999 -2.57135
ForwardY 2022-06-01 11:33:06.999999 -2.57896
ForwardY 2022-06-01 11:33:06.999999 -2.5902
ForwardY 2022-06-01 11:33:06.999999 -2.60346
ForwardY 2022-06-01 11:33:06.999999 -2.61718
ForwardY 2022-06-01 11:33:06.999999 -2.62757
ForwardY 2022-06-01 11:33:06.999999 -2.64359
ForwardY 2022-06-01 11:33:06.999999 -2.65671
ForwardY 2022-06-01 11:33:06.999999 -2.67138
ForwardY 2022-06-01 11:33:06.999999 -2.68375
ForwardY 2022-06-01 11:33:06.999999 -2.68907
ForwardY 2022-06-01 11:33:06.999999 -2.69594
ForwardY 2022-06-01 11:33:06.999999 -2.70568
ForwardY 2022-06-01 11:33:06.999999 -2.72161
ForwardY 2022-06-01 11:33:06.999999 -2.73045
ForwardY 2022-06-01 11:33:06.999999 -2.73827
ForwardY 2022-06-01 11:33:06.999999 -2.74927
ForwardY 2022-06-01 11:33:06.999999 -2.75907
ForwardY 2022-06-01 11:33:06.999999 -2.77048
ForwardY 2022-06-01 11:33:06.999999 -2.77988
ForwardY 2022-06-01 11:33:06.999999 -2.78513
ForwardY 2022-06-01 11:33:06.999999 -2.78786
ForwardY 2022-06-01 11:33:06.999999 -2.79532
ForwardY 2022-06-01 11:33:06.999999 -2.80994
ForwardY 2022-06-01 11:33:06.999999 -2.81662
ForwardY 2022-06-01 11:33:06.999999 -2.82484
ForwardY 2022-06-01 11:33:06.999999 -2.83516
ForwardY 2022-06-01 11:33:06.999999 -2.84748
ForwardY 2022-06-01 11:33:06.999999 -2.85936
ForwardY 2022-06-01 11:33:06.999999 -2.87074
ForwardY 2022-06-01 11:33:06.999999 -2.8738
ForwardY 2022-06-01 11:33:06.999999 -2.87701
ForwardY 2022-06-01 11:33:06.999999 -2.88508
ForwardY 2022-06-01 11:33:06.999999 -2.89761
ForwardY 2022-06-01 11:33:06.999999 -2.90481
ForwardY 2022-06-01 11:33:06.999999 -2.91104
ForwardY 2022-06-01 11:33:06.999999 -2.91623
ForwardY 2022-06-01 11:33:06.999999 -2.92368
ForwardY 2022-06-01 11:33:06.999999 -2.92937
ForwardY 2022-06-01 11:33:06.999999 -2.93372
ForwardY 2022-06-01 11:33:06.999999 -2.93092
ForwardY 2022-06-01 11:33:06.999999 -2.9277
ForwardY 2022-06-01 11:33:06.999999 -2.9285
ForwardY 2022-06-01 11:33:06.999999 -2.93118
ForwardY 2022-06-01 11:33:06.999999 -2.93619
ForwardY 2022-06-01 11:33:06.999999 -2.9383
ForwardY 2022-06-01 11:33:06.999999 -2.93805
ForwardY 2022-06-01 11:33:06.999999 -2.94306
ForwardY 2022-06-01 11:33:06.999999 -2.9429
ForwardY 2022-06-01 11:33:06.999999 -2.94263
ForwardY 2022-06-01 11:33:06.999999 -2.9365
ForwardY 2022-06-01 11:33:06.999999 -2.92715
ForwardY 2022-06-01 11:33:06.999999 -2.92857
ForwardY 2022-06-01 11:33:06.999999 -2.9303
ForwardY 2022-06-01 11:33:06.999999 -2.92971
ForwardY 2022-06-01 11:33:06.999999 -2.92781
ForwardY 2022-06-01 11:33:06.999999 -2.92382
ForwardY 2022-06-01 11:33:06.999999 -2.92469
ForwardY 2022-06-01 11:33:06.999999 -2.92326
ForwardY 2022-06-01 11:33:06.999999 -2.92297
ForwardY 2022-06-01 11:33:06.999999 -2.9143
ForwardY 2022-06-01 11:33:06.999999 -2.90325
ForwardY 2022-06-01 11:33:06.999999 -2.90284
ForwardY 2022-06-01 11:33:06.999999 -2.90601
ForwardY 2022-06-01 11:33:06.999999 -2.90308
ForwardY 2022-06-01 11:33:06.999999 -2.90266
ForwardY 2022-06-01 11:33:06.999999 -2.8997
ForwardY 2022-06-01 11:33:06.999999 -2.9004
ForwardY 2022-06-01 11:33:06.999999 -2.90139
ForwardY 2022-06-01 11:33:06.999999 -2.9021
ForwardY 2022-06-01 11:33:06.999999 -2.89428
ForwardY 2022-06-01 11:33:06.999999 -2.88247
ForwardY 2022-06-01 11:33:06.999999 -2.88274
ForwardY 2022-06-01 11:33:06.999999 -2.88524
ForwardY 2022-06-01 11:33:06.999999 -2.88294
ForwardY 2022-06-01 11:33:06.999999 -2.87944
ForwardY 2022-06-01 11:33:06.999999 -2.87444
ForwardY 2022-06-01 11:33:06.999999 -2.87242
ForwardY 2022-06-01 11:33:06.999999 -2.86907
ForwardY 2022-06-01 11:33:06.999999 -2.86399
ForwardY 2022-06-01 11:33:06.999999 -2.85196
ForwardY 2022-06-01 11:33:06.999999 -2.83614
ForwardY 2022-06-01 11:33:06.999999 -2.8292
ForwardY 2022-06-01 11:33:06.999999 -2.82842
ForwardY 2022-06-01 11:33:06.999999 -2.8208
ForwardY 2022-06-01 11:33:06.999999 -2.8083
ForwardY 2022-06-01 11:33:06.999999 -2.80018
ForwardY 2022-06-01 11:33:06.999999 -2.79519
ForwardY 2022-06-01 11:33:06.999999 -2.7898
ForwardY 2022-06-01 11:33:06.999999 -2.78204
ForwardY 2022-06-01 11:33:06.999999 -2.7692
ForwardY 2022-06-01 11:33:06.999999 -2.75193
ForwardY 2022-06-01 11:33:06.999999 -2.74212
ForwardY 2022-06-01 11:33:06.999999 -2.73357
ForwardY 2022-06-01 11:33:06.999999 -2.72813
ForwardY 2022-06-01 11:33:06.999999 -2.71751
ForwardY 2022-06-01 11:33:06.999999 -2.70295
ForwardY 2022-06-01 11:33:06.999999 -2.69436
ForwardY 2022-06-01 11:33:06.999999 -2.68722
ForwardY 2022-06-01 11:33:06.999999 -2.6777
ForwardY 2022-06-01 11:33:06.999999 -2.6599
ForwardY 2022-06-01 11:33:06.999999 -2.63764
ForwardY 2022-06-01 11:33:06.999999 -2.62078
ForwardY 2022-06-01 11:33:06.999999 -2.61204
ForwardY 2022-06-01 11:33:06.999999 -2.60175
ForwardY 2022-06-01 11:33:06.999999 -2.58684
ForwardY 2022-06-01 11:33:06.999999 -2.57051
ForwardY 2022-06-01 11:33:06.999999 -2.55651
ForwardY 2022-06-01 11:33:06.999999 -2.54486
ForwardY 2022-06-01 11:33:06.999999 -2.53207
ForwardY 2022-06-01 11:33:06.999999 -2.51058
ForwardY 2022-06-01 11:33:06.999999 -2.48815
ForwardY 2022-06-01 11:33:06.999999 -2.46978
ForwardY 2022-06-01 11:33:06.999999 -2.45669
ForwardY 2022-06-01 11:33:06.999999 -2.44035
ForwardY 2022-06-01 11:33:06.999999 -2.42175
ForwardY 2022-06-01 11:33:06.999999 -2.40289
ForwardY 2022-06-01 11:33:06.999999 -2.38606
ForwardY 2022-06-01 11:33:06.999999 -2.36782
ForwardY 2022-06-01 11:33:06.999999 -2.34886
ForwardY 2022-06-01 11:33:06.999999 -2.3272
ForwardY 2022-06-01 11:33:06.999999 -2.29974
ForwardY 2022-06-01 11:33:06.999999 -2.28155
ForwardY 2022-06-01 11:33:06.999999 -2.26539
ForwardY 2022-06-01 11:33:06.999999 -2.24801
ForwardY 2022-06-01 11:33:06.999999 -2.22822
ForwardY 2022-06-01 11:33:06.999999 -2.20926
ForwardY 2022-06-01 11:33:06.999999 -2.19584
ForwardY 2022-06-01 11:33:06.999999 -2.1793
ForwardY 2022-06-01 11:33:06.999999 -2.16374
ForwardY 2022-06-01 11:33:06.999999 -2.14302
ForwardY 2022-06-01 11:33:06.999999 -2.11566
ForwardY 2022-06-01 11:33:06.999999 -2.09731
ForwardY 2022-06-01 11:33:06.999999 -2.08557
ForwardY 2022-06-01 11:33:06.999999 -2.06971
ForwardY 2022-06-01 11:33:06.999999 -2.0495
ForwardY 2022-06-01 11:33:06.999999 -2.03166
ForwardY 2022-06-01 11:33:06.999999 -2.01793
ForwardY 2022-06-01 11:33:06.999999 -2.00401
ForwardY 2022-06-01 11:33:06.999999 -1.98235
ForwardY 2022-06-01 11:33:06.999999 -1.95726
ForwardY 2022-06-01 11:33:06.999999 -1.93092
ForwardY 2022-06-01 11:33:06.999999 -1.91142
ForwardY 2022-06-01 11:33:06.999999 -1.89771
ForwardY 2022-06-01 11:33:06.999999 -1.878
ForwardY 2022-06-01 11:33:06.999999 -1.85836
ForwardY 2022-06-01 11:33:06.999999 -1.83749
ForwardY 2022-06-01 11:33:06.999999 -1.82208
ForwardY 2022-06-01 11:33:06.999999 -1.80522
ForwardY 2022-06-01 11:33:06.999999 -1.78703
ForwardY 2022-06-01 11:33:06.999999 -1.76548
ForwardY 2022-06-01 11:33:06.999999 -1.73591
ForwardY 2022-06-01 11:33:06.999999 -1.71599
ForwardY 2022-06-01 11:33:06.999999 -1.69972
ForwardY 2022-06-01 11:33:06.999999 -1.68032
ForwardY 2022-06-01 11:33:06.999999 -1.65987
ForwardY 2022-06-01 11:33:06.999999 -1.63841
ForwardY 2022-06-01 11:33:06.999999 -1.62021
ForwardY 2022-06-01 11:33:06.999999 -1.6009
ForwardY 2022-06-01 11:33:06.999999 -1.57873
ForwardY 2022-06-01 11:33:06.999999 -1.55123
ForwardY 2022-06-01 11:33:06.999999 -1.5213
ForwardY 2022-06-01 11:33:06.999999 -1.49663
ForwardY 2022-06-01 11:33:06.999999 -1.47486
ForwardY 2022-06-01 11:33:06.999999 -1.45186
ForwardY 2022-06-01 11:33:06.999999 -1.4281
ForwardY 2022-06-01 11:33:06.999999 -1.40156
ForwardY 2022-06-01 11:33:06.999999 -1.37874
ForwardY 2022-06-01 11:33:06.999999 -1.35603
ForwardY 2022-06-01 11:33:06.999999 -1.33241
ForwardY 2022-06-01 11:33:06.999999 -1.30252
ForwardY 2022-06-01 11:33:06.999999 -1.26642
ForwardY 2022-06-01 11:33:06.999999 -1.23621
ForwardY 2022-06-01 11:33:06.999999 -1.21298
ForwardY 2022-06-01 11:33:06.999999 -1.18806
ForwardY 2022-06-01 11:33:06.999999 -1.16097
ForwardY 2022-06-01 11:33:06.999999 -1.12955
ForwardY 2022-06-01 11:33:06.999999 -1.10388
ForwardY 2022-06-01 11:33:06.999999 -1.08005
ForwardY 2022-06-01 11:33:06.999999 -1.05333
ForwardY 2022-06-01 11:33:06.999999 -1.02389
ForwardY 2022-06-01 11:33:06.999999 -0.991983
ForwardY 2022-06-01 11:33:06.999999 -0.964771
ForwardY 2022-06-01 11:33:06.999999 -0.941064
ForwardY 2022-06-01 11:33:06.999999 -0.917268
ForwardY 2022-06-01 11:33:06.999999 -0.891192
ForwardY 2022-06-01 11:33:06.999999 -0.86571
ForwardY 2022-06-01 11:33:06.999999 -0.843893
ForwardY 2022-06-01 11:33:06.999999 -0.822367
ForwardY 2022-06-01 11:33:06.999999 -0.80184
ForwardY 2022-06-01 11:33:06.999999 -0.775695
ForwardY 2022-06-01 11:33:06.999999 -0.74583
ForwardY 2022-06-01 11:33:06.999999 -0.722887
ForwardY 2022-06-01 11:33:06.999999 -0.707008
ForwardY 2022-06-01 11:33:06.999999 -0.688333
ForwardY 2022-06-01 11:33:06.999999 -0.669174
ForwardY 2022-06-01 11:33:06.999999 -0.650468
ForwardY 2022-06-01 11:33:06.999999 -0.634158
ForwardY 2022-06-01 11:33:06.999999 -0.619105
ForwardY 2022-06-01 11:33:06.999999 -0.602804
ForwardY 2022-06-01 11:33:06.999999 -0.583419
ForwardY 2022-06-01 11:33:06.999999 -0.555361
ForwardY 2022-06-01 11:33:06.999999 -0.535698
ForwardY 2022-06-01 11:33:06.999999 -0.520996
ForwardY 2022-06-01 11:33:06.999999 -0.504148
ForwardY 2022-06-01 11:33:06.999999 -0.484846
ForwardY 2022-06-01 11:33:06.999999 -0.462624
ForwardY 2022-06-01 11:33:06.999999 -0.446275
ForwardY 2022-06-01 11:33:06.999999 -0.433835
ForwardY 2022-06-01 11:33:06.999999 -0.418777
ForwardY 2022-06-01 11:33:06.999999 -0.398583
ForwardY 2022-06-01 11:33:06.999999 -0.372578
ForwardY 2022-06-01 11:33:06.999999 -0.351687
ForwardY 2022-06-01 11:33:06.999999 -0.336135
ForwardY 2022-06-01 11:33:06.999999 -0.320378
ForwardY 2022-06-01 11:33:06.999999 -0.305247
ForwardY 2022-06-01 11:33:06.999999 -0.286639
ForwardY 2022-06-01 11:33:06.999999 -0.272684
ForwardY 2022-06-01 11:33:06.999999 -0.261502
ForwardY 2022-06-01 11:33:06.999999 -0.248739
ForwardY 2022-06-01 11:33:06.999999 -0.231199
ForwardY 2022-06-01 11:33:06.999999 -0.20674
ForwardY 2022-06-01 11:33:06.999999 -0.186531
ForwardY 2022-06-01 11:33:06.999999 -0.17507
ForwardY 2022-06-01 11:33:06.999999 -0.164055
ForwardY 2022-06-01 11:33:06.999999 -0.147967
ForwardY 2022-06-01 11:33:06.999999 -0.129105
ForwardY 2022-06-01 11:33:06.999999 -0.115026
ForwardY 2022-06-01 11:33:06.999999 -0.0993365
ForwardY 2022-06-01 11:33:06.999999 -0.0849354
ForwardY 2022-06-01 11:33:06.999999 -0.0679047
ForwardY 2022-06-01 11:33:06.999999 -0.046736
ForwardY 2022-06-01 11:33:06.999999 -0.0275879
ForwardY 2022-06-01 11:33:06.999999 -0.0133758
ForwardY 2022-06-01 11:33:06.999999 -0.000943652
ForwardY 2022-06-01 11:33:06.999999 0.0133283
ForwardY 2022-06-01 11:33:06.999999 0.024444
ForwardY 2022-06-01 11:33:06.999999 0.0381257
ForwardY 2022-06-01 11:33:06.999999 0.0497972
ForwardY 2022-06-01 11:33:06.999999 0.063031
ForwardY 2022-06-01 11:33:06.999999 0.0778676
ForwardY 2022-06-01 11:33:06.999999 0.0961898
ForwardY 2022-06-01 11:33:06.999999 0.114764
ForwardY 2022-06-01 11:33:06.999999 0.12572
ForwardY 2022-06-01 11:33:06.999999 0.136537
ForwardY 2022-06-01 11:33:06.999999 0.149267
ForwardY 2022-06-01 11:33:06.999999 0.158291
ForwardY 2022-06-01 11:33:06.999999 0.166259
ForwardY 2022-06-01 11:33:06.999999 0.175046
ForwardY 2022-06-01 11:33:06.999999 0.185088
ForwardY 2022-06-01 11:33:06.999999 0.192502
ForwardY 2022-06-01 11:33:06.999999 0.209677
ForwardY 2022-06-01 11:33:06.999999 0.223813
ForwardY 2022-06-01 11:33:06.999999 0.229376
ForwardY 2022-06-01 11:33:06.999999 0.234258
ForwardY 2022-06-01 11:33:06.999999 0.238547
ForwardY 2022-06-01 11:33:06.999999 0.246034
ForwardY 2022-06-01 11:33:06.999999 0.251648
ForwardY 2022-06-01 11:33:06.999999 0.254401
ForwardY 2022-06-01 11:33:06.999999 0.257452
ForwardY 2022-06-01 11:33:06.999999 0.263792
ForwardY 2022-06-01 11:33:06.999999 0.275187
ForwardY 2022-06-01 11:33:06.999999 0.282348
ForwardY 2022-06-01 11:33:06.999999 0.280861
ForwardY 2022-06-01 11:33:06.999999 0.279222
ForwardY 2022-06-01 11:33:06.999999 0.279563
ForwardY 2022-06-01 11:33:06.999999 0.282972
ForwardY 2022-06-01 11:33:06.999999 0.282723
ForwardY 2022-06-01 11:33:06.999999 0.277033
ForwardY 2022-06-01 11:33:06.999999 0.278627
ForwardY 2022-06-01 11:33:06.999999 0.276095
ForwardY 2022-06-01 11:33:06.999999 0.284572
ForwardY 2022-06-01 11:33:06.999999 0.28973
ForwardY 2022-06-01 11:33:06.999999 0.288228
ForwardY 2022-06-01 11:33:06.999999 0.284386
ForwardY 2022-06-01 11:33:06.999999 0.282493
ForwardY 2022-06-01 11:33:06.999999 0.284338
ForwardY 2022-06-01 11:33:06.999999 0.280243
ForwardY 2022-06-01 11:33:06.999999 0.2757
ForwardY 2022-06-01 11:33:06.999999 0.273511
ForwardY 2022-06-01 11:33:06.999999 0.271907
ForwardY 2022-06-01 11:33:06.999999 0.277338
ForwardY 2022-06-01 11:33:06.999999 0.281649
ForwardY 2022-06-01 11:33:06.999999 0.280455
ForwardY 2022-06-01 11:33:06.999999 0.273025
ForwardY 2022-06-01 11:33:06.999999 0.273081
ForwardY 2022-06-01 11:33:06.999999 0.272048
ForwardY 2022-06-01 11:33:06.999999 0.268897
ForwardY 2022-06-01 11:33:06.999999 0.266416
ForwardY 2022-06-01 11:33:06.999999 0.266465
ForwardY 2022-06-01 11:33:06.999999 0.26476
ForwardY 2022-06-01 11:33:06.999999 0.273401
ForwardY 2022-06-01 11:33:06.999999 0.278938
ForwardY 2022-06-01 11:33:06.999999 0.274004
ForwardY 2022-06-01 11:33:06.999999 0.271842
ForwardY 2022-06-01 11:33:06.999999 0.270361
ForwardY 2022-06-01 11:33:06.999999 0.266397
ForwardY 2022-06-01 11:33:06.999999 0.263029
ForwardY 2022-06-01 11:33:06.999999 0.260787
ForwardY 2022-06-01 11:33:06.999999 0.257022
ForwardY 2022-06-01 11:33:06.999999 0.255251
ForwardY 2022-06-01 11:33:06.999999 0.259815
ForwardY 2022-06-01 11:33:06.999999 0.26
ForwardY 2022-06-01 11:33:06.999999 0.257324
ForwardY 2022-06-01 11:33:06.999999 0.248729
ForwardY 2022-06-01 11:33:06.999999 0.246361
ForwardY 2022-06-01 11:33:06.999999 0.246727
ForwardY 2022-06-01 11:33:06.999999 0.242408
ForwardY 2022-06-01 11:33:06.999999 0.235045
ForwardY 2022-06-01 11:33:06.999999 0.232154
ForwardY 2022-06-01 11:33:06.999999 0.227767
ForwardY 2022-06-01 11:33:06.999999 0.231742
ForwardY 2022-06-01 11:33:06.999999 0.227384
ForwardY 2022-06-01 11:33:06.999999 0.21557
ForwardY 2022-06-01 11:33:06.999999 0.210463
ForwardY 2022-06-01 11:33:06.999999 0.197422
ForwardY 2022-06-01 11:33:06.999999 0.18946
ForwardY 2022-06-01 11:33:06.999999 0.178502
ForwardY 2022-06-01 11:33:06.999999 0.163558
ForwardY 2022-06-01 11:33:06.999999 0.151188
ForwardY 2022-06-01 11:33:06.999999 0.137799
ForwardY 2022-06-01 11:33:06.999999 0.131655
ForwardY 2022-06-01 11:33:06.999999 0.122169
ForwardY 2022-06-01 11:33:06.999999 0.102438
ForwardY 2022-06-01 11:33:06.999999 0.0863226
ForwardY 2022-06-01 11:33:06.999999 0.0703913
ForwardY 2022-06-01 11:33:06.999999 0.0548236
ForwardY 2022-06-01 11:33:06.999999 0.041163
ForwardY 2022-06-01 11:33:06.999999 0.0194593
ForwardY 2022-06-01 11:33:06.999999 0.00565625
ForwardY 2022-06-01 11:33:06.999999 -0.00802255
ForwardY 2022-06-01 11:33:06.999999 -0.0173294
ForwardY 2022-06-01 11:33:06.999999 -0.028616
ForwardY 2022-06-01 11:33:06.999999 -0.045015
ForwardY 2022-06-01 11:33:06.999999 -0.0614701
ForwardY 2022-06-01 11:33:06.999999 -0.0786084
ForwardY 2022-06-01 11:33:06.999999 -0.0916856
ForwardY 2022-06-01 11:33:06.999999 -0.106785
ForwardY 2022-06-01 11:33:06.999999 -0.127383
ForwardY 2022-06-01 11:33:06.999999 -0.140446
ForwardY 2022-06-01 11:33:06.999999 -0.157838
ForwardY 2022-06-01 11:33:06.999999 -0.169248
ForwardY 2022-06-01 11:33:06.999999 -0.184201
ForwardY 2022-06-01 11:33:06.999999 -0.204171
ForwardY 2022-06-01 11:33:06.999999 -0.22348
ForwardY 2022-06-01 11:33:06.999999 -0.23963
ForwardY 2022-06-01 11:33:06.999999 -0.25453
ForwardY 2022-06-01 11:33:06.999999 -0.273033
ForwardY 2022-06-01 11:33:06.999999 -0.292104
ForwardY 2022-06-01 11:33:06.999999 -0.310386
ForwardY 2022-06-01 11:33:06.999999 -0.327691
ForwardY 2022-06-01 11:33:06.999999 -0.337374
ForwardY 2022-06-01 11:33:06.999999 -0.348432
ForwardY 2022-06-01 11:33:06.999999 -0.362961
ForwardY 2022-06-01 11:33:06.999999 -0.383041
ForwardY 2022-06-01 11:33:06.999999 -0.395759
ForwardY 2022-06-01 11:33:06.999999 -0.412716
ForwardY 2022-06-01 11:33:06.999999 -0.427669
ForwardY 2022-06-01 11:33:06.999999 -0.44877
ForwardY 2022-06-01 11:33:06.999999 -0.46334
ForwardY 2022-06-01 11:33:06.999999 -0.479263
ForwardY 2022-06-01 11:33:06.999999 -0.485217
ForwardY 2022-06-01 11:33:06.999999 -0.496387
ForwardY 2022-06-01 11:33:06.999999 -0.513472
ForwardY 2022-06-01 11:33:06.999999 -0.530194
ForwardY 2022-06-01 11:33:06.999999 -0.545486
ForwardY 2022-06-01 11:33:06.999999 -0.558177
ForwardY 2022-06-01 11:33:06.999999 -0.576444
ForwardY 2022-06-01 11:33:06.999999 -0.591626
ForwardY 2022-06-01 11:33:06.999999 -0.610104
ForwardY 2022-06-01 11:33:06.999999 -0.619468
ForwardY 2022-06-01 11:33:06.999999 -0.627946
ForwardY 2022-06-01 11:33:06.999999 -0.637152
ForwardY 2022-06-01 11:33:06.999999 -0.653364
ForwardY 2022-06-01 11:33:06.999999 -0.671488
ForwardY 2022-06-01 11:33:06.999999 -0.687502
ForwardY 2022-06-01 11:33:06.999999 -0.702851
ForwardY 2022-06-01 11:33:06.999999 -0.721577
ForwardY 2022-06-01 11:33:06.999999 -0.744278
ForwardY 2022-06-01 11:33:06.999999 -0.761846
ForwardY 2022-06-01 11:33:06.999999 -0.783594
ForwardY 2022-06-01 11:33:06.999999 -0.796974
ForwardY 2022-06-01 11:33:06.999999 -0.81376
ForwardY 2022-06-01 11:33:06.999999 -0.835695
ForwardY 2022-06-01 11:33:06.999999 -0.862952
ForwardY 2022-06-01 11:33:06.999999 -0.884297
ForwardY 2022-06-01 11:33:06.999999 -0.907822
ForwardY 2022-06-01 11:33:06.999999 -0.925166
ForwardY 2022-06-01 11:33:06.999999 -0.953139
ForwardY 2022-06-01 11:33:06.999999 -0.971937
ForwardY 2022-06-01 11:33:06.999999 -0.995045
ForwardY 2022-06-01 11:33:06.999999 -1.01053
ForwardY 2022-06-01 11:33:06.999999 -1.03154
ForwardY 2022-06-01 11:33:06.999999 -1.05177
ForwardY 2022-06-01 11:33:06.999999 -1.07863
ForwardY 2022-06-01 11:33:06.999999 -1.10048
ForwardY 2022-06-01 11:33:06.999999 -1.12247
ForwardY 2022-06-01 11:33:06.999999 -1.14238
ForwardY 2022-06-01 11:33:06.999999 -1.16625
ForwardY 2022-06-01 11:33:06.999999 -1.18725
ForwardY 2022-06-01 11:33:06.999999 -1.21249
ForwardY 2022-06-01 11:33:06.999999 -1.22744
ForwardY 2022-06-01 11:33:06.999999 -1.24428
ForwardY 2022-06-01 11:33:06.999999 -1.26889
ForwardY 2022-06-01 11:33:06.999999 -1.29457
ForwardY 2022-06-01 11:33:06.999999 -1.31908
ForwardY 2022-06-01 11:33:06.999999 -1.34143
ForwardY 2022-06-01 11:33:06.999999 -1.36489
ForwardY 2022-06-01 11:33:06.999999 -1.38989
ForwardY 2022-06-01 11:33:06.999999 -1.41239
ForwardY 2022-06-01 11:33:06.999999 -1.43491
ForwardY 2022-06-01 11:33:06.999999 -1.45233
ForwardY 2022-06-01 11:33:06.999999 -1.4673
ForwardY 2022-06-01 11:33:06.999999 -1.48883
ForwardY 2022-06-01 11:33:06.999999 -1.51144
ForwardY 2022-06-01 11:33:06.999999 -1.53234
ForwardY 2022-06-01 11:33:06.999999 -1.54829
ForwardY 2022-06-01 11:33:06.999999 -1.5637
ForwardY 2022-06-01 11:33:06.999999 -1.58254
ForwardY 2022-06-01 11:33:06.999999 -1.6012
ForwardY 2022-06-01 11:33:06.999999 -1.61731
ForwardY 2022-06-01 11:33:06.999999 -1.62737
ForwardY 2022-06-01 11:33:06.999999 -1.63818
ForwardY 2022-06-01 11:33:06.999999 -1.65603
ForwardY 2022-06-01 11:33:06.999999 -1.67193
ForwardY 2022-06-01 11:33:06.999999 -1.68698
ForwardY 2022-06-01 11:33:06.999999 -1.69785
ForwardY 2022-06-01 11:33:06.999999 -1.71248
ForwardY 2022-06-01 11:33:06.999999 -1.72981
ForwardY 2022-06-01 11:33:06.999999 -1.74412
ForwardY 2022-06-01 11:33:06.999999 -1.7571
ForwardY 2022-06-01 11:33:06.999999 -1.76425
ForwardY 2022-06-01 11:33:06.999999 -1.77313
ForwardY 2022-06-01 11:33:06.999999 -1.78896
ForwardY 2022-06-01 11:33:06.999999 -1.80427
ForwardY 2022-06-01 11:33:06.999999 -1.81791
ForwardY 2022-06-01 11:33:06.999999 -1.83162
ForwardY 2022-06-01 11:33:06.999999 -1.84406
ForwardY 2022-06-01 11:33:06.999999 -1.85978
ForwardY 2022-06-01 11:33:06.999999 -1.87644
ForwardY 2022-06-01 11:33:06.999999 -1.89529
ForwardY 2022-06-01 11:33:06.999999 -1.90788
ForwardY 2022-06-01 11:33:06.999999 -1.92034
ForwardY 2022-06-01 11:33:06.999999 -1.94072
ForwardY 2022-06-01 11:33:06.999999 -1.96228
ForwardY 2022-06-01 11:33:06.999999 -1.98359
ForwardY 2022-06-01 11:33:06.999999 -2.00313
ForwardY 2022-06-01 11:33:06.999999 -2.02242
ForwardY 2022-06-01 11:33:06.999999 -2.04495
ForwardY 2022-06-01 11:33:06.999999 -2.06587
ForwardY 2022-06-01 11:33:06.999999 -2.08603
ForwardY 2022-06-01 11:33:06.999999 -2.10159
ForwardY 2022-06-01 11:33:06.999999 -2.11339
ForwardY 2022-06-01 11:33:06.999999 -2.13469
ForwardY 2022-06-01 11:33:06.999999 -2.1551
ForwardY 2022-06-01 11:33:06.999999 -2.17145
ForwardY 2022-06-01 11:33:06.999999 -2.18746
ForwardY 2022-06-01 11:33:06.999999 -2.20642
ForwardY 2022-06-01 11:33:06.999999 -2.22577
ForwardY 2022-06-01 11:33:06.999999 -2.24706
ForwardY 2022-06-01 11:33:06.999999 -2.26496
ForwardY 2022-06-01 11:33:06.999999 -2.28134
ForwardY 2022-06-01 11:33:06.999999 -2.29195
ForwardY 2022-06-01 11:33:06.999999 -2.31646
ForwardY 2022-06-01 11:33:06.999999 -2.33779
ForwardY 2022-06-01 11:33:06.999999 -2.36155
ForwardY 2022-06-01 11:33:06.999999 -2.38035
ForwardY 2022-06-01 11:33:06.999999 -2.40152
ForwardY 2022-06-01 11:33:06.999999 -2.4237
ForwardY 2022-06-01 11:33:06.999999 -2.44622
ForwardY 2022-06-01 11:33:06.999999 -2.46808
ForwardY 2022-06-01 11:33:06.999999 -2.48438
ForwardY 2022-06-01 11:33:06.999999 -2.49736
ForwardY 2022-06-01 11:33:06.999999 -2.51785
ForwardY 2022-06-01 11:33:06.999999 -2.54049
ForwardY 2022-06-01 11:33:06.999999 -2.5562
ForwardY 2022-06-01 11:33:06.999999 -2.57389
ForwardY 2022-06-01 11:33:06.999999 -2.58809
ForwardY 2022-06-01 11:33:06.999999 -2.60857
ForwardY 2022-06-01 11:33:06.999999 -2.62455
ForwardY 2022-06-01 11:33:06.999999 -2.64445
ForwardY 2022-06-01 11:33:06.999999 -2.65358
ForwardY 2022-06-01 11:33:06.999999 -2.66576
ForwardY 2022-06-01 11:33:06.999999 -2.68237
ForwardY 2022-06-01 11:33:06.999999 -2.70113
ForwardY 2022-06-01 11:33:06.999999 -2.71627
ForwardY 2022-06-01 11:33:06.999999 -2.73122
ForwardY 2022-06-01 11:33:06.999999 -2.74945
ForwardY 2022-06-01 11:33:06.999999 -2.76439
ForwardY 2022-06-01 11:33:06.999999 -2.77771
ForwardY 2022-06-01 11:33:06.999999 -2.78847
ForwardY 2022-06-01 11:33:06.999999 -2.79887
ForwardY 2022-06-01 11:33:06.999999 -2.80155
ForwardY 2022-06-01 11:33:06.999999 -2.81603
ForwardY 2022-06-01 11:33:06.999999 -2.82947
ForwardY 2022-06-01 11:33:06.999999 -2.84058
ForwardY 2022-06-01 11:33:06.999999 -2.84748
ForwardY 2022-06-01 11:33:06.999999 -2.85535
ForwardY 2022-06-01 11:33:06.999999 -2.8698
ForwardY 2022-06-01 11:33:06.999999 -2.87882
ForwardY 2022-06-01 11:33:06.999999 -2.89044
ForwardY 2022-06-01 11:33:06.999999 -2.89225
ForwardY 2022-06-01 11:33:06.999999 -2.89521
ForwardY 2022-06-01 11:33:06.999999 -2.90337
ForwardY 2022-06-01 11:33:06.999999 -2.91625
ForwardY 2022-06-01 11:33:06.999999 -2.92983
ForwardY 2022-06-01 11:33:06.999999 -2.93733
ForwardY 2022-06-01 11:33:06.999999 -2.94753
ForwardY 2022-06-01 11:33:06.999999 -2.95971
ForwardY 2022-06-01 11:33:06.999999 -2.97199
ForwardY 2022-06-01 11:33:06.999999 -2.98232
ForwardY 2022-06-01 11:33:06.999999 -2.98889
ForwardY 2022-06-01 11:33:06.999999 -2.99229
ForwardY 2022-06-01 11:33:06.999999 -2.99995
ForwardY 2022-06-01 11:33:06.999999 -3.01466
ForwardY 2022-06-01 11:33:06.999999 -3.02407
ForwardY 2022-06-01 11:33:06.999999 -3.03395
ForwardY 2022-06-01 11:33:06.999999 -3.04294
ForwardY 2022-06-01 11:33:06.999999 -3.05586
ForwardY 2022-06-01 11:33:06.999999 -3.06679
ForwardY 2022-06-01 11:33:06.999999 -3.07417
ForwardY 2022-06-01 11:33:06.999999 -3.08067
ForwardY 2022-06-01 11:33:06.999999 -3.08327
ForwardY 2022-06-01 11:33:06.999999 -3.09285
ForwardY 2022-06-01 11:33:06.999999 -3.10491
ForwardY 2022-06-01 11:33:06.999999 -3.11427
ForwardY 2022-06-01 11:33:06.999999 -3.12703
ForwardY 2022-06-01 11:33:06.999999 -3.13637
ForwardY 2022-06-01 11:33:06.999999 -3.14908
ForwardY 2022-06-01 11:33:06.999999 -3.16149
ForwardY 2022-06-01 11:33:06.999999 -3.17143
ForwardY 2022-06-01 11:33:06.999999 -3.1787
ForwardY 2022-06-01 11:33:06.999999 -3.18248
ForwardY 2022-06-01 11:33:06.999999 -3.18791
ForwardY 2022-06-01 11:33:06.999999 -3.20334
ForwardY 2022-06-01 11:33:06.999999 -3.21096
ForwardY 2022-06-01 11:33:06.999999 -3.21907
ForwardY 2022-06-01 11:33:06.999999 -3.22504
ForwardY 2022-06-01 11:33:06.999999 -3.2321
ForwardY 2022-06-01 11:33:06.999999 -3.23929
ForwardY 2022-06-01 11:33:06.999999 -3.245
ForwardY 2022-06-01 11:33:06.999999 -3.23962
ForwardY 2022-06-01 11:33:06.999999 -3.23887
ForwardY 2022-06-01 11:33:06.999999 -3.23945
ForwardY 2022-06-01 11:33:06.999999 -3.24527
ForwardY 2022-06-01 11:33:06.999999 -3.25286
ForwardY 2022-06-01 11:33:06.999999 -3.25517
ForwardY 2022-06-01 11:33:06.999999 -3.25438
ForwardY 2022-06-01 11:33:06.999999 -3.25954
ForwardY 2022-06-01 11:33:06.999999 -3.26261
ForwardY 2022-06-01 11:33:06.999999 -3.26582
ForwardY 2022-06-01 11:33:06.999999 -3.26159
ForwardY 2022-06-01 11:33:06.999999 -3.25273
ForwardY 2022-06-01 11:33:06.999999 -3.2538
ForwardY 2022-06-01 11:33:06.999999 -3.25423
ForwardY 2022-06-01 11:33:06.999999 -3.25469
ForwardY 2022-06-01 11:33:06.999999 -3.25407
ForwardY 2022-06-01 11:33:06.999999 -3.2509
ForwardY 2022-06-01 11:33:06.999999 -3.24974
ForwardY 2022-06-01 11:33:06.999999 -3.25172
ForwardY 2022-06-01 11:33:06.999999 -3.24821
ForwardY 2022-06-01 11:33:06.999999 -3.23976
ForwardY 2022-06-01 11:33:06.999999 -3.23031
ForwardY 2022-06-01 11:33:06.999999 -3.22626
ForwardY 2022-06-01 11:33:06.999999 -3.22712
ForwardY 2022-06-01 11:33:06.999999 -3.22235
ForwardY 2022-06-01 11:33:06.999999 -3.22446
ForwardY 2022-06-01 11:33:06.999999 -3.21811
ForwardY 2022-06-01 11:33:06.999999 -3.2185
ForwardY 2022-06-01 11:33:06.999999 -3.21838
ForwardY 2022-06-01 11:33:06.999999 -3.2179
ForwardY 2022-06-01 11:33:06.999999 -3.21023
ForwardY 2022-06-01 11:33:06.999999 -3.20151
ForwardY 2022-06-01 11:33:06.999999 -3.20029
ForwardY 2022-06-01 11:33:06.999999 -3.1972
ForwardY 2022-06-01 11:33:06.999999 -3.19603
ForwardY 2022-06-01 11:33:06.999999 -3.19535
ForwardY 2022-06-01 11:33:06.999999 -3.18993
ForwardY 2022-06-01 11:33:06.999999 -3.18665
ForwardY 2022-06-01 11:33:06.999999 -3.18553
ForwardY 2022-06-01 11:33:06.999999 -3.18121
ForwardY 2022-06-01 11:33:06.999999 -3.16688
ForwardY 2022-06-01 11:33:06.999999 -3.14975
ForwardY 2022-06-01 11:33:06.999999 -3.14107
ForwardY 2022-06-01 11:33:06.999999 -3.13646
ForwardY 2022-06-01 11:33:06.999999 -3.12687
ForwardY 2022-06-01 11:33:06.999999 -3.11815
ForwardY 2022-06-01 11:33:06.999999 -3.10896
ForwardY 2022-06-01 11:33:06.999999 -3.10405
ForwardY 2022-06-01 11:33:06.999999 -3.0991
ForwardY 2022-06-01 11:33:06.999999 -3.09413
ForwardY 2022-06-01 11:33:06.999999 -3.08267
ForwardY 2022-06-01 11:33:06.999999 -3.06597
ForwardY 2022-06-01 11:33:06.999999 -3.05494
ForwardY 2022-06-01 11:33:06.999999 -3.04906
ForwardY 2022-06-01 11:33:06.999999 -3.04242
ForwardY 2022-06-01 11:33:06.999999 -3.03422
ForwardY 2022-06-01 11:33:06.999999 -3.02394
ForwardY 2022-06-01 11:33:06.999999 -3.01588
ForwardY 2022-06-01 11:33:06.999999 -3.0101
ForwardY 2022-06-01 11:33:06.999999 -3.00051
ForwardY 2022-06-01 11:33:06.999999 -2.98392
ForwardY 2022-06-01 11:33:06.999999 -2.96311
ForwardY 2022-06-01 11:33:06.999999 -2.95063
ForwardY 2022-06-01 11:33:06.999999 -2.94305
ForwardY 2022-06-01 11:33:06.999999 -2.93386
ForwardY 2022-06-01 11:33:06.999999 -2.91902
ForwardY 2022-06-01 11:33:06.999999 -2.90414
ForwardY 2022-06-01 11:33:06.999999 -2.89619
ForwardY 2022-06-01 11:33:06.999999 -2.88601
ForwardY 2022-06-01 11:33:06.999999 -2.87468
ForwardY 2022-06-01 11:33:06.999999 -2.85716
ForwardY 2022-06-01 11:33:06.999999 -2.83361
ForwardY 2022-06-01 11:33:06.999999 -2.81985
ForwardY 2022-06-01 11:33:06.999999 -2.80897
ForwardY 2022-06-01 11:33:06.999999 -2.7945
ForwardY 2022-06-01 11:33:06.999999 -2.77728
ForwardY 2022-06-01 11:33:06.999999 -2.7574
ForwardY 2022-06-01 11:33:06.999999 -2.74229
ForwardY 2022-06-01 11:33:06.999999 -2.72749
ForwardY 2022-06-01 11:33:06.999999 -2.70937
ForwardY 2022-06-01 11:33:06.999999 -2.68752
ForwardY 2022-06-01 11:33:06.999999 -2.66099
ForwardY 2022-06-01 11:33:06.999999 -2.64173
ForwardY 2022-06-01 11:33:06.999999 -2.6264
ForwardY 2022-06-01 11:33:06.999999 -2.61176
ForwardY 2022-06-01 11:33:06.999999 -2.59661
ForwardY 2022-06-01 11:33:06.999999 -2.5782
ForwardY 2022-06-01 11:33:06.999999 -2.56456
ForwardY 2022-06-01 11:33:06.999999 -2.55092
ForwardY 2022-06-01 11:33:06.999999 -2.53355
ForwardY 2022-06-01 11:33:06.999999 -2.51314
ForwardY 2022-06-01 11:33:06.999999 -2.48928
ForwardY 2022-06-01 11:33:06.999999 -2.47212
ForwardY 2022-06-01 11:33:06.999999 -2.45702
ForwardY 2022-06-01 11:33:06.999999 -2.44008
ForwardY 2022-06-01 11:33:06.999999 -2.4201
ForwardY 2022-06-01 11:33:06.999999 -2.39998
ForwardY 2022-06-01 11:33:06.999999 -2.38486
ForwardY 2022-06-01 11:33:06.999999 -2.36983
ForwardY 2022-06-01 11:33:06.999999 -2.35221
ForwardY 2022-06-01 11:33:06.999999 -2.32893
ForwardY 2022-06-01 11:33:06.999999 -2.30205
ForwardY 2022-06-01 11:33:06.999999 -2.28255
ForwardY 2022-06-01 11:33:06.999999 -2.26792
ForwardY 2022-06-01 11:33:06.999999 -2.25099
ForwardY 2022-06-01 11:33:06.999999 -2.2293
ForwardY 2022-06-01 11:33:06.999999 -2.20688
ForwardY 2022-06-01 11:33:06.999999 -2.18956
ForwardY 2022-06-01 11:33:06.999999 -2.17504
ForwardY 2022-06-01 11:33:06.999999 -2.15631
ForwardY 2022-06-01 11:33:06.999999 -2.13449
ForwardY 2022-06-01 11:33:06.999999 -2.10881
ForwardY 2022-06-01 11:33:06.999999 -2.08896
ForwardY 2022-06-01 11:33:06.999999 -2.07247
ForwardY 2022-06-01 11:33:06.999999 -2.05518
ForwardY 2022-06-01 11:33:06.999999 -2.03431
ForwardY 2022-06-01 11:33:06.999999 -2.0108
ForwardY 2022-06-01 11:33:06.999999 -1.9965
ForwardY 2022-06-01 11:33:06.999999 -1.97826
ForwardY 2022-06-01 11:33:06.999999 -1.95914
ForwardY 2022-06-01 11:33:06.999999 -1.93508
ForwardY 2022-06-01 11:33:06.999999 -1.90528
ForwardY 2022-06-01 11:33:06.999999 -1.88175
ForwardY 2022-06-01 11:33:06.999999 -1.86419
ForwardY 2022-06-01 11:33:06.999999 -1.84505
ForwardY 2022-06-01 11:33:06.999999 -1.82167
ForwardY 2022-06-01 11:33:06.999999 -1.79752
ForwardY 2022-06-01 11:33:06.999999 -1.77545
ForwardY 2022-06-01 11:33:06.999999 -1.75437
ForwardY 2022-06-01 11:33:06.999999 -1.73305
ForwardY 2022-06-01 11:33:06.999999 -1.70378
ForwardY 2022-06-01 11:33:06.999999 -1.67108
ForwardY 2022-06-01 11:33:06.999999 -1.64539
ForwardY 2022-06-01 11:33:06.999999 -1.62367
ForwardY 2022-06-01 11:33:06.999999 -1.5998
ForwardY 2022-06-01 11:33:06.999999 -1.57328
ForwardY 2022-06-01 11:33:06.999999 -1.54743
ForwardY 2022-06-01 11:33:06.999999 -1.52482
ForwardY 2022-06-01 11:33:06.999999 -1.50311
ForwardY 2022-06-01 11:33:06.999999 -1.48048
ForwardY 2022-06-01 11:33:06.999999 -1.4527
ForwardY 2022-06-01 11:33:06.999999 -1.41816
ForwardY 2022-06-01 11:33:06.999999 -1.39062
ForwardY 2022-06-01 11:33:06.999999 -1.3708
ForwardY 2022-06-01 11:33:06.999999 -1.34735
ForwardY 2022-06-01 11:33:06.999999 -1.32362
ForwardY 2022-06-01 11:33:06.999999 -1.29943
ForwardY 2022-06-01 11:33:06.999999 -1.27604
ForwardY 2022-06-01 11:33:06.999999 -1.25749
ForwardY 2022-06-01 11:33:06.999999 -1.23763
ForwardY 2022-06-01 11:33:06.999999 -1.21451
ForwardY 2022-06-01 11:33:06.999999 -1.18547
ForwardY 2022-06-01 11:33:06.999999 -1.16261
ForwardY 2022-06-01 11:33:06.999999 -1.14554
ForwardY 2022-06-01 11:33:06.999999 -1.12869
ForwardY 2022-06-01 11:33:06.999999 -1.11093
ForwardY 2022-06-01 11:33:06.999999 -1.09302
ForwardY 2022-06-01 11:33:06.999999 -1.0782
ForwardY 2022-06-01 11:33:06.999999 -1.06365
ForwardY 2022-06-01 11:33:06.999999 -1.04723
ForwardY 2022-06-01 11:33:06.999999 -1.02534
ForwardY 2022-06-01 11:33:06.999999 -0.999745
ForwardY 2022-06-01 11:33:06.999999 -0.976899
ForwardY 2022-06-01 11:33:06.999999 -0.961937
ForwardY 2022-06-01 11:33:06.999999 -0.944198
ForwardY 2022-06-01 11:33:06.999999 -0.924351
ForwardY 2022-06-01 11:33:06.999999 -0.90399
ForwardY 2022-06-01 11:33:06.999999 -0.886409
ForwardY 2022-06-01 11:33:06.999999 -0.87235
ForwardY 2022-06-01 11:33:06.999999 -0.858109
ForwardY 2022-06-01 11:33:06.999999 -0.839622
ForwardY 2022-06-01 11:33:06.999999 -0.814105
ForwardY 2022-06-01 11:33:06.999999 -0.794057
ForwardY 2022-06-01 11:33:06.999999 -0.779162
ForwardY 2022-06-01 11:33:06.999999 -0.762882
ForwardY 2022-06-01 11:33:06.999999 -0.744552
ForwardY 2022-06-01 11:33:06.999999 -0.728771
ForwardY 2022-06-01 11:33:06.999999 -0.716979
ForwardY 2022-06-01 11:33:06.999999 -0.706561
ForwardY 2022-06-01 11:33:06.999999 -0.692689
ForwardY 2022-06-01 11:33:06.999999 -0.676638
ForwardY 2022-06-01 11:33:06.999999 -0.655068
ForwardY 2022-06-01 11:33:06.999999 -0.633304
ForwardY 2022-06-01 11:33:06.999999 -0.621895
ForwardY 2022-06-01 11:33:06.999999 -0.609878
ForwardY 2022-06-01 11:33:06.999999 -0.595739
ForwardY 2022-06-01 11:33:06.999999 -0.581621
ForwardY 2022-06-01 11:33:06.999999 -0.569821
ForwardY 2022-06-01 11:33:06.999999 -0.557505
ForwardY 2022-06-01 11:33:06.999999 -0.54469
ForwardY 2022-06-01 11:33:06.999999 -0.529438
ForwardY 2022-06-01 11:33:06.999999 -0.50803
ForwardY 2022-06-01 11:33:06.999999 -0.491955
ForwardY 2022-06-01 11:33:06.999999 -0.480213
ForwardY 2022-06-01 11:33:06.999999 -0.468536
ForwardY 2022-06-01 11:33:06.999999 -0.453851
ForwardY 2022-06-01 11:33:06.999999 -0.440335
ForwardY 2022-06-01 11:33:06.999999 -0.430087
ForwardY 2022-06-01 11:33:06.999999 -0.420918
ForwardY 2022-06-01 11:33:06.999999 -0.410425
ForwardY 2022-06-01 11:33:06.999999 -0.394239
ForwardY 2022-06-01 11:33:06.999999 -0.373551
ForwardY 2022-06-01 11:33:06.999999 -0.358125
ForwardY 2022-06-01 11:33:06.999999 -0.348846
ForwardY 2022-06-01 11:33:06.999999 -0.340807
ForwardY 2022-06-01 11:33:06.999999 -0.327289
ForwardY 2022-06-01 11:33:06.999999 -0.317843
ForwardY 2022-06-01 11:33:06.999999 -0.308663
ForwardY 2022-06-01 11:33:06.999999 -0.302734
ForwardY 2022-06-01 11:33:06.999999 -0.294356
ForwardY 2022-06-01 11:33:06.999999 -0.28505
ForwardY 2022-06-01 11:33:06.999999 -0.272644
ForwardY 2022-06-01 11:33:06.999999 -0.261918
ForwardY 2022-06-01 11:33:06.999999 -0.256644
ForwardY 2022-06-01 11:33:06.999999 -0.252741
ForwardY 2022-06-01 11:33:06.999999 -0.247853
ForwardY 2022-06-01 11:33:06.999999 -0.239957
ForwardY 2022-06-01 11:33:06.999999 -0.234674
ForwardY 2022-06-01 11:33:06.999999 -0.229899
ForwardY 2022-06-01 11:33:06.999999 -0.2253
ForwardY 2022-06-01 11:33:06.999999 -0.220788
ForwardY 2022-06-01 11:33:06.999999 -0.208494
ForwardY 2022-06-01 11:33:06.999999 -0.202116
ForwardY 2022-06-01 11:33:06.999999 -0.204667
ForwardY 2022-06-01 11:33:06.999999 -0.20591
ForwardY 2022-06-01 11:33:06.999999 -0.202604
ForwardY 2022-06-01 11:33:06.999999 -0.197368
ForwardY 2022-06-01 11:33:06.999999 -0.196788
ForwardY 2022-06-01 11:33:06.999999 -0.199975
ForwardY 2022-06-01 11:33:06.999999 -0.196606
ForwardY 2022-06-01 11:33:06.999999 -0.193472
ForwardY 2022-06-01 11:33:06.999999 -0.186525
ForwardY 2022-06-01 11:33:06.999999 -0.181798
ForwardY 2022-06-01 11:33:06.999999 -0.180984
ForwardY 2022-06-01 11:33:06.999999 -0.183965
ForwardY 2022-06-01 11:33:06.999999 -0.185792
ForwardY 2022-06-01 11:33:06.999999 -0.184331
ForwardY 2022-06-01 11:33:06.999999 -0.184462
ForwardY 2022-06-01 11:33:06.999999 -0.189794
ForwardY 2022-06-01 11:33:06.999999 -0.192148
ForwardY 2022-06-01 11:33:06.999999 -0.192181
ForwardY 2022-06-01 11:33:06.999999 -0.190955
ForwardY 2022-06-01 11:33:06.999999 -0.188342
ForwardY 2022-06-01 11:33:06.999999 -0.188502
ForwardY 2022-06-01 11:33:06.999999 -0.191384
ForwardY 2022-06-01 11:33:06.999999 -0.194108
ForwardY 2022-06-01 11:33:06.999999 -0.192295
ForwardY 2022-06-01 11:33:06.999999 -0.194293
ForwardY 2022-06-01 11:33:06.999999 -0.201426
ForwardY 2022-06-01 11:33:06.999999 -0.202813
ForwardY 2022-06-01 11:33:06.999999 -0.202929
ForwardY 2022-06-01 11:33:06.999999 -0.196201
ForwardY 2022-06-01 11:33:06.999999 -0.191106
ForwardY 2022-06-01 11:33:06.999999 -0.192606
ForwardY 2022-06-01 11:33:06.999999 -0.199977
ForwardY 2022-06-01 11:33:06.999999 -0.202205
ForwardY 2022-06-01 11:33:06.999999 -0.203481
ForwardY 2022-06-01 11:33:06.999999 -0.206575
ForwardY 2022-06-01 11:33:06.999999 -0.211521
ForwardY 2022-06-01 11:33:06.999999 -0.215222
ForwardY 2022-06-01 11:33:06.999999 -0.216221
ForwardY 2022-06-01 11:33:06.999999 -0.211838
ForwardY 2022-06-01 11:33:06.999999 -0.210636
ForwardY 2022-06-01 11:33:06.999999 -0.214019
ForwardY 2022-06-01 11:33:06.999999 -0.220599
ForwardY 2022-06-01 11:33:06.999999 -0.226088
ForwardY 2022-06-01 11:33:06.999999 -0.227641
ForwardY 2022-06-01 11:33:06.999999 -0.231579
ForwardY 2022-06-01 11:33:06.999999 -0.240571
ForwardY 2022-06-01 11:33:06.999999 -0.245346
ForwardY 2022-06-01 11:33:06.999999 -0.250692
ForwardY 2022-06-01 11:33:06.999999 -0.25036
ForwardY 2022-06-01 11:33:06.999999 -0.249504
ForwardY 2022-06-01 11:33:06.999999 -0.259249
ForwardY 2022-06-01 11:33:06.999999 -0.270594
ForwardY 2022-06-01 11:33:06.999999 -0.277095
ForwardY 2022-06-01 11:33:06.999999 -0.286183
ForwardY 2022-06-01 11:33:06.999999 -0.293866
ForwardY 2022-06-01 11:33:06.999999 -0.310063
ForwardY 2022-06-01 11:33:06.999999 -0.323709
ForwardY 2022-06-01 11:33:06.999999 -0.334555
ForwardY 2022-06-01 11:33:06.999999 -0.344173
ForwardY 2022-06-01 11:33:06.999999 -0.351573
ForwardY 2022-06-01 11:33:06.999999 -0.367525
ForwardY 2022-06-01 11:33:06.999999 -0.3846
ForwardY 2022-06-01 11:33:06.999999 -0.398323
ForwardY 2022-06-01 11:33:06.999999 -0.40973
ForwardY 2022-06-01 11:33:06.999999 -0.424593
ForwardY 2022-06-01 11:33:06.999999 -0.440374
ForwardY 2022-06-01 11:33:06.999999 -0.456926
ForwardY 2022-06-01 11:33:06.999999 -0.471031
ForwardY 2022-06-01 11:33:06.999999 -0.481726
ForwardY 2022-06-01 11:33:06.999999 -0.490686
ForwardY 2022-06-01 11:33:06.999999 -0.508725
ForwardY 2022-06-01 11:33:06.999999 -0.526125
ForwardY 2022-06-01 11:33:06.999999 -0.540707
ForwardY 2022-06-01 11:33:06.999999 -0.554682
ForwardY 2022-06-01 11:33:06.999999 -0.569735
ForwardY 2022-06-01 11:33:06.999999 -0.587497
ForwardY 2022-06-01 11:33:06.999999 -0.60407
ForwardY 2022-06-01 11:33:06.999999 -0.617183
ForwardY 2022-06-01 11:33:06.999999 -0.627015
ForwardY 2022-06-01 11:33:06.999999 -0.636481
ForwardY 2022-06-01 11:33:06.999999 -0.6531
ForwardY 2022-06-01 11:33:06.999999 -0.672677
ForwardY 2022-06-01 11:33:06.999999 -0.689165
ForwardY 2022-06-01 11:33:06.999999 -0.70586
ForwardY 2022-06-01 11:33:06.999999 -0.723181
ForwardY 2022-06-01 11:33:06.999999 -0.740626
ForwardY 2022-06-01 11:33:06.999999 -0.753734
ForwardY 2022-06-01 11:33:06.999999 -0.772811
ForwardY 2022-06-01 11:33:06.999999 -0.779722
ForwardY 2022-06-01 11:33:06.999999 -0.792756
ForwardY 2022-06-01 11:33:06.999999 -0.807738
ForwardY 2022-06-01 11:33:06.999999 -0.82534
ForwardY 2022-06-01 11:33:06.999999 -0.843059
ForwardY 2022-06-01 11:33:06.999999 -0.861553
ForwardY 2022-06-01 11:33:06.999999 -0.876743
ForwardY 2022-06-01 11:33:06.999999 -0.894084
ForwardY 2022-06-01 11:33:06.999999 -0.912322
ForwardY 2022-06-01 11:33:06.999999 -0.927193
ForwardY 2022-06-01 11:33:06.999999 -0.937327
ForwardY 2022-06-01 11:33:06.999999 -0.945631
ForwardY 2022-06-01 11:33:06.999999 -0.964709
ForwardY 2022-06-01 11:33:06.999999 -0.981651
ForwardY 2022-06-01 11:33:06.999999 -0.99619
ForwardY 2022-06-01 11:33:06.999999 -1.00909
ForwardY 2022-06-01 11:33:06.999999 -1.02418
ForwardY 2022-06-01 11:33:06.999999 -1.03996
ForwardY 2022-06-01 11:33:06.999999 -1.05593
ForwardY 2022-06-01 11:33:06.999999 -1.07023
ForwardY 2022-06-01 11:33:06.999999 -1.08047
ForwardY 2022-06-01 11:33:06.999999 -1.09017
ForwardY 2022-06-01 11:33:06.999999 -1.10618
ForwardY 2022-06-01 11:33:06.999999 -1.12551
ForwardY 2022-06-01 11:33:06.999999 -1.13991
ForwardY 2022-06-01 11:33:06.999999 -1.15884
ForwardY 2022-06-01 11:33:06.999999 -1.17507
ForwardY 2022-06-01 11:33:06.999999 -1.19492
ForwardY 2022-06-01 11:33:06.999999 -1.21295
ForwardY 2022-06-01 11:33:06.999999 -1.23754
ForwardY 2022-06-01 11:33:06.999999 -1.24942
ForwardY 2022-06-01 11:33:06.999999 -1.26654
ForwardY 2022-06-01 11:33:06.999999 -1.28714
ForwardY 2022-06-01 11:33:06.999999 -1.31335
ForwardY 2022-06-01 11:33:06.999999 -1.33456
ForwardY 2022-06-01 11:33:06.999999 -1.35482
ForwardY 2022-06-01 11:33:06.999999 -1.37498
ForwardY 2022-06-01 11:33:06.999999 -1.40201
ForwardY 2022-06-01 11:33:06.999999 -1.42199
ForwardY 2022-06-01 11:33:06.999999 -1.44482
ForwardY 2022-06-01 11:33:06.999999 -1.46029
ForwardY 2022-06-01 11:33:06.999999 -1.47718
ForwardY 2022-06-01 11:33:06.999999 -1.50013
ForwardY 2022-06-01 11:33:06.999999 -1.52493
ForwardY 2022-06-01 11:33:06.999999 -1.54727
ForwardY 2022-06-01 11:33:06.999999 -1.56811
ForwardY 2022-06-01 11:33:06.999999 -1.58888
ForwardY 2022-06-01 11:33:06.999999 -1.61197
ForwardY 2022-06-01 11:33:06.999999 -1.6355
ForwardY 2022-06-01 11:33:06.999999 -1.65727
ForwardY 2022-06-01 11:33:06.999999 -1.67068
ForwardY 2022-06-01 11:33:06.999999 -1.67955
ForwardY 2022-06-01 11:33:06.999999 -1.69805
ForwardY 2022-06-01 11:33:06.999999 -1.71045
ForwardY 2022-06-01 11:33:06.999999 -1.72049
ForwardY 2022-06-01 11:33:06.999999 -1.71724
ForwardY 2022-06-01 11:33:06.999999 -1.71048
ForwardY 2022-06-01 11:33:06.999999 -1.70464
ForwardY 2022-06-01 11:33:06.999999 -1.68879
ForwardY 2022-06-01 11:33:06.999999 -1.66533
ForwardY 2022-06-01 11:33:06.999999 -1.63738
ForwardY 2022-06-01 11:33:06.999999 -1.60107
ForwardY 2022-06-01 11:33:06.999999 -1.55885
ForwardY 2022-06-01 11:33:06.999999 -1.50607
ForwardY 2022-06-01 11:33:06.999999 -1.44798
ForwardY 2022-06-01 11:33:06.999999 -1.39696
ForwardY 2022-06-01 11:33:06.999999 -1.34681
ForwardY 2022-06-01 11:33:06.999999 -1.29462
ForwardY 2022-06-01 11:33:06.999999 -1.24442
ForwardY 2022-06-01 11:33:06.999999 -1.19438
ForwardY 2022-06-01 11:33:06.999999 -1.14697
ForwardY 2022-06-01 11:33:06.999999 -1.0996
ForwardY 2022-06-01 11:33:06.999999 -1.05614
ForwardY 2022-06-01 11:33:06.999999 -1.01939
ForwardY 2022-06-01 11:33:06.999999 -0.985761
ForwardY 2022-06-01 11:33:06.999999 -0.952962
ForwardY 2022-06-01 11:33:06.999999 -0.924193
ForwardY 2022-06-01 11:33:06.999999 -0.902345
ForwardY 2022-06-01 11:33:06.999999 -0.884383
ForwardY 2022-06-01 11:33:06.999999 -0.870074
ForwardY 2022-06-01 11:33:06.999999 -0.86365
ForwardY 2022-06-01 11:33:06.999999 -0.86092
ForwardY 2022-06-01 11:33:06.999999 -0.859468
ForwardY 2022-06-01 11:33:06.999999 -0.860822
ForwardY 2022-06-01 11:33:06.999999 -0.861906
ForwardY 2022-06-01 11:33:06.999999 -0.861717
ForwardY 2022-06-01 11:33:06.999999 -0.861036
ForwardY 2022-06-01 11:33:06.999999 -0.859642
ForwardY 2022-06-01 11:33:06.999999 -0.857837
ForwardY 2022-06-01 11:33:06.999999 -0.85965
ForwardY 2022-06-01 11:33:06.999999 -0.860697
ForwardY 2022-06-01 11:33:06.999999 -0.860434
ForwardY 2022-06-01 11:33:06.999999 -0.862434
ForwardY 2022-06-01 11:33:06.999999 -0.86288
ForwardY 2022-06-01 11:33:06.999999 -0.861456
ForwardY 2022-06-01 11:33:06.999999 -0.860647
ForwardY 2022-06-01 11:33:06.999999 -0.859719
ForwardY 2022-06-01 11:33:06.999999 -0.859066
ForwardY 2022-06-01 11:33:06.999999 -0.861737
ForwardY 2022-06-01 11:33:06.999999 -0.862276
ForwardY 2022-06-01 11:33:06.999999 -0.861271
ForwardY 2022-06-01 11:33:06.999999 -0.863055
ForwardY 2022-06-01 11:33:06.999999 -0.863156
ForwardY 2022-06-01 11:33:06.999999 -0.864808
ForwardY 2022-06-01 11:33:06.999999 -0.863759
ForwardY 2022-06-01 11:33:06.999999 -0.865439
ForwardY 2022-06-01 11:33:06.999999 -0.864047
ForwardY 2022-06-01 11:33:06.999999 -0.864723
ForwardY 2022-06-01 11:33:06.999999 -0.862804
ForwardY 2022-06-01 11:33:06.999999 -0.863634
ForwardY 2022-06-01 11:33:06.999999 -0.862969
ForwardY 2022-06-01 11:33:06.999999 -0.862707
ForwardY 2022-06-01 11:33:06.999999 -0.863958
ForwardY 2022-06-01 11:33:06.999999 -0.864526
ForwardY 2022-06-01 11:33:06.999999 -0.863177
ForwardY 2022-06-01 11:33:06.999999 -0.863562
ForwardY 2022-06-01 11:33:06.999999 -0.862766
ForwardY 2022-06-01 11:33:06.999999 -0.863979
ForwardY 2022-06-01 11:33:06.999999 -0.862508
ForwardY 2022-06-01 11:33:06.999999 -0.861789
ForwardY 2022-06-01 11:33:06.999999 -0.862959
ForwardY 2022-06-01 11:33:06.999999 -0.865312
ForwardY 2022-06-01 11:33:06.999999 -0.864245
ForwardY 2022-06-01 11:33:06.999999 -0.86464
ForwardY 2022-06-01 11:33:06.999999 -0.865628
ForwardY 2022-06-01 11:33:06.999999 -0.864987
ForwardY 2022-06-01 11:33:06.999999 -0.865517
ForwardY 2022-06-01 11:33:06.999999 -0.8644
ForwardY 2022-06-01 11:33:06.999999 -0.865217
ForwardY 2022-06-01 11:33:06.999999 -0.866177
ForwardY 2022-06-01 11:33:06.999999 -0.865543
ForwardY 2022-06-01 11:33:06.999999 -0.863979
ForwardY 2022-06-01 11:33:06.999999 -0.861849
ForwardY 2022-06-01 11:33:06.999999 -0.863364
ForwardY 2022-06-01 11:33:06.999999 -0.86406
ForwardY 2022-06-01 11:33:06.999999 -0.862869
ForwardY 2022-06-01 11:33:06.999999 -0.862731
ForwardY 2022-06-01 11:33:06.999999 -0.863915
ForwardY 2022-06-01 11:33:06.999999 -0.86565
ForwardY 2022-06-01 11:33:06.999999 -0.863086
ForwardY 2022-06-01 11:33:06.999999 -0.861748
ForwardY 2022-06-01 11:33:06.999999 -0.86251
ForwardY 2022-06-01 11:33:06.999999 -0.863105
ForwardY 2022-06-01 11:33:06.999999 -0.864468
ForwardY 2022-06-01 11:33:06.999999 -0.863863
ForwardY 2022-06-01 11:33:06.999999 -0.862924
ForwardY 2022-06-01 11:33:06.999999 -0.862014
ForwardY 2022-06-01 11:33:06.999999 -0.86412
ForwardY 2022-06-01 11:33:06.999999 -0.864332
ForwardY 2022-06-01 11:33:06.999999 -0.864597
ForwardY 2022-06-01 11:33:06.999999 -0.864168
ForwardY 2022-06-01 11:33:06.999999 -0.864337
ForwardY 2022-06-01 11:33:06.999999 -0.863489
ForwardY 2022-06-01 11:33:06.999999 -0.863808
ForwardY 2022-06-01 11:33:06.999999 -0.86165
ForwardY 2022-06-01 11:33:06.999999 -0.861755
ForwardY 2022-06-01 11:33:06.999999 -0.860948
ForwardY 2022-06-01 11:33:06.999999 -0.8595
ForwardY 2022-06-01 11:33:06.999999 -0.859464
ForwardY 2022-06-01 11:33:06.999999 -0.859357
ForwardY 2022-06-01 11:33:06.999999 -0.85948
ForwardY 2022-06-01 11:33:06.999999 -0.859337
ForwardY 2022-06-01 11:33:06.999999 -0.861186
ForwardY 2022-06-01 11:33:06.999999 -0.860639
ForwardY 2022-06-01 11:33:06.999999 -0.86211
ForwardY 2022-06-01 11:33:06.999999 -0.862074
ForwardY 2022-06-01 11:33:06.999999 -0.862343
ForwardY 2022-06-01 11:33:06.999999 -0.862372
ForwardY 2022-06-01 11:33:06.999999 -0.862264
ForwardY 2022-06-01 11:33:06.999999 -0.862577
ForwardY 2022-06-01 11:33:06.999999 -0.864639
ForwardY 2022-06-01 11:33:06.999999 -0.862759
ForwardY 2022-06-01 11:33:06.999999 -0.86247
ForwardY 2022-06-01 11:33:06.999999 -0.863286
ForwardY 2022-06-01 11:33:06.999999 -0.864789
ForwardY 2022-06-01 11:33:06.999999 -0.86206
ForwardY 2022-06-01 11:33:06.999999 -0.862338
ForwardY 2022-06-01 11:33:06.999999 -0.863453
ForwardY 2022-06-01 11:33:06.999999 -0.863101
ForwardY 2022-06-01 11:33:06.999999 -0.859749
ForwardY 2022-06-01 11:33:06.999999 -0.859721
ForwardY 2022-06-01 11:33:06.999999 -0.860099
ForwardY 2022-06-01 11:33:06.999999 -0.861183
ForwardY 2022-06-01 11:33:06.999999 -0.862838
ForwardY 2022-06-01 11:33:06.999999 -0.86152
ForwardY 2022-06-01 11:33:06.999999 -0.862495
ForwardY 2022-06-01 11:33:06.999999 -0.862994
ForwardY 2022-06-01 11:33:06.999999 -0.861904
ForwardY 2022-06-01 11:33:06.999999 -0.861871
ForwardY 2022-06-01 11:33:06.999999 -0.861571
ForwardY 2022-06-01 11:33:06.999999 -0.861739
ForwardY 2022-06-01 11:33:06.999999 -0.862364
ForwardY 2022-06-01 11:33:06.999999 -0.862568
ForwardY 2022-06-01 11:33:06.999999 -0.862259
ForwardY 2022-06-01 11:33:06.999999 -0.863762
ForwardY 2022-06-01 11:33:06.999999 -0.863616
