0.00267
0.00303726
0.00247911
0.00197523
0.00179643
0.00289714
0.00126352
0.000266974
0.00248663
0.000690949
0.00160843
0.000901
0.000816593
0.000997422
0.00341617
0.00367756
0.00280482
0.0027357
0.00429065
0.00491624
0.00363614
0.00405042
0.00306172
0.00121967
0.00101171
-0.000460773
-0.000413026
0.0001343
0.00152179
0.00167026
-0.000119907
0.00114385
-0.000132292
0.000601068
0.000549714
0.00326846
0.0028442
0.00152884
0.00143169
0.000401586
-0.000192744
0.000674364
-0.000603426
0.000406369
5.16896e-05
1.50161e-05
0.000166442
0.00169277
0.00186159
0.00134825
0.00334378
0.00313836
0.00248524
0.000423677
0.00074373
0.000787754
0.000188502
0.000912214
-0.00029838
0.000883777
0.000244631
0.00149604
0.000213537
0.00181774
0.00198409
0.000674292
0.00103418
0.000952532
-0.000122938
-0.000143993
-0.000405571
0.000504297
-0.000975032
-0.000627827
0.000402593
0.00157373
0.00211568
0.00202937
0.00204207
0.00189516
0.00240601
0.00201921
0.00190569
0.00065504
0.00083818
0.00184874
0.00103166
0.00132887
0.000642011
0.00229795
0.00162481
0.00251656
0.000329686
0.00278547
0.00122839
0.00203351
0.00139176
0.000510112
0.00190762
0.000983419
0.00153611
0.00122236
0.00226561
0.0031219
0.00477761
0.00412826
0.00238898
0.00331695
0.00293928
0.00360698
0.00232508
0.00325216
0.00158988
0.000173003
0.00100351
0.000702745
0.00126079
0.00159531
0.0027005
0.00325996
0.00287485
0.00179476
0.00223361
0.00371824
0.00203236
0.00379354
0.00276917
0.00306428
0.000803787
0.00246087
0.00290683
0.00280486
0.00232616
0.00160009
-0.000412005
0.000582688
0.00052204
-0.000923856
0.000562953
0.00079002
0.00184499
0.0022969
-8.77379e-05
4.42319e-05
-0.000544409
7.14169e-05
-0.000215389
-0.000210465
-0.000123773
0.00115329
0.00125529
0.00299907
0.00435913
0.00351925
0.00117992
0.00115972
0.00103689
0.00110569
0.00096581
0.000727773
-0.000606523
-5.155e-05
-0.00109639
-0.000404031
-0.001183
-0.000275565
-0.00132148
-0.000378235
0.00081159
0.00287319
0.00380826
0.00220715
0.00217636
0.000605494
0.000592738
-0.000102953
0.000903865
0.00107072
0.00123016
0.00323815
0.00193057
0.000427705
-0.000105385
0.00172555
0.00207128
0.000147126
0.000340416
-0.000133623
0.00161161
0.00189614
0.00248514
0.00343497
0.00287427
0.00396471
0.00311871
0.00307979
0.00303486
0.00164923
0.000909336
0.00267276
0.00228483
0.00167772
0.00199223
0.00244819
0.00288026
0.0019966
0.00246721
0.000524364
0.00225598
0.00216141
0.00240313
0.00137364
0.000707587
0.00169503
0.000198602
0.00257602
0.0013263
0.000115031
-0.00126418
-0.000387498
-0.00119538
-0.000249214
0.000988651
-0.000930442
-0.0010308
-0.000686839
0.000833283
0.00129767
0.00321908
0.00220381
0.00240803
0.00207839
0.00195928
0.00193875
0.000847911
9.36122e-05
-0.000260228
0.000457731
0.0024442
0.000766756
0.00250843
0.00157584
0.000108675
0.00158658
0.00078771
0.00170349
-0.000309972
0.000131668
0.000216401
0.000732866
4.55154e-05
0.000778309
0.00178328
0.00109332
0.00244971
0.00181611
0.00248919
0.00188155
0.00210157
0.00118184
0.00206478
0.00240228
0.0029419
0.0032897
0.00229641
0.00177634
0.00245738
0.00303433
0.00183035
0.00186551
0.00325192
0.0025243
0.000311902
0.00118844
0.000524304
0.000345688
-0.000166803
-0.000227348
0.000583973
0.00195177
0.0013985
0.0020328
0.000501688
0.000582807
-0.000959114
-0.00121085
-0.000505404
-0.000646586
-0.000440755
-0.000791684
-0.00224909
-0.00158004
0.000346975
0.00220859
0.00351627
0.00161823
0.00144807
0.00218903
0.00263266
0.00293607
0.00211773
0.00244244
0.00127871
0.00104562
0.00113216
0.00123855
0.000604679
-0.001486
0.00172894
0.00228547
0.00182075
0.00243513
0.00198274
0.000427876
0.000713333
0.00381058
0.00367221
0.00320623
0.00219632
0.00356294
0.00379748
0.00263775
0.00280039
0.00268546
0.00230256
0.000788809
0.00618665
0.0155054
0.0279128
0.0374053
0.0555839
0.0775956
0.107625
0.141021
0.178113
0.223581
0.272361
0.328193
0.391708
0.45834
0.531834
0.607261
0.680988
0.755975
0.820098
0.886739
0.957408
1.02757
1.09391
1.14725
1.19617
1.2459
1.29284
1.33619
1.36872
1.391
1.41454
1.43809
1.45866
1.47881
1.49596
1.51365
1.53224
1.55197
1.56849
1.58166
1.59451
1.6147
1.63701
1.66012
1.67621
1.69748
1.72022
1.74411
1.76515
1.78049
1.79366
1.81547
1.83467
1.85708
1.8695
1.88951
1.91158
1.92913
1.94896
1.96217
1.97534
1.99584
2.01805
2.03703
2.05753
2.07841
2.10043
2.12112
2.14336
2.15702
2.16944
2.18757
2.20998
2.22558
2.2456
2.26075
2.28246
2.29843
2.31699
2.3274
2.33932
2.35807
2.3753
2.3928
2.40595
2.42237
2.43627
2.44888
2.46198
2.4695
2.47453
2.48688
2.50064
2.51054
2.52189
2.53191
2.54684
2.55604
2.5696
2.57135
2.57896
2.5902
2.60346
2.61718
2.62757
2.64359
2.65671
2.67138
2.68375
2.68907
2.69594
2.70568
2.72161
2.73045
2.73827
2.74927
2.75907
2.77048
2.77988
2.78513
2.78786
2.79532
2.80994
2.81662
2.82484
2.83516
2.84748
2.85936
2.87074
2.8738
2.87701
2.88508
2.89761
2.90481
2.91104
2.91623
2.92368
2.92937
2.93372
2.93092
2.9277
2.9285
2.93118
2.93619
2.9383
2.93805
2.94306
2.9429
2.94263
2.9365
2.92715
2.92857
2.9303
2.92971
2.92781
2.92382
2.92469
2.92326
2.92297
2.9143
2.90325
2.90284
2.90601
2.90308
2.90266
2.8997
2.9004
2.90139
2.9021
2.89428
2.88247
2.88274
2.88524
2.88294
2.87944
2.87444
2.87242
2.86907
2.86399
2.85196
2.83614
2.8292
2.82842
2.8208
2.8083
2.80018
2.79519
2.7898
2.78204
2.7692
2.75193
2.74212
2.73357
2.72813
2.71751
2.70295
2.69436
2.68722
2.6777
2.6599
2.63764
2.62078
2.61204
2.60175
2.58684
2.57051
2.55651
2.54486
2.53207
2.51058
2.48815
2.46978
2.45669
2.44035
2.42175
2.40289
2.38606
2.36782
2.34886
2.3272
2.29974
2.28155
2.26539
2.24801
2.22822
2.20926
2.19584
2.1793
2.16374
2.14302
2.11566
2.09731
2.08557
2.06971
2.0495
2.03166
2.01793
2.00401
1.98235
1.95726
1.93092
1.91142
1.89771
1.878
1.85836
1.83749
1.82208
1.80522
1.78703
1.76548
1.73591
1.71599
1.69972
1.68032
1.65987
1.63841
1.62021
1.6009
1.57873
1.55123
1.5213
1.49663
1.47486
1.45186
1.4281
1.40156
1.37874
1.35603
1.33241
1.30252
1.26642
1.23621
1.21298
1.18806
1.16097
1.12955
1.10388
1.08005
1.05333
1.02389
0.991983
0.964771
0.941064
0.917268
0.891192
0.86571
0.843893
0.822367
0.80184
0.775695
0.74583
0.722887
0.707008
0.688333
0.669174
0.650468
0.634158
0.619105
0.602804
0.583419
0.555361
0.535698
0.520996
0.504148
0.484846
0.462624
0.446275
0.433835
0.418777
0.398583
0.372578
0.351687
0.336135
0.320378
0.305247
0.286639
0.272684
0.261502
0.248739
0.231199
0.20674
0.186531
0.17507
0.164055
0.147967
0.129105
0.115026
0.0993365
0.0849354
0.0679047
0.046736
0.0275879
0.0133758
0.000943652
-0.0133283
-0.024444
-0.0381257
-0.0497972
-0.063031
-0.0778676
-0.0961898
-0.114764
-0.12572
-0.136537
-0.149267
-0.158291
-0.166259
-0.175046
-0.185088
-0.192502
-0.209677
-0.223813
-0.229376
-0.234258
-0.238547
-0.246034
-0.251648
-0.254401
-0.257452
-0.263792
-0.275187
-0.282348
-0.280861
-0.279222
-0.279563
-0.282972
-0.282723
-0.277033
-0.278627
-0.276095
-0.284572
-0.28973
-0.288228
-0.284386
-0.282493
-0.284338
-0.280243
-0.2757
-0.273511
-0.271907
-0.277338
-0.281649
-0.280455
-0.273025
-0.273081
-0.272048
-0.268897
-0.266416
-0.266465
-0.26476
-0.273401
-0.278938
-0.274004
-0.271842
-0.270361
-0.266397
-0.263029
-0.260787
-0.257022
-0.255251
-0.259815
-0.26
-0.257324
-0.248729
-0.246361
-0.246727
-0.242408
-0.235045
-0.232154
-0.227767
-0.231742
-0.227384
-0.21557
-0.210463
-0.197422
-0.18946
-0.178502
-0.163558
-0.151188
-0.137799
-0.131655
-0.122169
-0.102438
-0.0863226
-0.0703913
-0.0548236
-0.041163
-0.0194593
-0.00565625
0.00802255
0.0173294
0.028616
0.045015
0.0614701
0.0786084
0.0916856
0.106785
0.127383
0.140446
0.157838
0.169248
0.184201
0.204171
0.22348
0.23963
0.25453
0.273033
0.292104
0.310386
0.327691
0.337374
0.348432
0.362961
0.383041
0.395759
0.412716
0.427669
0.44877
0.46334
0.479263
0.485217
0.496387
0.513472
0.530194
0.545486
0.558177
0.576444
0.591626
0.610104
0.619468
0.627946
0.637152
0.653364
0.671488
0.687502
0.702851
0.721577
0.744278
0.761846
0.783594
0.796974
0.81376
0.835695
0.862952
0.884297
0.907822
0.925166
0.953139
0.971937
0.995045
1.01053
1.03154
1.05177
1.07863
1.10048
1.12247
1.14238
1.16625
1.18725
1.21249
1.22744
1.24428
1.26889
1.29457
1.31908
1.34143
1.36489
1.38989
1.41239
1.43491
1.45233
1.4673
1.48883
1.51144
1.53234
1.54829
1.5637
1.58254
1.6012
1.61731
1.62737
1.63818
1.65603
1.67193
1.68698
1.69785
1.71248
1.72981
1.74412
1.7571
1.76425
1.77313
1.78896
1.80427
1.81791
1.83162
1.84406
1.85978
1.87644
1.89529
1.90788
1.92034
1.94072
1.96228
1.98359
2.00313
2.02242
2.04495
2.06587
2.08603
2.10159
2.11339
2.13469
2.1551
2.17145
2.18746
2.20642
2.22577
2.24706
2.26496
2.28134
2.29195
2.31646
2.33779
2.36155
2.38035
2.40152
2.4237
2.44622
2.46808
2.48438
2.49736
2.51785
2.54049
2.5562
2.57389
2.58809
2.60857
2.62455
2.64445
2.65358
2.66576
2.68237
2.70113
2.71627
2.73122
2.74945
2.76439
2.77771
2.78847
2.79887
2.80155
2.81603
2.82947
2.84058
2.84748
2.85535
2.8698
2.87882
2.89044
2.89225
2.89521
2.90337
2.91625
2.92983
2.93733
2.94753
2.95971
2.97199
2.98232
2.98889
2.99229
2.99995
3.01466
3.02407
3.03395
3.04294
3.05586
3.06679
3.07417
3.08067
3.08327
3.09285
3.10491
3.11427
3.12703
3.13637
3.14908
3.16149
3.17143
3.1787
3.18248
3.18791
3.20334
3.21096
3.21907
3.22504
3.2321
3.23929
3.245
3.23962
3.23887
3.23945
3.24527
3.25286
3.25517
3.25438
3.25954
3.26261
3.26582
3.26159
3.25273
3.2538
3.25423
3.25469
3.25407
3.2509
3.24974
3.25172
3.24821
3.23976
3.23031
3.22626
3.22712
3.22235
3.22446
3.21811
3.2185
3.21838
3.2179
3.21023
3.20151
3.20029
3.1972
3.19603
3.19535
3.18993
3.18665
3.18553
3.18121
3.16688
3.14975
3.14107
3.13646
3.12687
3.11815
3.10896
3.10405
3.0991
3.09413
3.08267
3.06597
3.05494
3.04906
3.04242
3.03422
3.02394
3.01588
3.0101
3.00051
2.98392
2.96311
2.95063
2.94305
2.93386
2.91902
2.90414
2.89619
2.88601
2.87468
2.85716
2.83361
2.81985
2.80897
2.7945
2.77728
2.7574
2.74229
2.72749
2.70937
2.68752
2.66099
2.64173
2.6264
2.61176
2.59661
2.5782
2.56456
2.55092
2.53355
2.51314
2.48928
2.47212
2.45702
2.44008
2.4201
2.39998
2.38486
2.36983
2.35221
2.32893
2.30205
2.28255
2.26792
2.25099
2.2293
2.20688
2.18956
2.17504
2.15631
2.13449
2.10881
2.08896
2.07247
2.05518
2.03431
2.0108
1.9965
1.97826
1.95914
1.93508
1.90528
1.88175
1.86419
1.84505
1.82167
1.79752
1.77545
1.75437
1.73305
1.70378
1.67108
1.64539
1.62367
1.5998
1.57328
1.54743
1.52482
1.50311
1.48048
1.4527
1.41816
1.39062
1.3708
1.34735
1.32362
1.29943
1.27604
1.25749
1.23763
1.21451
1.18547
1.16261
1.14554
1.12869
1.11093
1.09302
1.0782
1.06365
1.04723
1.02534
0.999745
0.976899
0.961937
0.944198
0.924351
0.90399
0.886409
0.87235
0.858109
0.839622
0.814105
0.794057
0.779162
0.762882
0.744552
0.728771
0.716979
0.706561
0.692689
0.676638
0.655068
0.633304
0.621895
0.609878
0.595739
0.581621
0.569821
0.557505
0.54469
0.529438
0.50803
0.491955
0.480213
0.468536
0.453851
0.440335
0.430087
0.420918
0.410425
0.394239
0.373551
0.358125
0.348846
0.340807
0.327289
0.317843
0.308663
0.302734
0.294356
0.28505
0.272644
0.261918
0.256644
0.252741
0.247853
0.239957
0.234674
0.229899
0.2253
0.220788
0.208494
0.202116
0.204667
0.20591
0.202604
0.197368
0.196788
0.199975
0.196606
0.193472
0.186525
0.181798
0.180984
0.183965
0.185792
0.184331
0.184462
0.189794
0.192148
0.192181
0.190955
0.188342
0.188502
0.191384
0.194108
0.192295
0.194293
0.201426
0.202813
0.202929
0.196201
0.191106
0.192606
0.199977
0.202205
0.203481
0.206575
0.211521
0.215222
0.216221
0.211838
0.210636
0.214019
0.220599
0.226088
0.227641
0.231579
0.240571
0.245346
0.250692
0.25036
0.249504
0.259249
0.270594
0.277095
0.286183
0.293866
0.310063
0.323709
0.334555
0.344173
0.351573
0.367525
0.3846
0.398323
0.40973
0.424593
0.440374
0.456926
0.471031
0.481726
0.490686
0.508725
0.526125
0.540707
0.554682
0.569735
0.587497
0.60407
0.617183
0.627015
0.636481
0.6531
0.672677
0.689165
0.70586
0.723181
0.740626
0.753734
0.772811
0.779722
0.792756
0.807738
0.82534
0.843059
0.861553
0.876743
0.894084
0.912322
0.927193
0.937327
0.945631
0.964709
0.981651
0.99619
1.00909
1.02418
1.03996
1.05593
1.07023
1.08047
1.09017
1.10618
1.12551
1.13991
1.15884
1.17507
1.19492
1.21295
1.23754
1.24942
1.26654
1.28714
1.31335
1.33456
1.35482
1.37498
1.40201
1.42199
1.44482
1.46029
1.47718
1.50013
1.52493
1.54727
1.56811
1.58888
1.61197
1.6355
1.65727
1.67068
1.67955
1.69805
1.71045
1.72049
1.71724
1.71048
1.70464
1.68879
1.66533
1.63738
1.60107
1.55885
1.50607
1.44798
1.39696
1.34681
1.29462
1.24442
1.19438
1.14697
1.0996
1.05614
1.01939
0.985761
0.952962
0.924193
0.902345
0.884383
0.870074
0.86365
0.86092
0.859468
0.860822
0.861906
0.861717
0.861036
0.859642
0.857837
0.85965
0.860697
0.860434
0.862434
0.86288
0.861456
0.860647
0.859719
0.859066
0.861737
0.862276
0.861271
0.863055
0.863156
0.864808
0.863759
0.865439
0.864047
0.864723
0.862804
0.863634
0.862969
0.862707
0.863958
0.864526
0.863177
0.863562
0.862766
0.863979
0.862508
0.861789
0.862959
0.865312
0.864245
0.86464
0.865628
0.864987
0.865517
0.8644
0.865217
0.866177
0.865543
0.863979
0.861849
0.863364
0.86406
0.862869
0.862731
0.863915
0.86565
0.863086
0.861748
0.86251
0.863105
0.864468
0.863863
0.862924
0.862014
0.86412
0.864332
0.864597
0.864168
0.864337
0.863489
0.863808
0.86165
0.861755
0.860948
0.8595
0.859464
0.859357
0.85948
0.859337
0.861186
0.860639
0.86211
0.862074
0.862343
0.862372
0.862264
0.862577
0.864639
0.862759
0.86247
0.863286
0.864789
0.86206
0.862338
0.863453
0.863101
0.859749
0.859721
0.860099
0.861183
0.862838
0.86152
0.862495
0.862994
0.861904
0.861871
0.861571
0.861739
0.862364
0.862568
0.862259
0.863762
0.863616
0.864063
0.862951
0.865084
0.863654
0.86367
0.863832
0.86402
0.864808
0.863225
0.863346
0.861015
0.86178
0.862397
0.861843
0.863009
0.861199
0.860218
0.861071
0.861133
0.862825
0.862788
0.862393
0.864154
0.864093
0.861537
0.859768
0.863129
0.862469
0.862019
0.863397
0.864858
0.865954
0.863338
0.862926
0.865155
0.864883
0.863301
0.862334
0.862548
0.862299
0.863221
0.862381
0.863867
0.863506
0.864012
0.86185
0.862996
0.862232
0.862094
0.861594
0.86182
0.862933
0.863982
0.863472
0.864429
0.863427
0.863253
0.864667
0.864587
0.863855
0.863032
0.862026
0.862924
0.863387
0.865761
0.865652
0.864598
0.862865
0.863028
0.864519
0.863394
0.864596
0.862793
0.863215
0.864581
0.864248
0.864079
0.864798
0.864986
0.865008
0.866189
0.865552
0.866216
0.865305
0.864334
0.862917
0.862027
0.863051
0.862881
0.862876
0.86264
0.864048
0.862466
0.861727
0.863007
0.864039
0.863765
0.864229
0.865071
0.86671
0.865535
0.856337
0.846091
0.833769
0.814786
0.791917
0.766426
0.733948
0.697634
0.652865
0.603368
0.550162
0.493851
0.432199
0.369748
0.297151
0.216455
0.136626
0.0574927
-0.0233525
-0.0965485
-0.162938
-0.22624
-0.290348
-0.353039
-0.4096
-0.467838
-0.518099
-0.570569
-0.615223
-0.655127
-0.686125
-0.708673
-0.733945
-0.760769
-0.784251
-0.806619
-0.826368
-0.850191
-0.877907
-0.903037
-0.923543
-0.940115
-0.956837
-0.976731
-1.00368
-1.02134
-1.04291
-1.06369
-1.09317
-1.11637
-1.1389
-1.15276
-1.17088
-1.19017
-1.21124
-1.22831
-1.24634
-1.26543
-1.28547
-1.30502
-1.32124
-1.33081
-1.33981
-1.35672
-1.36929
-1.38368
-1.39531
-1.41353
-1.43291
-1.45066
-1.4636
-1.47297
-1.48483
-1.50201
-1.51883
-1.53253
-1.54605
-1.56226
-1.58353
-1.60019
-1.61754
-1.62372
-1.63653
-1.6539
-1.66786
-1.68665
-1.69947
-1.71816
-1.73957
-1.7574
-1.77402
-1.78343
-1.79401
-1.80935
-1.82726
-1.84049
-1.85266
-1.86951
-1.88712
-1.90576
-1.92166
-1.9276
-1.93711
-1.94962
-1.96689
-1.98132
-1.99216
-2.00876
-2.02883
-2.04951
-2.06571
-2.07166
-2.08433
-2.09644
-2.10955
-2.12205
-2.1305
-2.14325
-2.15736
-2.16607
-2.17786
-2.17632
-2.17879
-2.18549
-2.19099
-2.19563
-2.19884
-2.20272
-2.21436
-2.22036
-2.22513
-2.22484
-2.22096
-2.22536
-2.23049
-2.22968
-2.22985
-2.23425
-2.24129
-2.2466
-2.24878
-2.2446
-2.23813
-2.23856
-2.2412
-2.23983
-2.23888
-2.24215
-2.2474
-2.25541
-2.25952
-2.25363
-2.25138
-2.25223
-2.25446
-2.25722
-2.25606
-2.25448
-2.25821
-2.26525
-2.26563
-2.2564
-2.24707
-2.24566
-2.24763
-2.24201
-2.24042
-2.24171
-2.24474
-2.24749
-2.24903
-2.24458
-2.23682
-2.22943
-2.22672
-2.22338
-2.215
-2.21025
-2.20922
-2.21018
-2.20606
-2.19283
-2.17671
-2.16935
-2.16539
-2.15586
-2.14637
-2.13721
-2.13353
-2.12842
-2.11867
-2.1015
-2.08133
-2.06952
-2.06162
-2.04824
-2.03425
-2.02244
-2.01183
-2.00371
-1.99274
-1.97239
-1.95107
-1.93584
-1.92151
-1.90997
-1.89502
-1.88043
-1.87326
-1.86239
-1.84932
-1.82955
-1.80941
-1.79528
-1.78122
-1.76807
-1.75201
-1.73594
-1.7261
-1.71197
-1.69795
-1.67564
-1.65096
-1.6345
-1.61942
-1.59785
-1.58033
-1.56108
-1.54791
-1.531
-1.51531
-1.49279
-1.46947
-1.45018
-1.43481
-1.41899
-1.39871
-1.38116
-1.36908
-1.35394
-1.33933
-1.31442
-1.28752
-1.26641
-1.24847
-1.22531
-1.20074
-1.17917
-1.16029
-1.13787
-1.11946
-1.09034
-1.06012
-1.03327
-1.00817
-0.984727
-0.958651
-0.930928
-0.910757
-0.887932
-0.865817
-0.83618
-0.804314
-0.777273
-0.755361
-0.729023
-0.704547
-0.679128
-0.660793
-0.639532
-0.619575
-0.595678
-0.565596
-0.545722
-0.525941
-0.504225
-0.481047
-0.46296
-0.446184
-0.429993
-0.415264
-0.389804
-0.36452
-0.342242
-0.324844
-0.304325
-0.279171
-0.259771
-0.246449
-0.229176
-0.213434
-0.191775
-0.164893
-0.14575
-0.127152
-0.108419
-0.0862217
-0.0624885
-0.0477592
-0.0321808
-0.0209821
0.000496214
0.0259432
0.0431918
0.0587265
0.0770553
0.0961732
0.113993
0.125571
0.137053
0.152841
0.174756
0.200486
0.220128
0.237554
0.256653
0.279085
0.299359
0.311518
0.322642
0.335355
0.357437
0.382089
0.394501
0.404995
0.421266
0.437136
0.452125
0.457983
0.467181
0.477029
0.494708
0.5134
0.526532
0.535157
0.545896
0.560652
0.57045
0.574417
0.579507
0.587191
0.597308
0.612581
0.624052
0.633342
0.642741
0.654274
0.66668
0.668149
0.667912
0.674905
0.687284
0.704262
0.714325
0.72259
0.72986
0.735804
0.743781
0.747432
0.745438
0.746201
0.75559
0.764563
0.768011
0.770505
0.774527
0.775152
0.780406
0.779894
0.777201
0.774335
0.778861
0.789823
0.797384
0.798812
0.801453
0.80507
0.81039
0.805009
0.807067
0.807244
0.810883
0.818647
0.825684
0.823214
0.824415
0.82325
0.820818
0.817173
0.807774
0.801725
0.803107
0.807154
0.806636
0.802346
0.798991
0.798821
0.792371
0.78286
0.772457
0.760409
0.756024
0.75455
0.745929
0.738176
0.72485
0.716471
0.70908
0.693425
0.680461
0.66681
0.66155
0.656367
0.650567
0.643893
0.631693
0.625103
0.616572
0.605278
0.591229
0.579263
0.57221
0.569304
0.564616
0.551944
0.543951
0.535135
0.525127
0.513562
0.49325
0.480854
0.470165
0.46851
0.460735
0.45158
0.441754
0.430703
0.424379
0.412202
0.401663
0.386852
0.381346
0.37793
0.371983
0.358979
0.346499
0.336588
0.324275
0.308047
0.28597
0.268109
0.249296
0.243109
0.228375
0.214952
0.196439
0.181938
0.167164
0.149046
0.127897
0.106396
0.0905217
0.0793668
0.0625803
0.0406015
0.0204924
-0.000602278
-0.0169014
-0.0425527
-0.0657619
-0.0926486
-0.110024
-0.127194
-0.141899
-0.164895
-0.183877
-0.200366
-0.213828
-0.235398
-0.255605
-0.277431
-0.294659
-0.308399
-0.323766
-0.344607
-0.363502
-0.382344
-0.40133
-0.425156
-0.450854
-0.47153
-0.492127
-0.505291
-0.519077
-0.538342
-0.555871
-0.569941
-0.582332
-0.600168
-0.620611
-0.638202
-0.652963
-0.661242
-0.669773
-0.684633
-0.698981
-0.711014
-0.720465
-0.736233
-0.753293
-0.770291
-0.78443
-0.794368
-0.805704
-0.821795
-0.839517
-0.855198
-0.868829
-0.887404
-0.909839
-0.931325
-0.948616
-0.962458
-0.976355
-0.994993
-1.0167
-1.03594
-1.05795
-1.08182
-1.11003
-1.13823
-1.16209
-1.17759
-1.19823
-1.22051
-1.2438
-1.26398
-1.28471
-1.30554
-1.3334
-1.3562
-1.38205
-1.39579
-1.41466
-1.43374
-1.45868
-1.47986
-1.5017
-1.52501
-1.55289
-1.57824
-1.59999
-1.61505
-1.63286
-1.65371
-1.67264
-1.69207
-1.70868
-1.72896
-1.75145
-1.77197
-1.78686
-1.79526
-1.80085
-1.8163
-1.8299
-1.8451
-1.85793
-1.87582
-1.89558
-1.91245
-1.92885
-1.9369
-1.94947
-1.96034
-1.9785
-1.99161
-2.007
-2.02241
-2.04068
-2.05721
-2.07345
-2.08305
-2.08796
-2.10432
-2.12033
-2.13745
-2.15396
-2.17067
-2.19292
-2.21401
-2.23528
-2.24397
-2.25928
-2.27396
-2.29136
-2.3087
-2.32072
-2.3373
-2.35881
-2.37884
-2.39401
-2.40112
-2.41187
-2.42443
-2.43999
-2.4527
-2.46226
-2.4795
-2.50037
-2.52212
-2.53893
-2.54749
-2.55939
-2.57224
-2.58506
-2.59988
-2.60927
-2.62546
-2.6438
-2.65747
-2.66839
-2.66877
-2.66612
-2.6735
-2.67953
-2.68189
-2.68455
-2.68968
-2.69914
-2.70693
-2.7083
-2.70671
-2.70476
-2.70556
-2.71248
-2.71667
-2.71713
-2.71929
-2.72296
-2.72453
-2.73201
-2.72676
-2.71834
-2.71824
-2.72074
-2.71516
-2.71397
-2.71473
-2.72115
-2.72937
-2.73331
-2.72961
-2.7247
-2.72863
-2.73102
-2.73328
-2.7328
-2.73332
-2.73786
-2.74235
-2.74551
-2.7409
-2.73194
-2.73005
-2.73153
-2.73135
-2.72911
-2.73261
-2.7388
-2.74108
-2.74172
-2.73437
-2.72822
-2.7237
-2.72002
-2.71537
-2.70916
-2.7047
-2.70121
-2.69725
-2.69723
-2.68561
-2.67237
-2.65973
-2.65306
-2.6444
-2.6311
-2.61876
-2.61103
-2.60267
-2.59666
-2.57841
-2.55917
-2.54531
-2.53257
-2.52007
-2.50657
-2.4936
-2.48271
-2.47035
-2.46106
-2.44332
-2.42224
-2.40462
-2.38735
-2.37004
-2.35591
-2.34125
-2.32781
-2.31679
-2.30488
-2.28335
-2.26048
-2.24462
-2.23154
-2.21848
-2.20522
-2.18913
-2.17499
-2.16133
-2.14681
-2.12549
-2.1029
-2.08418
-2.06728
-2.04739
-2.02508
-2.00647
-1.99451
-1.9778
-1.9636
-1.94135
-1.91386
-1.8967
-1.88242
-1.86751
-1.84888
-1.83245
-1.81828
-1.80423
-1.78715
-1.76114
-1.73326
-1.71027
-1.68982
-1.66764
-1.64294
-1.61896
-1.59965
-1.57776
-1.55392
-1.52517
-1.49211
-1.46691
-1.44217
-1.41613
-1.38647
-1.35811
-1.33481
-1.31229
-1.28829
-1.25581
-1.22013
-1.19167
-1.1662
-1.13802
-1.10975
-1.08256
-1.06075
-1.04009
-1.01864
-0.990497
-0.956823
-0.930718
-0.906223
-0.885737
-0.863221
-0.84059
-0.8244
-0.806842
-0.787876
-0.762626
-0.735069
-0.714421
-0.697557
-0.676667
-0.656605
-0.63563
-0.620977
-0.608043
-0.591412
-0.568672
-0.540484
-0.517816
-0.500046
-0.48091
-0.460437
-0.439672
-0.425289
-0.410789
-0.395626
-0.373375
-0.348603
-0.329809
-0.311888
-0.295772
-0.275728
-0.256231
-0.242743
-0.229173
-0.214031
-0.191667
-0.165616
-0.14551
-0.126414
-0.105232
-0.0853591
-0.0646194
-0.0507381
-0.0349455
-0.0203132
0.00342967
0.0281218
0.0468609
0.0597072
0.0764293
0.095412
0.11081
0.120957
0.131104
0.140534
0.159037
0.180889
0.197137
0.212074
0.226604
0.236185
0.24892
0.258149
0.265528
0.270165
0.280848
0.299309
0.315001
0.321259
0.332444
0.344325
0.356436
0.359249
0.359492
0.365531
0.377376
0.392418
0.402309
0.412273
0.41676
0.423288
0.432038
0.434222
0.433968
0.435057
0.439752
0.450882
0.455195
0.457502
0.456073
0.459501
0.463505
0.46039
0.455379
0.456039
0.458995
0.467593
0.474349
0.477091
0.47648
0.481997
0.486484
0.483904
0.482978
0.482031
0.486998
0.495686
0.499668
0.500499
0.501599
0.502589
0.504984
0.502602
0.495604
0.490819
0.493223
0.499653
0.501145
0.497059
0.491572
0.48867
0.48414
0.47874
0.469031
0.458304
0.453967
0.451581
0.448003
0.4395
0.428347
0.420578
0.411196
0.398902
0.385963
0.372317
0.365885
0.363711
0.359296
0.350319
0.340129
0.331634
0.32094
0.309655
0.296544
0.285466
0.278035
0.274543
0.268343
0.253602
0.243976
0.235641
0.226055
0.2114
0.192536
0.17969
0.16699
0.164059
0.154177
0.142898
0.128694
0.118795
0.109992
0.0968019
0.0838707
0.0683806
0.0616615
0.0548533
0.0501407
0.0381635
0.0250761
0.014185
0.00144576
-0.01419
-0.033778
-0.0504863
-0.0663558
-0.0731657
-0.0887841
-0.104411
-0.124029
-0.138572
-0.154771
-0.171224
-0.193098
-0.213826
-0.232064
-0.244032
-0.259605
-0.279644
-0.296425
-0.314691
-0.332926
-0.35434
-0.378182
-0.404044
-0.420119
-0.436568
-0.449669
-0.470834
-0.48824
-0.507964
-0.522475
-0.542981
-0.564828
-0.589716
-0.606059
-0.62061
-0.63488
-0.658331
-0.677311
-0.699474
-0.718919
-0.742347
-0.766271
-0.791399
-0.810934
-0.826438
-0.839025
-0.85912
-0.878594
-0.894331
-0.906303
-0.922465
-0.941296
-0.957902
-0.965995
-0.968701
-0.968082
-0.96681
-0.960693
-0.943271
-0.924233
-0.899005
-0.873618
-0.844548
-0.806906
-0.768867
-0.718452
-0.661372
-0.598582
-0.539776
-0.481588
-0.426387
-0.370009
-0.318772
-0.270664
-0.224964
-0.187787
-0.154991
-0.120462
-0.0937942
-0.0699295
-0.0475444
-0.0334773
-0.0221446
-0.014
-0.00839124
-0.00704081
-0.00442505
-0.00285021
-0.00170345
-0.0015941
-0.00103216
-0.00201457
-0.00145743
-0.00287391
-0.0040952
-0.00305566
-0.00262813
-0.00156388
-0.00178895
-0.00182317
-0.00206432
-0.00184942
-0.0025172
-0.00303662
-0.00256546
-0.00459828
-0.00465436
-0.00314354
-0.00206563
-0.0010531
-0.00112635
-0.00124658
0.000205029
-0.000294381
0.000419915
-0.000555047
-0.0003788
-0.000427234
-0.00135333
0.00143482
0.00157924
0.000565647
0.000221033
0.000315705
0.00117883
0.00108183
-0.00183699
-0.00082841
0.00112246
0.00127273
-0.000525574
-0.000615215
-0.00112235
-0.00199584
-0.00180668
0.000540315
0.000201341
-0.00188713
-0.00112406
8.75842e-05
0.00047535
-0.00072915
-0.00248347
-0.0031897
-0.00421331
-0.00270526
-0.00351163
-0.00403074
-0.0022411
-0.00294069
-0.00362026
-0.00244022
-0.00100766
0.000678069
0.00242431
0.00223595
0.00154769
0.00210686
0.000821206
0.000533326
0.0022332
2.75623e-05
0.000738198
-0.00143427
-0.000815065
0.000301469
0.000822991
-0.000300927
-0.000494082
-0.000255822
-0.000927039
-0.00199187
-0.000370008
-0.000915071
-0.000604371
0.00117241
0.00166413
-0.00108077
0.000384932
0.00116713
0.00123138
0.000598037
5.56313e-05
-0.00140499
-0.000750913
0.000293017
-0.00133891
-6.79495e-05
0.000227342
-0.00119201
0.000818172
0.000736242
-0.000379521
-0.00137471
-0.00151956
-0.00306837
0.000754098
0.00264445
0.00124661
0.00268152
0.00202911
0.00183731
0.000672765
0.000846107
-0.000130464
0.00104074
0.000710296
-0.000806335
-0.001601
-0.000376343
-0.000501273
0.000903959
0.000621439
0.00231402
0.00169375
0.00198876
0.00218085
0.000945876
0.00108206
-0.000185418
0.000979925
0.00235028
0.0026845
0.00317574
0.00309183
0.00283012
0.00154471
-0.000607657
-5.18068e-05
0.0011394
0.00131442
0.00300379
0.00224986
0.00065188
0.00178092
0.00033871
0.000847706
0.000296885
-4.68321e-05
0.000623294
0.000557877
-0.00152189
-0.00103933
-0.000171638
-4.47396e-05
0.00266369
0.00368078
0.00353164
0.00359741
0.00217004
0.00469801
0.00493765
0.0078038
0.0055995
0.00633651
0.00481097
0.00323285
0.00194962
0.00156851
0.00130348
0.00214782
-0.000249253
0.000395169
0.00118828
0.00244826
0.00130667
0.00152112
0.000802156
0.0012911
-0.000246636
0.00231847
0.00302592
0.002905
0.00282596
0.00292698
0.00238793
0.00264376
0.00419765
0.00172619
0.000942826
0.0013011
0.00161988
0.00125612
0.000739425
0.000126726
0.000364498
0.00130332
0.00203838
0.00372834
0.00307057
0.00510918
0.00527728
0.00414963
0.00211708
0.00383764
0.00384394
0.00337208
0.00272237
0.00286504
0.00232696
0.000881755
0.001926
0.00242267
0.001523
0.00267281
0.00182932
0.001861
-0.0013678
0.0011969
0.000696578
0.00166036
-0.000390165
-0.00145792
-2.11545e-05
0.0012743
0.00201387
0.00153974
0.00165276
0.00313626
0.00287741
0.00562419
0.00402021
0.0032442
0.0025029
0.00246603
0.00299006
0.00376538
0.00124123
0.000439196
0.00183272
0.0012188
0.00225078
0.000827183
0.00309306
0.00332723
0.00487297
0.0040404
0.00428475
0.0013698
0.000210552
-8.02866e-05
0.000204618
0.00110954
0.000167066
0.00138614
0.00178466
0.00240947
0.00151303
0.0015442
0.00270849
0.00132851
-0.000850155
0.00128932
0.00183037
0.000774331
0.00292157
0.00363856
0.00148083
0.00344976
0.00287679
0.00257465
0.0023054
0.00140921
0.000442031
0.000988069
8.22481e-05
0.00118107
0.00320594
0.00376183
0.00533803
0.00546383
0.00506422
0.00297341
0.00197092
0.00214977
0.00247645
0.00383201
0.00347456
0.00410637
0.00291462
0.00343451
0.00248621
0.00232205
0.00269752
0.00325162
0.00384624
0.00358915
0.00222585
0.000894097
0.00286039
0.00238994
0.00233861
0.00314817
0.00311414
0.00461041
0.0063492
0.005834
0.00460231
0.00440877
0.00512513
0.00361447
0.00233502
0.00121142
0.0011214
0.00230993
0.00168215
0.000817392
0.00126495
0.00293537
0.0037722
0.00339214
0.00362558
0.00152957
0.00217929
0.000930173
0.0012781
0.00205781
0.00258446
0.0031026
0.00307251
0.00103988
0.00321666
0.00481086
0.0045333
0.00416323
0.00367797
0.00255762
0.00151647
0.00327755
0.0035033
0.0034376
0.00442931
0.00383356
0.00252528
0.00147177
0.00378066
0.00235096
0.00210169
0.00135461
0.00273919
0.00366064
0.00226137
0.000802756
-0.000181444
0.000457942
0.000743949
0.00372113
0.00402454
0.00393054
0.00306551
0.00275099
0.00373325
0.00407924
0.00232125
0.0031537
0.0024173
0.00216253
0.000730234
-0.00112823
-0.000131764
0.000319398
0.000213951
-0.000910868
-0.0006701
0.000272675
0.000536086
0.000523358
0.00122346
0.0031619
0.00309504
0.00290344
0.00397201
0.00313371
0.00353684
0.00406642
0.00235254
0.00261535
0.00327075
0.00404869
0.00415257
0.00469679
0.00213166
