-0.0026700013628315642
-0.0030372612020354785
-0.0024791147234945348
-0.0019752274474711534
-0.0017964327793564892
-0.0028971408281242886
-0.0012635242743449949
-0.000266974302027416
-0.0024866304383516246
-0.00069094890457295152
-0.001608432424017708
-0.00090099971507088443
-0.00081659338809789736
-0.000997421625102929
-0.00341616672767544
-0.0036775638520566167
-0.00280482127455207
-0.0027356979772910988
-0.0042906526655487852
-0.00491624141765572
-0.0036361375782609819
-0.0040504180638596451
-0.0030617150887159578
-0.0012196703722829059
-0.0010117068725782536
0.00046077278163444605
0.00041302577879364884
-0.0001343001298431626
-0.0015217910142662284
-0.0016702634447021204
0.00011990652381584888
-0.001143845431057308
0.00013229188095324805
-0.00060106842091917924
-0.0005497141875635377
-0.0032684596825522608
-0.0028441962506756263
-0.00152883506754398
-0.0014316858670575048
-0.00040158621800466185
0.0001927438129420791
-0.00067436434637916189
0.000603425700425
-0.0004063685316262485
-5.1689644974818453E-05
-1.5016098632340217E-05
-0.00016644189204559142
-0.0016927686982104056
-0.0018615874165739
-0.0013482535196343137
-0.0033437834495314107
-0.0031383554815108228
-0.0024852384816104471
-0.00042367733182286445
-0.00074372978359245714
-0.00078775352583558892
-0.00018850168120686131
-0.000912213920179754
0.00029838022091690808
-0.00088377702946901
-0.000244630502256155
-0.0014960441072449651
-0.00021353672944876269
-0.0018177351833855637
-0.001984090884077307
-0.00067429246641562417
-0.0010341833219918238
-0.00095253179576645615
0.00012293843671744255
0.00014399334259982267
0.00040557119309228904
-0.00050429744349918747
0.00097503164840983636
0.00062782739456029727
-0.00040259287627126709
-0.0015737284339864843
-0.0021156769443995975
-0.0020293705170137456
-0.0020420655677001517
-0.001895155677819877
-0.002406007997647449
-0.0020192081780352603
-0.0019056877978595296
-0.00065503996401835717
-0.000838180379208313
-0.0018487448144059002
-0.0010316593203086885
-0.0013288659594445679
-0.00064201087300637784
-0.0022979543049683531
-0.0016248061060484204
-0.002516560027558002
-0.00032968637221612331
-0.0027854681413360446
-0.001228388062355872
-0.00203351328667969
-0.0013917583083114735
-0.00051011190099846913
-0.0019076217515883397
-0.00098341888096463285
-0.0015361126316766683
-0.0012223629563027981
-0.0022656114983719152
-0.0031218953154612617
-0.0047776141702627678
-0.0041282634848153945
-0.0023889837013271365
-0.0033169490391722072
-0.0029392810426119233
-0.0036069842874325167
-0.0023250830620234137
-0.0032521605148627996
-0.0015898795500510238
-0.00017300291630910846
-0.0010035136401949916
-0.00070274450281963005
-0.0012607883860079009
-0.0015953113136871655
-0.00270050149394342
-0.0032599641110119121
-0.0028748465990258154
-0.0017947615462828625
-0.0022336112245080744
-0.0037182409821934406
-0.0020323640579616663
-0.0037935353927798674
-0.0027691694204823279
-0.0030642796599244884
-0.00080378692470909046
-0.002460867684549404
-0.0029068334931149726
-0.0028048636387729827
-0.00232615737303136
-0.0016000881822125072
0.00041200476799527897
-0.00058268762247799322
-0.00052204001571072925
0.00092385592466284706
-0.00056295287669677423
-0.00079001984648328168
-0.0018449882477305313
-0.0022969003251445655
8.77379288366266E-05
-4.4231907862459625E-05
0.00054440912348368794
-7.1416917165000721E-05
0.00021538871481190032
0.00021046518152010706
0.00012377328196069989
-0.0011532863305011509
-0.0012552885706953515
-0.0029990716569097795
-0.0043591298950134772
-0.00351924810265084
-0.0011799223857600866
-0.0011597189482401653
-0.0010368863854065863
-0.0011056924737034794
-0.0009658101350001597
-0.00072777333438960078
0.000606523070879701
5.1549970300092868E-05
0.0010963864549696271
0.00040403140088309517
0.0011829970651879712
0.00027556506678507245
0.0013214800856574823
0.00037823463560349309
-0.00081159043231300619
-0.0028731909512311818
-0.0038082629286702281
-0.0022071478448840083
-0.0021763636359036767
-0.00060549405318154471
-0.0005927378765583388
0.00010295341427213496
-0.0009038649395801281
-0.0010707222647582204
-0.0012301561536291355
-0.0032381529584694156
-0.0019305736436333349
-0.00042770467471406315
0.00010538472153630138
-0.0017255529709454091
-0.0020712830240161152
-0.00014712587560040589
-0.0003404157958622292
0.00013362287264668334
-0.0016116073674183997
-0.0018961370301081289
-0.0024851376893747449
-0.0034349742175836763
-0.0028742687006161924
-0.0039647099276781811
-0.0031187106102276417
-0.0030797942002441158
-0.0030348603493150533
-0.0016492304420816679
-0.0009093363122544679
-0.0026727591687252311
-0.0022848323663295297
-0.0016777183605658232
-0.0019922277179701231
-0.0024481859110083385
-0.0028802562774349846
-0.0019965964386461617
-0.0024672101978943629
-0.000524364174973581
-0.002255978144244795
-0.0021614057573440303
-0.0024031286848684229
-0.0013736430150032605
-0.00070758740595247257
-0.0016950266252987907
-0.00019860221764938038
-0.0025760182930747379
-0.0013262956243484734
-0.00011503122387773496
0.0012641849177735425
0.00038749808046112155
0.0011953806760539101
0.00024921428286076377
-0.00098865080938596384
0.0009304418038999058
0.00103080496079459
0.00068683851318888283
-0.00083328263844687465
-0.0012976721330185419
-0.0032190773662198351
-0.0022038114671727492
-0.0024080277010143413
-0.0020783904483539185
-0.0019592759058545493
-0.0019387460979018749
-0.00084791121077081619
-9.3612241240720133E-05
0.00026022786030977668
-0.00045773065246222178
-0.0024442029471337546
-0.000766756175382292
-0.0025084330611603763
-0.0015758393372913594
-0.00010867480143263056
-0.0015865838187247596
-0.00078770981258857687
-0.0017034850786641998
0.00030997229597872329
-0.00013166788168080695
-0.00021640097492408943
-0.0007328661391372835
-4.5515443915450122E-05
-0.000778309491538833
-0.0017832759661718721
-0.001093318270006618
-0.0024497149624084962
-0.0018161091403753639
-0.0024891935132203094
-0.001881552599492629
-0.00210157148216648
-0.0011818433934669213
-0.0020647826407345516
-0.0024022830710367579
-0.0029418981484791921
-0.0032896957541635138
-0.0022964137170904957
-0.0017763354975072285
-0.00245738420934871
-0.003034332550398703
-0.0018303535869937109
-0.0018655139720337305
-0.0032519177908898753
-0.0025243002892836575
-0.00031190205356621361
-0.0011884409876531646
-0.00052430419435168835
-0.00034568798424040848
0.0001668033797945218
0.00022734822182900627
-0.00058397252544242187
-0.0019517720698441752
-0.0013985046595664111
-0.0020327963502332538
-0.00050168782831460984
-0.00058280742647786482
0.00095911441379367
0.0012108468295493986
0.00050540432785440323
0.00064658601284194722
0.000440755087549739
0.00079168356157652579
0.0022490948796516303
0.0015800378221582914
-0.00034697493274539405
-0.0022085940717024191
-0.0035162723214660577
-0.0016182328383451562
-0.0014480700074079485
-0.0021890307589238177
-0.0026326591449242092
-0.002936072893527921
-0.0021177334907344888
-0.0024424437857481747
-0.001278706617621821
-0.0010456246704379595
-0.00113215759530011
-0.0012385482121178987
-0.00060467921068278188
0.0014860000920074827
-0.0017289416241389353
-0.0022854723360666877
-0.0018207476558975162
-0.0024351277778424272
-0.0019827443214742611
-0.00042787626881578538
-0.0007133327067717684
-0.0038105809516124026
-0.0036722103401639794
-0.0032062299851058004
-0.0021963200278729187
-0.0035629424769824322
-0.0037974763126016218
-0.0026377533891585037
-0.0028003866604435013
-0.0026854616320021157
-0.0023025633137325162
-0.00073368629178361
-0.0051413608883160919
-0.011020023347640797
-0.016006270500015407
-0.012565308809010873
-0.010766982391045527
-0.0042271495963715593
0.0044005231245207842
0.021299514063763802
0.047670649074826113
0.0803644863048356
0.12597695732586214
0.18229993714993803
0.25023229423160664
0.33587149545679884
0.43699578669394756
0.55905440097770509
0.70435214323151774
0.868397283422262
1.0617833023721426
1.26959693782543
1.4887956783101015
1.7223837464376985
1.9721468590740812
2.2457304387193333
2.5330220399753509
2.8272645661993439
3.1305169437028626
3.4420636955708881
3.7675831233094912
4.1050002466411133
4.4414602313263742
4.7779106823981721
5.117343241047041
5.45718400123606
5.8000366740439384
6.1423504519945107
6.4837613235774825
6.8240305845844951
7.16750914627181
7.5143409834765338
7.8614867068328618
8.2012940939044974
8.5389917230771282
8.8758803421476138
9.2197871668040712
9.5585182516963876
9.8957778995087438
10.231887577500629
10.570850272792598
10.915512202339
11.262336050163148
11.600532667849901
11.941328255724663
12.27892304800843
12.626500215522622
12.966486272373972
13.304422577642029
13.646865463215127
13.987037552217526
14.333823850573301
14.680657175662736
15.020161462898111
15.357944605343084
15.698969329391789
16.038468911993547
16.377590096934924
16.715566021970957
17.054881763009391
17.3926355986835
17.738976183235422
18.086560483796049
18.428431051019967
18.766016628458519
19.110414011645116
19.450395633463629
19.795249988869053
20.133540739361276
20.477568624814026
20.819008153012483
21.168601339298242
21.516677599684556
21.857926150645049
22.200698751635237
22.543200468444226
22.890050045008177
23.233627042511621
23.579731878275648
23.927118051705566
24.274019875481713
24.626497434667804
24.981466351879032
25.329114318984104
25.675359652870686
26.025456768533971
26.374112976330494
26.724088055709935
27.069157887162124
27.419957414568991
27.766395654372491
28.124651179706021
28.477043123989869
28.8258016696488
29.172539293388322
29.518821768325651
29.868423528749698
30.212405183165188
30.559289227088797
30.904617255999085
31.2522523205129
31.606928757745898
31.960060401867583
32.310314324394682
32.654387546229373
33.005548616925083
33.357724340779811
33.706723843616757
34.056929599732655
34.405521497011115
34.756118733097658
35.11087113870758
35.468140064625814
35.820674347522775
36.166055465903931
36.519375324713863
36.8711627032789
37.220839695752232
37.568517185962165
37.916637947366162
38.265262803463472
38.622200339002383
38.978993282435617
39.330918104099027
39.678391051702633
40.031188906084154
40.384962720922509
40.73977179488076
41.092322336468619
41.4466327118825
41.802277208965855
42.1650736001902
42.528293987591653
42.887501663636023
43.244815589271859
43.59981005512671
43.95770095946034
44.317953062043614
44.672936138355126
45.033103156944385
45.393371765918587
45.759495057156286
46.128852424692795
46.487426745585928
46.84570296474417
47.206292562992729
47.568190882575365
47.932176640330773
48.291304128382464
48.652740837866993
49.013028893016383
49.38169803810608
49.7527483333144
50.113160931604462
50.469986637003061
50.832921127190595
51.193342980270323
51.556295290106775
51.915597279312152
52.274607308057504
52.633902531916959
53.001717333074396
53.373529180153781
53.733262502562496
54.090754704424292
54.453055173470126
54.816559472748757
55.181560391839277
55.543577724601988
55.906926385359114
56.272008519216641
56.644040177634864
57.0198615268729
57.38679695890815
57.747574654821136
58.115193729139257
58.487702947613066
58.8558136318634
59.220804791534327
59.586198707712391
59.953956807124626
60.326796243748582
60.704067195554792
61.0738775166716
61.44242962954646
61.807866283067156
62.178488248426774
62.553045617404926
62.921642738630915
63.288775199849404
63.658299757833866
64.036098658663064
64.418357156972633
64.795215646891123
65.163954112182523
65.534251381418983
65.909162204397148
66.2854869519895
66.659491130816761
67.031141946665031
67.403926546177587
67.785415867392373
68.167850084166574
68.546221314812087
68.919304860454233
69.295651866523215
69.67424869424957
70.053110148664857
70.429936340263339
70.808181669176122
71.187142408837133
71.568797985850622
71.95626101335175
72.334453300380062
72.71060791302753
73.087984386528248
73.467776871641661
73.8467395730979
74.220161248490868
74.596702890458928
74.972255152682223
75.352979109229167
75.740341506174076
76.11868895368147
76.49042886244689
76.866287217188614
77.2465008109617
77.624339123920777
77.998071284921579
78.371985574870351
78.753651744624662
79.138738046320469
79.525073570187175
79.904581112906527
80.2782882839045
80.6579991988425
81.037636174955438
81.418503618674066
81.793915487558735
82.170779508430257
82.548969334756563
82.930520220936671
83.320089756250511
83.700011873880669
84.07628031218421
84.455680732344234
84.836130893937678
85.217583332996057
85.595787629318053
85.975102761278066
86.357271679374335
86.74477023905996
87.1347027643722
87.519368387915023
87.901134354478017
88.284134954232613
88.667896884443309
89.054433752936262
89.437254309782958
89.819968137753392
90.2035895063594
90.5934793130194
90.989578704942346
91.379792539842583
91.7630178125623
92.147936659066346
92.535025162511531
92.926449085556783
93.312114551597432
93.695947047096382
94.082666554479786
94.4721071377639
94.86401579338154
95.25122739195244
95.6349341186814
96.018730336277571
96.404805880141424
96.79028834066537
97.172105512514946
97.5536314360771
97.934157888110775
98.320303664085344
98.710168798088617
99.093110847714158
99.468990604687249
99.8476650674905
100.22682463446593
100.60553004061254
100.98183988144443
101.35689298496625
101.73319441823915
102.11257969514193
102.50063736691614
102.88030070906213
103.25500217087297
103.63185027486226
104.01115198804111
104.39337475593237
104.76972343840372
105.14216293217335
105.51722170779922
105.89741523855606
106.28342066764812
106.66431180094088
107.0398629220184
107.41561991254071
107.79075150275205
108.16935927678068
108.54331433707714
108.91449652805571
109.28725964294767
109.66479981640403
110.04925783624924
110.42946778818754
110.80092816704938
111.17194313892573
111.5480316161328
111.92689297306893
112.30097220885267
112.67666187112891
113.05106289456367
113.42809361027844
113.80926229972015
114.18841042178093
114.56262258025899
114.93505467839253
115.30932664403429
115.68044232037337
116.05412400183772
116.42579553217583
116.79902928494163
117.17386589183786
117.55218816151174
117.93076209283147
118.30171813426145
118.6725351228941
119.0452653753291
119.41428899812183
119.7822576569135
120.15104427715951
120.52108634796302
120.88850070274995
121.26567576039557
121.63981133812047
122.00537452383148
122.37025628849641
122.73454547139593
123.10203232269244
123.46764671400996
123.83039908639431
124.1934502565847
124.55979024783753
124.9311853464809
125.29834589413063
125.65685979242444
126.01522070686772
126.37556117547756
126.73897076465084
127.09872085238686
127.45303137185452
127.81462543252508
128.17209293865463
128.54057010550054
128.90572824826037
129.26422658108066
129.62038390178387
129.97849113388537
130.34033609916273
130.69624088940881
131.05169792214784
131.40950907651308
131.76790540268158
132.13333611917466
132.49764757060331
132.85645376120857
133.20902312446083
133.56907978864069
133.92804627751696
134.28489492361859
134.642414773228
135.00246367965502
135.36075869038962
135.72939954746241
136.09493651372469
136.45000212950896
136.8078400385904
137.16635926030602
137.52239571150926
137.87902691664294
138.23678569617547
138.59302060489594
138.95124966385791
139.31581323138641
139.67599881606756
140.03332188498558
140.38472736625971
140.74235915033034
141.10272511920709
141.45840600035663
141.811043197213
142.16815268416292
142.52376546028182
142.88774068230353
143.24338205677606
143.59156827336696
143.94646130803872
144.29342014489828
144.6454585199985
144.99449993135025
145.33955590667793
145.68718681251227
146.03379708768472
146.38765286970846
146.73816726623133
147.07843643209063
147.42232093580884
147.76638960067913
148.11082194443407
148.457161373273
148.79545762396572
149.14165458417205
149.48797577565182
149.83866890272603
150.18738231432312
150.53098332925927
150.87452824935292
151.21738995996634
151.56431277902624
151.90921348314777
152.24861526835659
152.59555216473359
152.93816018621936
153.28674999085621
153.63179718782016
153.97182718070982
154.31251863569563
154.65636875101595
155.0014681668215
155.34296531359854
155.68389386782317
156.0256126134455
156.3683068833048
156.71862444258744
157.06756592039773
157.41303782881681
157.75295714704612
158.10023895387613
158.44328269428289
158.78832885627469
159.12722811684384
159.47265803922315
159.81673496569633
160.17078151620598
160.51961125334719
160.86252637002494
161.20580431846946
161.55051228252972
161.89782099440845
162.2395546138132
162.58437270063843
162.92589408649516
163.27653022772378
163.62805277743695
163.97884675174493
164.32263440513773
164.66451057054087
165.00849662356237
165.35314775843972
165.69442170744858
166.03172034169191
166.37415187503561
166.71240465853543
167.05902421231249
167.40223845408741
167.74030325134805
168.07304588519375
168.41170111010547
168.74817668481393
169.09083194634093
169.42285965875985
169.76406106720515
170.1009531221244
170.44547016056802
170.78446198313463
171.1242272469369
171.45736418629133
171.79552276131255
172.13352607781374
172.4736140683867
172.80974989718365
173.14875230745767
173.48351034106236
173.82856260212054
174.17171795330052
174.50710962797453
174.84142389477796
175.17691435046558
175.51457025265003
175.85110562382403
176.18611083849621
176.523604823286
176.86108419180621
177.2036724157858
177.54869760712202
177.88716542070233
178.22455816558164
178.56366093110825
178.90770841635739
179.25230170724959
179.59345550335675
179.93480007900124
180.27868647588895
180.62862903034286
180.97781474463878
181.31996391728407
181.66406624436146
182.00901903680969
182.35815330788893
182.70351688123822
183.04619150176009
183.39187418597243
183.73890049422838
184.09175012006293
184.44287251050116
184.78704182316548
185.13172945688569
185.478090179714
185.82437397915163
186.17194151835625
186.51621850071177
186.85956263322066
187.20070570937307
187.54812332383824
187.89566062334649
188.23527953855188
188.57372173118583
188.91240841776073
189.25287115632054
189.59357784617319
189.93104435526658
190.27013038168559
190.60996440651252
190.95441326089676
191.30260418968422
191.64131013468762
191.98090053681855
192.32454956340283
192.6685386871294
193.00957515749096
193.3502306534258
193.68893416311997
194.03103757861243
194.3746602634603
194.72404381048571
195.05954042130514
195.39821218727039
195.73444671790105
196.07565227896771
196.41447544368546
196.752295233878
197.08977577872571
197.42791541298905
197.77161905056
198.11864323342738
198.45814828828372
198.7955036375794
199.13979512044912
199.48210535200485
199.82790341573886
200.16742712108174
200.51145004328274
200.85154745203741
201.20242240520787
201.55024011688818
201.89363173694483
202.23486763024209
202.57972777249992
202.92478266557455
203.26654706203777
203.61161277797748
203.95829010640742
204.3075287954816
204.65712956528188
205.01444936210515
205.35996547215714
205.70652436181288
206.05541980266395
206.40851872562382
206.76064655571761
207.10619778900954
207.45717644467896
207.80555841683562
208.16374861364128
208.5207931000798
208.87262548705783
209.21974409704677
209.56616354676078
209.91867099262416
210.26846579192062
210.61629270724515
210.964007282259
211.31367451497388
211.66710761244985
212.02371250741373
212.37604879751171
212.72133383660724
213.07193085357625
213.4220464767383
213.77306104118949
214.12014239330409
214.46920340940122
214.82182461437196
215.17533182554575
215.53272410234371
215.88315287507137
216.23108830977412
216.58172581446132
216.92896902125668
217.2796331932187
217.6269180691429
217.97450565941932
218.32457067483222
218.67729979682045
219.03351774915288
219.38808852174864
219.73265692120904
220.08503806932282
220.4369236351387
220.79095773241127
221.14389478789067
221.49670700049856
221.85099759456179
222.21637709763033
222.57712481392116
222.93654602908845
223.29072408004254
223.64313602457347
224.00083213050277
224.36161842292842
224.71645944036146
225.07338408844237
225.43017530966534
225.79440402377455
226.16327094032056
226.52220159980385
226.88176952556069
227.24130629015176
227.6019288123349
227.965093725264
228.32625642264816
228.68428109285912
229.04778783864879
229.41624284585333
229.7856884502682
230.14973756497903
230.5088761987837
230.87365190596864
231.23153770656683
231.59788561703061
231.95750303822274
232.31761997017964
232.67809534927525
233.04576421778006
233.41448671394488
233.77570424644051
234.13879481782712
234.49996735497234
234.8606443467157
235.22607027390731
235.5893463542912
235.95046771948543
236.31478613985536
236.68912246681737
237.066243345012
237.43492572462134
237.79953942275316
238.16913271187309
238.53784917811524
238.90703917385926
239.2719463065267
239.63689995918514
240.00187300505596
240.37332538142695
240.75003072860466
241.12105921587275
241.48693447703059
241.85358191167998
242.22177504886588
242.59206161369244
242.96011669982406
243.32589409847
243.69549233615581
244.07208156727808
244.452887170549
244.8253690192617
245.19294821226316
245.56213992562914
245.93697461519594
246.31185524699254
246.67980835027885
247.04998857547673
247.42132298284679
247.79883931158977
248.18238856932803
248.55615143335254
248.92702415664135
249.30149791045321
249.67871348391586
250.05859712761708
250.43371013973578
250.8085117122219
251.18662810793592
251.5684825945965
251.95500612670978
252.33427277289704
252.70960140199267
253.08423585711253
253.4593926682534
253.83779771351752
254.2114345764403
254.58507733146286
254.96245080912755
255.34285988389863
255.72671361006658
256.10387465928557
256.47897639818007
256.85591835109415
257.23590241130358
257.61602044692791
257.99113369378472
258.36617321406152
258.74378771368436
259.1270711918479
259.51395276926416
259.89344972357685
260.26807506325559
260.64500671727723
261.02669569047481
261.40911347078628
261.78643447226017
262.1609560275283
262.53968813005173
262.92150600958314
263.30719205615583
263.68703583351646
264.06353006741779
264.44082070430625
264.82169086134087
265.20519713149628
265.5795024637863
265.95774155304218
266.33686003761613
266.72091945643967
267.11071741407432
267.49425322445745
267.87181142133818
268.25094477772927
268.63433270169287
269.0184778562745
269.40054878493351
269.78162736685476
270.16294676268319
270.55222258138053
270.9449223923142
271.3306075156321
271.71233051417227
272.09620091555473
272.482723050759
272.86856693492081
273.25118109506269
273.63289275978008
274.015516499353
274.40329714223185
274.79784148946032
275.1853769204094
275.56519823635483
275.94865110834604
276.33237440543428
276.71657252681365
277.09995466631176
277.47850566256125
277.85836560271531
278.24148905920924
278.63052838448874
279.01338904312917
279.39046193579952
279.76731205590983
280.14506417679507
280.52298012818864
280.89780055384995
281.2723467220336
281.64877227838315
282.03065943630168
282.41625335275688
282.79909967577981
283.174060966591
283.5517999379561
283.93164780835218
284.31200839756423
284.68958966320065
285.0636482397212
285.43788885227571
285.81637602201613
286.20189308627334
286.58194106549183
286.95683584784905
287.33311642759884
287.7114458889767
288.08722732860048
288.45901896506535
288.82943718223106
289.20330894853709
289.57936071957408
289.96093015934338
290.3426947872274
290.71410321139064
291.08612066921603
291.46025974091862
291.83437727469897
292.20617751801433
292.57849335598
292.95130865984675
293.32656011924348
293.707968367458
294.08404343177614
294.45578518448349
294.82746189198434
295.2021478220064
295.57566371888788
295.94591114397991
296.31508051786278
296.68557288163134
297.06175965396255
297.44244745254872
297.81787293388277
298.18715228007591
298.55519099714121
298.92870956199459
299.29815514993015
299.66733539351316
300.03326460457578
300.40164211331057
300.77094875086
301.143354540904
301.514080455788
301.87935481771359
302.24325774397386
302.60814507515721
302.97604092051188
303.34132470520615
303.70609895589854
304.07069819175638
304.43521010367118
304.80750452763783
305.17388245323838
305.53133100731537
305.89008789414345
306.25339411857442
306.618630279455
306.97921041296013
307.33602283392565
307.69939277323436
308.06252679466246
308.42947340692933
308.79420044389622
309.15501449278338
309.51203351243936
309.87020638518425
310.23166742044617
310.59153634096856
310.94620415998014
311.30385021825555
311.66381725440306
312.025043654628
312.38765604223244
312.74749587383519
313.10461415178742
313.46189040470449
313.82370370133827
314.18170550172454
314.53457273984111
314.89318521150318
315.25306950762513
315.61979765599688
315.98489281251443
316.3433920760682
316.69602102557974
317.05379381743052
317.41251743965972
317.76942345776519
318.12447748321125
318.48077640073251
318.83977773071092
319.20416059644623
319.56536232412503
319.92197973650428
320.27539909705217
320.62991078229851
320.98835722711738
321.344418960359
321.69542710530612
322.05065236064871
322.40530680606037
322.76563833462706
323.12649388018622
323.47674965421947
323.82540447755827
324.17890370686644
324.52981544107575
324.88213269910318
325.22593573973643
325.57228968156346
325.92144376744346
326.27182516376797
326.62442490155655
326.9684737314011
327.31139785473363
327.65767573019878
328.00626823868441
328.351405531199
328.69562467355036
329.0390718437431
329.38496696802849
329.734272716398
330.08531216734821
330.42727349611607
330.76987329024365
331.11529136509841
331.46131605166579
331.80626380598284
332.14850142597561
332.49192817467838
332.83881540586253
333.18898313774076
333.53951771631625
333.88289827327912
334.22332106233335
334.56683380687929
334.91013794845691
335.25281753027588
335.59537229268989
335.94226422419047
336.283186959294
336.63627678635351
336.98324194765263
337.32826082695408
337.67065787218581
338.01293901034012
338.35444491120643
338.6992549142376
339.04191389142682
339.38367614312335
339.72880524272284
340.07867151947517
340.43036760244269
340.77128938189276
341.11434762904855
341.45980836677649
341.80690680051089
342.15181668845355
342.49604064187497
342.84006525970881
343.18577319351363
343.53552497219141
343.88582421222412
344.22981756851658
344.57048429534154
344.91609273043662
345.25716004041692
345.60092772039997
345.94108001711464
346.28305152621823
346.618455879266
346.9665805651685
347.30945546732084
347.6488566368015
347.98264650358715
348.32143491428326
348.66117998976705
349.00102255061876
349.3339844614394
349.6740081797447
350.01118180641305
350.35570691541369
350.6988217983681
351.03587322760819
351.37106418208708
351.708723954318
352.04788681494358
352.38711593355026
352.72402698057164
353.06044624463635
353.39768124507788
353.74083553436367
354.08454385532332
354.4131108664443
354.74073496926326
355.06213935632786
355.38672846364483
355.70319584575435
356.0055764810408
356.30326605389109
356.59232744793962
356.86812992700897
357.13298567706823
357.38293768807216
357.62110208586267
357.84170310212528
358.03369803245727
358.20481583452033
358.35949985156242
358.49524114181622
358.61541059547818
358.71907909461061
358.81034210215097
358.886881360276
358.94741942921871
358.99707636022913
359.03967836850518
359.07355466927794
359.0973453796235
359.11561701039403
359.12992553561594
359.13634964719949
359.13907986172029
359.14053204876046
359.13917764236083
359.138094064445
359.1382826473972
359.13896428206726
359.14035811184
359.14216268280006
359.14034992701181
359.13930254665934
359.13956572604809
359.1375657591995
359.13712033283133
359.13854427189921
359.13935341981937
359.14028129608516
359.14093393489679
359.13826293257563
359.13772381193269
359.13872895419615
359.13694543075468
359.13684377528739
359.13519216146631
359.13624051360671
359.134561338163
359.13595292732572
359.13527741719946
359.13719587364585
359.13636633936056
359.13703147303261
359.13729281049888
359.13604153133309
359.13547357150327
359.13682266169144
359.13643812311449
359.13723382940265
359.136020983987
359.13749189105243
359.13821069886393
359.1370410507522
359.13468838874667
359.13575527409893
359.13536048033592
359.13437248685051
359.13501288469632
359.13448278553062
359.13560039766816
359.13478295894339
359.13382322162016
359.13445697910976
359.13602148307262
359.13815082285032
359.13663646996758
359.13594049857323
359.13713060295288
359.1372693363391
359.13608515720438
359.13434979045422
359.13691391565482
359.13825198603524
359.13749034592058
359.13689531323996
359.13553222169105
359.13613714044266
359.1370761178905
359.13798620317942
359.13588013540846
359.1356679343956
359.13540343066808
359.13583153043982
359.13566321914118
359.13651138201192
359.13619167325453
359.13834987984671
359.13824510665012
359.13905226592573
359.14049999828876
359.14053579078347
359.14064325578909
359.14052013768463
359.14066288710347
359.13881390972017
359.13936123600035
359.13789008977517
359.13792572469657
359.13765692848438
359.13762838164405
359.13773628336719
359.13742313356812
359.1353608502435
359.13724113510443
359.13752999288738
359.13671425697282
359.13521116760853
359.1379397498099
359.13766155859872
359.13654712167255
359.13689890104797
359.14025132138147
359.14027891827351
359.13990128333182
359.13881669733445
359.1371624743191
359.13847990345096
359.13750470694231
359.13700640245827
359.1380962386059
359.13812887989167
359.13842930698161
359.13826126669539
359.13763556885584
359.13743248359913
359.13774124384821
359.13623773677079
359.13638434297081
359.13593654891048
359.13704868679247
359.13491622339484
359.13634572450752
359.13633021264337
359.13616823524563
359.13597966197278
359.1351917549531
359.13677519469144
359.13665378009239
359.13898516729381
359.13822027387852
359.13760282915479
359.13815657041278
359.1369905839988
359.13880099072225
359.13978202210853
359.138928799014
359.1388667937706
359.13717533341361
359.13721172036787
359.13760700902088
359.13584599450661
359.135906747768
359.13846270397681
359.14023199569715
359.13687147320485
359.13753130085962
359.13798057352716
359.13660305334929
359.1351418828001
359.13404624868667
359.13666216554793
359.137074344403
359.13484527623848
359.13511696330715
359.13669910363762
359.13766576520078
359.13745223295996
359.1377007249643
359.13677877499117
359.13761926069384
359.13613315737985
359.13649402235433
359.13598796637461
359.13815000479457
359.13700391448452
359.13776794435853
359.13790577644846
359.13840593859015
359.1381797921963
359.1370668007238
359.13601847977287
359.13652824076132
359.13557075333114
359.13657263433964
359.13674742415907
359.13533288259754
359.13541327572614
359.13614451875344
359.1369677167379
359.13797443321579
359.13707631393942
359.13661348829856
359.13423863083608
359.13434761836459
359.13540219400056
359.137135178805
359.13697192322581
359.13548095447453
359.13660621420314
359.13540406122036
359.13720693811035
359.13678497745042
359.13541893267029
359.1357518197467
359.13592095173431
359.13520230354567
359.13501399562978
359.13499229185493
359.13381121173808
359.1344478274666
359.133783725957
359.13469541697782
359.13566601404909
359.13708264228882
359.13797275673136
359.13694871796821
359.13711874708656
359.13712357547547
359.13735987157463
359.13595191207918
359.13753356098289
359.13827320111585
359.13699311435641
359.13596072372309
359.13623483752087
359.13577083432955
359.134929177869
359.1332903188819
359.13441014142609
359.142617245193
359.14942373558222
359.15432481661429
359.16037411384633
359.16326606566457
359.16020549023739
359.15402627895969
359.14004577414192
359.12135157138317
359.09268627306307
359.05149991017942
358.99565637426207
358.92586132084506
358.83603994168823
358.7340197120219
358.617229948576
358.47803379495548
358.31813464137178
358.141471005458
357.94021305898843
357.71673435006738
357.4762858004932
357.22429145983722
356.96006009361406
356.68040907979935
356.39467619747347
356.09474025893883
355.792318127392
355.4789146081668
355.15912880895087
354.83012654745795
354.49267447788753
354.15794648993483
353.82477099692886
353.4882522624697
353.15062021862582
352.81036997387497
352.47419223030363
352.14190871068212
351.80703903228908
351.4675449533288
351.12411640972164
350.78083835711323
350.44073269472614
350.10768637578627
349.76533887801418
349.42690794061423
349.08769213271938
348.75716960097208
348.42036960435718
348.08290076867127
347.73676036078189
347.39488584899141
347.05417639948462
346.71524148141248
346.37231509359776
346.03034360616704
345.68942718160554
345.34947425806945
345.0090169265319
344.665244782013
344.31480760761491
343.96381154714692
343.6207225333099
343.27329360401654
342.92768583435225
342.57930969946847
342.23753105425476
341.89691171596621
341.55466265452668
341.20760105415371
340.85696817486723
340.50883350749905
340.16601594633357
339.82282770004753
339.47653261673162
339.13005170910941
338.7862606568911
338.44752860705256
338.10418746022043
337.76154599428327
337.40771993387665
337.06053615078423
336.71790158077619
336.3718605954806
336.0306546215391
335.68346698945709
335.34216221707436
335.00357622300288
334.66139821521546
334.31802165894686
333.967429705055
333.61801315414266
333.27334936126977
332.93125953325682
332.58449424212887
332.23666121879995
331.893510912039
331.55112574212433
331.20975916159097
330.86566357078249
330.51160331110577
330.16111657409715
329.81362109065617
329.47088841966297
329.1253257482976
328.776158782756
328.4327651416063
328.09282846342188
327.75351654233862
327.40971291203584
327.05566598100881
326.7083286521077
326.36044239977235
326.01355056963382
325.66605043856327
325.31449751853154
324.96724721679396
324.62136534363754
324.27007110417435
323.92185820754571
323.56032388051324
323.20279200101908
322.84948810358475
322.49498864371247
322.13962749609829
321.78283672690083
321.42672206355093
321.07835767494282
320.7243620808199
320.36913441263823
320.00884207577883
319.64496173805327
319.28936125017719
318.9344941312749
318.57367988802361
318.21385511204016
317.85825645643979
317.50529564073332
317.15060475083345
316.79278631493219
316.42860223929745
316.06213227335365
315.70256440368411
315.3452018688871
314.98383289358873
314.62288327941513
314.26615200211347
313.91140063776533
313.55941342389855
313.20352483204977
312.83763252527609
312.47538130312472
312.11622854445289
311.75845884726533
311.40121764358889
311.040062837505
310.67847811923781
310.32220790032159
309.96925522941382
309.6096362983003
309.24040153788212
308.87106903665079
308.5096571337516
308.15162980352773
307.78601149141923
307.42441999632769
307.06570730511874
306.70874100491216
306.35149403470473
305.99303201003522
305.62857682049395
305.26081819529367
304.89343628456157
304.53072442777756
304.16738535299794
303.79900177509563
303.43425078091104
303.07321840436248
302.71417797243089
302.35005869809737
301.976826797207
301.60071453613415
301.23335433411137
300.86939411612605
300.49986114079911
300.13037180286636
299.76121316467385
299.39752893838033
299.03241726301115
298.66267022052568
298.28550247084621
297.90533157199536
297.53351906907767
297.16562547922746
296.79224426897281
296.41824831372247
296.04643806319069
295.67582961517923
295.30770895747946
294.93673851215209
294.55639126201118
294.1750683386889
293.79983961160139
293.42551516966682
293.05397525662846
292.67901860763158
292.30443377823127
291.93726095653352
291.56639267445246
291.19331742131203
290.81355325336216
290.43341531169136
290.05928183561531
289.68522139594938
289.31207332524951
288.93600940808994
288.55994386049144
288.190104988719
287.81596879704756
287.441956399662
287.0596454351035
286.67496369598291
286.29849734171489
285.92342549664949
285.5418543508319
285.16433337111943
284.78508301220114
284.41190877977277
284.0349989688151
283.6593147205914
283.27679396006044
282.8934728085531
282.51417967806884
282.13880769583886
281.76299447385458
281.3827160582245
281.00515804670721
280.63308558870557
280.25793863459455
279.88332934505462
279.49841886869496
279.11152164583308
278.730407586363
278.352476639813
277.96931036817125
277.58473902713229
277.20317307805504
276.82429504575634
276.44187090684477
276.06345973953518
275.67434568715026
275.28412283765817
274.89727028573878
274.51217079903876
274.12872880910328
273.74265306163824
273.35493004575466
272.97475829930329
272.59193396965031
272.20981859742147
271.82018163728367
271.428315689872
271.04127505368223
270.65936231823
270.27302424477944
269.88854867839689
269.50312924913027
269.12479442836013
268.74353376480485
268.363576210479
267.97967972707966
267.58959772407275
267.20972405406553
266.8299429002962
266.44822632064853
266.06504896500132
265.68696188156434
265.31018527652304
264.93399514292656
264.55926586766657
264.17380530744435
263.78852121601994
263.406243582666
263.02884525817649
262.64832705251126
262.26317264204738
261.88377292324407
261.51045046200358
261.13317791038224
260.75743564540352
260.37577673502778
259.98889428294234
259.60975175066238
259.23115342244381
258.8524208779437
258.47022339554445
258.08649015517415
257.71176084082833
257.33618248299842
256.96498375313575
256.58350545563417
256.19805846260965
255.82080990721926
255.44527512328031
255.06694635519014
254.68782844620347
254.3100091562952
253.93843070310808
253.56694846349856
253.19116092294118
252.80924570870459
252.4235153370185
252.04387371990808
251.6664472441831
251.28734868478657
250.90491716252734
250.52464311160827
250.152484123516
249.78135960845361
249.4086463105254
249.02656428326753
248.64191223942339
248.26950061344434
247.89900700743812
247.52273612995325
247.14686528606731
246.7718769439673
246.40601855076446
246.03682018399346
245.66697277372396
245.28929403383941
244.91060210569762
244.53746996924105
244.1688449599213
243.7981054165939
243.42334979138281
243.05355185541404
242.68958434702927
242.3244944256457
241.95681051570955
241.58669323704436
241.21142051292421
240.83994965652994
240.47065962742244
240.10126069909285
239.72972755399667
239.357321250968
238.99585217679339
238.63608961264856
238.26909675546759
237.89671753774837
237.51973978081108
237.14967689258131
236.7814113266322
236.4141421045552
236.04819767763138
235.6802209581584
235.31657012022816
234.95856394636186
234.59780046648237
234.22841166476488
233.85943852409798
233.49599032078496
233.13349716512624
232.76947515561426
232.4088491936831
232.04359585451886
231.68410778726062
231.32680115686341
230.96966645835795
230.60514105600339
230.23417825818746
229.86661739155744
229.50518956844235
229.14254885921773
228.77893175378216
228.41361160537068
228.05899309806074
227.69693479077625
227.33675815461487
226.97311899891389
226.60535474819784
226.23831787532674
225.88078722614631
225.51958700171645
225.16075137971833
224.80318350680813
224.44682824546698
224.09622784953331
223.74227695498806
223.38089458702549
223.01684764634217
222.65736566214835
222.30165607649457
221.94501026673441
221.58518037193758
221.23163093875286
220.8811415023074
220.53154432120039
220.18359285244378
219.82797721588082
219.46945209426878
219.11807240482449
218.76582585341711
218.419151720272
218.06753049175998
217.71492144749269
217.37057630188861
217.02354023282302
216.67719188140725
216.32245197764956
215.96763421987498
215.61343507154871
215.26010843558598
214.9123082237987
214.55889896095187
214.20742946760007
213.85872404358787
213.51277241898828
213.16473855932418
212.81179165244544
212.45469815289007
212.09938579347954
211.75205733386952
211.40005025485954
211.04886689616467
210.69887424322042
210.35043976008998
210.01075172956698
209.66314782747182
209.31383642180055
208.95549175086825
208.60326694955032
208.25242199072619
207.90224752714042
207.55329820978247
207.19962238079933
206.85179973516941
206.50233824769987
206.15714961969798
205.80265586162847
205.4460717065611
205.09201855034866
204.74502295848114
204.39750221016058
204.04741317977681
203.69972692128141
203.35595514263491
203.01803169708163
202.67589259737827
202.33470567276987
201.98089283863467
201.63562666209748
201.28905016237889
200.94756270320198
200.60206346217296
200.25683728314652
199.91495539856138
199.57610427395397
199.23760610106851
198.89347999477354
198.54463484454377
198.20142137038104
197.863400169483
197.52350924733744
197.18460394780661
196.84090302045789
196.50655438850342
196.1697635715837
195.83665026801333
195.49402577815266
195.15119602667454
194.80590038718813
194.46889639369533
194.1278786911931
193.78436760105763
193.4378292467643
193.09939933639276
192.75960623406468
192.42143231999168
192.07866048102451
191.73240040642574
191.38776781780746
191.048608257399
190.70750399248388
190.36634604499204
190.02533205448111
189.68915776981967
189.35485544022518
189.01553176177634
188.6761287299874
188.32929300745826
187.98307906884813
187.64234364142055
187.29987270838379
186.95394248462651
186.60633396870961
186.26416965562692
185.924612686989
185.58220413429723
185.23696504633148
184.88524382597402
184.53377437889915
184.1886349415384
183.84298239151593
183.4950160424105
183.14446650763358
182.800235102314
182.45729447927
182.11429238772462
181.76843182402882
181.418369527115
181.06970571058275
180.72579645356259
180.38351819559924
180.03919976491022
179.69283056333794
179.35140527367955
179.01384081727915
178.675326754285
178.33261764859512
177.98645953858349
177.64035664950507
177.29899424319095
176.96069795680947
176.61993919270194
176.28194897007404
175.94581714548193
175.61403248327218
175.28223404901732
174.94609334193524
174.60159304328647
174.26223510496698
173.92451635068679
173.58780399262813
173.24798352443554
172.90870938765343
172.56953878466845
172.2374045606847
171.90020138564412
171.56605609877568
171.21979186229521
170.87865907212006
170.53773886763372
170.20268110641194
169.86386569386218
169.52570292553634
169.18901001479011
168.85689387234822
168.52224191317706
168.18399426029998
167.83904757100726
167.49686274221006
167.1577097488061
166.81664538511126
166.47606940452656
166.13267842071949
165.79296076993188
165.45545472803886
165.1159735779529
164.77086312220385
164.41926322038864
164.06484831568952
163.72030610463298
163.37389681889658
163.02910196864244
162.68192926958565
162.33982113470555
161.99957889967135
161.656452521358
161.31285622219986
160.96090156546242
160.61347391051692
160.26434133820041
159.92249817748999
159.57561502362242
159.23100254689723
158.88641212007966
158.54468146312254
158.20120900682727
157.85745036727508
157.50705180460815
157.15195951885153
156.80832063222559
156.46432732243636
156.12144694625027
155.77796520451503
155.43467611671613
155.0969238091308
154.75801331337749
154.41927865032002
154.06797562920346
153.72328051506779
153.37795801849504
153.03535721516175
152.69270111290248
152.34471916745051
152.00129955165372
151.66280865206832
151.32284536477337
150.97801381471271
150.62511926292697
150.2758753413161
149.92842891274418
149.58399506622362
149.23669757024592
148.88626074555219
148.5435013408358
148.20437115186539
147.86612409477425
147.52293025850358
147.17149188940456
146.82339485947355
146.47624530361645
146.12906508209761
145.78388187629784
145.433271000933
145.08946107463274
144.74779756222503
144.40147347755055
144.05239291877135
143.69277028466138
143.3301222191445
142.9775045035606
142.62353661140315
142.26589472926332
141.90855295678614
141.55368181153503
141.20313857375328
140.85093244230546
140.49230449645009
140.13071018423352
139.76875700883463
139.40956484997443
139.05648541199759
138.70066936537168
138.34113494130585
137.98329465500865
137.62696295232172
137.26853252823594
136.91601587693168
136.55075728319696
136.18234465746829
135.82224066945784
135.46473991633667
135.09915808099203
134.73796728338905
134.37872738499235
134.02515380417415
133.6733679808624
133.31731610128566
132.95360817131711
132.58869704473489
132.23263393205485
131.87502601363482
131.51727821392944
131.15680123555271
130.79731685986141
130.44185680841625
130.08634718446641
129.72951145103519
129.36490637281202
128.9959371984522
128.63404915556936
128.27552922813476
127.91535326764158
127.55310952480677
127.19660770238602
126.84280494675497
126.48507752695832
126.1257179447784
125.7583685321564
125.39222116001392
125.02770608638524
124.66401761611061
124.29936826960876
123.93315915439382
123.56870502981019
123.20521233819443
122.84124941706251
122.48123403182169
122.10960687611093
121.73637000942652
121.36373459898161
120.99706143699137
120.62840217429076
120.25510661890999
119.88276428366545
119.51503274162788
119.14666862923616
118.78066003685581
118.40241087578441
118.0231731211254
117.6493094721092
117.27657111840115
116.90407035055469
116.53056919650649
116.15759891731553
115.78670816085771
115.41435155455064
115.0450577522018
114.66732604976289
114.28623713385193
113.9086196283712
113.53134998501358
113.15404223166581
112.7799077624546
112.40524784206701
112.03181036814756
111.66078717945693
111.28887862047414
110.90734861576675
110.52448605278698
110.14862518837153
109.77554612579029
109.40247934784976
109.02922032574548
108.65312812568716
108.27898927686962
107.90533204555872
107.5308110965611
107.14949032163757
106.76690454094324
106.38818018862428
106.01128282432285
105.63139057281792
105.24907855589161
104.87046927250339
104.49851067688529
104.12180421389455
103.74759851703414
103.3653500903396
102.97786522259419
102.60070142387026
102.22642046841496
101.85150801714471
101.47287737779065
101.09645101039362
100.72228482476466
100.34823304229388
99.971150178452376
99.585142462653323
99.197258737381418
98.814266912270426
98.433826252178662
98.051637878629066
97.666945798141711
97.28295932531195
96.903652382056379
96.5217595602133
96.137919860980332
95.74917496610253
95.35611527762336
94.970906689598678
94.586174304948884
94.200130706067327
93.810467227149445
93.422110977075548
93.03880874777154
92.656289915340878
92.272290749286213
91.879815066155274
91.484127545120515
91.09567508131191
90.710200139756239
90.322025027904758
89.933747653799657
89.546561457344751
89.164752711380629
88.7840901890693
88.402642437502308
88.014498329688578
87.620824470614366
87.234719626506
86.850224657471273
86.469738429353356
86.087222656688127
85.704591183680066
85.328401997039379
84.950844126189409
84.571878001409644
84.186627798245127
83.79907090436528
83.418422866271172
83.0415584127296
82.660669072078718
82.280606608662339
81.899632000592092
81.524978455595615
81.152044971694721
80.77541375310642
80.3926741088096
80.004486135347392
79.621817902208662
79.24404734935392
78.864911318285309
78.48443879657205
78.1036732734821
77.72929108175417
77.354790443201367
76.979628032732165
76.5973765818669
76.2126045550393
75.833810384007961
75.455889406088119
75.07977376695905
74.699729916592872
74.320233097102957
73.946744680249608
73.573175130298736
73.198032873756162
72.815668627976777
72.429617837115487
72.049511847303378
71.670415566481481
71.289233414849122
70.909360799289985
70.528621022144691
70.154739766450064
69.778947195214542
69.404314844149482
69.020571998676232
68.635879857321612
68.257140774016491
67.884294462833637
67.507572333552531
67.128589675410026
66.753191950395689
66.383044499315389
66.012897766860675
65.643468072030629
65.264964707555976
64.883113158438164
64.506864342099675
64.131928132935826
63.757397252789083
63.387816209461668
63.015081444433875
62.645852536482586
62.278473814446755
61.913836818929553
61.543153662957067
61.16469304497069
60.789000603511653
60.422743054321458
60.051557456138013
59.679677107698517
59.30756574922281
58.944752590257821
58.584509335730978
58.218471107771073
57.846625232396065
57.471583174314034
57.101692227262575
56.731728291956564
56.367241384490569
56.00071319735995
55.631963774071252
55.269779863719954
54.910033399477648
54.548944468259357
54.184249254689824
53.8131198012727
53.448806849856133
53.0864998758881
52.727928241999479
52.364500826419381
52.000496588034494
51.64361148348533
51.288622898958174
50.927962242680387
50.565007045680929
50.196408767553457
49.829652180739494
49.466910232938858
49.10752158613851
48.742005082954378
48.377517520940749
48.020097708898362
47.661023611170336
47.301970406088849
46.937003861608929
46.568315335323291
46.204333735627451
45.843502538005239
45.482402292388571
45.12141242162852
44.759017389367685
44.401399921249862
44.048397490330139
43.693182181867321
43.330778704729767
42.964348915716918
42.602856891199657
42.246943025814574
41.892429569130762
41.53533125678139
41.179861643181283
40.825261532574324
40.474970754255622
40.125697842957962
39.770034843789581
39.412420751314521
39.0559988288353
38.704501988933018
38.355654325808139
38.003423212425218
37.652805292312209
37.305099488790262
36.9580389722059
36.611684384141256
36.258117092580413
35.900290309598724
35.544705700452937
35.193683088573991
34.843872571251865
34.492367222215655
34.14306154565601
33.794346661206347
33.447457190147624
33.098535890616333
32.74596626530564
32.38945841534067
32.035658839940723
31.69039942203089
31.340025919498228
30.988360827926833
30.637946246590637
30.29260178212003
29.951465453069936
29.604311897781869
29.257011278591627
28.899942293196283
28.549824505801091
28.201103745658724
27.855308007242545
27.50520709329556
27.154009436275654
26.807199741875365
26.460130922323497
26.115621116022528
25.762340216752662
25.409148328542681
25.05386101788546
24.705838205594294
24.358925586520336
24.009816715647506
23.662555914104644
23.318191673428878
22.977779659089457
22.634487934383262
22.290357452616774
21.937167402255554
21.592785800480996
21.248412292601266
20.908030766627849
20.562573931509174
20.218772374191129
19.875225655182533
19.537099484082358
19.197827190831848
18.856065631579213
18.508033246377988
18.163606188198688
17.823645303662804
17.480426207232327
17.138692190800509
16.796928027717087
16.458341301617175
16.1221835644838
15.788045318478178
15.444120790425854
15.100570117077291
14.753670563427002
14.414835342657559
14.072241448321963
13.731965741576243
13.386476401005758
13.046982443782891
12.708830150940939
12.373717247500357
12.030060529287578
11.684611273808677
11.338881678485638
11.002332569032143
10.661313049277235
10.323475905813485
9.9829207988031836
9.64634873414837
9.3102722090636156
8.9754005899941731
8.6349352196006883
8.2904397048044469
7.9430266958660161
7.6031220493608238
7.262595761533186
6.9183331572962272
6.5703041824646435
6.2265213439590168
5.886343448627386
5.5463891725048287
5.20190284299782
4.8575425792689071
4.5169005267701827
4.1841801427111287
3.85672098063365
3.52959299609428
3.214017762724493
2.9069520363817616
2.6159572407244993
2.339042784599072
2.0728477986444096
1.8270809453968773
1.5912827796287004
1.3716888096038185
1.1679238513017922
0.98815033317589751
0.82747104784117531
0.68672408888980441
0.56021435865257341
0.45272746254676483
0.36072258871236312
0.281944632134731
0.22097969011629368
0.17215377614349231
0.12782252654291648
0.09604688938321608
0.0702391963300659
0.04754449757655365
0.033477292371290469
0.022144634321909645
0.013999984783787082
0.0083912431852947757
0.007040809842361208
0.0044250463166569266
0.0028502109769874221
0.0017034524144669328
0.0015940992380004224
0.0010321623258973617
0.0020145749128009016
0.0014574258017609806
0.0028739139413311906
0.0040952039546722774
0.00305565953198213
0.0026281346710061025
0.0015638792565112313
0.0017889511041958043
0.0018231661444215372
0.0020643180251582356
0.0018494218229076669
0.002517203262505349
0.0030366208974756943
0.0025654607725908241
0.0045982795814702923
0.0046543560949841517
0.0031435395782790322
0.0020656299876889079
0.0010530956836911148
0.0011263467968977011
0.0012465802662978806
-0.00020502892290803526
0.00029438099259686935
-0.00041991540090034751
0.00055504695244041171
0.00037879981062446716
0.00042723379817258158
0.0013533289405467982
-0.0014348174407143276
-0.0015792422919631945
-0.00056564735974588625
-0.00022103337346426248
-0.00031570533376178535
-0.0011788257696900984
-0.0010818256064832703
0.0018369927930888086
0.00082840990771626045
-0.0011224553077621691
-0.0012727261466626714
0.00052557434510315071
0.00061521533790116767
0.0011223511986564769
0.001995843032816982
0.0018066837077568073
-0.00054031485990347022
-0.00020134066809583624
0.0018871251179880138
0.0011240587658735387
-8.7584169303184543E-05
-0.0004753499620854699
0.00072914963865783355
0.0024834672275095863
0.0031896979597704255
0.00421331230493497
0.0027052630751074739
0.0035116338939835314
0.0040307363037172519
0.002241099841098966
0.0029406892663420754
0.0036202613574550717
0.0024402222779313786
0.0010076602969374142
-0.00067806903422662935
-0.00242430991558207
-0.0022359456971725402
-0.001547687615894348
-0.0021068618363682371
-0.00082120623236569114
-0.00053332596408056025
-0.0022332019458375604
-2.7562302362539836E-05
-0.000738197646521975
0.0014342672848375591
0.00081506513941704954
-0.00030146919814577221
-0.00082299071352711977
0.000300927296828765
0.0004940817083207463
0.0002558223624200748
0.000927038589257129
0.0019918685564655212
0.00037000845156405146
0.00091507050311907237
0.0006043707035462252
-0.0011724116295256477
-0.0016641313690114608
0.001080768271428695
-0.00038493199506738128
-0.0011671255229283861
-0.0012313785306918628
-0.00059803747168253889
-5.5631312065793369E-05
0.0014049875932192861
0.0007509127641518302
-0.00029301743369978368
0.0013389123920812915
6.79495237176164E-05
-0.00022734187672854766
0.0011920117652820033
-0.00081817151280043072
-0.00073624178266436745
0.00037952099810456249
0.0013747070773138614
0.0015195583804043819
0.0030683671399191208
-0.00075409772366359336
-0.0026444454682218537
-0.0012466074913633006
-0.0026815163581466995
-0.0020291148213575573
-0.0018373093744434234
-0.00067276476335721659
-0.0008461069767019499
0.00013046364037452081
-0.0010407356028338543
-0.00071029573624583654
0.0008063349372937563
0.001601000422887238
0.00037634335985907051
0.00050127250596071927
-0.00090395947851541975
-0.00062143876388344129
-0.0023140232896355839
-0.0016937519056872074
-0.0019887625188818444
-0.0021808499429226756
-0.00094587592968814818
-0.0010820579809791417
0.00018541775120341751
-0.000979924645929435
-0.0023502762528476969
-0.0026844963192211141
-0.0031757423232141283
-0.0030918284322020572
-0.0028301153955365365
-0.00154470779811672
0.00060765672402731655
5.1806815955389896E-05
-0.0011394031864938698
-0.0013144228675412875
-0.003003792204689834
-0.0022498602865615907
-0.00065187964018556272
-0.001780916479222227
-0.00033871026109369678
-0.00084770628279550093
-0.00029688463164971449
4.6832071747667718E-05
-0.000623293989592975
-0.00055787651719074152
0.0015218929976804354
0.0010393264048688582
0.00017163846720790835
4.4739587440465595E-05
-0.0026636948437782221
-0.0036807834147149806
-0.0035316436893260842
-0.0035974086568918472
-0.0021700397268258394
-0.0046980085218030583
-0.0049376483989661026
-0.0078037989038928016
-0.0055995014077940795
-0.00633650723080137
-0.0048109733378574708
-0.0032328458752853692
-0.001949620748438959
-0.0015685070486513813
-0.0013034776570564821
-0.0021478163650198332
0.00024925262641138689
-0.00039516932422124784
-0.0011882788187198507
-0.0024482560972395517
-0.001306671715243979
-0.0015211230461723714
-0.00080215563798695551
-0.0012911028497477784
0.00024663570681309366
-0.0023184689747161426
-0.0030259188863454131
-0.0029050008204163278
-0.0028259619651275179
-0.0029269849052571805
-0.0023879348231904654
-0.0026437558608366214
-0.0041976487941672528
-0.0017261926072480458
-0.00094282559430234562
-0.00130110356316559
-0.0016198773975581609
-0.0012561185113738526
-0.00073942486762724948
-0.00012672563470117763
-0.00036449806593157427
-0.0013033176514031389
-0.0020383833421457128
-0.0037283397354972332
-0.0030705707578039545
-0.0051091846984702618
-0.0052772801806726562
-0.0041496285882152715
-0.0021170830635616278
-0.0038376418300516638
-0.0038439358178760973
-0.003372084733636556
-0.0027223693675627464
-0.0028650435533666909
-0.0023269645299099661
-0.00088175521945598064
-0.0019259977080045565
-0.0024226675604580158
-0.0015229971551446724
-0.0026728142746502352
-0.0018293190036207298
-0.0018610020381353417
0.0013677989594295982
-0.0011969049677251222
-0.00069657766424041547
-0.0016603602967344882
0.00039016525753717674
0.0014579192784602529
2.1154538403770468E-05
-0.0012742998538092041
-0.0020138666893463547
-0.0015397363371294226
-0.0016527593768564241
-0.0031362593102784793
-0.0028774093141720088
-0.0056241867391049957
-0.0040202069916152189
-0.0032442023933814562
-0.0025029004814753225
-0.0024660280426463794
-0.0029900612463858982
-0.0037653832802779829
-0.0012412298816843889
-0.00043919553746192791
-0.0018327184068322895
-0.0012188032280659267
-0.0022507818865841666
-0.00082718319650608918
-0.0030930581945040453
-0.0033272344436728074
-0.0048729665507651621
-0.0040403965020949541
-0.004284747227037736
-0.001369801803594864
-0.00021055247092240559
8.0286618375332653E-05
-0.00020461751581256197
-0.0011095396985827699
-0.00016706620381947329
-0.0013861419764123657
-0.0017846622298966991
-0.0024094745089756689
-0.0015130253358410688
-0.0015442039996127089
-0.0027084881803957506
-0.0013285132017486895
0.00085015471271622945
-0.0012893218112468054
-0.0018303706545269908
-0.00077433050143010528
-0.002921571300917527
-0.0036385582010264998
-0.0014808269708858088
-0.003449764197694479
-0.0028767859058893429
-0.002574652355780996
-0.0023054029625532591
-0.0014092139287878419
-0.00044203081072306328
-0.0009880686888310852
-8.2248079030615374E-05
-0.0011810736273992774
-0.003205936758341917
-0.0037618332910802268
-0.0053380264791764581
-0.0054638310476028155
-0.0050642238621349837
-0.0029734064415540859
-0.0019709173610382991
-0.002149765626583889
-0.0024764484435945413
-0.0038320092394899551
-0.0034745628773294335
-0.0041063705801122306
-0.0029146151329073364
-0.0034345117334469918
-0.0024862075155319152
-0.002322053285655826
-0.0026975211450948975
-0.0032516237661009738
-0.0038462428215650995
-0.0035891486373925063
-0.0022258541450613147
-0.00089409667331081773
-0.0028603893598254404
-0.0023899443370395844
-0.00233860803638417
-0.003148173755763884
-0.0031141396384027245
-0.00461040574897373
-0.0063492034505886075
-0.0058339963938201771
-0.0046023058199391124
-0.0044087734236829441
-0.005125127473877898
-0.0036144706960869119
-0.0023350191374411529
-0.0012114169270047877
-0.0011213988213448357
-0.0023099310830815294
-0.0016821520290277404
-0.00081739205534719765
-0.0012649488264400879
-0.0029353668138306591
-0.0037721967857977903
-0.0033921394025388319
-0.0036255843637149443
-0.0015295749793461176
-0.0021792890087960985
-0.00093017309581356765
-0.0012781029848327589
-0.0020578071918410544
-0.0025844614342186052
-0.003102602306944033
-0.0030725068633581667
-0.0010398753184128573
-0.003216657167090927
-0.0048108582227883289
-0.0045333024650939446
-0.004163225259213363
-0.0036779683338089911
-0.0025576186265395639
-0.0015164726497388864
-0.0032775517634923189
-0.003503295789138142
-0.0034376026224291053
-0.0044293124903693835
-0.003833561429924691
-0.0025252781045932292
-0.0014717725095188658
-0.0037806643696613232
-0.0023509619464632497
-0.0021016904594154044
-0.0013546080585940766
-0.0027391920095240327
-0.0036606401406441271
-0.0022613713855578216
-0.0008027559025064713
0.00018144417527989003
-0.00045794240694720995
-0.00074394908565215208
-0.0037211261398231782
-0.0040245372500918091
-0.00393053876248423
-0.0030655103326078159
-0.0027509906878649807
-0.0037332490236173066
-0.0040792360483359628
-0.0023212504130663684
-0.0031536955856529755
-0.00241729583065143
-0.0021625293169199563
-0.000730233828372021
0.0011282327968940285
0.00013176398918716579
-0.00031939842529137832
-0.00021395074897806424
0.00091086773220484482
0.00067009999811034
-0.00027267549724970116
-0.00053608640766366136
-0.000523357765866295
-0.001223460598309139
-0.003161902947373639
-0.0030950386204028671
-0.0029034359722080929
-0.0039720068647719313
-0.003133712149470491
-0.0035368385250150527
-0.0040664234514227217
-0.0023525429728761976
-0.0026153503380641941
-0.0032707484373683238
-0.0040486871511881224
-0.0041525741703156913
-0.00469679111520863
-0.0021316590137487514
