132900081805550000;360;0;358.38279447206094
132900081805650000;360;0;358.38353560956432
132900081805750000;360;0;358.38368015169738
132900081805850000;360;0;358.38457655642014
132900081805950000;360;0;358.38430529221364
132900081806050000;360;0;358.38373292900587
132900081806150000;360;0;358.3834852148392
132900081806250000;360;0;358.38399393182817
132900081806350000;360;0;358.38386948746336
132900081806450000;360;0;358.38389828300791
132900081806550000;360;0;358.38358676242876
132900081806650000;360;0;358.38323662314428
132900081806750000;360;0;358.38376906036672
132900081806850000;360;0;358.38434435605586
132900081806950000;360;0;358.38461683227831
132900081807050000;360;0;358.38524677194152
132900081807150000;360;0;358.38510931626519
132900081807250000;360;0;358.38531229384625
132900081807350000;360;0;358.38530935313941
132900081807450000;360;0;358.38370366467626
132900081807550000;359.99994487716;-0.0043430975638245771;358.382332737758
132900081807650000;359.99895470762669;-0.068296366683594983;358.39019507091461
132900081807750000;359.99551463409335;-0.24711675120265708;358.40191995751621
132900081807850000;359.98809346656;-0.56368356121505514;358.41467698154753
132900081807950000;359.97516001502669;-1.0271914782982805;358.41783391546915
132900081808050000;359.95518308949335;-1.6413356387804272;358.42021892839523
132900081808150000;359.92663149996;-2.4076010350630148;358.41531250170266
132900081808250000;359.88797405642669;-3.3265844522946009;358.40538417459572
132900081808350000;359.83767956889335;-4.3985257250374623;358.38116318066028
132900081808450000;359.77421684736;-5.6235212374266634;358.34660599137311
132900081808550000;359.69605470182665;-7.0016097240781541;358.30100066734468
132900081808650000;359.60166194229333;-8.5328067515703285;358.23656219539868
132900081808750000;359.48950737876;-10.217118575763861;358.15413469943314
132900081808850000;359.35805982122668;-12.054547710741881;358.05038903076206
132900081808950000;359.20578807969332;-14.045095166865911;357.92219786519246
132900081809050000;359.03117064228809;-16.187956939455162;357.77479949508495
132900081809150000;358.83368455048816;-18.413497289408276;357.59235127981344
132900081809250000;358.61465970515195;-20.589588450637724;357.37531527490779
132900081809350000;358.3756272962795;-22.654223183913196;357.12768848341403
132900081809450000;358.11811851387085;-24.582482170483722;356.85197862312509
132900081809550000;357.843664547926;-26.364350895037862;356.5568995879
132900081809650000;357.55379658844487;-27.995804748476449;356.23016914610321
132900081809750000;357.25004582542749;-29.47522633066707;355.87560398614744
132900081809850000;356.93394344887395;-30.801965644763712;355.49636500041788
132900081809950000;356.60702064878416;-31.975761471621723;355.08505317160871
132900081810050000;356.2708086151581;-32.996508833125461;354.66403023910283
132900081810150000;355.92683853799582;-33.864165540919551;354.23589432179296
132900081810250000;355.57664160729735;-34.578714640448581;353.79054422131117
132900081810350000;355.22174901306261;-35.140149318065653;353.33002674231369
132900081810450000;354.86369194529169;-35.548466835506424;352.83348856177145
132900081810550000;354.50400159398447;-35.80366609234089;352.32319390889086
132900081810650000;354.14400166963037;-35.921094765846632;351.81193877452586
132900081810750000;353.78400166963036;-35.968289756079869;351.29426780011704
132900081810850000;353.4240016696304;-35.98725636416286;350.7626120888533
132900081810950000;353.06400166963039;-35.994878618571931;350.22262295156793
132900081811050000;352.70400166963037;-35.997941831667134;349.68508290741079
132900081811150000;352.34400166963036;-35.999172868308413;349.15360962277248
132900081811250000;351.9840016696304;-35.999667594320911;348.62184490647496
132900081811350000;351.62400166963039;-35.999866413613574;348.08605709985471
132900081811450000;351.26400166963037;-35.99994631462819;347.53768994503861
132900081811550000;350.90400166963036;-35.999978425053939;346.9891686946861
132900081811650000;350.54400166963035;-35.999991329513875;346.449267293287
132900081811750000;350.18400166963039;-35.999996515524629;345.90663396069255
132900081811850000;349.82400166963038;-35.999998599668317;345.35059484463795
132900081811950000;349.46400166963036;-35.999999437238927;344.79453783228428
132900081812050000;349.10400166963035;-35.999999773839768;344.24630065921758
132900081812150000;348.74400166963039;-35.999999909109356;343.71041767205583
132900081812250000;348.38400166963038;-35.999999963473904;343.17580566764212
132900081812350000;348.02400166963037;-35.9999999853218;342.63993510774185
132900081812450000;347.66400166963035;-35.999999994101977;342.09129198280931
132900081812550000;347.3040016696304;-35.999999997626588;341.5426924312751
132900081812650000;346.94400166963038;-35.999999999047;341.00306919848879
132900081812750000;346.58400166963037;-35.999999999617827;340.46655253475024
132900081812850000;346.22400166963035;-35.999999999847226;339.92221234218351
132900081812950000;345.8640016696304;-35.999999999935476;339.37265240758893
132900081813050000;345.50400166963038;-35.999999999974889;338.8321288650011
132900081813150000;345.14400166963037;-35.999999999990735;338.30210749963936
132900081813250000;344.78400166963036;-35.9999999999971;337.77471679890414
132900081813350000;344.42400166963034;-35.999999999999659;337.25035949174816
132900081813450000;344.06400166963039;-35.999999999997939;336.71533141573127
132900081813550000;343.70400166963037;-35.999999999999993;336.18347450618239
132900081813650000;343.34400166963036;-36.000000000000824;335.66285182343256
132900081813750000;342.98400166963035;-36.000000000001151;335.1447344230458
132900081813850000;342.62400166963039;-35.99999999999855;334.62198964828764
132900081813950000;342.26400166963037;-36.000000000000242;334.09924145201722
132900081814050000;341.90400166963036;-36.000000000000917;333.58402215100062
132900081814150000;341.54400166963035;-36.000000000001187;333.08106249479488
132900081814250000;341.18400166963039;-35.999999999997357;332.58261378964716
132900081814350000;340.82400166963038;-35.999999999999758;332.08415287227513
132900081814450000;340.46400166963036;-36.000000000000725;331.57467986174578
132900081814550000;340.10400166963035;-36.000000000001108;331.06707658289042
132900081814650000;339.74400166963039;-35.999999999996533;330.57002108217341
132900081814750000;339.38400166963038;-35.999999999999424;330.07474854864432
132900081814850000;339.02400166963037;-36.000000000000583;329.57477084905207
132900081814950000;338.66400166963035;-36.000000000001059;329.07345670297553
132900081815050000;338.30400166963034;-36.000000000001251;328.57748090052337
132900081815150000;337.94400166963038;-35.999999999998039;328.09337221205766
132900081815250000;337.58400166963037;-36.000000000000028;327.61357222648383
132900081815350000;337.22400166963035;-36.000000000000831;327.13841277677227
132900081815450000;336.86400166963034;-36.000000000001151;326.65619835790653
132900081815550000;336.50400166963038;-35.999999999997996;326.17774546767447
132900081815650000;336.14400166963037;-36.000000000000014;325.7113754784462
132900081815750000;335.78400166963036;-36.000000000000824;325.24810729738732
132900081815850000;335.42400166963034;-36.000000000001151;324.78444913738122
132900081815950000;335.06400166963033;-36.000000000001293;324.32080421221229
132900081816050000;334.70400166963037;-35.999999999999055;323.864018680137
132900081816150000;334.34400166963036;-36.000000000000441;323.42097949466745
132900081816250000;333.98400166963035;-36.000000000000995;322.98213568731262
132900081816350000;333.62400166963033;-36.000000000001222;322.54680935791009
132900081816450000;333.26400166963037;-35.999999999999027;322.10385661599878
132900081816550000;332.90400166963036;-36.000000000000426;321.66060072813946
132900081816650000;332.54400166963035;-36.000000000000995;321.22596478537946
132900081816750000;332.18400166963033;-36.000000000001222;320.79418615074184
132900081816850000;331.82400166963038;-35.999999999997371;320.36044949653865
132900081816950000;331.46400166963036;-35.999999999999766;319.92541211775966
132900081817050000;331.10400166963035;-36.000000000000725;319.4963652097228
132900081817150000;330.74400166963034;-36.000000000001108;319.07820008680693
132900081817250000;330.38400166963038;-35.999999999997321;318.664162157571
132900081817350000;330.02400166963037;-35.999999999999744;318.25379898796638
132900081817450000;329.66400166963035;-36.000000000000711;317.83757991975665
132900081817550000;329.30400166963034;-36.000000000001108;317.42496959911563
132900081817650000;328.94400166963038;-35.999999999996533;317.0222010522458
132900081817750000;328.58400166963037;-35.999999999999424;316.62343016038085
132900081817850000;328.22400166963035;-36.000000000000583;316.22409566514636
132900081817950000;327.86400166963034;-36.000000000001059;315.82480049735193
132900081818050000;327.50400166963038;-35.9999999999973;315.43233070407757
132900081818150000;327.14400166963037;-35.999999999999737;315.05250495634158
132900081818250000;326.78400166963036;-36.000000000000711;314.6778181184
132900081818350000;326.42400166963034;-36.000000000001108;314.30898877358834
132900081818450000;326.06400166963033;-36.000000000001272;313.93445905642096
132900081818550000;325.70400166963037;-35.999999999998053;313.56137554387044
132900081818650000;325.34400166963036;-36.000000000000043;313.19691793211473
132900081818750000;324.98400166963035;-36.000000000000831;312.838667347312
132900081818850000;324.62400166963033;-36.000000000001151;312.47949454581237
132900081818950000;324.26400166963037;-35.99999999999855;312.11967288687231
132900081819050000;323.90400166963036;-36.000000000000242;311.76485415481085
132900081819150000;323.54400166963035;-36.000000000000917;311.42135334492281
132900081819250000;323.18400166963033;-36.000000000001187;311.08205546859966
132900081819350000;322.82400166963032;-36.000000000001307;310.74748933099215
132900081819450000;322.46400166963036;-35.999999999999069;310.41045788765814
132900081819550000;322.10400166963035;-36.000000000000448;310.07517520677703
132900081819650000;321.74400166963034;-36.000000000000995;309.74928082630441
132900081819750000;321.38400166963038;-35.999999999996483;309.42865723044781
132900081819850000;321.02400166963037;-35.99999999999941;309.10750259112029
132900081819950000;320.66400166963035;-36.000000000000583;308.78843394752397
132900081820050000;320.30400166963034;-36.000000000001059;308.47470765658369
132900081820150000;319.94400166963032;-36.000000000001251;308.17190828207163
132900081820250000;319.58400166963037;-35.999999999997385;307.87245000570954
132900081820350000;319.22400166963035;-35.999999999999773;307.57546519187326
132900081820450000;318.86400166963034;-36.000000000000725;307.27468096939992
132900081820550000;318.50400166963033;-36.000000000001108;306.97547360019024
132900081820650000;318.14400166963037;-35.999999999997186;306.68488589695374
132900081820750000;317.78400166963036;-35.999999999999687;306.39886978262655
132900081820850000;317.42400166963034;-36.000000000000696;306.110755127368
132900081820950000;317.06400166963033;-36.000000000001094;305.823221076505
132900081821050000;316.70400166963032;-36.000000000001258;305.541119813358
132900081821150000;316.34400166963036;-35.999999999997925;305.26677451784019
132900081821250000;315.98400166963035;-35.999999999999986;304.99462412663036
132900081821350000;315.62400166963033;-36.00000000000081;304.72795477011073
132900081821450000;315.26400166963037;-35.999999999996405;304.45816864386677
132900081821550000;314.90400166963036;-35.99999999999892;304.19039932974607
132900081821650000;314.54400166963035;-36.000000000000384;303.9300928772343
132900081821750000;314.18400166963033;-36.000000000000973;303.67556046141544
132900081821850000;313.82400166963032;-36.000000000001208;303.41932216824955
132900081821950000;313.46400166963031;-36.000000000002096;303.16560201789838
132900081822050000;313.10400166963035;-35.999999999999375;302.91688001580809
132900081822150000;312.74400166963034;-36.000000000000568;302.67719187540331
132900081822250000;312.38400166963032;-36.000000000001044;302.44141523588644
132900081822350000;312.02400166963037;-35.99999999999784;302.21075100978391
132900081822450000;311.66400166963035;-35.999999999999957;301.97790155254978
132900081822550000;311.30400166963034;-36.000000000000796;301.74798631591807
132900081822650000;310.94400166963032;-36.000000000001137;301.53534629063051
132900081822750000;310.58400166963031;-36.000000000001279;301.34551738545548
132900081822850000;310.22400166963035;-35.9999999999985;301.17423562879458
132900081822950000;309.86400166963034;-36.000000000000213;301.020328870634
132900081823050000;309.50400166963033;-36.0000000000009;300.88355977558291
132900081823150000;309.14400166963031;-36.00000000000118;300.76218509490525
132900081823250000;308.78400166963036;-35.999999999998465;300.65331878512058
132900081823350000;308.42400166963034;-36.000000000000206;300.5544418274136
132900081823450000;308.06400166963033;-36.0000000000009;300.46199814742857
132900081823550000;307.70400166963032;-36.00000000000118;300.37814110168972
132900081823650000;307.34400166963036;-35.999999999996554;300.30141668581439
132900081823750000;306.98400166963035;-35.999999999998977;300.23049427795758
132900081823850000;306.62400166963033;-36.000000000000405;300.16487915060731
132900081823950000;306.26400166963032;-36.000000000000981;300.10202719987484
132900081824050000;305.90400166963036;-35.999999999997129;300.04326288678038
132900081824150000;305.54400166963035;-35.999999999999673;299.98733353897967
132900081824250000;305.18400166963033;-36.000000000000682;299.93378008602269
132900081824350000;304.82400166963032;-36.000000000001094;299.88443494779563
132900081824450000;304.46400166963031;-36.000000000001258;299.83265031456096
132900081824550000;304.10400166963035;-35.999999999997925;299.78038860373658
132900081824650000;303.74400166963034;-35.999999999999986;299.73030824361581
132900081824750000;303.38400166963032;-36.00000000000081;299.68119355861467
132900081824850000;303.02400166963031;-36.000000000001137;299.62805194902666
132900081824950000;302.66400166963035;-35.999999999997883;299.57551614980036
132900081825050000;302.30400166963034;-35.999999999999972;299.52283814566
132900081825150000;301.94400166963032;-36.00000000000081;299.46860543084154
132900081825250000;301.58400166963031;-36.000000000001137;299.41281530880241
132900081825350000;301.2240016696303;-36.000000000001279;299.3537990522488
132900081825450000;300.86400166963034;-35.9999999999985;299.28829671025284
132900081825550000;300.50400166963033;-36.000000000000213;299.21714644217684
132900081825650000;300.14400166963031;-36.0000000000009;299.14174510845851
132900081825750000;299.7840016696303;-36.000000000001968;299.05693396588669
132900081825850000;299.42400166963034;-35.999999999999332;298.96394275421329
132900081825950000;299.06400166963033;-36.000000000000547;298.86290976154157
132900081826050000;298.70400166963032;-36.000000000001037;298.75454474481876
132900081826150000;298.3440016696303;-36.000000000001236;298.64188806856168
132900081826250000;297.98400166963035;-35.999999999997236;298.51002422087669
132900081826350000;297.62400166963033;-35.999999999999709;298.354895837682
132900081826450000;297.26400166963032;-36.0000000000007;298.17551447306289
132900081826550000;296.9040016696303;-36.000000000001094;297.97847599431833
132900081826650000;296.54400166963035;-35.999999999997186;297.77332631589007
132900081826750000;296.18400166963033;-35.999999999999687;297.55783511804162
132900081826850000;295.82400166963032;-36.000000000000696;297.33066558655725
132900081826950000;295.46400166963031;-36.000000000001094;297.09296107851117
132900081827050000;295.10400166963029;-36.000000000001258;296.85106498481844
132900081827150000;294.74400166963034;-35.999999999997925;296.61121001485861
132900081827250000;294.38400166963032;-35.999999999999986;296.36717024275612
132900081827350000;294.02400166963031;-36.00000000000081;296.11922802243623
132900081827450000;293.66400166963035;-35.999999999997065;295.86272585659339
132900081827550000;293.30400166963034;-35.999999999999638;295.59807109726444
132900081827650000;292.94400166963038;-35.999999999997385;295.33430245486221
132900081827750000;292.58400166963042;-35.99999999999703;295.06825457010478
132900081827850000;292.22400166963047;-35.999999999996334;294.79477614480356
132900081827950000;291.86400166963051;-35.999999999996604;294.51776224079242
132900081828050000;291.50400166963055;-35.9999999999955;294.23793924606719
132900081828150000;291.1440016696306;-35.999999999995723;293.96403910220175
132900081828250000;290.78400166963064;-35.999999999994358;293.68753706411962
132900081828350000;290.42400166963068;-35.9999999999946;293.40697010813477
132900081828450000;290.06400166963067;-35.99999999999865;293.11887550263486
132900081828550000;289.70400166963077;-35.999999999993257;292.82369504048177
132900081828650000;289.34400166963076;-35.99999999999811;292.52724623400326
132900081828750000;288.9840016696308;-35.999999999997321;292.23037600499157
132900081828850000;288.62400166963084;-35.999999999997456;291.9276219666196
132900081828950000;288.26400166963089;-35.999999999997058;291.61536783592305
132900081829050000;287.90400166963093;-35.99999999999735;291.30246402225475
132900081829150000;287.544001669631;-35.999999999996461;290.99198561987538
132900081829250000;287.184001669631;-35.999999999996653;290.67888197724591
132900081829350000;286.82400166963106;-35.999999999995524;290.36389774058881
132900081829450000;286.4640016696311;-35.99999999999573;290.03757691632484
132900081829550000;286.10400166963115;-35.999999999995161;289.7062109807614
132900081829650000;285.74400166963119;-35.999999999995588;289.37535089833858
132900081829750000;285.38400166963123;-35.999999999994309;289.04348590961342
132900081829850000;285.02400166963128;-35.999999999994579;288.70389638833768
132900081829950000;284.66400166963126;-35.999999999998643;288.35460794948574
132900081830050000;284.30400166963136;-35.99999999999325;288.00370637634006
132900081830150000;283.94400166963135;-35.99999999999811;287.65859549676418
132900081830250000;283.58400166963145;-35.999999999993037;287.30987315926063
132900081830350000;283.22400166963143;-35.999999999998025;286.95888664376577
132900081830450000;282.86400166963148;-35.999999999997279;286.59634505451146
132900081830550000;282.50400166963152;-35.999999999997442;286.22570781044715
132900081830650000;282.14400166963156;-35.9999999999965;285.85631629189464
132900081830750000;281.78400166963161;-35.999999999996675;285.484199742281
132900081830850000;281.42400166963165;-35.999999999996191;285.10576553210575
132900081830950000;281.06400166963169;-35.999999999996547;284.71791559959036
132900081831050000;280.70400166963174;-35.999999999995481;284.32797342567068
132900081831150000;280.34400166963178;-35.999999999995708;283.94204658048943
132900081831250000;279.98400166963182;-35.999999999994358;283.55320404928233
132900081831350000;279.62400166963187;-35.9999999999946;283.16167304009747
132900081831450000;279.26400166963191;-35.999999999993918;282.75924750289983
132900081831550000;278.90400166963195;-35.999999999994429;282.35040771608732
132900081831650000;278.54400166963194;-35.999999999998579;281.9417656116276
132900081831750000;278.18400166963204;-35.999999999993221;281.53149501292711
132900081831850000;277.824001669632;-35.999999999998096;281.11565992656011
132900081831950000;277.46400166963207;-35.999999999997314;280.69048796326706
132900081832050000;277.10400166963211;-35.999999999997456;280.26144391613968
132900081832150000;276.74400166963215;-35.999999999997058;279.83925903944333
132900081832250000;276.3840016696322;-35.99999999999735;279.41696838075489
132900081832350000;276.02400166963224;-35.999999999996461;278.99235413658153
132900081832450000;275.66400166963228;-35.999999999996653;278.55505838122104
132900081832550000;275.30400166963233;-35.999999999995524;278.10618576493323
132900081832650000;274.94400166963237;-35.99999999999573;277.66036220973518
132900081832750000;274.58400166963241;-35.999999999995161;277.213116344353
132900081832850000;274.22400166963246;-35.999999999995588;276.75765968892352
132900081832950000;273.8640016696325;-35.999999999994309;276.29475260885147
132900081833050000;273.50400166963254;-35.999999999994579;275.82630364272171
132900081833150000;273.14400166963253;-35.999999999998643;275.36436213914021
132900081833250000;272.78400166963263;-35.99999999999325;274.90383123237723
132900081833350000;272.42400166963262;-35.99999999999811;274.43972073729788
132900081833450000;272.06400166963266;-35.999999999997321;273.96492422059424
132900081833550000;271.7040016696327;-35.999999999997456;273.48040563398564
132900081833650000;271.34400166963275;-35.999999999997058;272.99719916301831
132900081833750000;270.98400166963279;-35.99999999999735;272.51521101236443
132900081833850000;270.62400166963283;-35.999999999996461;272.02395368564163
132900081833950000;270.26400166963288;-35.999999999996653;271.52253793021845
132900081834050000;269.90400166963292;-35.999999999995524;271.0175397268066
132900081834150000;269.54400166963296;-35.99999999999573;270.52210025220182
132900081834250000;269.184001669633;-35.999999999995161;270.02659678581824
132900081834350000;268.82400166963305;-35.999999999995588;269.5305645991387
132900081834450000;268.46400166963309;-35.999999999994309;269.02507282896181
132900081834550000;268.10400166963313;-35.999999999994579;268.508125245668
132900081834650000;267.74400166963312;-35.999999999998643;267.99446546129246
132900081834750000;267.38400166963322;-35.99999999999325;267.4798356158193
132900081834850000;267.02400166963321;-35.99999999999811;266.95866901385
132900081834950000;266.66400166963331;-35.999999999993037;266.42939671851087
132900081835050000;266.30400166963329;-35.999999999998025;265.89845085158788
132900081835150000;265.94400166963334;-35.999999999997279;265.374519968831
132900081835250000;265.58400166963338;-35.999999999997442;264.85399093147112
132900081835350000;265.22400166963342;-35.9999999999965;264.32874221397242
132900081835450000;264.86400166963347;-35.999999999996675;263.7951217724862
132900081835550000;264.50400166963351;-35.999999999996191;263.25089174020752
132900081835650000;264.14400166963355;-35.999999999996547;262.71019900838138
132900081835750000;263.7840016696336;-35.999999999995481;262.17417479911308
132900081835850000;263.42400166963364;-35.999999999995708;261.63013398073213
132900081835950000;263.06400166963368;-35.999999999994358;261.07859212692648
132900081836050000;262.70400166963373;-35.9999999999946;260.52524291456405
132900081836150000;262.34400166963377;-35.999999999993918;259.9805764771117
132900081836250000;261.98400166963381;-35.999999999994429;259.44163361215965
132900081836350000;261.6240016696338;-35.999999999998579;258.89780486947973
132900081836450000;261.2640016696339;-35.999999999993221;258.34554950812878
132900081836550000;260.90400166963389;-35.999999999998096;257.78251645572743
132900081836650000;260.54400166963393;-35.999999999997314;257.22437730709078
132900081836750000;260.184001669634;-35.999999999997456;256.66837657906211
132900081836850000;259.824001669634;-35.999999999997058;256.1065595969481
132900081836950000;259.46400166963406;-35.99999999999735;255.53756647656891
132900081837050000;259.1040016696341;-35.999999999996461;254.9687769015633
132900081837150000;258.74400166963414;-35.999999999996653;254.41019596438756
132900081837250000;258.38400166963419;-35.999999999995524;253.86006763814862
132900081837350000;258.02400166963423;-35.99999999999573;253.30980004060959
132900081837450000;257.66400166963427;-35.999999999995161;252.75142019385473
132900081837550000;257.30400166963432;-35.999999999995588;252.18549634278861
132900081837650000;256.94400166963436;-35.999999999994309;251.62770377045629
132900081837750000;256.5840016696344;-35.999999999994579;251.07618493532615
132900081837850000;256.22400166963439;-35.999999999998643;250.52265052580827
132900081837950000;255.86400166963446;-35.999999999995623;249.963014821063
132900081838050000;255.50400166963451;-35.999999999995552;249.40505730001695
132900081838150000;255.14400166963452;-35.999999999997669;248.85817849255287
132900081838250000;254.78400166963456;-35.999999999997371;248.32073673430784
132900081838350000;254.42400166963461;-35.99999999999725;247.78421236184602
132900081838450000;254.06400166963465;-35.999999999996923;247.24325222032161
132900081838550000;253.70400166963469;-35.999999999996575;246.69249242724769
132900081838650000;253.34400166963474;-35.999999999996426;246.14938189308833
132900081838750000;252.98400166963478;-35.999999999996035;245.61391743118321
132900081838850000;252.62400166963482;-35.999999999995616;245.07577261427446
132900081838950000;252.26400166963487;-35.999999999995438;244.53526881725065
132900081839050000;251.90400166963491;-35.999999999994969;243.99471473576605
132900081839150000;251.54400166963495;-35.999999999994465;243.46779851615963
132900081839250000;251.184001669635;-35.999999999994252;242.95071186352436
132900081839350000;250.824001669635;-35.999999999996533;242.43495163807467
132900081839450000;250.46400166963505;-35.999999999995921;241.91609457570684
132900081839550000;250.1040016696351;-35.999999999995673;241.39025561732859
132900081839650000;249.74400166963514;-35.999999999995566;240.87184176672477
132900081839750000;249.38400166963515;-35.999999999997669;240.36376058015642
132900081839850000;249.0240016696352;-35.999999999997371;239.85243555036317
132900081839950000;248.66400166963524;-35.99999999999725;239.33786865980417
132900081840050000;248.30400166963528;-35.999999999996923;238.82397738681723
132900081840150000;247.94400166963533;-35.999999999996575;238.32465053987525
132900081840250000;247.58400166963537;-35.999999999996426;237.8361355147039
132900081840350000;247.22400166963541;-35.999999999996035;237.34860048525218
132900081840450000;246.86400166963546;-35.999999999995616;236.85764423327504
132900081840550000;246.5040016696355;-35.999999999995438;236.36033469903472
132900081840650000;246.14400166963554;-35.999999999994969;235.87151120600058
132900081840750000;245.78400166963559;-35.999999999994465;235.39208892362217
132900081840850000;245.42400166963563;-35.999999999994252;234.91208677177136
132900081840950000;245.06400166963564;-35.999999999996533;234.43146427655117
132900081841050000;244.70400166963569;-35.999999999995921;233.95145474559317
132900081841150000;244.34400166963573;-35.999999999995673;233.48382919913226
132900081841250000;243.98400166963577;-35.999999999995566;233.02678120879
132900081841350000;243.62400166963579;-35.999999999997669;232.57097533858291
132900081841450000;243.26400166963583;-35.999999999997371;232.11389333987845
132900081841550000;242.90400166963588;-35.99999999999725;231.65384342680122
132900081841650000;242.54400166963592;-35.999999999996923;231.20227835820731
132900081841750000;242.18400166963596;-35.999999999996575;230.75980385224904
132900081841850000;241.824001669636;-35.999999999996426;230.31653279817371
132900081841950000;241.46400166963605;-35.999999999996035;229.87180850297392
132900081842050000;241.10400166963609;-35.999999999995616;229.43033116508903
132900081842150000;240.74400166963613;-35.999999999995438;228.99951043524439
132900081842250000;240.38400166963618;-35.999999999994969;228.57864333965182
132900081842350000;240.02400166963622;-35.999999999994465;228.16167431712987
132900081842450000;239.66400166963626;-35.999999999994252;227.74082936455136
132900081842550000;239.30400166963628;-35.999999999996533;227.31461446725609
132900081842650000;238.94400166963632;-35.999999999995921;226.89434807178836
132900081842750000;238.58400166963637;-35.999999999995673;226.48529871941031
132900081842850000;238.22400166963641;-35.999999999995566;226.07683318480142
132900081842950000;237.86400166963642;-35.999999999997669;225.6666022875103
132900081843050000;237.50400166963647;-35.999999999997371;225.25770604027153
132900081843150000;237.14400166963651;-35.999999999996973;224.8616237463217
132900081843250000;236.78400166963655;-35.999999999996589;224.47472238768953
132900081843350000;236.4240016696366;-35.999999999996433;224.09287887908968
132900081843450000;236.06400166963664;-35.999999999996042;223.71005712888342
132900081843550000;235.70400166963668;-35.999999999995616;223.32658229033041
132900081843650000;235.34400166963673;-35.999999999995438;222.94990920847079
132900081843750000;234.98400166963677;-35.999999999994969;222.58145686677938
132900081843850000;234.62400166963681;-35.999999999994465;222.21623772014831
132900081843950000;234.26400166963686;-35.999999999994252;221.84959785573037
132900081844050000;233.90400166963687;-35.999999999996533;221.48626562428376
132900081844150000;233.54400166963691;-35.999999999995921;221.13400012311382
132900081844250000;233.18400166963696;-35.999999999995673;220.78848012190252
132900081844350000;232.824001669637;-35.999999999995566;220.44654617974186
132900081844450000;232.464001669637;-35.999999999997669;220.1067951460029
132900081844550000;232.10400166963706;-35.999999999997371;219.7621018429474
132900081844650000;231.74400166963713;-35.999999999994884;219.42454321038434
132900081844750000;231.38400166963717;-35.999999999994749;219.09476697394695
132900081844850000;231.02400166963719;-35.999999999997065;218.76616932381103
132900081844950000;230.66400166963723;-35.999999999996852;218.43701312270747
132900081845050000;230.30400166963727;-35.999999999996447;218.11076930595991
132900081845150000;229.94400166963732;-35.999999999996277;217.79359816646911
132900081845250000;229.58400166963736;-35.999999999995978;217.48331405255181
132900081845350000;229.2240016696374;-35.999999999995467;217.17753624794568
132900081845450000;228.86400166963745;-35.999999999995254;216.87356171778126
132900081845550000;228.50400166963749;-35.9999999999949;216.56625235282479
132900081845650000;228.1440016696375;-35.999999999997129;216.26593868712106
132900081845750000;227.78400166963755;-35.999999999996874;215.97203478304914
132900081845850000;227.42400166963759;-35.999999999996447;215.67814806505373
132900081845950000;227.06400166963763;-35.999999999996277;215.38451389529089
132900081846050000;226.70400166963768;-35.999999999995978;215.09331677692228
132900081846150000;226.34400166963772;-35.999999999995858;214.80990223773327
132900081846250000;225.98400166963776;-35.999999999995808;214.53363517700836
132900081846350000;225.62400166963781;-35.999999999995396;214.25772988699825
132900081846450000;225.26400166963785;-35.999999999995232;213.98214830874642
132900081846550000;224.90400166963789;-35.999999999994891;213.70466354158143
132900081846650000;224.54400166963791;-35.999999999997129;213.4333603110039
132900081846750000;224.18400166963795;-35.999999999996874;213.1668124728742
132900081846850000;223.824001669638;-35.999999999996447;212.90341489459456
132900081846950000;223.46400166963804;-35.999999999996277;212.63909217305331
132900081847050000;223.10400166963808;-35.999999999995978;212.37848569005129
132900081847150000;222.74400166963812;-35.999999999995467;212.12472021458345
132900081847250000;222.38400166963817;-35.999999999995254;211.8782903489726
132900081847350000;222.02400166963821;-35.9999999999949;211.63433053299212
132900081847450000;221.66400166963823;-35.999999999997129;211.39453066258889
132900081847550000;221.30400166963827;-35.999999999996156;211.15407731097017
132900081847650000;220.94400166963831;-35.999999999995268;210.91942954294109
132900081847750000;220.58400166963833;-35.999999999997272;210.69793554043957
132900081847850000;220.22400166963837;-35.999999999996938;210.49843450722531
132900081847950000;219.86400166963841;-35.999999999996476;210.31949335972249
132900081848050000;219.50400166963846;-35.999999999996291;210.15821593953169
132900081848150000;219.1440016696385;-35.999999999995993;210.01556446619074
132900081848250000;218.78400166963854;-35.999999999995467;209.8901417329412
132900081848350000;218.42400166963859;-35.999999999995254;209.77763420796683
132900081848450000;218.06400166963863;-35.9999999999949;209.67432922190534
132900081848550000;217.70400166963864;-35.999999999997129;209.57873178239498
132900081848650000;217.34400166963869;-35.999999999996874;209.49237247757307
132900081848750000;216.98400166963873;-35.999999999996447;209.41345077496985
132900081848850000;216.62400166963877;-35.999999999996277;209.34034727463407
132900081848950000;216.26400166963882;-35.999999999995978;209.27241458093766
132900081849050000;215.90400166963886;-35.999999999995467;209.20936813677773
132900081849150000;215.5440016696389;-35.999999999995254;209.14879351359329
132900081849250000;215.18400166963895;-35.9999999999949;209.09221977544672
132900081849350000;214.82400166963896;-35.999999999997129;209.03731767855484
132900081849450000;214.464001669639;-35.999999999996874;208.9836745720485
132900081849550000;214.10400166963905;-35.999999999996447;208.929693938958
132900081849650000;213.74400166963909;-35.999999999996277;208.87713119287812
132900081849750000;213.38400166963913;-35.999999999995978;208.82513828749757
132900081849850000;213.02400166963918;-35.999999999995467;208.77379020589905
132900081849950000;212.66400166963922;-35.999999999995254;208.72057795178944
132900081850050000;212.30400166963926;-35.9999999999949;208.66668597268566
132900081850150000;211.94400166963928;-35.999999999997129;208.613824211501
132900081850250000;211.58400166963932;-35.999999999996874;208.55910724460196
132900081850350000;211.22400166963936;-35.999999999996447;208.50232580895607
132900081850450000;210.86400166963941;-35.999999999996277;208.44307414217153
132900081850550000;210.50400166963945;-35.999999999995978;208.375859791458
132900081850650000;210.14400166963949;-35.999999999995467;208.30552810974834
132900081850750000;209.78400166963954;-35.999999999994984;208.23167195854597
132900081850850000;209.42400166963955;-35.999999999997158;208.15058585819077
132900081850950000;209.0640016696396;-35.999999999996895;208.06108512202476
132900081851050000;208.70400166963964;-35.999999999996461;207.959744442813
132900081851150000;208.34400166963968;-35.999999999996284;207.84943148213239
132900081851250000;207.98400166963972;-35.999999999995978;207.71698702892883
132900081851350000;207.62400166963977;-35.999999999995467;207.56248305676778
132900081851450000;207.26400166963981;-35.999999999995254;207.38819432985497
132900081851550000;206.90400166963985;-35.9999999999949;207.19521626826293
132900081851650000;206.54400166963987;-35.999999999997129;206.99159434228676
132900081851750000;206.18400166963991;-35.999999999996874;206.78134668594029
132900081851850000;205.82400166963996;-35.999999999996447;206.56323882872036
132900081851950000;205.46400166964;-35.999999999996277;206.33627751853032
132900081852050000;205.10400166964004;-35.999999999995978;206.10023337107052
132900081852150000;204.74400166964009;-35.999999999995467;205.86176669850158
132900081852250000;204.38400166964013;-35.999999999995254;205.62288457394291
132900081852350000;204.02400166964017;-35.9999999999949;205.38076988366797
132900081852450000;203.66400166964019;-35.999999999997129;205.132860574768
132900081852550000;203.30400166964023;-35.999999999996874;204.87441390399783
132900081852650000;202.94400166964027;-35.999999999996447;204.6140547537569
132900081852750000;202.58400166964032;-35.999999999996277;204.35314754814252
132900081852850000;202.22400166964036;-35.999999999995978;204.08737197246234
132900081852950000;201.8640016696404;-35.999999999995467;203.81681336022461
132900081853050000;201.50400166964045;-35.999999999995254;203.53741412020176
132900081853150000;201.14400166964049;-35.9999999999949;203.25925786897915
132900081853250000;200.7840016696405;-35.999999999997129;202.98258322556654
132900081853350000;200.42400166964055;-35.999999999996874;202.70547309088764
132900081853450000;200.06400166964059;-35.999999999996447;202.4206787782208
132900081853550000;199.70400166964063;-35.999999999996277;202.12871012125868
132900081853650000;199.34400166964068;-35.999999999995978;201.83580929540398
132900081853750000;198.98400166964072;-35.999999999995467;201.54246671287962
132900081853850000;198.62400166964076;-35.999999999995254;201.24565692296028
132900081853950000;198.26400166964081;-35.9999999999949;200.94160285916072
132900081854050000;197.90400166964082;-35.999999999997129;200.63304774460562
132900081854150000;197.54400166964086;-35.999999999996874;200.32589057907427
132900081854250000;197.18400166964091;-35.999999999996447;200.02109468521439
132900081854350000;196.82400166964095;-35.999999999996277;199.71251227515029
132900081854450000;196.464001669641;-35.999999999995978;199.39983687210349
132900081854550000;196.10400166964104;-35.999999999995467;199.07600229480264
132900081854650000;195.74400166964108;-35.999999999995254;198.74705894119188
132900081854750000;195.38400166964112;-35.9999999999949;198.41943895121341
132900081854850000;195.02400166964114;-35.999999999997129;198.08694327417527
132900081854950000;194.66400166964118;-35.999999999996874;197.74528942854124
132900081855050000;194.30400166964122;-35.999999999996447;197.39767963443777
132900081855150000;193.94400166964127;-35.999999999996277;197.05067151339929
132900081855250000;193.58400166964131;-35.999999999995978;196.70705711728948
132900081855350000;193.22400166964135;-35.999999999995467;196.35927045411165
132900081855450000;192.8640016696414;-35.999999999995254;196.00527886758906
132900081855550000;192.50400166964144;-35.9999999999949;195.64180158955998
132900081855650000;192.14400166964146;-35.999999999997129;195.27610537018768
132900081855750000;191.7840016696415;-35.999999999996547;194.91185093594746
132900081855850000;191.42400166964154;-35.999999999996319;194.54461746275368
132900081855950000;191.06400166964158;-35.999999999996;194.16634661977534
132900081856050000;190.70400166964163;-35.999999999995474;193.78401925799926
132900081856150000;190.34400166964167;-35.999999999995268;193.4039447879486
132900081856250000;189.98400166964171;-35.9999999999949;193.02699495270019
132900081856350000;189.62400166964173;-35.999999999997129;192.64835056141928
132900081856450000;189.26400166964177;-35.999999999996874;192.2634680793584
132900081856550000;188.90400166964182;-35.999999999996447;191.86561416427213
132900081856650000;188.54400166964186;-35.999999999996277;191.46450799887586
132900081856750000;188.1840016696419;-35.999999999995978;191.06605025466578
132900081856850000;187.82400166964195;-35.999999999995467;190.66410702639246
132900081856950000;187.464001669642;-35.999999999995254;190.25090564208793
132900081857050000;187.10400166964203;-35.9999999999949;189.830581599739
132900081857150000;186.74400166964205;-35.999999999997129;189.409474042546
132900081857250000;186.38400166964209;-35.999999999996874;188.99413312602454
132900081857350000;186.02400166964213;-35.999999999996447;188.57671785915019
132900081857450000;185.66400166964218;-35.999999999996277;188.15392582522415
132900081857550000;185.30400166964222;-35.999999999995978;187.72019412550372
132900081857650000;184.94400166964226;-35.999999999995467;187.28383626944793
132900081857750000;184.58400166964231;-35.999999999995254;186.85089005289692
132900081857850000;184.22400166964235;-35.9999999999949;186.41363696794437
132900081857950000;183.86400166964236;-35.999999999997129;185.96727873118269
132900081858050000;183.50400166964241;-35.999999999996874;185.51592087209531
132900081858150000;183.14400166964245;-35.999999999996447;185.06586815577984
132900081858250000;182.78400166964249;-35.999999999996277;184.62286169414546
132900081858350000;182.42400166964254;-35.999999999995978;184.17532971330144
132900081858450000;182.06400166964258;-35.999999999995467;183.72222218636762
132900081858550000;181.70400166964262;-35.999999999995254;183.2547343068515
132900081858650000;181.34400166964267;-35.9999999999949;182.78148349548209
132900081858750000;180.98400166964268;-35.999999999997129;182.31172245287002
132900081858850000;180.62400166964272;-35.999999999996874;181.83880536196742
132900081858950000;180.26400166964277;-35.999999999996447;181.35195410330007
132900081859050000;179.90400166964281;-35.999999999996277;180.85635003283889
132900081859150000;179.54400166964285;-35.999999999995978;180.36316945651353
132900081859250000;179.1840016696429;-35.999999999995467;179.87594991930922
132900081859350000;178.82400166964294;-35.999999999995254;179.38768680443371
132900081859450000;178.46400166964298;-35.9999999999949;178.89453526740914
132900081859550000;178.104001669643;-35.999999999997129;178.39007873072771
132900081859650000;177.74400166964304;-35.999999999996874;177.8847659158146
132900081859750000;177.38400166964308;-35.999999999996447;177.3840852594505
132900081859850000;177.02400166964313;-35.999999999996277;176.87982175214626
132900081859950000;176.66400166964317;-35.999999999995978;176.36656547260787
132900081860050000;176.30400166964321;-35.999999999995467;175.84754995690329
132900081860150000;175.94400166964326;-35.999999999995254;175.33353714107767
132900081860250000;175.5840016696433;-35.9999999999949;174.82893270986327
132900081860350000;175.22400166964331;-35.999999999997129;174.32205525546823
132900081860450000;174.86400166964336;-35.999999999996874;173.81149821024113
132900081860550000;174.5040016696434;-35.999999999996447;173.28544004242812
132900081860650000;174.14400166964344;-35.999999999996049;172.75594100536523
132900081860750000;173.78400166964349;-35.999999999995495;172.23093014220379
132900081860850000;173.42400166964353;-35.999999999995275;171.70287335967683
132900081860950000;173.06400166964357;-35.999999999994913;171.16396851491487
132900081861050000;172.70400166964359;-35.999999999997129;170.61749114413055
132900081861150000;172.34400166964363;-35.999999999996874;170.07372085169735
132900081861250000;171.98400166964368;-35.999999999996447;169.53763245559753
132900081861350000;171.62400166964372;-35.999999999996277;169.00018072507552
132900081861450000;171.26400166964376;-35.999999999995978;168.46325539208635
132900081861550000;170.9040016696438;-35.999999999995467;167.91214669226847
132900081861650000;170.54400166964385;-35.999999999995254;167.35921476791913
132900081861750000;170.18400166964389;-35.9999999999949;166.81400902764116
132900081861850000;169.82400166964391;-35.999999999997129;166.27061447452419
132900081861950000;169.46400166964395;-35.999999999996874;165.7140534324497
132900081862050000;169.104001669644;-35.999999999996447;165.15201548847679
132900081862150000;168.74400166964404;-35.999999999996277;164.59967506337318
132900081862250000;168.38400166964408;-35.999999999995978;164.05840465181484
132900081862350000;168.02400166964412;-35.999999999995467;163.52139604898844
132900081862450000;167.66400166964417;-35.999999999995254;162.98450309526564
132900081862550000;167.30400166964421;-35.9999999999949;162.43465988745311
132900081862650000;166.94400166964422;-35.999999999997129;161.88383959151668
132900081862750000;166.58400166964427;-35.999999999996874;161.34074786508012
132900081862850000;166.22400166964431;-35.999999999996447;160.79964587759861
132900081862950000;165.86400166964435;-35.999999999996277;160.25262525337237
132900081863050000;165.5040016696444;-35.999999999995978;159.70167718545775
132900081863150000;165.14400166964444;-35.999999999995467;159.156139204829
132900081863250000;164.78400166964448;-35.999999999995254;158.6230528934403
132900081863350000;164.42400166964453;-35.9999999999949;158.0933740649522
132900081863450000;164.06400166964454;-35.999999999997129;157.56710968910858
132900081863550000;163.70400166964458;-35.999999999996874;157.03031858357775
132900081863650000;163.34400166964463;-35.999999999996447;156.49632986245979
132900081863750000;162.98400166964467;-35.999999999996277;155.97295284912426
132900081863850000;162.62400166964471;-35.999999999995978;155.45254341913937
132900081863950000;162.26400166964476;-35.999999999995467;154.929870007216
132900081864050000;161.9040016696448;-35.999999999995254;154.40636078023988
132900081864150000;161.54400166964484;-35.9999999999949;153.88817200267556
132900081864250000;161.18400166964486;-35.999999999997129;153.38319319719429
132900081864350000;160.8240016696449;-35.999999999996874;152.8817374153187
132900081864450000;160.46400166964494;-35.999999999996447;152.38231281153131
132900081864550000;160.104001669645;-35.999999999996277;151.87276155843856
132900081864650000;159.74400166964503;-35.999999999995978;151.36271668292852
132900081864750000;159.38400166964507;-35.999999999995467;150.86387158197013
132900081864850000;159.02400166964512;-35.999999999995254;150.36626047635909
132900081864950000;158.66400166964516;-35.9999999999949;149.86525887349347
132900081865050000;158.30400166964517;-35.999999999997129;149.36123700960508
132900081865150000;157.94400166964522;-35.999999999996874;148.86204281492084
132900081865250000;157.58400166964526;-35.999999999996447;148.37626611176421
132900081865350000;157.2240016696453;-35.999999999996277;147.89412797173969
132900081865450000;156.86400166964535;-35.999999999995978;147.41797226325659
132900081865550000;156.50400166964539;-35.999999999995467;146.93409767038389
132900081865650000;156.14400166964543;-35.999999999994984;146.45233903959127
132900081865750000;155.78400166964545;-35.999999999997158;145.98127070651808
132900081865850000;155.42400166964549;-35.999999999996895;145.51573032425722
132900081865950000;155.06400166964554;-35.999999999996461;145.0485725072123
132900081866050000;154.70400166964558;-35.999999999996284;144.5826118633014
132900081866150000;154.34400166964562;-35.999999999995978;144.12260791489462
132900081866250000;153.98400166964566;-35.999999999995467;143.67696130964885
132900081866350000;153.62400166964571;-35.999999999995254;143.23359662229265
132900081866450000;153.26400166964575;-35.9999999999949;142.79408551481342
132900081866550000;152.90400166964577;-35.999999999997129;142.348427742652
132900081866650000;152.54400166964581;-35.999999999996874;141.90041740447336
132900081866750000;152.18400166964585;-35.999999999996447;141.46330897297045
132900081866850000;151.8240016696459;-35.999999999996277;141.02915336509375
132900081866950000;151.46400166964594;-35.999999999995978;140.59267745534535
132900081867050000;151.10400166964598;-35.999999999995467;140.15436832680555
132900081867150000;150.74400166964603;-35.999999999995254;139.71940254886835
132900081867250000;150.38400166964607;-35.9999999999949;139.29735277300031
132900081867350000;150.02400166964608;-35.999999999997129;138.87931403458964
132900081867450000;149.66400166964613;-35.999999999996874;138.46502812324985
132900081867550000;149.30400166964617;-35.999999999996447;138.04640578469446
132900081867650000;148.94400166964621;-35.999999999996277;137.6280382267625
132900081867750000;148.58400166964626;-35.999999999995978;137.21963238539988
132900081867850000;148.2240016696463;-35.999999999995467;136.81833106149156
132900081867950000;147.86400166964634;-35.999999999995254;136.41583104960256
132900081868050000;147.50400166964639;-35.9999999999949;136.01178260879408
132900081868150000;147.1440016696464;-35.999999999997129;135.61513064118194
132900081868250000;146.78400166964644;-35.999999999996874;135.23222993705755
132900081868350000;146.42400166964649;-35.999999999996447;134.85363651425908
132900081868450000;146.06400166964653;-35.999999999996277;134.47933432942091
132900081868550000;145.70400166964657;-35.999999999995978;134.10089369863465
132900081868650000;145.34400166964662;-35.999999999995467;133.72372008521597
132900081868750000;144.98400166964666;-35.999999999995254;133.35397257072009
132900081868850000;144.6240016696467;-35.9999999999949;132.99022915277095
132900081868950000;144.26400166964672;-35.999999999997129;132.62632573829563
132900081869050000;143.90400166964676;-35.999999999996874;132.26196391992136
132900081869150000;143.5440016696468;-35.999999999996447;131.90315006559106
132900081869250000;143.18400166964685;-35.999999999996277;131.55510368804153
132900081869350000;142.82400166964689;-35.999999999995978;131.21311313526786
132900081869450000;142.46400166964693;-35.999999999995467;130.87594811642879
132900081869550000;142.10400166964698;-35.999999999995254;130.53552428871592
132900081869650000;141.74400166964702;-35.9999999999949;130.1976410130564
132900081869750000;141.38400166964703;-35.999999999997129;129.8683605293709
132900081869850000;141.02400166964708;-35.999999999996874;129.54573603040225
132900081869950000;140.66400166964712;-35.999999999996447;129.22074812984388
132900081870050000;140.30400166964716;-35.999999999996277;128.89827241733133
132900081870150000;139.94400166964721;-35.999999999995978;128.58139139075644
132900081870250000;139.58400166964725;-35.999999999995467;128.27365139175657
132900081870350000;139.22400166964729;-35.999999999995254;127.97193296498993
132900081870450000;138.86400166964734;-35.9999999999949;127.67576989790886
132900081870550000;138.50400166964735;-35.999999999997129;127.37439179627432
132900081870650000;138.1440016696474;-35.999999999996547;127.07393327443248
132900081870750000;137.78400166964744;-35.999999999996319;126.78120717808544
132900081870850000;137.42400166964748;-35.999999999996;126.49337233345737
132900081870950000;137.06400166964752;-35.999999999995474;126.20466107517781
132900081871050000;136.70400166964757;-35.999999999995268;125.91460544481129
132900081871150000;136.34400166964761;-35.9999999999949;125.63119650919667
132900081871250000;135.98400166964763;-35.999999999997129;125.35403194197447
132900081871350000;135.62400166964767;-35.999999999996874;125.08166415150055
132900081871450000;135.26400166964771;-35.999999999996447;124.81371055229967
132900081871550000;134.90400166964776;-35.999999999996277;124.54347953659885
132900081871650000;134.5440016696478;-35.999999999995978;124.274430032114
132900081871750000;134.18400166964784;-35.999999999995467;124.01463678386874
132900081871850000;133.82400166964789;-35.999999999995254;123.75781405949218
132900081871950000;133.46400166964793;-35.9999999999949;123.50232589785378
132900081872050000;133.10400166964794;-35.999999999997129;123.24707482198819
132900081872150000;132.744001669648;-35.999999999996874;122.99729469166894
132900081872250000;132.38400166964803;-35.999999999996447;122.7551973398116
132900081872350000;132.02400166964807;-35.999999999996277;122.51951644458148
132900081872450000;131.66400166964812;-35.999999999995978;122.28543233908145
132900081872550000;131.30400166964816;-35.999999999995467;122.05318619516947
132900081872650000;130.9440016696482;-35.999999999995254;121.82782010503107
132900081872750000;130.58400166964825;-35.9999999999949;121.62528445452661
132900081872850000;130.22400166964826;-35.999999999997129;121.44490221534889
132900081872950000;129.8640016696483;-35.999999999996874;121.27980245141636
132900081873050000;129.50400166964835;-35.999999999996447;121.12933717951687
132900081873150000;129.14400166964839;-35.999999999996277;120.99025565423403
132900081873250000;128.78400166964843;-35.999999999995978;120.86460255836037
132900081873350000;128.42400166964848;-35.999999999995467;120.74889399304352
132900081873450000;128.06400166964852;-35.999999999995254;120.64503927792289
132900081873550000;127.70400166964856;-35.9999999999949;120.54907598384875
132900081873650000;127.34400166964858;-35.999999999997129;120.46098612902472
132900081873750000;126.98400166964862;-35.999999999996874;120.382180796467
132900081873850000;126.62400166964866;-35.999999999996447;120.30976596268673
132900081873950000;126.26400166964871;-35.999999999996277;120.24099383754134
132900081874050000;125.90400166964875;-35.999999999995978;120.17785648393077
132900081874150000;125.54400166964879;-35.999999999995467;120.11649559034139
132900081874250000;125.18400166964884;-35.999999999995254;120.05991131564987
132900081874350000;124.82400166964888;-35.9999999999949;120.00631999966427
132900081874450000;124.46400166964889;-35.999999999997129;119.95205595295236
132900081874550000;124.10400166964894;-35.999999999996874;119.8998250919237
132900081874650000;123.74400166964898;-35.999999999996447;119.8466312711453
132900081874750000;123.38400166964902;-35.999999999996277;119.79670290974285
132900081874850000;123.02400166964907;-35.999999999995978;119.74739916665065
132900081874950000;122.66400166964911;-35.999999999995467;119.69571597069189
132900081875050000;122.30400166964915;-35.999999999995254;119.643372979496
132900081875150000;121.9440016696492;-35.9999999999949;119.59075506518093
132900081875250000;121.58400166964921;-35.999999999997129;119.53672478135958
132900081875350000;121.22400166964926;-35.999999999996874;119.48198180740585
132900081875450000;120.8640016696493;-35.999999999996447;119.42421448960587
132900081875550000;120.50400166964934;-35.999999999996277;119.35974522996722
132900081875650000;120.14400166964938;-35.999999999995588;119.29128087548642
132900081875750000;119.78400166964943;-35.99999999999531;119.21931665264032
132900081875850000;119.42400166964947;-35.999999999994927;119.14206176993467
132900081875950000;119.06400166964949;-35.999999999997137;119.05686108921216
132900081876050000;118.70400166964953;-35.999999999996888;118.96123710344665
132900081876150000;118.34400166964957;-35.999999999996447;118.85500434585582
132900081876250000;117.98400166964962;-35.999999999996277;118.73704117644118
132900081876350000;117.62400166964966;-35.999999999995978;118.59451508734674
132900081876450000;117.2640016696497;-35.999999999995467;118.4284564724428
132900081876550000;116.90400166964975;-35.999999999995254;118.24231965293883
132900081876650000;116.54400166964979;-35.9999999999949;118.03941855445082
132900081876750000;116.1840016696498;-35.999999999997129;117.8293221534733
132900081876850000;115.82400166964985;-35.999999999996874;117.61094954977686
132900081876950000;115.46400166964989;-35.999999999996447;117.3818563472084
132900081877050000;115.10400166964993;-35.999999999996277;117.14424837108214
132900081877150000;114.74400166964998;-35.999999999995978;116.89937276498139
132900081877250000;114.38400166965002;-35.999999999995467;116.65612375702972
132900081877350000;114.02400166965006;-35.999999999995254;116.41232020557416
132900081877450000;113.66400166965011;-35.9999999999949;116.16522444492233
132900081877550000;113.30400166965012;-35.999999999997129;115.90660935007266
132900081877650000;112.94400166965016;-35.999999999996874;115.64061988093258
132900081877750000;112.58400166965021;-35.999999999996447;115.3758165394875
132900081877850000;112.22400166965025;-35.999999999996277;115.1095752665068
132900081877950000;111.86400166965029;-35.999999999995978;114.83744317933457
132900081878050000;111.50400166965034;-35.999999999995467;114.55908006222744
132900081878150000;111.14400166965038;-35.999999999995254;114.27897083255435
132900081878250000;110.78400166965042;-35.9999999999949;114.00239210972397
132900081878350000;110.42400166965044;-35.999999999997129;113.72456078092939
132900081878450000;110.06400166965048;-35.999999999996874;113.44483419091634
132900081878550000;109.70400166965052;-35.999999999996447;113.15562351308685
132900081878650000;109.34400166965057;-35.999999999996277;112.85869686405593
132900081878750000;108.98400166965061;-35.999999999995978;112.56295316054452
132900081878850000;108.62400166965065;-35.999999999995467;112.2646623771661
132900081878950000;108.2640016696507;-35.999999999995254;111.96003204635125
132900081879050000;107.90400166965074;-35.9999999999949;111.65020799681228
132900081879150000;107.54400166965075;-35.999999999997129;111.3351919246951
132900081879250000;107.1840016696508;-35.999999999996874;111.02163798357881
132900081879350000;106.82400166965084;-35.999999999996447;110.70865206223553
132900081879450000;106.46400166965088;-35.999999999996277;110.39189520767697
132900081879550000;106.10400166965093;-35.999999999995978;110.06439596906856
132900081879650000;105.74400166965097;-35.999999999995467;109.73046300101579
132900081879750000;105.38400166965101;-35.999999999995254;109.39845474844763
132900081879850000;105.02400166965106;-35.9999999999949;109.06607693042176
132900081879950000;104.66400166965107;-35.999999999997129;108.7272051900883
132900081880050000;104.30400166965112;-35.999999999996874;108.37690773909016
132900081880150000;103.94400166965113;-35.99999999999882;108.02412898118074
132900081880250000;103.58400166965117;-35.99999999999806;107.67627306289681
132900081880350000;103.22400166965122;-35.999999999997293;107.32672497859059
132900081880450000;102.86400166965126;-35.999999999996987;106.9732468833369
132900081880550000;102.5040016696513;-35.999999999996867;106.60988552597526
132900081880650000;102.14400166965135;-35.999999999996277;106.23683097043761
132900081880750000;101.78400166965139;-35.999999999996035;105.86428371730162
132900081880850000;101.42400166965143;-35.999999999995282;105.49038188173044
132900081880950000;101.06400166965148;-35.999999999994976;105.10889567522992
132900081881050000;100.70400166965152;-35.999999999994856;104.72056562222173
132900081881150000;100.34400166965156;-35.99999999999401;104.3258596206224
132900081881250000;99.9840016696516;-35.999999999993676;103.93694464913661
132900081881350000;99.624001669651648;-35.999999999993534;103.5481612821136
132900081881450000;99.264001669651634;-35.999999999998217;103.1543965370137
132900081881550000;98.904001669651677;-35.999999999997819;102.75349451277472
132900081881650000;98.54400166965172;-35.999999999997655;102.34156300455783
132900081881750000;98.184001669651764;-35.999999999996589;101.93100064270568
132900081881850000;97.8240016696518;-35.999999999996163;101.52057296828031
132900081881950000;97.46400166965185;-35.999999999995993;101.10141951077465
132900081882050000;97.1040016696519;-35.999999999995254;100.67486198809195
132900081882150000;96.744001669651936;-35.999999999994969;100.24441722677233
132900081882250000;96.38400166965198;-35.999999999994856;99.818202429432517
132900081882350000;96.024001669652023;-35.99999999999401;99.393890007220293
132900081882450000;95.664001669652066;-35.999999999993676;98.964196092686151
132900081882550000;95.304001669652109;-35.999999999993534;98.525442597122321
132900081882650000;94.9440016696521;-35.999999999998217;98.076268422912179
132900081882750000;94.584001669652139;-35.999999999997819;97.628807192151413
132900081882850000;94.224001669652182;-35.999999999997655;97.179779065653108
132900081882950000;93.864001669652225;-35.999999999997584;96.723451049766936
132900081883050000;93.504001669652268;-35.999999999997108;96.258368691173715
132900081883150000;93.144001669652312;-35.999999999996916;95.790921122626443
132900081883250000;92.784001669652355;-35.999999999996831;95.328216591117837
132900081883350000;92.4240016696524;-35.999999999996255;94.868104910526611
132900081883450000;92.064001669652441;-35.999999999996021;94.403657217490576
132900081883550000;91.704001669652484;-35.999999999995929;93.930171287505217
132900081883650000;91.344001669652528;-35.999999999995232;93.445205718578336
132900081883750000;90.984001669652571;-35.999999999994955;92.962153674361844
132900081883850000;90.624001669652614;-35.999999999994841;92.479804283616716
132900081883950000;90.264001669652657;-35.999999999994;91.988408272436772
132900081884050000;89.9040016696527;-35.999999999993676;91.489628790953645
132900081884150000;89.544001669652744;-35.999999999993534;90.98712561453334
132900081884250000;89.18400166965273;-35.999999999998217;90.49129964942783
132900081884350000;88.824001669652773;-35.999999999997819;89.999486928323577
132900081884450000;88.464001669652816;-35.999999999997655;89.503493923558509
132900081884550000;88.10400166965286;-35.999999999997584;88.998872866654537
132900081884650000;87.7440016696529;-35.999999999997108;88.48209442299688
132900081884750000;87.384001669652946;-35.999999999996916;87.966104790301273
132900081884850000;87.024001669652989;-35.999999999996831;87.453929549927238
132900081884950000;86.664001669653032;-35.999999999996255;86.933558871835288
132900081885050000;86.304001669653076;-35.999999999996021;86.406857234192245
132900081885150000;85.944001669653119;-35.999999999995929;85.873768355233153
132900081885250000;85.584001669653162;-35.999999999995232;85.349297071602251
132900081885350000;85.2240016696532;-35.999999999994955;84.828639996578019
132900081885450000;84.864001669653248;-35.999999999994841;84.306187772262319
132900081885550000;84.504001669653292;-35.999999999994;83.774603525072152
132900081885650000;84.144001669653335;-35.999999999993676;83.233946240746249
132900081885750000;83.784001669653321;-35.999999999998273;82.694234634637979
132900081885850000;83.424001669653364;-35.99999999999784;82.158877434626078
132900081885950000;83.064001669653408;-35.999999999997669;81.616754641558231
132900081886050000;82.704001669653451;-35.9999999999976;81.063596910823918
132900081886150000;82.3440016696535;-35.999999999997115;80.508553725407026
132900081886250000;81.984001669653537;-35.999999999996916;79.9619784767042
132900081886350000;81.62400166965358;-35.999999999996831;79.421822280327149
132900081886450000;81.264001669653624;-35.999999999996255;78.880472495922277
132900081886550000;80.904001669653667;-35.999999999996021;78.329451802476228
132900081886650000;80.54400166965371;-35.999999999995929;77.766777688151961
132900081886750000;80.184001669653753;-35.999999999995232;77.20686307812899
132900081886850000;79.8240016696538;-35.999999999994955;76.651330954344374
132900081886950000;79.46400166965384;-35.999999999994841;76.089990649757624
132900081887050000;79.104001669653883;-35.999999999994;75.521148106619847
132900081887150000;78.744001669653926;-35.999999999993676;74.951477318193454
132900081887250000;78.384001669653969;-35.999999999993534;74.391109427875662
132900081887350000;78.024001669653956;-35.999999999998217;73.837931972337785
132900081887450000;77.664001669654;-35.999999999997819;73.28455378250068
132900081887550000;77.304001669653985;-36.000000000000952;72.727483385441559
132900081887650000;76.944001669653858;-36.000000000007432;72.160522109307863
132900081887750000;76.58400166965373;-36.00000000001004;71.600145844594508
132900081887850000;76.2240016696536;-36.000000000011539;71.047741460973455
132900081887950000;75.864001669653476;-36.000000000012939;70.49369961457883
132900081888050000;75.504001669653348;-36.000000000013507;69.933621566877832
132900081888150000;75.144001669653221;-36.000000000014275;69.373722849915765
132900081888250000;74.784001669653151;-36.000000000009848;68.82407621303517
132900081888350000;74.424001669653023;-36.000000000010353;68.28446400081063
132900081888450000;74.0640016696529;-36.000000000011212;67.746525230164693
132900081888550000;73.704001669652769;-36.000000000011553;67.20191156106668
132900081888650000;73.344001669652641;-36.00000000001215;66.65211415915131
132900081888750000;72.984001669652514;-36.000000000013181;66.10776439355304
132900081888850000;72.624001669652387;-36.000000000013593;65.571208981034829
132900081888950000;72.264001669652259;-36.00000000001431;65.035399842966441
132900081889050000;71.904001669652189;-36.000000000009855;64.493692454890748
132900081889150000;71.544001669652062;-36.000000000010353;63.953342663404463
132900081889250000;71.184001669651934;-36.000000000011212;63.424448748674479
132900081889350000;70.8240016696518;-36.000000000011553;62.9059354593943
132900081889450000;70.46400166965168;-36.00000000001215;62.391652645654219
132900081889550000;70.104001669651552;-36.000000000013181;61.873000355079
132900081889650000;69.744001669651425;-36.000000000013593;61.348931744091693
132900081889750000;69.3840016696513;-36.00000000001431;60.833155846421562
132900081889850000;69.024001669651227;-36.000000000009855;60.324645663899879
132900081889950000;68.6640016696511;-36.000000000010353;59.815344367156989
132900081890050000;68.304001669650972;-36.000000000011212;59.300619137856721
132900081890150000;67.944001669650845;-36.000000000011553;58.787441957984456
132900081890250000;67.584001669650718;-36.00000000001215;58.287501631829315
132900081890350000;67.22400166965059;-36.000000000013181;57.798092934960948
132900081890450000;66.864001669650463;-36.000000000013593;57.310145928051313
132900081890550000;66.504001669650336;-36.00000000001431;56.820032951883434
132900081890650000;66.144001669650208;-36.000000000014595;56.323013487229879
132900081890750000;65.784001669650138;-36.000000000009976;55.832868052504196
132900081890850000;65.424001669650011;-36.0000000000104;55.352058224385907
132900081890950000;65.064001669649883;-36.000000000011241;54.8735310288506
132900081891050000;64.704001669649756;-36.000000000011575;54.391951861012352
132900081891150000;64.344001669649629;-36.000000000012164;53.912682097644563
132900081891250000;63.9840016696495;-36.000000000013188;53.443728033649805
132900081891350000;63.624001669649374;-36.000000000013607;52.985913001383025
132900081891450000;63.264001669649247;-36.000000000014317;52.5321699884705
132900081891550000;62.904001669649176;-36.000000000009869;52.075690209104557
132900081891650000;62.544001669649049;-36.000000000010367;51.616464690567653
132900081891750000;62.184001669648922;-36.000000000011219;51.163706469715279
132900081891850000;61.824001669648794;-36.000000000011568;50.720765155029063
132900081891950000;61.464001669648667;-36.000000000012164;50.280147094614392
132900081892050000;61.10400166964854;-36.000000000013188;49.833289361356243
132900081892150000;60.744001669648412;-36.000000000013607;49.38880161746625
132900081892250000;60.384001669648285;-36.000000000014317;48.955552026821621
132900081892350000;60.024001669648214;-36.000000000009869;48.532045570098404
132900081892450000;59.664001669648087;-36.000000000010367;48.112042909986123
132900081892550000;59.30400166964796;-36.000000000011219;47.692801887654944
132900081892650000;58.944001669647832;-36.000000000011568;47.267536678802827
132900081892750000;58.584001669647705;-36.000000000012164;46.848100326278811
132900081892850000;58.224001669647578;-36.000000000013188;46.437178576888122
132900081892950000;57.86400166964745;-36.000000000013607;46.02761960931015
132900081893050000;57.504001669647323;-36.000000000014317;45.6171515335736
132900081893150000;57.144001669647253;-36.000000000009869;45.209359016309868
132900081893250000;56.784001669647125;-36.000000000010367;44.809688348192566
132900081893350000;56.424001669647;-36.000000000011219;44.422495379285955
132900081893450000;56.064001669646871;-36.000000000011568;44.038811907711825
132900081893550000;55.704001669646743;-36.000000000012164;43.655115766740479
132900081893650000;55.344001669646616;-36.000000000013188;43.268576243909834
132900081893750000;54.984001669646489;-36.000000000013607;42.890138565831123
132900081893850000;54.624001669646361;-36.000000000014317;42.520908853356175
132900081893950000;54.264001669646291;-36.000000000009869;42.155429211936919
132900081894050000;53.904001669646163;-36.000000000010367;41.787071188255027
132900081894150000;53.544001669646036;-36.000000000011219;41.42092072457541
132900081894250000;53.184001669645909;-36.000000000011568;41.064299253909759
132900081894350000;52.824001669645781;-36.000000000012164;40.717990120193832
132900081894450000;52.464001669645654;-36.000000000013188;40.375668991305893
132900081894550000;52.104001669645527;-36.000000000013607;40.03457683793917
132900081894650000;51.7440016696454;-36.000000000014317;39.688954562362248
132900081894750000;51.384001669645329;-36.000000000009869;39.350704786013637
132900081894850000;51.0240016696452;-36.000000000010367;39.017119127126051
132900081894950000;50.664001669645074;-36.000000000011219;38.686881761716705
132900081895050000;50.304001669644947;-36.000000000011568;38.358120712924034
132900081895150000;49.94400166964482;-36.000000000012164;38.0296649307269
132900081895250000;49.584001669644692;-36.000000000013188;37.709968662901332
132900081895350000;49.224001669644565;-36.000000000013607;37.399683193625876
132900081895450000;48.864001669644438;-36.000000000014317;37.091250200981065
132900081895550000;48.504001669644367;-36.000000000009869;36.7858265783448
132900081895650000;48.14400166964424;-36.000000000010367;36.478091670753386
132900081895750000;47.784001669644113;-36.000000000011219;36.176017225377976
132900081895850000;47.424001669643985;-36.000000000011568;35.881916515277737
132900081895950000;47.064001669643858;-36.000000000012164;35.58853705285545
132900081896050000;46.704001669643731;-36.000000000013188;35.293523309276942
132900081896150000;46.3440016696436;-36.000000000013607;35.000641558177314
132900081896250000;45.984001669643476;-36.000000000014317;34.715161902539961
132900081896350000;45.624001669643405;-36.000000000009869;34.438595247488735
132900081896450000;45.264001669643278;-36.000000000010367;34.163703393703116
132900081896550000;44.904001669643151;-36.000000000011219;33.88957367268759
132900081896650000;44.544001669643023;-36.000000000011568;33.612765505783678
132900081896750000;44.184001669642896;-36.000000000012164;33.341262295605887
132900081896850000;43.824001669642769;-36.000000000013188;33.074458530729459
132900081896950000;43.464001669642641;-36.000000000013607;32.810997018938124
132900081897050000;43.104001669642514;-36.000000000014317;32.54789677407198
132900081897150000;42.744001669642444;-36.000000000009869;32.285695234405452
132900081897250000;42.384001669642316;-36.000000000010367;32.031354090991726
132900081897350000;42.024001669642189;-36.000000000011219;31.784187722178142
132900081897450000;41.664001669642062;-36.000000000011568;31.542212148271116
132900081897550000;41.304001669641934;-36.000000000012164;31.302662805597251
132900081897650000;40.944001669641807;-36.000000000013188;31.0644094747392
132900081897750000;40.58400166964168;-36.000000000013607;30.837532057356956
132900081897850000;40.224001669641552;-36.000000000014317;30.636803359006372
132900081897950000;39.864001669641482;-36.000000000009869;30.455997136319759
132900081898050000;39.504001669641355;-36.000000000010367;30.290792519003773
132900081898150000;39.144001669641227;-36.000000000011219;30.13912026738782
132900081898250000;38.7840016696411;-36.000000000011568;30.000965382857743
132900081898350000;38.424001669640973;-36.000000000012164;29.876029583152931
132900081898450000;38.064001669640845;-36.000000000013188;29.760329831561378
132900081898550000;37.704001669640718;-36.000000000013607;29.655418763669605
132900081898650000;37.344001669640591;-36.000000000014317;29.559360936344238
132900081898750000;36.98400166964052;-36.000000000009869;29.471248337653797
132900081898850000;36.624001669640393;-36.000000000010367;29.391967821538714
132900081898950000;36.264001669640265;-36.000000000011219;29.318554178597587
132900081899050000;35.904001669640138;-36.000000000011568;29.249666190573269
132900081899150000;35.544001669640011;-36.000000000012164;29.185964255031593
132900081899250000;35.184001669639883;-36.000000000013188;29.1267780824413
132900081899350000;34.824001669639756;-36.000000000013607;29.069468071859234
132900081899450000;34.464001669639629;-36.000000000014317;29.014656457282367
132900081899550000;34.104001669639558;-36.000000000009869;28.960683225345438
132900081899650000;33.744001669639431;-36.000000000010367;28.907232703300728
132900081899750000;33.384001669639304;-36.000000000011219;28.8556689322847
132900081899850000;33.024001669639176;-36.000000000011568;28.803698221909549
132900081899950000;32.664001669639049;-36.000000000012164;28.751620169409669
132900081900050000;32.304001669638922;-36.000000000013188;28.699821770084093
132900081900150000;31.944001669638794;-36.000000000013607;28.646616770973235
132900081900250000;31.584001669638667;-36.000000000014317;28.592282138845437
132900081900350000;31.224001669638596;-36.000000000009869;28.536641140315595
132900081900450000;30.864001669638469;-36.000000000010367;28.478056071873379
132900081900550000;30.504001669638342;-36.000000000011219;28.415495068300359
132900081900650000;30.144001669638214;-36.000000000011568;28.346578768395993
132900081900750000;29.784001669638087;-36.0000000000117;28.271598137679717
132900081900850000;29.42400166963796;-36.000000000012214;28.188584277189516
132900081900950000;29.064001669637832;-36.000000000013209;28.098277092823214
132900081901050000;28.704001669637705;-36.000000000013614;27.999946888758817
132900081901150000;28.344001669637578;-36.000000000014325;27.895392783335911
132900081901250000;27.984001669637507;-36.000000000009869;27.782558747479381
132900081901350000;27.62400166963738;-36.000000000010367;27.659405992616449
132900081901450000;27.264001669637253;-36.000000000011219;27.51243712660321
132900081901550000;26.904001669637125;-36.000000000011568;27.344869356999304
132900081901650000;26.544001669636998;-36.000000000012164;27.156568901817462
132900081901750000;26.184001669636871;-36.000000000013188;26.955087638386011
132900081901850000;25.824001669636743;-36.000000000013607;26.746783076203712
132900081901950000;25.464001669636616;-36.000000000014317;26.529234457902174
132900081902050000;25.104001669636546;-36.000000000009869;26.3017640437963
132900081902150000;24.744001669636418;-36.000000000010367;26.066348518938092
132900081902250000;24.384001669636291;-36.000000000011219;25.828400846217669
132900081902350000;24.024001669636164;-36.000000000011568;25.591541322507865
132900081902450000;23.664001669636036;-36.000000000012164;25.3476225834068
132900081902550000;23.304001669635909;-36.000000000013188;25.100243528760384
132900081902650000;22.944001669635782;-36.000000000013607;24.841462173661768
132900081902750000;22.584001669635654;-36.000000000014317;24.580028672127785
132900081902850000;22.224001669635584;-36.000000000009869;24.3191201149637
132900081902950000;21.864001669635456;-36.000000000010367;24.052865213666159
132900081903050000;21.504001669635329;-36.000000000011219;23.779191000335274
132900081903150000;21.144001669635202;-36.000000000011568;23.498965639950196
132900081903250000;20.784001669635074;-36.000000000012164;23.219704817750298
132900081903350000;20.424001669634947;-36.000000000013188;22.942510818044671
132900081903450000;20.06400166963482;-36.000000000013607;22.66439898705217
132900081903550000;19.704001669634692;-36.000000000014317;22.380596032204508
132900081903650000;19.344001669634622;-36.000000000009869;22.088952110056482
132900081903750000;18.984001669634495;-36.000000000010367;21.79400751093878
132900081903850000;18.624001669634367;-36.000000000011219;21.500666920053757
132900081903950000;18.26400166963424;-36.000000000011568;21.204273786158634
132900081904050000;17.904001669634113;-36.000000000012164;20.900612020877432
132900081904150000;17.544001669633985;-36.000000000013188;20.590396212907695
132900081904250000;17.184001669633858;-36.000000000013607;20.281980256338692
132900081904350000;16.824001669633731;-36.000000000014317;19.977048322517344
132900081904450000;16.46400166963366;-36.000000000009869;19.669785025106179
132900081904550000;16.104001669633533;-36.000000000010367;19.357064977691497
132900081904650000;15.744001669633406;-36.000000000011219;19.032723705641054
132900081904750000;15.384001669633278;-36.000000000011568;18.704077635615871
132900081904850000;15.024001669633151;-36.000000000012164;18.375647104055307
132900081904950000;14.664001669633024;-36.000000000013188;18.043047076288644
132900081905050000;14.304001669632896;-36.000000000013607;17.703323550123862
132900081905150000;13.944001669632769;-36.000000000014317;17.356706659124441
132900081905250000;13.584001669632698;-36.000000000009869;17.008693399501638
132900081905350000;13.224001669632571;-36.000000000010367;16.664674171290457
132900081905450000;12.864001669632444;-36.000000000011219;16.316517707365922
132900081905550000;12.504001669632316;-36.000000000011568;15.96421564358725
132900081905650000;12.144001669632189;-36.000000000012164;15.602549994649879
132900081905750000;11.784001669632062;-36.000000000013188;15.236962732549189
132900081905850000;11.424001669631934;-36.000000000013607;14.871181822897167
132900081905950000;11.064001669631807;-36.000000000014317;14.502800283864204
132900081906050000;10.704001669631737;-36.000000000009869;14.125405427374371
132900081906150000;10.344001669631609;-36.000000000010367;13.742687575966251
132900081906250000;9.9840016696314819;-36.000000000011219;13.362184119125477
132900081906350000;9.6240016696313546;-36.000000000011568;12.985045222918467
132900081906450000;9.2640016696312273;-36.000000000012164;12.607882883781247
132900081906550000;8.9040016696311;-36.000000000013188;12.224868429504994
132900081906650000;8.5440016696309726;-36.000000000013607;11.829340655737322
132900081906750000;8.1840016696308453;-36.000000000014317;11.427520694155559
132900081906850000;7.8240016696307748;-36.000000000009869;11.02849787212498
132900081906950000;7.4640016696306475;-36.000000000010367;10.626403345596232
132900081907050000;7.10400166963052;-36.000000000011219;10.214095645501306
132900081907150000;6.7440016696303928;-36.000000000011568;9.7935820274366243
132900081907250000;6.3840016696302655;-36.000000000012164;9.37345254866149
132900081907350000;6.0240016696301382;-36.000000000013188;8.9579453703521263
132900081907450000;5.6640016696300108;-36.000000000013607;8.5397796051200228
132900081907550000;5.3040567924699076;-35.995656902449156;8.1192206096683766
132900081907650000;4.9450469620031186;-35.93170363332495;7.6852934235152972
132900081907750000;4.5884870355363319;-35.752883248806619;7.2463578327099176
132900081907850000;4.2359082030695276;-35.436316438800588;6.8154558554610931
132900081907950000;3.8888416546027997;-34.972808521708593;6.3912342590741158
132900081908050000;3.5488185801360146;-34.358664361229515;5.95966562009587
132900081908150000;3.217370169669266;-33.592398964944543;5.5252105969322383
132900081908250000;2.8960276132025342;-32.673415547712089;5.09316053532431
132900081908350000;2.5863221007357993;-31.60147427496954;4.6778416920802419
132900081908450000;2.2897848222690982;-30.376478762580916;4.2763373830038338
132900081908550000;2.0079469678024111;-28.998390275925711;3.8804895959095416
132900081908650000;1.7423397273357182;-27.467193248432594;3.4949142736804113
132900081908750000;1.4944942908691132;-25.782881424234638;3.1158503477963775
132900081908850000;1.2659418484024627;-23.945452289255044;2.7474960569802183
132900081908950000;1.0582135899358605;-21.954904833128936;2.4020672114908024
132900081909050000;0.87283102734113527;-19.812043060540184;2.0784489162967508
132900081909150000;0.710317119141223;-17.586502710580916;1.782362290350606
132900081909250000;0.56934196447753038;-15.410411549350725;1.5143725097726546
132900081909350000;0.44837437335002051;-13.345776816079033;1.2681301822175388
132900081909450000;0.34588315575877004;-11.417517829507284;1.0472163235195684
132900081909550000;0.260337121703742;-9.6356491049529787;0.849299400151936
132900081909650000;0.19020508118495627;-8.0041952515146573;0.672504931534861
132900081909750000;0.13395584420237583;-6.52477366932822;0.52298914552573661
132900081909850000;0.09005822075607739;-5.1980343552249018;0.39173780057556806
132900081909950000;0.056981020845967123;-4.024238528365041;0.28066544666233795
132900081910050000;0.033193054472064887;-3.0034911668655484;0.19535722694218666
132900081910150000;0.017163131634390538;-2.1358344590743612;0.12422376204177341
132900081910250000;0.0073600623329070913;-1.4212853595470529;0.06346948212066697
132900081910350000;0.0022526565676912469;-0.85985068193058578;0.018257152284659978
132900081910450000;0.00030972433864917548;-0.45153316448868852;-0.01651287734025874
