132900081650550000;0;0;-0.070708012423739489
132900081650650000;0;0;-0.071528934041782941
132900081650750000;0;0;-0.070804088150649508
132900081650850000;0;0;-0.070419177821926443
132900081650950000;0;0;-0.069827152222394856
132900081651050000;0;0;-0.07057294499632201
132900081651150000;0;0;-0.071335060026031821
132900081651250000;0;0;-0.071671998743048526
132900081651350000;0;0;-0.072542444442895759
132900081651450000;0;0;-0.072018798222608871
132900081651550000;0;0;-0.071328925171069618
132900081651650000;0;0;-0.072557823899028887
132900081651750000;0;0;-0.072979055787151567
132900081651850000;0;0;-0.072539392672649444
132900081651950000;0;0;-0.071979792206300866
132900081652050000;0;0;-0.071165543064578
132900081652150000;0;0;-0.070353817798491952
132900081652250000;0;0;-0.070424339237171785
132900081652350000;0;0;-0.070075197272738435
132900081652450000;5.512284E-05;0.0043430975617283953;-0.070295084458148416
132900081652550000;0.0010452923733333332;0.068296366686437043;-0.083533427413961123
132900081652650000;0.0044853659066666713;0.2471167512047906;-0.10102157867407403
132900081652750000;0.011906533440000018;0.56368356121248842;-0.11865114064515971
132900081652850000;0.024839984973333371;1.0271914783002019;-0.1331912017241782
132900081652950000;0.044816910506666752;1.6413356387810554;-0.1431699989246113
132900081653050000;0.073368500040000145;2.4076010350648356;-0.14438958230621249
132900081653150000;0.11202594357333356;3.326584452295652;-0.13794231404905963
132900081653250000;0.16232043110666702;4.3985257250382332;-0.117059676815428
132900081653350000;0.22578315264000051;5.6235212374251411;-0.08633912887055141
132900081653450000;0.303945298173334;7.0016097240775421;-0.043055349552945932
132900081653550000;0.39833805770666753;8.5328067515709556;0.021233415383981782
132900081653650000;0.510492621240001;10.217118575762942;0.10336666022106562
132900081653750000;0.64194017877333476;12.05454771074238;0.20509821333388842
132900081653850000;0.79421192030666832;14.045095166865149;0.33005345857114532
132900081653950000;0.9688293577118986;16.18795693945486;0.48130579371307591
132900081654050000;1.1663154495118644;18.413497289409982;0.65865852695397886
132900081654150000;1.3853402948480602;20.589588450638175;0.865635649361689
132900081654250000;1.6243727037204856;22.654223183912155;1.0943540890542844
132900081654350000;1.8818814861291406;24.582482170483864;1.3530155958472909
132900081654450000;2.1563354520740252;26.3643508950385;1.6371104104626379
132900081654550000;2.44620341155514;27.995804748476484;1.9455649438472393
132900081654650000;2.7499541745724847;29.475226330664555;2.2794863119145372
132900081654750000;3.0660565511260587;30.801965644764095;2.631199509306664
132900081654850000;3.3929793512158626;31.975761471623859;2.9957610181886056
132900081654950000;3.7291913848418954;32.996508833125532;3.3683286559361258
132900081655050000;4.0731614620041583;33.864165540917874;3.7579115684972471
132900081655150000;4.4233583927026512;34.57871464044868;4.1618535293271428
132900081655250000;4.7782509869373735;35.140149318063649;4.5772714823402954
132900081655350000;5.1363080547083264;35.548466835508059;5.0047254555373231
132900081655450000;5.4959984060155076;35.803666092338489;5.4309773138599819
132900081655550000;5.855998330369621;35.921094765845972;5.8608632452998082
132900081655650000;6.2159983303696213;35.968289756078818;6.2942182836446356
132900081655750000;6.5759983303696217;35.987256364164914;6.7319270756015133
132900081655850000;6.9359983303696229;35.994878618572017;7.1627347605485756
132900081655950000;7.2959983303696232;35.997941831666388;7.5852601713631058
132900081656050000;7.6559983303696235;35.999172868307319;8.01037997432208
132900081656150000;8.0159983303696229;35.999667594323569;8.4394972052899355
132900081656250000;8.3759983303696242;35.999866413613894;8.8691928597460858
132900081656350000;8.7359983303696254;35.999946314627593;9.2914090506665481
132900081656450000;9.0959983303696248;35.999978425052866;9.7063742002448521
132900081656550000;9.4559983303696242;35.999991329512575;10.118046526176126
132900081656650000;9.8159983303696254;35.999996515525623;10.527466671831634
132900081656750000;10.175998330369627;35.999998599668;10.937268481698995
132900081656850000;10.535998330369626;35.999999437237953;11.337430220621148
132900081656950000;10.895998330369626;35.9999997738385;11.727407570053645
132900081657050000;11.255998330369629;35.999999909110954;12.116350900218558
132900081657150000;11.615998330369628;35.999999963473719;12.507952645515486
132900081657250000;11.975998330369627;35.999999985320862;12.899866929792012
132900081657350000;12.335998330369629;35.999999994100847;13.285540822125851
132900081657450000;12.695998330369626;35.999999997629111;13.663965740273172
132900081657550000;13.055998330369627;35.999999999047255;14.040612001556607
132900081657650000;13.415998330369629;35.999999999617216;14.413994193189021
132900081657750000;13.775998330369628;35.999999999846167;14.78846204141005
132900081657850000;14.135998330369628;35.999999999938147;15.157184049051548
132900081657950000;14.495998330369627;35.999999999975067;15.515755891686975
132900081658050000;14.85599833036963;35.999999999990123;15.875548536253376
132900081658150000;15.215998330369629;35.999999999995993;16.235433519020035
132900081658250000;15.575998330369629;35.999999999998316;16.592563478624136
132900081658350000;15.935998330369632;35.999999999999517;16.943230007500233
132900081658450000;16.295998330369631;35.999999999999808;17.287010286567753
132900081658550000;16.655998330369631;35.999999999999886;17.62833901860942
132900081658650000;17.01599833036963;35.999999999999879;17.965900804652357
132900081658750000;17.375998330369633;36.000000000000142;18.303144873733125
132900081658850000;17.735998330369632;36.000000000000064;18.633578593362785
132900081658950000;18.095998330369632;35.999999999999993;18.953685197963296
132900081659050000;18.455998330369631;35.999999999999929;19.271003286642234
132900081659150000;18.815998330369634;36.000000000000171;19.59090553517477
132900081659250000;19.175998330369634;36.000000000000036;19.909448499546144
132900081659350000;19.535998330369633;35.999999999999943;20.223047629616087
132900081659450000;19.895998330369636;36.000000000000171;20.529647292507249
132900081659550000;20.255998330369636;36.000000000000071;20.832671158190404
132900081659650000;20.615998330369635;35.999999999999993;21.133259503486531
132900081659750000;20.975998330369634;35.999999999999929;21.434474714147935
132900081659850000;21.335998330369637;36.000000000000171;21.730697660014766
132900081659950000;21.695998330369637;36.000000000000036;22.01993037930157
132900081660050000;22.055998330369636;35.999999999999943;22.307731593558103
132900081660150000;22.415998330369639;36.000000000000171;22.596569739916603
132900081660250000;22.775998330369639;36.000000000000071;22.884582991198673
132900081660350000;23.135998330369638;35.999999999999993;23.16620607340024
132900081660450000;23.495998330369638;35.999999999999929;23.441601498710224
132900081660550000;23.855998330369641;36.000000000000121;23.716174002559484
132900081660650000;24.21599833036964;36.000000000000014;23.98662564623735
132900081660750000;24.575998330369639;35.999999999999929;24.257273436567033
132900081660850000;24.935998330369642;36.000000000000171;24.521942380717721
132900081660950000;25.295998330369642;36.000000000000071;24.779302586290036
132900081661050000;25.655998330369641;35.999999999999993;25.033554258633139
132900081661150000;26.015998330369641;35.999999999999929;25.288451401792429
132900081661250000;26.375998330369644;36.000000000000171;25.541582964714795
132900081661350000;26.735998330369643;36.000000000000071;25.789623032855751
132900081661450000;27.095998330369643;35.999999999999993;26.03119045198131
132900081661550000;27.455998330369642;35.999999999999929;26.267854457873579
132900081661650000;27.815998330369645;36.000000000000171;26.501038330533678
132900081661750000;28.175998330369644;36.000000000000036;26.731096067745817
132900081661850000;28.535998330369644;35.999999999999943;26.940689693373905
132900081661950000;28.895998330369647;36.000000000000171;27.126173738571104
132900081662050000;29.255998330369646;36.000000000000071;27.293630940513097
132900081662150000;29.615998330369646;35.999999999999993;27.449840950277384
132900081662250000;29.975998330369645;35.999999999999929;27.594269857193829
132900081662350000;30.335998330369648;36.000000000000171;27.726018711816344
132900081662450000;30.695998330369644;35.999999999999893;27.845470880350938
132900081662550000;31.055998330369643;35.999999999999922;27.956175931885873
132900081662650000;31.415998330369643;35.999999999999893;28.056123563386265
132900081662750000;31.775998330369646;36.000000000000156;28.147605173784456
132900081662850000;32.135998330369645;36.000000000000114;28.230275560283875
132900081662950000;32.495998330369645;36.000000000000085;28.305427401319584
132900081663050000;32.855998330369644;36.000000000000071;28.375047948540477
132900081663150000;33.215998330369644;36.000000000000014;28.441123046466465
132900081663250000;33.575998330369643;35.999999999999893;28.503223825822925
132900081663350000;33.935998330369642;35.999999999999851;28.562820976640818
132900081663450000;34.295998330369642;35.999999999999758;28.618477198895039
132900081663550000;34.655998330369648;36.000000000000313;28.671963993252135
132900081663650000;35.015998330369648;36.000000000000171;28.725154454365377
132900081663750000;35.375998330369647;36.000000000000114;28.776581915329654
132900081663850000;35.735998330369647;36.000000000000028;28.828411778905902
132900081663950000;36.095998330369646;35.9999999999999;28.878490488803035
132900081664050000;36.455998330369646;35.999999999999851;28.929354922634815
132900081664150000;36.815998330369645;35.999999999999758;28.982317459488897
132900081664250000;37.175998330369652;36.000000000000313;29.037358018071892
132900081664350000;37.535998330369651;36.000000000000256;29.092587388763693
132900081664450000;37.89599833036965;36.000000000000085;29.149546581537713
132900081664550000;38.25599833036965;35.999999999999922;29.212109173283707
132900081664650000;38.615998330369649;35.999999999999858;29.277964726904742
132900081664750000;38.975998330369649;35.999999999999766;29.350105083960912
132900081664850000;39.335998330369655;36.000000000000313;29.428763517795829
132900081664950000;39.695998330369655;36.000000000000171;29.513317988060226
132900081665050000;40.055998330369654;36.000000000000114;29.606344897659671
132900081665150000;40.415998330369654;36.000000000000028;29.706857102226458
132900081665250000;40.775998330369653;35.9999999999999;29.816235362723642
132900081665350000;41.135998330369652;35.999999999999851;29.93438063161835
132900081665450000;41.495998330369652;35.999999999999758;30.070796817109958
132900081665550000;41.855998330369651;35.999999999999623;30.230859533591811
132900081665650000;42.215998330369658;36.000000000000185;30.410755304065059
132900081665750000;42.57599833036965;35.999999999999432;30.608124196228296
132900081665850000;42.935998330369664;36.000000000000639;30.816217266554773
132900081665950000;43.295998330369656;35.999999999999929;31.030562096190032
132900081666050000;43.655998330369663;36.000000000000462;31.253452443750948
132900081666150000;44.015998330369655;35.99999999999978;31.485804166691295
132900081666250000;44.375998330369661;36.000000000000348;31.728285273280925
132900081666350000;44.735998330369654;35.999999999999574;31.974907209189979
132900081666450000;45.09599833036966;36.000000000000171;32.222826340863385
132900081666550000;45.455998330369653;35.999999999999432;32.4751011705702
132900081666650000;45.815998330369666;36.000000000000639;32.730979810496848
132900081666750000;46.175998330369659;35.999999999999929;32.996023959940914
132900081666850000;46.535998330369665;36.000000000000462;33.2634099303135
132900081666950000;46.895998330369657;35.99999999999978;33.527527353885908
132900081667050000;47.255998330369664;36.000000000000348;33.796251109564835
132900081667150000;47.615998330369656;35.999999999999574;34.071024598321586
132900081667250000;47.975998330369663;36.000000000000171;34.352017507678049
132900081667350000;48.335998330369655;35.999999999999432;34.63506363628786
132900081667450000;48.695998330369669;36.000000000000639;34.91605637384216
132900081667550000;49.055998330369661;35.999999999999929;35.200867405525429
132900081667650000;49.415998330369668;36.000000000000462;35.488420168088368
132900081667750000;49.77599833036966;35.99999999999978;35.784845542223159
132900081667850000;50.135998330369667;36.000000000000348;36.081723707023421
132900081667950000;50.495998330369659;35.999999999999574;36.376728190386849
132900081668050000;50.855998330369673;36.000000000000682;36.674954699196974
132900081668150000;51.215998330369665;35.999999999999943;36.982402499461777
132900081668250000;51.575998330369671;36.000000000000469;37.296532509867511
132900081668350000;51.935998330369664;35.99999999999978;37.613054253303893
132900081668450000;52.29599833036967;36.000000000000348;37.930171093685487
132900081668550000;52.655998330369663;35.999999999999574;38.250404458941667
132900081668650000;53.015998330369669;36.000000000000171;38.575070802162642
132900081668750000;53.375998330369661;35.999999999999432;38.906805548411427
132900081668850000;53.735998330369675;36.000000000000639;39.24084607284869
132900081668950000;54.095998330369667;35.999999999999929;39.5728318793432
132900081669050000;54.455998330369674;36.000000000000462;39.908256073490179
132900081669150000;54.815998330369666;35.99999999999978;40.251237827036455
132900081669250000;55.175998330369673;36.000000000000348;40.601278431050588
132900081669350000;55.535998330369665;35.999999999999574;40.953654360238517
132900081669450000;55.895998330369672;36.000000000000171;41.304885982959988
132900081669550000;56.255998330369664;35.999999999999432;41.660363875525483
132900081669650000;56.615998330369678;36.000000000000639;42.018787655119084
132900081669750000;56.97599833036967;35.999999999999929;42.389536152213765
132900081669850000;57.335998330369677;36.000000000000462;42.763155621573169
132900081669950000;57.695998330369669;35.99999999999978;43.131977916977121
132900081670050000;58.055998330369675;36.000000000000348;43.507018320696879
132900081670150000;58.415998330369668;35.999999999999574;43.891746773272779
132900081670250000;58.775998330369674;36.000000000000171;44.286167238420667
132900081670350000;59.135998330369667;35.999999999999432;44.683270093140173
132900081670450000;59.49599833036968;36.000000000000639;45.077687368098324
132900081670550000;59.855998330369673;35.999999999999837;45.477418597250015
132900081670650000;60.215998330369679;36.000000000000369;45.8786825447186
132900081670750000;60.575998330369671;35.999999999999581;46.2913340599273
132900081670850000;60.935998330369678;36.000000000000171;46.705665503902878
132900081670950000;61.29599833036967;35.999999999999432;47.115016344919695
132900081671050000;61.655998330369684;36.000000000000639;47.527225967924089
132900081671150000;62.015998330369676;35.999999999999929;47.949782726725637
132900081671250000;62.375998330369683;36.000000000000462;48.38010461081759
132900081671350000;62.735998330369675;35.99999999999978;48.812583512739344
132900081671450000;63.095998330369682;36.000000000000348;49.241161379486805
132900081671550000;63.455998330369674;35.999999999999574;49.675564678615849
132900081671650000;63.815998330369681;36.000000000000171;50.1122611799325
132900081671750000;64.175998330369666;35.999999999998934;50.559667809518004
132900081671850000;64.535998330369679;36.000000000000284;51.010119073225241
132900081671950000;64.895998330369679;36.000000000000227;51.452399101867478
132900081672050000;65.255998330369678;36.000000000000064;51.89998600321433
132900081672150000;65.615998330369678;36.000000000000135;52.357808926932655
132900081672250000;65.975998330369677;36.000000000000021;52.824324807378993
132900081672350000;66.335998330369677;35.9999999999998;53.2948514693399
132900081672450000;66.695998330369648;35.999999999997883;53.76014327106401
132900081672550000;67.0559983303696;35.999999999996405;54.232135068275873
132900081672650000;67.415998330369575;35.999999999996874;54.705460724812973
132900081672750000;67.775998330369532;35.9999999999963;55.19016898187509
132900081672850000;68.135998330369489;35.9999999999959;55.676936627405922
132900081672950000;68.495998330369446;35.999999999995609;56.15517180773135
132900081673050000;68.855998330369417;35.999999999996362;56.6354818391952
132900081673150000;69.215998330369374;35.999999999995929;57.127265599834708
132900081673250000;69.575998330369345;35.9999999999968;57.627115432038494
132900081673350000;69.9359983303693;35.99999999999627;58.132223720619635
132900081673450000;70.295998330369258;35.999999999995893;58.6320055391071
132900081673550000;70.655998330369215;35.999999999995609;59.133891237801087
132900081673650000;71.015998330369186;35.999999999996561;59.638153869681879
132900081673750000;71.375998330369143;35.999999999996177;60.1545223059185
132900081673850000;71.7359983303691;35.999999999995858;60.668656896616028
132900081673950000;72.095998330369056;35.999999999995595;61.177891161026771
132900081674050000;72.455998330369027;35.999999999996561;61.687695487939088
132900081674150000;72.815998330368984;35.999999999996177;62.208868346613819
132900081674250000;73.175998330368941;35.999999999995858;62.738620377632209
132900081674350000;73.5359983303689;35.999999999995595;63.27019286070049
132900081674450000;73.895998330368869;35.999999999996561;63.796049778402548
132900081674550000;74.255998330368826;35.999999999996177;64.326533157441673
132900081674650000;74.615998330368782;35.999999999995858;64.8587405932843
132900081674750000;74.975998330368739;35.999999999995595;65.401110898380011
132900081674850000;75.33599833036871;35.999999999996561;65.945362184654186
132900081674950000;75.695998330368667;35.999999999996177;66.48121634641177
132900081675050000;76.055998330368624;35.999999999995858;67.017199296503492
132900081675150000;76.415998330368581;35.999999999995595;67.562706725511873
132900081675250000;76.775998330368552;35.999999999996561;68.1155249204195
132900081675350000;77.135998330368508;35.999999999996177;68.670094147655135
132900081675450000;77.495998330368465;35.999999999995858;69.216606403131436
132900081675550000;77.855998330368422;35.999999999995595;69.767165651781426
132900081675650000;78.2159983303684;35.999999999996561;70.316885719805626
132900081675750000;78.57599833036835;35.999999999996177;70.8761706543241
132900081675850000;78.9359983303683;35.999999999995858;71.43734415559824
132900081675950000;79.295998330368263;35.999999999995595;71.988301996859235
132900081676050000;79.655998330368234;35.999999999996561;72.5396076920519
132900081676150000;80.015998330368191;35.999999999996177;73.101569498030543
132900081676250000;80.375998330368148;35.999999999995858;73.6733421275712
132900081676350000;80.7359983303681;35.999999999995595;74.241107806839679
132900081676450000;81.095998330368076;35.999999999996561;74.801094868421885
132900081676550000;81.455998330368033;35.999999999996177;75.362845717452785
132900081676650000;81.815998330367989;35.999999999995858;75.920486854510159
132900081676750000;82.175998330367946;35.999999999995595;76.4870509103525
132900081676850000;82.535998330367917;35.999999999996561;77.051193879922948
132900081676950000;82.895998330367874;35.999999999996177;77.603493524205533
132900081677050000;83.255998330367831;35.999999999995858;78.151014992376318
132900081677150000;83.615998330367788;35.999999999995595;78.707048401357468
132900081677250000;83.975998330367759;35.999999999996561;79.267649064033819
132900081677350000;84.335998330367715;35.999999999996177;79.824754985364464
132900081677450000;84.695998330367672;35.999999999995858;80.371907677172331
132900081677550000;85.055998330367629;35.999999999995595;80.917075082480309
132900081677650000;85.4159983303676;35.999999999996561;81.459711478066225
132900081677750000;85.775998330367557;35.999999999996177;82.008701821943689
132900081677850000;86.135998330367514;35.999999999995858;82.555680737836056
132900081677950000;86.49599833036747;35.999999999995595;83.087689905607078
132900081678050000;86.855998330367441;35.999999999996355;83.616961855477854
132900081678150000;87.2159983303674;35.999999999995929;84.153295315597731
132900081678250000;87.575998330367355;35.999999999995616;84.69165234192819
132900081678350000;87.935998330367326;35.999999999996561;85.2273925111736
132900081678450000;88.295998330367283;35.999999999996177;85.754701983042253
132900081678550000;88.65599833036724;35.999999999995858;86.278759538292277
132900081678650000;89.0159983303672;35.999999999995595;86.800345022901652
132900081678750000;89.375998330367167;35.999999999996561;87.325416048487739
132900081678850000;89.735998330367124;35.999999999996177;87.846835446866635
132900081678950000;90.095998330367081;35.999999999995858;88.353766187135
132900081679050000;90.455998330367038;35.999999999995595;88.857013374416979
132900081679150000;90.815998330367009;35.999999999996561;89.365691829909323
132900081679250000;91.175998330366966;35.999999999996177;89.8769943434784
132900081679350000;91.535998330366922;35.999999999995858;90.38447102114354
132900081679450000;91.895998330366879;35.999999999995595;90.882441087475058
132900081679550000;92.25599833036685;35.999999999996561;91.378972535236457
132900081679650000;92.6159983303668;35.999999999996177;91.869163843817049
132900081679750000;92.975998330366764;35.999999999995858;92.362626177817631
132900081679850000;93.335998330366721;35.999999999995595;92.853693121375969
132900081679950000;93.695998330366692;35.999999999996561;93.329739580478872
132900081680050000;94.055998330366648;35.999999999996177;93.80295762794637
132900081680150000;94.4159983303666;35.999999999995858;94.279997246383985
132900081680250000;94.775998330366562;35.999999999995595;94.75740440064898
132900081680350000;95.135998330366533;35.999999999996561;95.232144050214373
132900081680450000;95.49599833036649;35.999999999996177;95.69768523888159
132900081680550000;95.855998330366447;35.999999999995858;96.158514441448432
132900081680650000;96.2159983303664;35.999999999995595;96.615315247284343
132900081680750000;96.575998330366374;35.999999999996561;97.072851610835855
132900081680850000;96.935998330366331;35.999999999996177;97.527862961768918
132900081680950000;97.295998330366288;35.999999999995858;97.971440917473288
132900081681050000;97.655998330366245;35.999999999995595;98.408908361783
132900081681150000;98.015998330366216;35.999999999996561;98.849024276009189
132900081681250000;98.375998330366173;35.999999999996177;99.289056268351459
132900081681350000;98.735998330366129;35.999999999995858;99.726402334689183
132900081681450000;99.095998330366086;35.999999999995595;100.15301693476346
132900081681550000;99.455998330366057;35.999999999996561;100.57654705088881
132900081681650000;99.815998330366014;35.999999999996177;100.99475564927676
132900081681750000;100.17599833036597;35.999999999995858;101.41564373885973
132900081681850000;100.53599833036593;35.999999999995595;101.83417143385067
132900081681950000;100.8959983303659;35.999999999996561;102.24037149055712
132900081682050000;101.25599833036586;35.999999999996177;102.64120140887916
132900081682150000;101.61599833036581;35.999999999995858;103.04337575511991
132900081682250000;101.97599833036577;35.999999999995595;103.44667316928333
132900081682350000;102.33599833036574;35.999999999996561;103.84883980180777
132900081682450000;102.6959983303657;35.999999999996177;104.24027030505185
132900081682550000;103.05599833036565;35.999999999995858;104.62682853740003
132900081682650000;103.41599833036561;35.999999999995595;105.01049999554417
132900081682750000;103.77599833036558;35.999999999996561;105.39498361027238
132900081682850000;104.13599833036554;35.999999999996177;105.77556683580285
132900081682950000;104.4959983303655;35.999999999995858;106.1433502004426
132900081683050000;104.85599833036547;35.99999999999666;106.50613173578056
132900081683150000;105.21599833036542;35.999999999996213;106.86948851789289
132900081683250000;105.57599833036538;35.999999999995872;107.2328459249199
132900081683350000;105.93599833036534;35.999999999995595;107.59245025500299
132900081683450000;106.29599833036531;35.999999999996561;107.94394878331084
132900081683550000;106.65599833036526;35.999999999996177;108.2887544031926
132900081683650000;107.01599833036522;35.999999999995858;108.63248748241286
132900081683750000;107.37599833036518;35.999999999995595;108.97627573095517
132900081683850000;107.73599833036515;35.999999999996561;109.31621061900668
132900081683950000;108.09599833036511;35.999999999996177;109.64639247771116
132900081684050000;108.45599833036506;35.999999999995858;109.97028178265597
132900081684150000;108.81599833036502;35.999999999995595;110.29610368330272
132900081684250000;109.17599833036499;35.999999999996561;110.62239405302474
132900081684350000;109.53599833036495;35.999999999996177;110.94601542664881
132900081684450000;109.8959983303649;35.999999999995858;111.26002812840414
132900081684550000;110.25599833036486;35.999999999995595;111.56919095861993
132900081684650000;110.61599833036483;35.999999999996561;111.87608596008009
132900081684750000;110.97599833036479;35.999999999996177;112.18041299752038
132900081684850000;111.33599833036475;35.999999999995858;112.48477308060585
132900081684950000;111.6959983303647;35.999999999995595;112.77884091072492
132900081685050000;112.05599833036467;35.999999999996561;113.06709889177701
132900081685150000;112.41599833036463;35.999999999996177;113.35616469513374
132900081685250000;112.77599833036459;35.999999999995858;113.645520049314
132900081685350000;113.13599833036454;35.999999999995595;113.9319252046989
132900081685450000;113.49599833036452;35.999999999996561;114.21352699408362
132900081685550000;113.85599833036447;35.999999999996177;114.49056158454657
132900081685650000;114.21599833036443;35.999999999995858;114.7652408276436
132900081685750000;114.57599833036439;35.999999999995595;115.03902254991954
132900081685850000;114.93599833036436;35.999999999996561;115.31071624004288
132900081685950000;115.29599833036431;35.999999999996177;115.57340912925106
132900081686050000;115.65599833036427;35.999999999995858;115.83292896560315
132900081686150000;116.01599833036423;35.999999999995595;116.0923933315358
132900081686250000;116.3759983303642;35.999999999996561;116.35110225789117
132900081686350000;116.73599833036415;35.999999999996177;116.60679927449334
132900081686450000;117.09599833036411;35.999999999995858;116.85594608450568
132900081686550000;117.45599833036407;35.999999999995595;117.10039820960701
132900081686650000;117.81599833036404;35.999999999996561;117.3405615894078
132900081686750000;118.175998330364;35.999999999996177;117.57942846456717
132900081686850000;118.53599833036395;35.999999999995858;117.8140853372032
132900081686950000;118.89599833036391;35.999999999995595;118.02757164482912
132900081687050000;119.25599833036388;35.999999999996561;118.21600984076892
132900081687150000;119.61599833036384;35.999999999996177;118.38671434425078
132900081687250000;119.97599833036379;35.999999999995858;118.54066857171048
132900081687350000;120.33599833036375;35.999999999995595;118.67645843734945
132900081687450000;120.69599833036372;35.999999999996561;118.79796429371976
132900081687550000;121.05599833036368;35.999999999996177;118.90843768873459
132900081687650000;121.41599833036364;35.999999999995858;119.0092301407004
132900081687750000;121.77599833036359;35.999999999995595;119.10161138716262
132900081687850000;122.13599833036356;35.999999999996561;119.18536205111528
132900081687950000;122.49599833036352;35.999999999996177;119.26118102437427
132900081688050000;122.85599833036348;35.999999999995715;119.33163296299415
132900081688150000;123.21599833036345;35.999999999996604;119.39719682949473
132900081688250000;123.5759983303634;35.999999999996191;119.45915906992633
132900081688350000;123.93599833036336;35.999999999995858;119.51852465026511
132900081688450000;124.29599833036332;35.999999999995595;119.57267278290112
132900081688550000;124.65599833036329;35.999999999996561;119.6265892891094
132900081688650000;125.01599833036325;35.999999999996177;119.67846942404331
132900081688750000;125.3759983303632;35.999999999995858;119.73045987503097
132900081688850000;125.73599833036316;35.999999999995595;119.78189471605035
132900081688950000;126.09599833036313;35.999999999996561;119.83297018453398
132900081689050000;126.45599833036309;35.999999999996177;119.8841343435286
132900081689150000;126.81599833036304;35.999999999995858;119.93486112164001
132900081689250000;127.175998330363;35.999999999995595;119.98866429996471
132900081689350000;127.53599833036297;35.999999999996561;120.04163780743751
132900081689450000;127.89599833036293;35.999999999996177;120.09709398054162
132900081689550000;128.25599833036287;35.999999999994969;120.1525963929541
132900081689650000;128.61599833036283;35.999999999994785;120.21308710820993
132900081689750000;128.97599833036281;35.99999999999708;120.27782380604616
132900081689850000;129.33599833036277;35.999999999996867;120.34964687482021
132900081689950000;129.69599833036273;35.999999999996447;120.42759965380948
132900081690050000;130.05599833036268;35.999999999996277;120.51120832653014
132900081690150000;130.41599833036264;35.999999999995978;120.60451817839682
132900081690250000;130.7759983303626;35.999999999995467;120.7051051520431
132900081690350000;131.13599833036255;35.999999999995254;120.81366686446238
132900081690450000;131.49599833036251;35.9999999999949;120.93013371131453
132900081690550000;131.8559983303625;35.999999999997129;121.06748004584706
132900081690650000;132.21599833036245;35.999999999996874;121.22559643897456
132900081690750000;132.57599833036241;35.999999999996447;121.40480791554327
132900081690850000;132.93599833036237;35.999999999996277;121.60136649194972
132900081690950000;133.29599833036232;35.999999999995978;121.80293879650135
132900081691050000;133.65599833036228;35.999999999995858;122.01157531091643
132900081691150000;134.01599833036224;35.999999999995808;122.23059891099635
132900081691250000;134.37599833036219;35.999999999995396;122.45904841862902
132900081691350000;134.73599833036215;35.999999999995232;122.69534682694135
132900081691450000;135.09599833036211;35.999999999994891;122.93388210603851
132900081691550000;135.45599833036209;35.999999999997129;123.17391496697999
132900081691650000;135.81599833036205;35.999999999996874;123.41978791904727
132900081691750000;136.175998330362;35.999999999996447;123.67282291292678
132900081691850000;136.53599833036196;35.999999999996277;123.93127548025788
132900081691950000;136.89599833036192;35.999999999995978;124.19018372044405
132900081692050000;137.25599833036188;35.999999999995467;124.44998575311729
132900081692150000;137.61599833036183;35.999999999995254;124.71647933726017
132900081692250000;137.97599833036179;35.9999999999949;124.9892185591272
132900081692350000;138.33599833036178;35.999999999997129;125.26646576015762
132900081692450000;138.69599833036173;35.999999999996156;125.54251535146936
132900081692550000;139.05599833036169;35.999999999995268;125.81993663810549
132900081692650000;139.41599833036167;35.999999999997272;126.10056485367535
132900081692750000;139.77599833036163;35.999999999996938;126.38890587959426
132900081692850000;140.13599833036159;35.999999999996476;126.68099556865511
132900081692950000;140.49599833036154;35.999999999996291;126.96974854794169
132900081693050000;140.8559983303615;35.999999999995993;127.25873553574604
132900081693150000;141.21599833036146;35.999999999995467;127.55417212487427
132900081693250000;141.57599833036142;35.999999999995254;127.85679309516377
132900081693350000;141.93599833036137;35.9999999999949;128.16832739747071
132900081693450000;142.29599833036136;35.999999999997129;128.47709467128158
132900081693550000;142.65599833036131;35.999999999996874;128.78828217431118
132900081693650000;143.01599833036127;35.999999999996447;129.10156936530376
132900081693750000;143.37599833036123;35.999999999996277;129.42119595725723
132900081693850000;143.73599833036118;35.999999999995978;129.75012109709471
132900081693950000;144.09599833036114;35.999999999995467;130.07675766529496
132900081694050000;144.4559983303611;35.999999999995254;130.40334529837111
132900081694150000;144.81599833036106;35.9999999999949;130.73865335245932
132900081694250000;145.17599833036104;35.999999999997129;131.08169542106532
132900081694350000;145.535998330361;35.999999999996874;131.43145020555437
132900081694450000;145.89599833036095;35.999999999996447;131.77952515594913
132900081694550000;146.25599833036091;35.999999999996277;132.12790235553953
132900081694650000;146.61599833036087;35.999999999995978;132.48329656905082
132900081694750000;146.97599833036082;35.999999999995467;132.84479856311822
132900081694850000;147.33599833036078;35.999999999995254;133.21181493811196
132900081694950000;147.69599833036074;35.9999999999949;133.57736201963351
132900081695050000;148.05599833036072;35.999999999997129;133.94150704676844
132900081695150000;148.41599833036068;35.999999999996874;134.313511394184
132900081695250000;148.77599833036064;35.999999999996447;134.69646791029044
132900081695350000;149.13599833036059;35.999999999996277;135.08308647968352
132900081695450000;149.49599833036055;35.999999999995978;135.46865732662451
132900081695550000;149.85599833036051;35.999999999995467;135.85791531302249
132900081695650000;150.21599833036046;35.999999999994984;136.25032137524477
132900081695750000;150.57599833036045;35.999999999997158;136.65062150123023
132900081695850000;150.93599833036041;35.999999999996895;137.05872329807332
132900081695950000;151.29599833036036;35.999999999996461;137.46266826164
132900081696050000;151.65599833036032;35.999999999996284;137.86712042010427
132900081696150000;152.01599833036028;35.999999999995978;138.27851722832969
132900081696250000;152.37599833036023;35.999999999995467;138.69952515678648
132900081696350000;152.73599833036019;35.999999999995254;139.12551067988147
132900081696450000;153.09599833036015;35.9999999999949;139.54995540451665
132900081696550000;153.45599833036013;35.999999999997129;139.97285529105602
132900081696650000;153.81599833036009;35.999999999996874;140.39969710023382
132900081696750000;154.17599833036005;35.999999999996447;140.83120092868114
132900081696850000;154.53599833036;35.999999999996277;141.27154534738389
132900081696950000;154.89599833035996;35.999999999995978;141.70603544593644
132900081697050000;155.25599833035992;35.999999999995467;142.1367331880293
132900081697150000;155.61599833035987;35.999999999995254;142.57482620891017
132900081697250000;155.97599833035983;35.9999999999949;143.022411100427
132900081697350000;156.33599833035981;35.999999999997129;143.47378536071045
132900081697450000;156.69599833035977;35.999999999996874;143.9230655718645
132900081697550000;157.05599833035973;35.999999999996447;144.37246731149423
132900081697650000;157.41599833035969;35.999999999996277;144.82854879398622
132900081697750000;157.77599833035964;35.999999999995978;145.29281054288092
132900081697850000;158.1359983303596;35.999999999995467;145.7649126100678
132900081697950000;158.49599833035956;35.999999999995254;146.23266441397928
132900081698050000;158.85599833035951;35.9999999999949;146.69892960928166
132900081698150000;159.2159983303595;35.999999999997129;147.17269407455558
132900081698250000;159.57599833035945;35.999999999996874;147.65946551180551
132900081698350000;159.93599833035941;35.999999999996447;148.15155107237152
132900081698450000;160.29599833035937;35.999999999996277;148.64166198835386
132900081698550000;160.65599833035932;35.999999999995978;149.13050054439512
132900081698650000;161.01599833035928;35.999999999995467;149.62134151710018
132900081698750000;161.37599833035924;35.999999999995254;150.11730285954468
132900081698850000;161.7359983303592;35.9999999999949;150.62058891082023
132900081698950000;162.09599833035918;35.999999999997129;151.11771763684973
132900081699050000;162.45599833035914;35.999999999996874;151.61154121674269
132900081699150000;162.81599833035909;35.999999999996447;152.10914060157333
132900081699250000;163.17599833035905;35.999999999996277;152.61602098766713
132900081699350000;163.535998330359;35.999999999995978;153.13009603673379
132900081699450000;163.89599833035896;35.999999999995467;153.64009335417848
132900081699550000;164.25599833035892;35.999999999995254;154.1487056235662
132900081699650000;164.61599833035888;35.9999999999949;154.6633739368045
132900081699750000;164.97599833035886;35.999999999997129;155.18186778548713
132900081699850000;165.33599833035882;35.999999999996874;155.71008252920373
132900081699950000;165.69599833035878;35.999999999996447;156.23223159582909
132900081700050000;166.05599833035873;35.999999999996277;156.75070955908487
132900081700150000;166.41599833035869;35.999999999995978;157.27606618995063
132900081700250000;166.77599833035865;35.999999999995467;157.81332866642089
132900081700350000;167.1359983303586;35.999999999995254;158.354998666571
132900081700450000;167.49599833035856;35.9999999999949;158.89397727986352
132900081700550000;167.85599833035855;35.999999999997129;159.42865866691386
132900081700650000;168.2159983303585;35.999999999996547;159.96532237535544
132900081700750000;168.57599833035846;35.999999999996319;160.504787648731
132900081700850000;168.93599833035842;35.999999999996;161.05102337204258
132900081700950000;169.29599833035837;35.999999999995474;161.59009855853441
132900081701050000;169.65599833035833;35.999999999995268;162.12305952991716
132900081701150000;170.01599833035829;35.9999999999949;162.65894232497936
132900081701250000;170.37599833035827;35.999999999997129;163.20680144791484
132900081701350000;170.73599833035823;35.999999999996874;163.75937945285031
132900081701450000;171.09599833035819;35.999999999996447;164.30668444265854
132900081701550000;171.45599833035814;35.999999999996277;164.84958353991064
132900081701650000;171.8159983303581;35.999999999995978;165.39418487461293
132900081701750000;172.17599833035806;35.999999999995467;165.94051909914904
132900081701850000;172.535998330358;35.999999999995254;166.49244447700224
132900081701950000;172.89599833035797;35.9999999999949;167.03891959660535
132900081702050000;173.25599833035795;35.999999999997129;167.57693272809064
132900081702150000;173.61599833035791;35.999999999996874;168.11823564021645
132900081702250000;173.97599833035787;35.999999999996447;168.6677322295115
132900081702350000;174.33599833035783;35.999999999996277;169.21926538113519
132900081702450000;174.69599833035778;35.999999999995978;169.76335300507247
132900081702550000;175.05599833035774;35.999999999995467;170.29902332219527
132900081702650000;175.4159983303577;35.999999999995254;170.8334832418567
132900081702750000;175.77599833035765;35.9999999999949;171.36810138876484
132900081702850000;176.13599833035764;35.999999999997129;171.90515013537578
132900081702950000;176.49599833035759;35.999999999996874;172.43134975576766
132900081703050000;176.85599833035755;35.999999999996447;172.94732570685136
132900081703150000;177.21599833035751;35.999999999996277;173.4635193960342
132900081703250000;177.57599833035746;35.999999999995978;173.98374350309558
132900081703350000;177.93599833035742;35.999999999995467;174.50655605956914
132900081703450000;178.29599833035738;35.999999999995254;175.02288667082243
132900081703550000;178.65599833035734;35.9999999999949;175.53086903965871
132900081703650000;179.01599833035732;35.999999999997129;176.03966676024547
132900081703750000;179.37599833035728;35.999999999996874;176.54729212809471
132900081703850000;179.73599833035723;35.999999999996447;177.06001437005489
132900081703950000;180.09599833035719;35.999999999996277;177.56370124747537
132900081704050000;180.45599833035715;35.999999999995978;178.05956421273456
132900081704150000;180.8159983303571;35.999999999995467;178.55804902003956
132900081704250000;181.17599833035706;35.999999999995254;179.06228883267926
132900081704350000;181.53599833035702;35.9999999999949;179.56571230835291
132900081704450000;181.895998330357;35.999999999997129;180.06198734965892
132900081704550000;182.25599833035696;35.999999999996874;180.5497378340805
132900081704650000;182.61599833035692;35.999999999996447;181.03557414867939
132900081704750000;182.97599833035687;35.999999999996277;181.51887955131068
132900081704850000;183.33599833035683;35.999999999995978;182.00231646678694
132900081704950000;183.69599833035679;35.999999999995467;182.47574212778827
132900081705050000;184.05599833035674;35.999999999995254;182.93763201722643
132900081705150000;184.4159983303567;35.9999999999949;183.39668732287106
132900081705250000;184.77599833035669;35.999999999997129;183.85922175165314
132900081705350000;185.13599833035664;35.999999999996874;184.32183245464202
132900081705450000;185.4959983303566;35.999999999996447;184.77774683445384
132900081705550000;185.85599833035656;35.999999999996049;185.22489378910257
132900081705650000;186.21599833035651;35.999999999995495;185.66885513319815
132900081705750000;186.57599833035647;35.999999999995275;186.11059122488445
132900081705850000;186.93599833035643;35.999999999994913;186.55716489056624
132900081705950000;187.29599833035641;35.999999999997129;186.99446754677663
132900081706050000;187.65599833035637;35.999999999996874;187.42263697985857
132900081706150000;188.01599833035633;35.999999999996447;187.85078685952021
132900081706250000;188.37599833035628;35.999999999996277;188.28249675557055
132900081706350000;188.73599833035624;35.999999999995978;188.71341529087709
132900081706450000;189.0959983303562;35.999999999995467;189.13811297023784
132900081706550000;189.45599833035615;35.999999999995254;189.55268325327137
132900081706650000;189.81599833035611;35.9999999999949;189.96753368468279
132900081706750000;190.17599833035609;35.999999999997129;190.37818066714115
132900081706850000;190.53599833035605;35.999999999996874;190.78921525973118
132900081706950000;190.895998330356;35.999999999996447;191.19115716123733
132900081707050000;191.25599833035597;35.999999999996277;191.5833372268485
132900081707150000;191.61599833035592;35.999999999995978;191.97320674349811
132900081707250000;191.97599833035588;35.999999999995467;192.36561128151621
132900081707350000;192.33599833035584;35.999999999995254;192.75944774048503
132900081707450000;192.69599833035579;35.9999999999949;193.14865671165083
132900081707550000;193.05599833035578;35.999999999997129;193.52928926519192
132900081707650000;193.41599833035573;35.999999999996874;193.90732516929415
132900081707750000;193.77599833035569;35.999999999996447;194.28187976131557
132900081707850000;194.13599833035565;35.999999999996277;194.6585756202748
132900081707950000;194.4959983303556;35.999999999995978;195.02799155506909
132900081708050000;194.85599833035556;35.999999999995467;195.38897949714149
132900081708150000;195.21599833035552;35.999999999995254;195.74730817422162
132900081708250000;195.57599833035548;35.9999999999949;196.10683459658887
132900081708350000;195.93599833035546;35.999999999997129;196.4671156975586
132900081708450000;196.29599833035542;35.999999999996874;196.81988440054505
132900081708550000;196.65599833035537;35.999999999996447;197.1664905791944
132900081708650000;197.01599833035533;35.999999999996277;197.50856249036752
132900081708750000;197.37599833035529;35.999999999995978;197.84877724780486
132900081708850000;197.73599833035524;35.999999999995467;198.18943645640871
132900081708950000;198.0959983303552;35.999999999995254;198.52184651151043
132900081709050000;198.45599833035516;35.9999999999949;198.84494016655646
132900081709150000;198.81599833035514;35.999999999997129;199.16388924036846
132900081709250000;199.1759983303551;35.999999999996874;199.48411778220387
132900081709350000;199.53599833035506;35.999999999996447;199.80424308831462
132900081709450000;199.895998330355;35.999999999996277;200.11931225905536
132900081709550000;200.25599833035497;35.999999999995978;200.4261244988883
132900081709650000;200.61599833035493;35.999999999995467;200.73040426519714
132900081709750000;200.97599833035488;35.999999999995254;201.0323961279872
132900081709850000;201.33599833035484;35.9999999999949;201.33663313718807
132900081709950000;201.69599833035483;35.999999999997129;201.63398127948878
132900081710050000;202.05599833035478;35.999999999996874;201.92478783523626
132900081710150000;202.41599833035474;35.999999999996447;202.21308164200849
132900081710250000;202.7759983303547;35.999999999996277;202.5026691953307
132900081710350000;203.13599833035465;35.999999999995978;202.79105572740346
132900081710450000;203.49599833035461;35.999999999995467;203.07435537767969
132900081710550000;203.85599833035457;35.999999999994984;203.3522005968677
132900081710650000;204.21599833035455;35.999999999997158;203.6275300272136
132900081710750000;204.57599833035451;35.999999999996895;203.90061642077782
132900081710850000;204.93599833035447;35.999999999996461;204.17279999713733
132900081710950000;205.29599833035442;35.999999999996284;204.43866903868477
132900081711050000;205.65599833035438;35.999999999995978;204.69800118999643
132900081711150000;206.01599833035434;35.999999999995467;204.95220480593028
132900081711250000;206.37599833035429;35.999999999995254;205.20798494349009
132900081711350000;206.73599833035425;35.9999999999949;205.46123879341229
132900081711450000;207.09599833035423;35.999999999997129;205.70974846533593
132900081711550000;207.45599833035419;35.999999999996874;205.95093614473959
132900081711650000;207.81599833035415;35.999999999996447;206.19136515821282
132900081711750000;208.17599833035411;35.999999999996277;206.42708072179619
132900081711850000;208.53599833035406;35.999999999995978;206.66066697837093
132900081711950000;208.89599833035402;35.999999999995467;206.88667433021325
132900081712050000;209.25599833035398;35.999999999995254;207.09445151880334
132900081712150000;209.61599833035393;35.9999999999949;207.27970446119824
132900081712250000;209.97599833035392;35.999999999997129;207.44890853366593
132900081712350000;210.33599833035387;35.999999999996874;207.59913274315352
132900081712450000;210.69599833035383;35.999999999996447;207.73462086291
132900081712550000;211.05599833035379;35.999999999996277;207.8547235628026
132900081712650000;211.41599833035374;35.999999999995978;207.96398214233113
132900081712750000;211.7759983303537;35.999999999995467;208.06224648418618
132900081712850000;212.13599833035366;35.999999999995254;208.15348340242957
132900081712950000;212.49599833035362;35.9999999999949;208.23662829403486
132900081713050000;212.8559983303536;35.999999999997129;208.31197188221523
132900081713150000;213.21599833035356;35.999999999996874;208.38140044490407
132900081713250000;213.57599833035351;35.999999999996447;208.44610141766287
132900081713350000;213.93599833035347;35.999999999996277;208.50813366569145
132900081713450000;214.29599833035343;35.999999999995978;208.56700186651761
132900081713550000;214.65599833035338;35.999999999995467;208.6218336000461
132900081713650000;215.01599833035334;35.999999999995254;208.67598570879713
132900081713750000;215.3759983303533;35.9999999999949;208.7293892464694
132900081713850000;215.73599833035328;35.999999999997129;208.78265940636609
132900081713950000;216.09599833035324;35.999999999996874;208.83517154386428
132900081714050000;216.4559983303532;35.999999999996447;208.88610353634934
132900081714150000;216.81599833035315;35.999999999996277;208.93802786440628
132900081714250000;217.17599833035311;35.999999999995978;208.99030227425209
132900081714350000;217.53599833035307;35.999999999995467;209.04300089333106
132900081714450000;217.89599833035302;35.999999999995254;209.0988305475133
132900081714550000;218.25599833035298;35.9999999999949;209.15404935750314
132900081714650000;218.61599833035297;35.999999999997129;209.21308534833742
132900081714750000;218.97599833035292;35.999999999996874;209.27523045104971
132900081714850000;219.33599833035288;35.999999999996447;209.34372037450024
132900081714950000;219.69599833035284;35.999999999996277;209.41655700611432
132900081715050000;220.05599833035279;35.999999999995978;209.49237247165286
132900081715150000;220.41599833035275;35.999999999995467;209.57556824099325
132900081715250000;220.77599833035271;35.999999999995254;209.668491687953
132900081715350000;221.13599833035266;35.9999999999949;209.77338240070321
132900081715450000;221.49599833035265;35.999999999997129;209.8930619456481
132900081715550000;221.85599833035261;35.999999999996547;210.03707210660738
132900081715650000;222.21599833035256;35.999999999996319;210.20298441832409
132900081715750000;222.57599833035252;35.999999999996;210.38612810484858
132900081715850000;222.93599833035248;35.999999999995474;210.58556196392212
132900081715950000;223.29599833035243;35.999999999995268;210.7960343238974
132900081716050000;223.65599833035239;35.9999999999949;211.01099315537317
132900081716150000;224.01599833035238;35.999999999997129;211.23288965826552
132900081716250000;224.37599833035233;35.999999999996874;211.46611661667149
132900081716350000;224.73599833035229;35.999999999996447;211.70729454724776
132900081716450000;225.09599833035225;35.999999999996277;211.95361704360809
132900081716550000;225.4559983303522;35.999999999995978;212.2005132603523
132900081716650000;225.81599833035216;35.999999999995467;212.45327154134216
132900081716750000;226.17599833035212;35.999999999995254;212.70842273578228
132900081716850000;226.53599833035207;35.9999999999949;212.97155906647839
132900081716950000;226.89599833035206;35.999999999997129;213.23842978414041
132900081717050000;227.255998330352;35.999999999996874;213.50188247583802
132900081717150000;227.61599833035197;35.999999999996447;213.76913377360353
132900081717250000;227.97599833035193;35.999999999996277;214.04401024782334
132900081717350000;228.33599833035189;35.999999999995978;214.32262195842122
132900081717450000;228.69599833035184;35.999999999995467;214.60386345971079
132900081717550000;229.0559983303518;35.999999999995254;214.8843798031306
132900081717650000;229.41599833035176;35.9999999999949;215.16773093652321
132900081717750000;229.77599833035174;35.999999999997129;215.45357794042997
132900081717850000;230.1359983303517;35.999999999996874;215.746595876915
132900081717950000;230.49599833035165;35.999999999996447;216.04228004478773
132900081718050000;230.85599833035161;35.999999999996277;216.33579107928085
132900081718150000;231.21599833035157;35.999999999995978;216.632979436072
132900081718250000;231.57599833035152;35.999999999995467;216.93685702906089
132900081718350000;231.93599833035148;35.999999999995254;217.2471326170508
132900081718450000;232.29599833035144;35.9999999999949;217.56116658386344
132900081718550000;232.65599833035142;35.999999999997129;217.87578704206567
132900081718650000;233.01599833035138;35.999999999996874;218.19538037581773
132900081718750000;233.37599833035134;35.999999999996447;218.5154024297776
132900081718850000;233.73599833035129;35.999999999996277;218.84463623213492
132900081718950000;234.09599833035125;35.999999999995978;219.17631605466065
132900081719050000;234.45599833035121;35.999999999995467;219.50457289820008
132900081719150000;234.81599833035116;35.999999999995254;219.83583030857264
132900081719250000;235.17599833035112;35.9999999999949;220.17550784684983
132900081719350000;235.53599833035111;35.999999999997129;220.52381251890725
132900081719450000;235.89599833035106;35.999999999996874;220.87383837627527
132900081719550000;236.25599833035102;35.999999999996447;221.22327144094709
132900081719650000;236.61599833035098;35.999999999996277;221.57694500342166
132900081719750000;236.97599833035093;35.999999999995978;221.93421446397323
132900081719850000;237.33599833035089;35.999999999995467;222.30067834529129
132900081719950000;237.69599833035085;35.999999999995254;222.67000735153289
132900081720050000;238.0559983303508;35.9999999999949;223.03704543046962
132900081720150000;238.41599833035079;35.999999999997129;223.40855016182391
132900081720250000;238.77599833035075;35.999999999996874;223.79012315779681
132900081720350000;239.1359983303507;35.999999999996447;224.18053187770545
132900081720450000;239.49599833035066;35.999999999996277;224.57507259496188
132900081720550000;239.85599833035062;35.999999999995588;224.96670987886068
132900081720650000;240.21599833035057;35.99999999999531;225.36629897484443
132900081720750000;240.57599833035053;35.999999999994927;225.76759632372921
132900081720850000;240.93599833035052;35.999999999997137;226.17763034538402
132900081720950000;241.29599833035047;35.999999999996888;226.59150047797144
132900081721050000;241.65599833035043;35.999999999996447;226.99809625747264
132900081721150000;242.01599833035039;35.999999999996277;227.40899060326916
132900081721250000;242.37599833035034;35.999999999995978;227.83020067806834
132900081721350000;242.7359983303503;35.999999999995467;228.25822925892081
132900081721450000;243.09599833035026;35.999999999995254;228.68846136368876
132900081721550000;243.45599833035021;35.9999999999949;229.11410809179253
132900081721650000;243.8159983303502;35.999999999997129;229.54523096054325
132900081721750000;244.17599833035015;35.999999999996874;229.97881347276351
132900081721850000;244.53599833035011;35.999999999996447;230.42357785118585
132900081721950000;244.89599833035007;35.999999999996277;230.87110412806081
132900081722050000;245.25599833035003;35.999999999995978;231.31393202405363
132900081722150000;245.61599833034998;35.999999999995467;231.7583631570524
132900081722250000;245.97599833034994;35.999999999995254;232.21454561862657
132900081722350000;246.3359983303499;35.9999999999949;232.67912926675203
132900081722450000;246.69599833034988;35.999999999997129;233.14562602085962
132900081722550000;247.05599833034984;35.999999999996874;233.60910713696003
132900081722650000;247.41599833034979;35.999999999996447;234.07804651058558
132900081722750000;247.77599833034975;35.999999999996277;234.55044924400409
132900081722850000;248.13599833034971;35.999999999995978;235.03286299796113
132900081722950000;248.49599833034966;35.999999999995467;235.5169794018006
132900081723050000;248.85599833034962;35.999999999995254;235.99375627468527
132900081723150000;249.21599833034958;35.9999999999949;236.47097273832026
132900081723250000;249.57599833034956;35.999999999997129;236.95981339924248
132900081723350000;249.93599833034952;35.999999999996874;237.46001253892712
132900081723450000;250.29599833034948;35.999999999996447;237.96154964828864
132900081723550000;250.65599833034943;35.999999999996277;238.45935294201647
132900081723650000;251.01599833034939;35.999999999995978;238.95894367637058
132900081723750000;251.37599833034935;35.999999999995467;239.46035030983887
132900081723850000;251.7359983303493;35.999999999995254;239.97312746204756
132900081723950000;252.09599833034926;35.9999999999949;240.48791127691948
132900081724050000;252.45599833034925;35.999999999997129;240.99581365323246
132900081724150000;252.8159983303492;35.999999999996874;241.50540805827026
132900081724250000;253.17599833034916;35.999999999996447;242.024581674575
132900081724350000;253.53599833034912;35.999999999996277;242.55279397011324
132900081724450000;253.89599833034907;35.999999999995978;243.08397051321518
132900081724550000;254.25599833034903;35.999999999995467;243.6076270986849
132900081724650000;254.615998330349;35.999999999995254;244.13590860525551
132900081724750000;254.97599833034894;35.9999999999949;244.66658271092729
132900081724850000;255.33599833034893;35.999999999997129;245.20654240758722
132900081724950000;255.69599833034889;35.999999999996874;245.74761435667799
132900081725050000;256.05599833034887;35.99999999999882;246.279782563031
132900081725150000;256.41599833034883;35.99999999999806;246.81092017851847
132900081725250000;256.77599833034878;35.999999999997293;247.35406722150711
132900081725350000;257.13599833034874;35.999999999996987;247.90345021315611
132900081725450000;257.4959983303487;35.999999999996867;248.45319029011063
132900081725550000;257.85599833034865;35.999999999996277;248.9977397902606
132900081725650000;258.21599833034861;35.999999999996035;249.5430036661453
132900081725750000;258.57599833034857;35.999999999995282;250.09099237277849
132900081725850000;258.93599833034853;35.999999999994976;250.64794017254692
132900081725950000;259.29599833034848;35.999999999994856;251.20693202631622
132900081726050000;259.65599833034844;35.99999999999401;251.75681077554856
132900081726150000;260.0159983303484;35.999999999993676;252.30463232452053
132900081726250000;260.37599833034835;35.999999999993534;252.86153852327621
132900081726350000;260.73599833034837;35.999999999998217;253.42766581626529
132900081726450000;261.09599833034832;35.999999999997819;253.99528402487951
132900081726550000;261.45599833034828;35.999999999997655;254.55400594332306
132900081726650000;261.81599833034824;35.999999999996589;255.11336108513734
132900081726750000;262.17599833034819;35.999999999996163;255.67137065499495
132900081726850000;262.53599833034815;35.999999999995993;256.23553245301093
132900081726950000;262.89599833034811;35.999999999995254;256.79816480021049
132900081727050000;263.25599833034806;35.999999999994969;257.34836418318491
132900081727150000;263.615998330348;35.999999999994856;257.894447676365
132900081727250000;263.975998330348;35.99999999999401;258.44936712490858
132900081727350000;264.33599833034793;35.999999999993676;259.00702124396037
132900081727450000;264.69599833034789;35.999999999993534;259.56667971038917
132900081727550000;265.0559983303479;35.999999999998217;260.11340906230271
132900081727650000;265.41599833034786;35.999999999997819;260.65932963628131
132900081727750000;265.77599833034782;35.999999999997655;261.20254231052559
132900081727850000;266.13599833034777;35.999999999997584;261.75228777815136
132900081727950000;266.49599833034773;35.999999999997108;262.29993927114185
132900081728050000;266.85599833034769;35.999999999996916;262.83268775114823
132900081728150000;267.21599833034765;35.999999999996831;263.36286918154065
132900081728250000;267.5759983303476;35.999999999996255;263.89907885932473
132900081728350000;267.93599833034756;35.999999999996021;264.43798989741805
132900081728450000;268.29599833034752;35.999999999995929;264.97516023032449
132900081728550000;268.65599833034747;35.999999999995232;265.50373917969466
132900081728650000;269.01599833034743;35.999999999994955;266.0296896987029
132900081728750000;269.37599833034739;35.999999999994841;266.55154424592365
132900081728850000;269.73599833034734;35.999999999994;267.07662532321314
132900081728950000;270.0959983303473;35.999999999993676;267.60035169783561
132900081729050000;270.45599833034726;35.999999999993534;268.11242504623851
132900081729150000;270.81599833034727;35.999999999998217;268.61729417606841
132900081729250000;271.17599833034723;35.999999999997819;269.1261849064025
132900081729350000;271.53599833034718;35.999999999997655;269.63999333459026
132900081729450000;271.89599833034714;35.999999999997584;270.15171169146589
132900081729550000;272.2559983303471;35.999999999997108;270.65174424320685
132900081729650000;272.61599833034705;35.999999999996916;271.14885393098638
132900081729750000;272.975998330347;35.999999999996831;271.64066321925725
132900081729850000;273.33599833034697;35.999999999996255;272.138232358311
132900081729950000;273.69599833034692;35.999999999996021;272.63318207783357
132900081730050000;274.05599833034688;35.999999999995929;273.11077538524478
132900081730150000;274.41599833034684;35.999999999995232;273.58593717915022
132900081730250000;274.77599833034679;35.999999999994955;274.06449187878775
132900081730350000;275.13599833034675;35.999999999994841;274.54512297605891
132900081730450000;275.49599833034671;35.999999999994;275.02309031602817
132900081730550000;275.85599833034667;35.999999999993676;275.48930684671581
132900081730650000;276.21599833034668;35.999999999998273;275.9540216731466
132900081730750000;276.57599833034664;35.99999999999784;276.41419201122966
132900081730850000;276.93599833034659;35.999999999997669;276.87458142807111
132900081730950000;277.29599833034655;35.9999999999976;277.33169475813668
132900081731050000;277.65599833034651;35.999999999997115;277.77643960097868
132900081731150000;278.01599833034646;35.999999999996916;278.2148070569894
132900081731250000;278.37599833034642;35.999999999996831;278.65436380834984
132900081731350000;278.73599833034638;35.999999999996255;279.0963420049581
132900081731450000;279.09599833034633;35.999999999996021;279.53407391762732
132900081731550000;279.45599833034629;35.999999999995929;279.96353027323551
132900081731650000;279.81599833034625;35.999999999995232;280.38731771880265
132900081731750000;280.1759983303462;35.999999999994955;280.80864967922867
132900081731850000;280.53599833034616;35.999999999994841;281.23122182164
132900081731950000;280.89599833034612;35.999999999994;281.6510209267787
132900081732050000;281.25599833034607;35.999999999993676;282.05794129288927
132900081732150000;281.61599833034603;35.999999999993534;282.46086096233461
132900081732250000;281.97599833034604;35.999999999998217;282.86599693171888
132900081732350000;282.335998330346;35.999999999997819;283.27030921140749
132900081732450000;282.695998330346;36.000000000000952;283.67224385686683
132900081732550000;283.05599833034614;36.000000000007432;284.06553470735781
132900081732650000;283.41599833034627;36.00000000001004;284.45332107911315
132900081732750000;283.7759983303464;36.000000000011539;284.83713901844834
132900081732850000;284.13599833034652;36.000000000012939;285.2207975501409
132900081732950000;284.49599833034665;36.000000000013507;285.60341511104815
132900081733050000;284.85599833034678;36.000000000014275;285.97487434386153
132900081733150000;285.21599833034685;36.000000000009848;286.33767567835656
132900081733250000;285.575998330347;36.000000000010353;286.70073610147347
132900081733350000;285.9359983303471;36.000000000011212;287.06646853741745
132900081733450000;286.29599833034723;36.000000000011553;287.42659233741171
132900081733550000;286.65599833034736;36.00000000001215;287.77975462212135
132900081733650000;287.01599833034749;36.000000000013181;288.12642278335636
132900081733750000;287.37599833034761;36.000000000013593;288.47064603528059
132900081733850000;287.73599833034774;36.00000000001431;288.814614118565
132900081733950000;288.09599833034781;36.000000000009855;289.15492773223735
132900081734050000;288.45599833034794;36.000000000010353;289.48772092058113
132900081734150000;288.81599833034807;36.000000000011212;289.81362030796134
132900081734250000;289.17599833034819;36.000000000011553;290.13981014422012
132900081734350000;289.53599833034832;36.00000000001215;290.4660929109358
132900081734450000;289.89599833034845;36.000000000013181;290.78911679651856
132900081734550000;290.25599833034858;36.000000000013593;291.10640597042442
132900081734650000;290.6159983303487;36.00000000001431;291.41888990513723
132900081734750000;290.97599833034877;36.000000000009855;291.72724672066693
132900081734850000;291.3359983303489;36.000000000010353;292.03307661406927
132900081734950000;291.695998330349;36.000000000011212;292.3357481371707
132900081735050000;292.05599833034915;36.000000000011553;292.631971858376
132900081735150000;292.41599833034928;36.00000000001215;292.92167761275857
132900081735250000;292.77599833034941;36.000000000013181;293.21159468462076
132900081735350000;293.13599833034954;36.000000000013593;293.50089550495261
132900081735450000;293.49599833034966;36.00000000001431;293.788277015462
132900081735550000;293.85599833034979;36.000000000014595;294.07029313917133
132900081735650000;294.21599833034986;36.000000000009976;294.3467457464838
132900081735750000;294.57599833035;36.0000000000104;294.62232949753246
132900081735850000;294.93599833035012;36.000000000011241;294.89568017739418
132900081735950000;295.29599833035024;36.000000000011575;295.1700877977666
132900081736050000;295.65599833035037;36.000000000012164;295.43559955701687
132900081736150000;296.0159983303505;36.000000000013188;295.69469918870396
132900081736250000;296.37599833035063;36.000000000013607;295.9550246301398
132900081736350000;296.73599833035075;36.000000000014317;296.21482409795561
132900081736450000;297.09599833035082;36.000000000009869;296.47307940969904
132900081736550000;297.45599833035095;36.000000000010367;296.723863026924
132900081736650000;297.81599833035108;36.000000000011219;296.96931481188972
132900081736750000;298.17599833035121;36.000000000011568;297.2109476505882
132900081736850000;298.53599833035133;36.000000000012164;297.44978507409155
132900081736950000;298.89599833035146;36.000000000013188;297.68172263691793
132900081737050000;299.25599833035159;36.000000000013607;297.88906064130936
132900081737150000;299.61599833035172;36.000000000014317;298.07220189567283
132900081737250000;299.97599833035179;36.000000000009869;298.23806852174772
132900081737350000;300.33599833035191;36.000000000010367;298.39179645444875
132900081737450000;300.69599833035204;36.000000000011219;298.53495139792994
132900081737550000;301.05599833035217;36.000000000011568;298.66423492469994
132900081737650000;301.41599833035229;36.000000000012164;298.78299511193404
132900081737750000;301.77599833035242;36.000000000013188;298.88980531610088
132900081737850000;302.13599833035255;36.000000000013607;298.98627910577784
132900081737950000;302.49599833035268;36.000000000014317;299.07651720564013
132900081738050000;302.85599833035275;36.000000000009869;299.15698547622975
132900081738150000;303.21599833035287;36.000000000010367;299.2307867044243
132900081738250000;303.575998330353;36.000000000011219;299.29925194707539
132900081738350000;303.93599833035313;36.000000000011568;299.36446739245224
132900081738450000;304.29599833035326;36.000000000012164;299.42572405995872
132900081738550000;304.65599833035338;36.000000000013188;299.48257408733485
132900081738650000;305.01599833035351;36.000000000013607;299.53711734019896
132900081738750000;305.37599833035364;36.000000000014317;299.592157698587
132900081738850000;305.73599833035371;36.000000000009869;299.64424939224978
132900081738950000;306.09599833035384;36.000000000010367;299.69577950658487
132900081739050000;306.45599833035396;36.000000000011219;299.74562607364737
132900081739150000;306.81599833035409;36.000000000011568;299.79453772638277
132900081739250000;307.17599833035422;36.000000000012164;299.84453545152758
132900081739350000;307.53599833035435;36.000000000013188;299.89617819651392
132900081739450000;307.89599833035447;36.000000000013607;299.94928418129825
132900081739550000;308.2559983303546;36.000000000014317;300.00240671584794
132900081739650000;308.61599833035467;36.000000000009869;300.05722577783325
132900081739750000;308.9759983303548;36.000000000010367;300.11644128471937
132900081739850000;309.33599833035493;36.000000000011219;300.17882314839682
132900081739950000;309.69599833035505;36.000000000011568;300.24785147568423
132900081740050000;310.05599833035518;36.000000000012164;300.317289678117
132900081740150000;310.41599833035531;36.000000000013188;300.39324796080297
132900081740250000;310.77599833035543;36.000000000013607;300.4758661792622
132900081740350000;311.13599833035556;36.000000000014317;300.56735021275745
132900081740450000;311.49599833035563;36.000000000009869;300.67046067920182
132900081740550000;311.85599833035576;36.000000000010367;300.7872899473204
132900081740650000;312.21599833035589;36.000000000011219;300.92776893539661
132900081740750000;312.575998330356;36.000000000011568;301.09035310255291
132900081740850000;312.93599833035614;36.000000000012164;301.27231728089214
132900081740950000;313.29599833035627;36.000000000013188;301.46842286086417
132900081741050000;313.6559983303564;36.000000000013607;301.67030021535555
132900081741150000;314.01599833035652;36.000000000014317;301.87994000230515
132900081741250000;314.37599833035659;36.000000000009869;302.09790780971912
132900081741350000;314.73599833035672;36.000000000010367;302.32748192353841
132900081741450000;315.09599833035685;36.000000000011219;302.56358757132915
132900081741550000;315.455998330357;36.000000000011568;302.80106454245617
132900081741650000;315.8159983303571;36.000000000012164;303.04153189133115
132900081741750000;316.17599833035723;36.000000000013188;303.28648795362557
132900081741850000;316.53599833035736;36.000000000013607;303.5385362081181
132900081741950000;316.89599833035749;36.000000000014317;303.798130184311
132900081742050000;317.25599833035756;36.000000000009869;304.05532616715072
132900081742150000;317.61599833035768;36.000000000010367;304.31366240404697
132900081742250000;317.97599833035781;36.000000000011219;304.57732300645307
132900081742350000;318.33599833035794;36.000000000011568;304.8497053703025
132900081742450000;318.69599833035807;36.000000000012164;305.12755691004691
132900081742550000;319.05599833035819;36.000000000013188;305.40398616338621
132900081742650000;319.41599833035832;36.000000000013607;305.68090575395735
132900081742750000;319.77599833035845;36.000000000014317;305.96119119966312
132900081742850000;320.13599833035852;36.000000000009869;306.24604539952793
132900081742950000;320.49599833035865;36.000000000010367;306.53863499199667
132900081743050000;320.85599833035877;36.000000000011219;306.82773728621936
132900081743150000;321.2159983303589;36.000000000011568;307.115249815636
132900081743250000;321.575998330359;36.000000000012164;307.40933521909682
132900081743350000;321.93599833035915;36.000000000013188;307.71085538229954
132900081743450000;322.29599833035928;36.000000000013607;308.01688848084234
132900081743550000;322.65599833035941;36.000000000014317;308.32472172197174
132900081743650000;323.01599833035948;36.000000000009869;308.63320944157812
132900081743750000;323.37599833035961;36.000000000010367;308.94434743940923
132900081743850000;323.73599833035973;36.000000000011219;309.2620556719101
132900081743950000;324.09599833035986;36.000000000011568;309.58758201352254
132900081744050000;324.45599833036;36.000000000012164;309.91287224028792
132900081744150000;324.81599833036012;36.000000000013188;310.23749444321663
132900081744250000;325.17599833036024;36.000000000013607;310.569769144596
132900081744350000;325.53599833036037;36.000000000014317;310.91185439693822
132900081744450000;325.89599833036044;36.000000000009869;311.2602377981259
132900081744550000;326.25599833036057;36.000000000010367;311.60613620764792
132900081744650000;326.6159983303607;36.000000000011219;311.95278793301208
132900081744750000;326.97599833036082;36.000000000011568;312.30363103257065
132900081744850000;327.33599833036095;36.000000000012164;312.66173701338147
132900081744950000;327.69599833036108;36.000000000013188;313.02662804354316
132900081745050000;328.05599833036121;36.000000000013607;313.3887453078404
132900081745150000;328.41599833036133;36.000000000014317;313.75048240190017
132900081745250000;328.7759983303614;36.000000000009869;314.11939816480816
132900081745350000;329.13599833036153;36.000000000010367;314.50034033797954
132900081745450000;329.49599833036166;36.000000000011219;314.88431277860826
132900081745550000;329.85599833036179;36.000000000011568;315.26732948569276
132900081745650000;330.21599833036191;36.0000000000117;315.65329074452711
132900081745750000;330.57599833036204;36.000000000012214;316.04314440677109
132900081745850000;330.93599833036217;36.000000000013209;316.44000822159626
132900081745950000;331.29599833036229;36.000000000013614;316.84534227004309
132900081746050000;331.65599833036242;36.000000000014325;317.24885119716964
132900081746150000;332.01599833036249;36.000000000009869;317.65008982095947
132900081746250000;332.37599833036262;36.000000000010367;318.06000594730432
132900081746350000;332.73599833036275;36.000000000011219;318.47954408691686
132900081746450000;333.09599833036287;36.000000000011568;318.905597456129
132900081746550000;333.455998330363;36.000000000012164;319.33076620914278
132900081746650000;333.81599833036313;36.000000000013188;319.75219208434908
132900081746750000;334.17599833036326;36.000000000013607;320.17770670593086
132900081746850000;334.53599833036338;36.000000000014317;320.60768912817781
132900081746950000;334.89599833036345;36.000000000009869;321.04545363526267
132900081747050000;335.25599833036358;36.000000000010367;321.47993686481584
132900081747150000;335.61599833036371;36.000000000011219;321.91120424515611
132900081747250000;335.97599833036384;36.000000000011568;322.34710708589677
132900081747350000;336.33599833036396;36.000000000012164;322.79107568617729
132900081747450000;336.69599833036409;36.000000000013188;323.24234052487145
132900081747550000;337.05599833036422;36.000000000013607;323.69335366249464
132900081747650000;337.41599833036435;36.000000000014317;324.14320478664393
132900081747750000;337.77599833036442;36.000000000009869;324.59826341427083
132900081747850000;338.13599833036454;36.000000000010367;325.06032465212104
132900081747950000;338.49599833036467;36.000000000011219;325.53137107466347
132900081748050000;338.8559983303648;36.000000000011568;326.00111520030873
132900081748150000;339.21599833036493;36.000000000012164;326.46774165293772
132900081748250000;339.57599833036505;36.000000000013188;326.94212821306456
132900081748350000;339.93599833036518;36.000000000013607;327.4279959486596
132900081748450000;340.29599833036531;36.000000000014317;327.92061356460425
132900081748550000;340.65599833036538;36.000000000009869;328.41087571784789
132900081748650000;341.01599833036551;36.000000000010367;328.897987319364
132900081748750000;341.37599833036563;36.000000000011219;329.38822783537864
132900081748850000;341.73599833036576;36.000000000011568;329.88476503153709
132900081748950000;342.09599833036589;36.000000000012164;330.39020691071266
132900081749050000;342.455998330366;36.000000000013188;330.89056911476996
132900081749150000;342.81599833036614;36.000000000013607;331.38345001458231
132900081749250000;343.17599833036627;36.000000000014317;331.88089430081652
132900081749350000;343.53599833036634;36.000000000009869;332.38797756748403
132900081749450000;343.89599833036647;36.000000000010367;332.9021403034364
132900081749550000;344.25599833036659;36.000000000011219;333.4128145722425
132900081749650000;344.61599833036672;36.000000000011568;333.92246790730377
132900081749750000;344.97599833036685;36.000000000012164;334.4352279109919
132900081749850000;345.335998330367;36.000000000013188;334.95334429459126
132900081749950000;345.6959983303671;36.000000000013607;335.48159431450767
132900081750050000;346.05599833036723;36.000000000014317;336.00589508067043
132900081750150000;346.4159983303673;36.000000000009869;336.52485037299755
132900081750250000;346.77599833036743;36.000000000010367;337.05125646482475
132900081750350000;347.13599833036756;36.000000000011219;337.58774407732437
132900081750450000;347.49599833036768;36.000000000011568;338.13089327410461
132900081750550000;347.85599833036781;36.000000000012164;338.66967443483094
132900081750650000;348.21599833036794;36.000000000013188;339.20473962236713
132900081750750000;348.57599833036807;36.000000000013607;339.7409770675564
132900081750850000;348.93599833036819;36.000000000014317;340.28135816648404
132900081750950000;349.29599833036826;36.000000000009869;340.82887462737409
132900081751050000;349.65599833036839;36.000000000010367;341.37047611956774
132900081751150000;350.01599833036852;36.000000000011219;341.90396714849965
132900081751250000;350.37599833036865;36.000000000011568;342.43967400966005
132900081751350000;350.73599833036877;36.000000000012164;342.989624352878
132900081751450000;351.0959983303689;36.000000000013188;343.54482065805394
132900081751550000;351.455998330369;36.000000000013607;344.09464887313857
132900081751650000;351.81599833036915;36.000000000014317;344.63977060579265
132900081751750000;352.17599833036923;36.000000000009869;345.186702531942
132900081751850000;352.53599833036935;36.000000000010367;345.73304718981944
132900081751950000;352.89599833036948;36.000000000011219;346.28751101894568
132900081752050000;353.25599833036961;36.000000000011568;346.83540463187069
132900081752150000;353.61599833036973;36.000000000012164;347.37463976161985
132900081752250000;353.97599833036986;36.000000000013188;347.91569187585179
132900081752350000;354.33599833037;36.000000000013607;348.46566251517186
132900081752450000;354.69594320753009;35.995656902449156;349.0177670308392
132900081752550000;355.05495303799688;35.93170363332495;349.56351700865042
132900081752650000;355.41151296446367;35.752883248806619;350.10116630000425
132900081752750000;355.76409179693047;35.436316438800588;350.63757477833218
132900081752850000;356.1111583453972;34.972808521708593;351.15951147538317
132900081752950000;356.451181419864;34.358664361229515;351.68228632125562
132900081753050000;356.78262983033073;33.592398964944543;352.19626002332132
132900081753150000;357.10397238679747;32.673415547712089;352.69294513178306
132900081753250000;357.4136778992642;31.60147427496954;353.17649422614875
132900081753350000;357.7102151777309;30.376478762580916;353.6449379556642
132900081753450000;357.99205303219759;28.998390275925711;354.10724221737877
132900081753550000;358.25766027266428;27.467193248432594;354.55415151272922
132900081753650000;358.50550570913089;25.782881424234638;354.97540226371632
132900081753750000;358.73405815159754;23.945452289255044;355.37342297039635
132900081753850000;358.94178641006414;21.954904833128936;355.74253511925713
132900081753950000;359.12716897265886;19.812043060540184;356.09302658576655
132900081754050000;359.28968288085878;17.586502710580916;356.41706502131029
132900081754150000;359.43065803552247;15.410411549350725;356.70383378581005
132900081754250000;359.55162562665;13.345776816079033;356.96483831277811
132900081754350000;359.65411684424123;11.417517829507284;357.20011936246334
132900081754450000;359.73966287829626;9.6356491049529787;357.40883717805474
132900081754550000;359.80979491881504;8.0041952515146573;357.59337431192944
132900081754650000;359.86604415579762;6.52477366932822;357.75015960651086
132900081754750000;359.90994177924392;5.1980343552249018;357.88517297502
132900081754850000;359.94301897915403;4.024238528365041;357.99966702553377
132900081754950000;359.96680694552794;3.0034911668655484;358.08898024623545
132900081755050000;359.98283686836561;2.1358344590743612;358.16230960943636
132900081755150000;359.99263993766709;1.4212853595470529;358.22476698404239
132900081755250000;359.99774734343231;0.85985068193058578;358.26961388591462
132900081755350000;359.99969027566135;0.45153316448868852;358.310775777176
132900081755450000;359.99999992435414;0.19633390765797198;358.34341982785276
