0.070708
0.0715289
0.0708041
0.0704192
0.0698272
0.0705729
0.0713351
0.071672
0.0725424
0.0720188
0.0713289
0.0725578
0.0729791
0.0725394
0.0719798
0.0711655
0.0703538
0.0704243
0.0700752
0.0703502
0.0845787
0.105507
0.130558
0.158031
0.187987
0.217758
0.249968
0.27938
0.312122
0.347001
0.377105
0.407126
0.436842
0.464158
0.487524
0.507657
0.519705
0.530019
0.528866
0.519225
0.500638
0.470468
0.434857
0.397218
0.360863
0.31525
0.261505
0.20098
0.131583
0.0650211
-0.00486491
-0.07822
-0.155929
-0.226736
-0.289262
-0.354382
-0.423499
-0.493195
-0.555411
-0.610376
-0.662048
-0.711468
-0.76127
-0.801432
-0.831409
-0.860353
-0.891954
-0.923869
-0.949542
-0.967967
-0.984614
-0.997996
-1.01246
-1.02119
-1.01976
-1.01955
-1.01944
-1.01657
-1.00723
-0.991012
-0.972341
-0.949902
-0.927147
-0.89758
-0.857687
-0.815005
-0.774907
-0.73345
-0.687049
-0.633649
-0.576673
-0.517261
-0.458476
-0.394699
-0.323932
-0.251733
-0.180571
-0.108585
-0.0302077
0.0543968
0.139824
0.229373
0.318725
0.414056
0.516696
0.622444
0.727547
0.834415
0.946375
1.06481
1.18814
1.31496
1.4449
1.59531
1.76982
1.96237
2.16616
2.38173
2.60998
2.85053
3.09982
3.35987
3.62839
3.90572
4.19057
4.48095
4.77488
5.07277
5.37318
5.67752
5.98403
6.29084
6.59942
6.90759
7.21751
7.52664
7.83368
8.13864
8.44341
8.74645
9.04389
9.33803
9.62589
9.90723
10.1827
10.4497
10.7091
10.9598
11.2016
11.4252
11.6251
11.8052
11.9679
12.1198
12.2654
12.4025
12.5302
12.6477
12.7611
12.8732
12.9809
13.085
13.18
13.2726
13.3685
13.4597
13.545
13.624
13.7009
13.7799
13.8551
13.9276
13.9912
14.0543
14.1193
14.181
14.2336
14.2795
14.3229
14.3658
14.4056
14.4409
14.4692
14.4952
14.5232
14.5477
14.5648
14.5747
14.5823
14.5911
14.5956
14.5972
14.5865
14.5728
14.564
14.549
14.5243
14.4898
14.4527
14.4183
14.3786
14.3373
14.2847
14.2303
14.181
14.1288
14.0662
13.9959
13.9234
13.8548
13.7804
13.7037
13.6163
13.5259
13.4436
13.356
13.2582
13.1517
13.0411
12.9359
12.8239
12.7105
12.5858
12.4591
12.3408
12.2205
12.0887
11.9489
11.8038
11.664
11.5221
11.3778
11.2215
11.0673
10.9181
10.7683
10.6071
10.4374
10.2658
10.0999
9.92947
9.75726
9.57489
9.39064
9.21478
9.0388
8.85329
8.66047
8.4659
8.27939
8.08883
7.89911
7.69983
7.49865
7.3077
7.11639
6.91443
6.70266
6.49489
6.2949
6.09315
5.89551
5.68895
5.4848
5.2925
5.10498
4.90895
4.70835
4.51124
4.32409
4.13892
3.95629
3.7673
3.58032
3.40831
3.23904
3.0627
2.88435
2.70861
2.5413
2.37724
2.21565
2.05058
1.88916
1.74223
1.59898
1.45031
1.299
1.15153
1.01356
0.877026
0.746834
0.613372
0.482305
0.366259
0.253041
0.136001
0.0185939
-0.0961457
-0.201687
-0.302516
-0.399317
-0.496853
-0.591865
-0.675443
-0.75291
-0.833026
-0.913058
-0.990404
-1.05702
-1.12055
-1.17876
-1.23965
-1.29817
-1.34437
-1.3852
-1.42738
-1.47067
-1.51284
-1.54427
-1.57083
-1.5945
-1.61899
-1.63957
-1.64735
-1.65013
-1.65349
-1.65685
-1.65645
-1.64795
-1.63276
-1.61649
-1.60028
-1.58021
-1.55039
-1.51428
-1.48011
-1.4464
-1.41002
-1.36403
-1.31319
-1.26009
-1.20441
-1.14877
-1.08284
-1.0111
-0.940166
-0.869522
-0.795927
-0.717529
-0.634563
-0.549242
-0.463024
-0.374718
-0.277411
-0.176931
-0.076395
0.0248961
0.129199
0.240052
0.3556
0.475437
0.59657
0.721913
0.868427
1.03999
1.22928
1.43533
1.65954
1.89803
2.14756
2.40677
2.67439
2.95064
3.23482
3.52437
3.8188
4.11684
4.41747
4.72333
5.02941
5.33753
5.64554
5.9541
6.26303
6.57186
6.88114
7.18733
7.49436
7.7989
8.1034
8.40291
8.69817
8.98635
9.2684
9.54479
9.81148
10.0709
10.3223
10.5659
10.7885
10.9904
11.1712
11.3346
11.4931
11.6444
11.7854
11.9169
12.0407
12.1621
12.2821
12.3962
12.5032
12.6047
12.7058
12.806
12.8995
12.9868
13.0695
13.1535
13.2361
13.3154
13.3871
13.455
13.5262
13.5973
13.6618
13.7192
13.7677
13.8189
13.8677
13.9144
13.9548
13.9859
14.0192
14.0527
14.0773
14.0943
14.1045
14.1165
14.1281
14.1327
14.1312
14.1242
14.1186
14.1145
14.1025
14.0795
14.0529
14.0273
13.9981
13.9657
13.9254
13.8773
13.8333
13.7889
13.7375
13.6765
13.6105
13.546
13.4831
13.4163
13.3448
13.2645
13.19
13.1193
13.0412
12.9536
12.8622
12.7729
12.6835
12.5874
12.4832
12.3711
12.2633
12.1571
12.0433
11.9165
11.7844
11.6543
11.5255
11.3947
11.2587
11.1154
10.9783
10.8445
10.7069
10.56
10.4059
10.2559
10.1073
9.95262
9.79413
9.62592
9.46377
9.30529
9.13993
8.96267
8.781
8.60202
8.42734
8.25068
8.07121
7.88497
7.7059
7.53294
7.35706
7.1692
6.97662
6.78931
6.60641
6.42181
6.23548
6.04355
5.85708
5.67907
5.49776
5.30827
5.11673
4.93265
4.75698
4.58252
4.4079
4.23085
4.06465
3.90867
3.75248
3.59225
3.42944
3.27311
3.12513
2.97633
2.82871
2.67598
2.5323
2.39643
2.25795
2.11371
1.97029
1.83401
1.70626
1.58042
1.45712
1.33368
1.22026
1.11837
1.01931
0.916777
0.814166
0.718251
0.631105
0.547143
0.465407
0.378833
0.301531
0.233361
0.165211
0.0935016
0.022583
-0.0421146
-0.0966849
-0.151535
-0.202182
-0.253217
-0.295159
-0.327339
-0.357208
-0.389613
-0.423449
-0.452658
-0.473291
-0.491327
-0.505881
-0.522577
-0.531993
-0.532981
-0.53131
-0.530836
-0.531117
-0.523886
-0.510492
-0.492564
-0.472779
-0.453438
-0.425848
-0.388942
-0.347891
-0.308119
-0.268245
-0.223314
-0.170126
-0.114406
-0.0563978
-0.000634807
0.0620171
0.13121
0.202917
0.273329
0.344943
0.421643
0.503798
0.588468
0.675382
0.763198
0.857329
0.957997
1.06379
1.16801
1.27476
1.38625
1.50506
1.62463
1.74892
1.87533
2.00932
2.16155
2.33629
2.52709
2.73687
2.96138
3.20127
3.45202
3.71375
3.98251
4.25937
4.54403
4.8346
5.1299
5.42786
5.729
6.03416
6.34001
6.64661
6.95334
7.26083
7.56989
7.87797
8.1857
8.493
8.79717
9.10195
9.40291
9.70077
9.99228
10.2794
10.5636
10.8404
11.1075
11.3626
11.6029
11.8189
12.013
12.1899
12.3504
12.5
12.645
12.7831
12.9099
13.0287
13.1424
13.2555
13.3627
13.4676
13.5644
13.6576
13.7541
13.8469
13.932
14.0134
14.0921
14.1716
14.2483
14.3224
14.3894
14.4537
14.5202
14.583
14.6391
14.6889
14.7348
14.7802
14.8206
14.8606
14.8914
14.9197
14.9514
14.9802
15.0005
15.0122
15.0222
15.0327
15.0391
15.0418
15.0353
15.026
15.019
15.0074
14.9859
14.9555
14.9209
14.8893
14.8497
14.8084
14.7584
14.7045
14.6579
14.607
14.5458
14.4778
14.4075
14.3419
14.2708
14.1972
14.1124
14.0249
13.9421
13.8576
13.7615
13.6569
13.5504
13.4469
13.338
13.2255
13.1031
12.979
12.8622
12.745
12.6162
12.476
12.3344
12.1966
12.0571
11.9156
11.7629
11.6081
11.4602
11.3106
11.1514
10.9832
10.812
10.6484
10.4801
10.3094
10.1295
9.94838
9.77622
9.60508
9.42193
9.23255
9.04281
8.85826
8.67299
8.48501
8.28806
8.08907
7.89919
7.71137
7.51446
7.30833
7.10071
6.90199
6.70264
6.50463
6.30047
6.09783
5.90763
5.72155
5.52663
5.32898
5.12932
4.94259
4.75667
4.57346
4.38371
4.19606
4.02331
3.85313
3.67692
3.49801
3.32084
3.15226
2.98631
2.82445
2.65937
2.49565
2.34357
2.1987
2.04981
1.896
1.74429
1.60425
1.46714
1.33534
1.19777
1.06282
0.945223
0.830061
0.711506
0.590875
0.472908
0.366691
0.261977
0.161806
0.0614169
-0.0356964
-0.120441
-0.198809
-0.278365
-0.360344
-0.438076
-0.507532
-0.571319
-0.632651
-0.695223
-0.755023
-0.801943
-0.844863
-0.889999
-0.934311
-0.976246
-1.00954
-1.03732
-1.06114
-1.0848
-1.10742
-1.11888
-1.12168
-1.12474
-1.13047
-1.13059
-1.12376
-1.11042
-1.09465
-1.07862
-1.05893
-1.03172
-0.997622
-0.963812
-0.930095
-0.893118
-0.850408
-0.802892
-0.751248
-0.697078
-0.63975
-0.575974
-0.505679
-0.435596
-0.364897
-0.292279
-0.214295
-0.130747
-0.0463312
0.0403182
0.125911
0.220399
0.321299
0.420974
0.521174
0.622919
0.732135
0.846684
0.965051
1.08621
1.21428
1.36694
1.5438
1.73793
1.9442
2.16105
2.39176
2.633
2.88619
3.14972
3.41948
3.69901
3.98521
4.27675
4.57153
4.87027
5.17342
5.47888
5.78384
6.09175
6.40022
6.71037
7.02146
7.33146
7.63982
7.94671
8.25359
8.55877
8.85956
9.15718
9.44815
9.73871
10.0228
10.3001
10.5686
10.8255
11.0687
11.2882
11.4856
11.6637
11.8276
11.9857
12.1361
12.2781
12.4085
12.5324
12.6549
12.7745
12.8895
12.9975
13.0979
13.2007
13.3023
13.3987
13.4863
13.5684
13.652
13.7351
13.8148
13.89
13.9574
14.0283
14.1007
14.1667
14.2251
14.2791
14.3313
14.3828
14.4317
14.4739
14.5084
14.5431
14.5785
14.6062
14.6241
14.6358
14.6499
14.6632
14.6724
14.6743
14.6694
14.6673
14.6655
14.6566
14.6357
14.6117
14.5887
14.5627
14.5329
14.496
14.4507
14.4071
14.3659
14.316
14.2565
14.1904
14.1252
14.0638
13.9983
13.9283
13.8505
13.7761
13.7048
13.6289
13.5449
13.4537
13.3626
13.2728
13.1777
13.0757
12.9646
12.8549
12.7483
12.6339
12.508
12.3754
12.2451
12.118
11.9878
11.8512
11.7058
11.5654
11.4325
11.2951
11.148
10.9939
10.8432
10.6935
10.5408
10.3827
10.2144
10.0501
9.89115
9.72474
9.54825
9.36511
9.18632
9.01126
8.83502
8.65464
8.46712
8.28552
8.11203
7.93632
7.74637
7.55118
7.36135
7.17623
6.9893
6.80295
6.60849
6.42059
6.24136
6.06031
5.87034
5.67818
5.49144
5.31035
5.12652
4.95165
4.7689
4.58637
4.41103
4.23718
4.06528
3.88481
3.70351
3.5301
3.36064
3.19925
3.03414
2.87262
2.72682
2.58679
2.454
2.33083
2.21642
2.11588
2.02477
1.94335
1.87783
1.82053
1.76787
1.72813
1.68891
1.65658
1.61721
1.61646
1.61632
1.61542
1.61569
1.61627
1.61651
1.61601
1.61613
1.6161
1.61641
1.61676
1.61623
1.61566
1.61538
1.61475
1.61489
1.61469
1.61469
1.6163
1.61761
1.60876
1.59359
1.57342
1.55733
1.53496
1.51132
1.48259
1.45652
1.42761
1.39505
1.3651
1.33537
1.30767
1.28359
1.25637
1.24133
1.23934
1.24794
1.26614
1.28676
1.32363
1.37444
1.43758
1.52197
1.60678
1.69094
1.7861
1.89172
2.0302
2.18081
2.33206
2.48973
2.66139
2.84138
3.01892
3.19039
3.36216
3.53794
3.72631
3.91483
4.09473
4.27737
4.47341
4.66946
4.8577
5.03358
5.2082
5.38407
5.57271
5.76131
5.94093
6.11745
6.30179
6.49135
6.67187
6.84189
7.00928
7.17364
7.34867
7.52053
7.68115
7.83927
8.00201
8.16476
8.31998
8.46294
8.60139
8.73985
8.88932
9.03693
9.17398
9.30925
9.44923
9.59054
9.72652
9.85063
9.97043
10.0856
10.2078
10.3263
10.4326
10.5359
10.6396
10.7432
10.84
10.923
11.0019
11.0772
11.1601
11.2434
11.318
11.3898
11.4636
11.5386
11.6076
11.6658
11.7198
11.7702
11.8264
11.879
11.9218
11.9606
11.9999
12.0392
12.0717
12.0915
12.1062
12.115
12.1295
12.1426
12.1471
12.1453
12.1445
12.1443
12.1391
12.1226
12.1019
12.0765
12.0535
12.0288
11.9947
11.9553
11.9165
11.8756
11.8293
11.7721
11.7116
11.6485
11.5893
11.5285
11.4591
11.3851
11.3132
11.2408
11.1629
11.0772
10.9894
10.896
10.8058
10.7136
10.6139
10.5084
10.4047
10.2984
10.1871
10.0668
9.94259
9.81325
9.6861
9.55602
9.40866
9.23848
9.04977
8.84367
8.62044
8.38182
8.13068
7.86956
7.602
7.32586
7.04258
6.75351
6.45912
6.16197
5.86074
5.55667
5.25022
4.93957
4.63135
4.32361
4.01369
3.70281
3.39595
3.08849
2.78116
2.4754
2.17119
1.8702
1.5757
1.28686
1.00226
0.727068
0.460059
0.201092
-0.0505431
-0.297886
-0.526023
-0.730894
-0.911513
-1.07447
-1.22932
-1.37383
-1.50666
-1.62896
-1.74706
-1.86721
-1.98317
-2.09523
-2.19872
-2.29407
-2.3903
-2.48425
-2.57077
-2.65376
-2.73394
-2.82004
-2.90354
-2.98297
-3.05487
-3.11969
-3.18324
-3.24637
-3.30362
-3.35137
-3.39846
-3.44798
-3.49488
-3.5399
-3.57358
-3.60221
-3.63135
-3.65948
-3.67989
-3.69061
-3.6997
-3.71459
-3.72587
-3.73488
-3.73234
-3.72171
-3.71231
-3.7002
-3.68176
-3.65391
-3.62397
-3.59804
-3.5692
-3.53767
-3.49525
-3.44641
-3.39776
-3.34749
-3.29166
-3.22649
-3.15744
-3.09526
-3.03297
-2.96835
-2.89106
-2.80218
-2.71636
-2.62911
-2.53366
-2.43075
-2.3223
-2.22036
-2.11983
-2.01572
-1.90092
-1.7764
-1.6532
-1.53121
-1.39995
-1.25854
-1.11354
-0.978099
-0.842595
-0.706563
-0.561071
-0.404124
-0.250464
-0.0958339
0.0653327
0.234605
0.405551
0.569482
0.730011
0.895259
1.06888
1.25311
1.4338
1.60983
1.79387
1.98541
2.17876
2.36343
2.54237
2.7262
2.91845
3.12149
3.31962
3.51563
3.71744
3.92644
4.13522
4.33381
4.52393
4.7142
4.91258
5.11851
5.3163
5.50782
5.70135
5.90099
6.09894
6.28582
6.46326
6.63979
6.82075
7.01151
7.19462
7.37008
7.54823
7.72873
7.90929
8.0762
8.23329
8.38905
8.54791
8.71375
8.87216
9.02024
9.17157
9.32613
9.48002
9.61935
9.74787
9.8754
10.0064
10.1437
10.2725
10.3919
10.5119
10.6325
10.7525
10.8602
10.9572
11.053
11.1501
11.2502
11.3417
11.4242
11.5075
11.5922
11.6737
11.7445
11.8054
11.8623
11.9232
11.9894
12.0497
12.0987
12.1472
12.1974
12.2463
12.2824
12.3093
12.3311
12.3539
12.3774
12.3941
12.4025
12.4078
12.4144
12.4177
12.41
12.3955
12.3775
12.3572
12.3419
12.3195
12.2892
12.2578
12.227
12.1932
12.1504
12.1007
12.0465
11.9904
11.9377
11.8781
11.812
11.7459
11.6795
11.6107
11.5341
11.4504
11.3663
11.2819
11.1993
11.1106
11.0172
10.9206
10.8249
10.7255
10.6193
10.5057
10.3897
10.2695
10.1499
10.0246
9.88607
9.72557
9.54451
9.34579
9.12844
8.89386
8.64637
8.38967
8.12527
7.85163
7.57055
7.28365
6.99159
6.69463
6.39521
6.09178
5.78668
5.48033
5.17431
4.86687
4.55886
4.25021
3.94342
3.63732
3.33018
3.02489
2.72168
2.42093
2.12814
1.83847
1.55233
1.27342
1.00292
0.744257
0.49457
0.267015
0.0615186
-0.124193
-0.291215
-0.447593
-0.597345
-0.739237
-0.872276
-0.996232
-1.11777
-1.23888
-1.35677
-1.46886
-1.57041
-1.67005
-1.76915
-1.86337
-1.95281
-2.03341
-2.11526
-2.19858
-2.28147
-2.35668
-2.42471
-2.49181
-2.55847
-2.62166
-2.6776
-2.72905
-2.78189
-2.83709
-2.88851
-2.93584
-2.972
-3.00306
-3.03544
-3.06294
-3.08129
-3.09368
-3.10667
-3.12306
-3.13527
-3.14128
-3.1378
-3.1321
-3.12785
-3.12062
-3.10234
-3.08002
-3.05994
-3.04299
-3.02435
-2.99947
-2.96161
-2.92051
-2.88205
-2.84011
-2.7869
-2.72658
-2.66547
-2.61013
-2.55272
-2.48992
-2.41619
-2.33983
-2.26689
-2.18964
-2.10328
-2.01192
-1.92187
-1.83886
-1.75133
-1.65822
-1.55073
-1.43748
-1.32772
-1.2148
-1.08795
-0.952348
-0.819168
-0.691948
-0.563685
-0.430534
-0.286077
-0.140764
-8.35898e-05
0.14418
0.297436
0.456452
0.610465
0.755069
0.901946
1.0525
1.21856
1.38806
1.55307
1.72113
1.90003
2.08651
2.27028
2.44637
2.62382
2.80075
2.99185
3.18479
3.36999
3.55339
3.74995
3.95199
4.14433
4.3256
4.50261
4.6795
4.86934
5.06016
5.24325
5.42436
5.61138
5.80232
5.98786
6.16095
6.33063
6.49689
6.67368
6.84767
7.01105
7.17146
7.33413
7.49764
7.65583
7.80081
7.94226
8.08169
8.23124
8.38128
8.52013
8.65774
8.79874
8.94276
9.08196
9.20774
9.32987
9.44603
9.5699
9.69166
9.80273
9.90827
10.0154
10.1214
10.2214
10.307
10.3904
10.4699
10.5556
10.6436
10.7207
10.7948
10.8713
10.9496
11.0246
11.0866
11.1447
11.199
11.2576
11.316
11.3644
11.4057
11.4482
11.4922
11.5289
11.5518
11.5704
11.5847
11.6031
11.6203
11.63
11.6338
11.6377
11.642
11.6409
11.6289
11.6109
11.5881
11.5685
11.5464
11.5156
11.4783
11.4433
11.4057
11.3626
11.3104
11.2521
11.1882
11.1296
11.0701
11.0028
10.9306
10.8593
10.7894
10.7128
10.63
10.5423
10.4503
10.3605
10.2696
10.1694
10.0662
9.96168
9.85693
9.74671
9.6288
9.50449
9.37857
9.25082
9.11618
8.95872
8.7791
8.5842
8.37466
8.15375
7.9194
7.67511
7.41896
7.15493
6.88302
6.60182
6.31424
6.02301
5.72615
5.42751
5.12409
4.81768
4.51195
4.20418
3.89737
3.5873
3.2766
2.96829
2.66063
2.35325
2.04728
1.74202
1.43979
1.14426
0.852721
0.564685
0.28194
0.00714058
-0.257235
-0.511003
-0.75304
-0.970513
-1.16445
-1.33832
-1.49542
-1.64532
-1.78695
-1.91785
-2.04025
-2.15537
-2.27212
-2.38832
-2.50122
-2.60261
-2.69662
-2.79181
-2.88557
-2.97344
-3.05508
-3.13497
-3.21839
-3.30056
-3.38083
-3.45162
-3.5147
-3.57895
-3.64066
-3.69603
-3.74621
-3.79119
-3.83764
-3.88465
-3.92789
-3.96039
-3.98646
-4.01445
-4.04208
-4.0632
-4.07291
-4.08013
-4.09227
-4.10272
-4.10925
-4.10588
-4.09283
-4.08028
-4.06638
-4.04489
-4.01656
-3.98186
-3.95294
-3.92416
-3.89039
-3.84949
-3.79756
-3.747
-3.69657
-3.63742
-3.57086
-3.50042
-3.4342
-3.36989
-3.30019
-3.22144
-3.13227
-3.04481
-2.95578
-2.85945
-2.75437
-2.64692
-2.54421
-2.4441
-2.33966
-2.22617
-2.1012
-1.97815
-1.8558
-1.72441
-1.58563
-1.44312
-1.3073
-1.17549
-1.03949
-0.894871
-0.738093
-0.582103
-0.429928
-0.269557
-0.102856
0.0702333
0.234705
0.395362
0.557814
0.729398
0.910055
1.08977
1.26512
1.44725
1.6404
1.83545
2.02202
2.20218
2.38353
2.57455
2.77722
2.97714
3.17267
3.37401
3.58285
3.79252
3.99289
4.18607
4.37945
4.57652
4.78348
4.98386
5.17626
5.3703
5.57038
5.77028
5.95993
6.13954
6.31748
6.50209
6.69189
6.87624
7.05279
7.2286
7.41031
7.59066
7.75955
7.91807
8.07235
8.231
8.39507
8.55085
8.69936
8.84866
9.00338
9.15656
9.2965
9.42591
9.55386
9.68397
9.82099
9.95113
10.0719
10.1905
10.312
10.4313
10.5403
10.6381
10.7318
10.8283
10.9275
11.0203
11.1032
11.1839
11.2707
11.3552
11.4284
11.492
11.552
11.6112
11.6765
11.7359
11.7868
11.8364
11.8869
11.9346
11.9743
12.0015
12.0252
12.0489
12.0754
12.0939
12.1031
12.1086
12.1169
12.1231
12.1197
12.106
12.0883
12.0694
12.055
12.0333
12.0069
11.9771
11.9459
11.9143
11.874
11.8243
11.7728
11.7182
11.6659
11.608
11.5421
11.4755
11.4105
11.3434
11.2688
11.1854
11.1003
11.0144
10.9312
10.8427
10.7495
10.653
10.5561
10.4583
10.3526
10.2398
10.1218
10.0013
9.87959
9.74647
9.5872
9.408
9.21321
9.00488
8.78304
8.54797
8.30367
8.04858
7.78464
7.51275
7.23203
6.94545
6.65434
6.35804
6.05722
5.75453
5.44935
5.14332
4.83677
4.52833
4.2203
3.91238
3.60418
3.29738
2.99172
2.68736
2.38595
2.08851
1.79742
1.5124
1.23542
0.965725
0.704055
0.448609
0.201443
-0.0354043
-0.248435
-0.440868
-0.612567
-0.771086
-0.922781
-1.06523
-1.19776
-1.32235
-1.4444
-1.56754
-1.68362
-1.79624
-1.89746
-1.99603
-2.09512
-2.18886
-2.27519
-2.35496
-2.4357
-2.51851
-2.6004
-2.67659
-2.74495
-2.81001
-2.87667
-2.94027
-2.99661
-3.04639
-3.09798
-3.15305
-3.20578
-3.25306
-3.28872
-3.32008
-3.35165
-3.37905
-3.39932
-3.4127
-3.42469
-3.44067
-3.45252
-3.46021
-3.45855
-3.45296
-3.44718
-3.4388
-3.4214
-3.39869
-3.37818
-3.36104
-3.34388
-3.32087
-3.28534
-3.24352
-3.2045
-3.1624
-3.11009
-3.04958
-2.98945
-2.93394
-2.87578
-2.81516
-2.74025
-2.65787
-2.57955
-2.50239
-2.41085
-2.30784
-2.19713
-2.09152
-1.98655
-1.87254
-1.75257
-1.62136
-1.48155
-1.34385
-1.20562
-1.07205
-0.945031
-0.819756
-0.701333
-0.588962
-0.4823
-0.389033
-0.30168
-0.223684
-0.162164
-0.107061
-0.0561094
-0.0160045
0.0168226
