0
0
0
0
0
0
0
0
0
0
0
0
0
0
0
0
0
0
0
5.512284E-05
0.0010452923733333332
0.0044853659066666713
0.011906533440000018
0.024839984973333371
0.044816910506666752
0.073368500040000145
0.11202594357333356
0.16232043110666702
0.22578315264000051
0.303945298173334
0.39833805770666753
0.510492621240001
0.64194017877333476
0.79421192030666832
0.9688293577118986
1.1663154495118644
1.3853402948480602
1.6243727037204856
1.8818814861291406
2.1563354520740252
2.44620341155514
2.7499541745724847
3.0660565511260587
3.3929793512158626
3.7291913848418954
4.0731614620041583
4.4233583927026512
4.7782509869373735
5.1363080547083264
5.4959984060155076
5.855998330369621
6.2159983303696213
6.5759983303696217
6.9359983303696229
7.2959983303696232
7.6559983303696235
8.0159983303696229
8.3759983303696242
8.7359983303696254
9.0959983303696248
9.4559983303696242
9.8159983303696254
10.175998330369627
10.535998330369626
10.895998330369626
11.255998330369629
11.615998330369628
11.975998330369627
12.335998330369629
12.695998330369626
13.055998330369627
13.415998330369629
13.775998330369628
14.135998330369628
14.495998330369627
14.85599833036963
15.215998330369629
15.575998330369629
15.935998330369632
16.295998330369631
16.655998330369631
17.01599833036963
17.375998330369633
17.735998330369632
18.095998330369632
18.455998330369631
18.815998330369634
19.175998330369634
19.535998330369633
19.895998330369636
20.255998330369636
20.615998330369635
20.975998330369634
21.335998330369637
21.695998330369637
22.055998330369636
22.415998330369639
22.775998330369639
23.135998330369638
23.495998330369638
23.855998330369641
24.21599833036964
24.575998330369639
24.935998330369642
25.295998330369642
25.655998330369641
26.015998330369641
26.375998330369644
26.735998330369643
27.095998330369643
27.455998330369642
27.815998330369645
28.175998330369644
28.535998330369644
28.895998330369647
29.255998330369646
29.615998330369646
29.975998330369645
30.335998330369648
30.695998330369644
31.055998330369643
31.415998330369643
31.775998330369646
32.135998330369645
32.495998330369645
32.855998330369644
33.215998330369644
33.575998330369643
33.935998330369642
34.295998330369642
34.655998330369648
35.015998330369648
35.375998330369647
35.735998330369647
36.095998330369646
36.455998330369646
36.815998330369645
37.175998330369652
37.535998330369651
37.89599833036965
38.25599833036965
38.615998330369649
38.975998330369649
39.335998330369655
39.695998330369655
40.055998330369654
40.415998330369654
40.775998330369653
41.135998330369652
41.495998330369652
41.855998330369651
42.215998330369658
42.57599833036965
42.935998330369664
43.295998330369656
43.655998330369663
44.015998330369655
44.375998330369661
44.735998330369654
45.09599833036966
45.455998330369653
45.815998330369666
46.175998330369659
46.535998330369665
46.895998330369657
47.255998330369664
47.615998330369656
47.975998330369663
48.335998330369655
48.695998330369669
49.055998330369661
49.415998330369668
49.77599833036966
50.135998330369667
50.495998330369659
50.855998330369673
51.215998330369665
51.575998330369671
51.935998330369664
52.29599833036967
52.655998330369663
53.015998330369669
53.375998330369661
53.735998330369675
54.095998330369667
54.455998330369674
54.815998330369666
55.175998330369673
55.535998330369665
55.895998330369672
56.255998330369664
56.615998330369678
56.97599833036967
57.335998330369677
57.695998330369669
58.055998330369675
58.415998330369668
58.775998330369674
59.135998330369667
59.49599833036968
59.855998330369673
60.215998330369679
60.575998330369671
60.935998330369678
61.29599833036967
61.655998330369684
62.015998330369676
62.375998330369683
62.735998330369675
63.095998330369682
63.455998330369674
63.815998330369681
64.175998330369666
64.535998330369679
64.895998330369679
65.255998330369678
65.615998330369678
65.975998330369677
66.335998330369677
66.695998330369648
67.0559983303696
67.415998330369575
67.775998330369532
68.135998330369489
68.495998330369446
68.855998330369417
69.215998330369374
69.575998330369345
69.9359983303693
70.295998330369258
70.655998330369215
71.015998330369186
71.375998330369143
71.7359983303691
72.095998330369056
72.455998330369027
72.815998330368984
73.175998330368941
73.5359983303689
73.895998330368869
74.255998330368826
74.615998330368782
74.975998330368739
75.33599833036871
75.695998330368667
76.055998330368624
76.415998330368581
76.775998330368552
77.135998330368508
77.495998330368465
77.855998330368422
78.2159983303684
78.57599833036835
78.9359983303683
79.295998330368263
79.655998330368234
80.015998330368191
80.375998330368148
80.7359983303681
81.095998330368076
81.455998330368033
81.815998330367989
82.175998330367946
82.535998330367917
82.895998330367874
83.255998330367831
83.615998330367788
83.975998330367759
84.335998330367715
84.695998330367672
85.055998330367629
85.4159983303676
85.775998330367557
86.135998330367514
86.49599833036747
86.855998330367441
87.2159983303674
87.575998330367355
87.935998330367326
88.295998330367283
88.65599833036724
89.0159983303672
89.375998330367167
89.735998330367124
90.095998330367081
90.455998330367038
90.815998330367009
91.175998330366966
91.535998330366922
91.895998330366879
92.25599833036685
92.6159983303668
92.975998330366764
93.335998330366721
93.695998330366692
94.055998330366648
94.4159983303666
94.775998330366562
95.135998330366533
95.49599833036649
95.855998330366447
96.2159983303664
96.575998330366374
96.935998330366331
97.295998330366288
97.655998330366245
98.015998330366216
98.375998330366173
98.735998330366129
99.095998330366086
99.455998330366057
99.815998330366014
100.17599833036597
100.53599833036593
100.8959983303659
101.25599833036586
101.61599833036581
101.97599833036577
102.33599833036574
102.6959983303657
103.05599833036565
103.41599833036561
103.77599833036558
104.13599833036554
104.4959983303655
104.85599833036547
105.21599833036542
105.57599833036538
105.93599833036534
106.29599833036531
106.65599833036526
107.01599833036522
107.37599833036518
107.73599833036515
108.09599833036511
108.45599833036506
108.81599833036502
109.17599833036499
109.53599833036495
109.8959983303649
110.25599833036486
110.61599833036483
110.97599833036479
111.33599833036475
111.6959983303647
112.05599833036467
112.41599833036463
112.77599833036459
113.13599833036454
113.49599833036452
113.85599833036447
114.21599833036443
114.57599833036439
114.93599833036436
115.29599833036431
115.65599833036427
116.01599833036423
116.3759983303642
116.73599833036415
117.09599833036411
117.45599833036407
117.81599833036404
118.175998330364
118.53599833036395
118.89599833036391
119.25599833036388
119.61599833036384
119.97599833036379
120.33599833036375
120.69599833036372
121.05599833036368
121.41599833036364
121.77599833036359
122.13599833036356
122.49599833036352
122.85599833036348
123.21599833036345
123.5759983303634
123.93599833036336
124.29599833036332
124.65599833036329
125.01599833036325
125.3759983303632
125.73599833036316
126.09599833036313
126.45599833036309
126.81599833036304
127.175998330363
127.53599833036297
127.89599833036293
128.25599833036287
128.61599833036283
128.97599833036281
129.33599833036277
129.69599833036273
130.05599833036268
130.41599833036264
130.7759983303626
131.13599833036255
131.49599833036251
131.8559983303625
132.21599833036245
132.57599833036241
132.93599833036237
133.29599833036232
133.65599833036228
134.01599833036224
134.37599833036219
134.73599833036215
135.09599833036211
135.45599833036209
135.81599833036205
136.175998330362
136.53599833036196
136.89599833036192
137.25599833036188
137.61599833036183
137.97599833036179
138.33599833036178
138.69599833036173
139.05599833036169
139.41599833036167
139.77599833036163
140.13599833036159
140.49599833036154
140.8559983303615
141.21599833036146
141.57599833036142
141.93599833036137
142.29599833036136
142.65599833036131
143.01599833036127
143.37599833036123
143.73599833036118
144.09599833036114
144.4559983303611
144.81599833036106
145.17599833036104
145.535998330361
145.89599833036095
146.25599833036091
146.61599833036087
146.97599833036082
147.33599833036078
147.69599833036074
148.05599833036072
148.41599833036068
148.77599833036064
149.13599833036059
149.49599833036055
149.85599833036051
150.21599833036046
150.57599833036045
150.93599833036041
151.29599833036036
151.65599833036032
152.01599833036028
152.37599833036023
152.73599833036019
153.09599833036015
153.45599833036013
153.81599833036009
154.17599833036005
154.53599833036
154.89599833035996
155.25599833035992
155.61599833035987
155.97599833035983
156.33599833035981
156.69599833035977
157.05599833035973
157.41599833035969
157.77599833035964
158.1359983303596
158.49599833035956
158.85599833035951
159.2159983303595
159.57599833035945
159.93599833035941
160.29599833035937
160.65599833035932
161.01599833035928
161.37599833035924
161.7359983303592
162.09599833035918
162.45599833035914
162.81599833035909
163.17599833035905
163.535998330359
163.89599833035896
164.25599833035892
164.61599833035888
164.97599833035886
165.33599833035882
165.69599833035878
166.05599833035873
166.41599833035869
166.77599833035865
167.1359983303586
167.49599833035856
167.85599833035855
168.2159983303585
168.57599833035846
168.93599833035842
169.29599833035837
169.65599833035833
170.01599833035829
170.37599833035827
170.73599833035823
171.09599833035819
171.45599833035814
171.8159983303581
172.17599833035806
172.535998330358
172.89599833035797
173.25599833035795
173.61599833035791
173.97599833035787
174.33599833035783
174.69599833035778
175.05599833035774
175.4159983303577
175.77599833035765
176.13599833035764
176.49599833035759
176.85599833035755
177.21599833035751
177.57599833035746
177.93599833035742
178.29599833035738
178.65599833035734
179.01599833035732
179.37599833035728
179.73599833035723
180.09599833035719
180.45599833035715
180.8159983303571
181.17599833035706
181.53599833035702
181.895998330357
182.25599833035696
182.61599833035692
182.97599833035687
183.33599833035683
183.69599833035679
184.05599833035674
184.4159983303567
184.77599833035669
185.13599833035664
185.4959983303566
185.85599833035656
186.21599833035651
186.57599833035647
186.93599833035643
187.29599833035641
187.65599833035637
188.01599833035633
188.37599833035628
188.73599833035624
189.0959983303562
189.45599833035615
189.81599833035611
190.17599833035609
190.53599833035605
190.895998330356
191.25599833035597
191.61599833035592
191.97599833035588
192.33599833035584
192.69599833035579
193.05599833035578
193.41599833035573
193.77599833035569
194.13599833035565
194.4959983303556
194.85599833035556
195.21599833035552
195.57599833035548
195.93599833035546
196.29599833035542
196.65599833035537
197.01599833035533
197.37599833035529
197.73599833035524
198.0959983303552
198.45599833035516
198.81599833035514
199.1759983303551
199.53599833035506
199.895998330355
200.25599833035497
200.61599833035493
200.97599833035488
201.33599833035484
201.69599833035483
202.05599833035478
202.41599833035474
202.7759983303547
203.13599833035465
203.49599833035461
203.85599833035457
204.21599833035455
204.57599833035451
204.93599833035447
205.29599833035442
205.65599833035438
206.01599833035434
206.37599833035429
206.73599833035425
207.09599833035423
207.45599833035419
207.81599833035415
208.17599833035411
208.53599833035406
208.89599833035402
209.25599833035398
209.61599833035393
209.97599833035392
210.33599833035387
210.69599833035383
211.05599833035379
211.41599833035374
211.7759983303537
212.13599833035366
212.49599833035362
212.8559983303536
213.21599833035356
213.57599833035351
213.93599833035347
214.29599833035343
214.65599833035338
215.01599833035334
215.3759983303533
215.73599833035328
216.09599833035324
216.4559983303532
216.81599833035315
217.17599833035311
217.53599833035307
217.89599833035302
218.25599833035298
218.61599833035297
218.97599833035292
219.33599833035288
219.69599833035284
220.05599833035279
220.41599833035275
220.77599833035271
221.13599833035266
221.49599833035265
221.85599833035261
222.21599833035256
222.57599833035252
222.93599833035248
223.29599833035243
223.65599833035239
224.01599833035238
224.37599833035233
224.73599833035229
225.09599833035225
225.4559983303522
225.81599833035216
226.17599833035212
226.53599833035207
226.89599833035206
227.255998330352
227.61599833035197
227.97599833035193
228.33599833035189
228.69599833035184
229.0559983303518
229.41599833035176
229.77599833035174
230.1359983303517
230.49599833035165
230.85599833035161
231.21599833035157
231.57599833035152
231.93599833035148
232.29599833035144
232.65599833035142
233.01599833035138
233.37599833035134
233.73599833035129
234.09599833035125
234.45599833035121
234.81599833035116
235.17599833035112
235.53599833035111
235.89599833035106
236.25599833035102
236.61599833035098
236.97599833035093
237.33599833035089
237.69599833035085
238.0559983303508
238.41599833035079
238.77599833035075
239.1359983303507
239.49599833035066
239.85599833035062
240.21599833035057
240.57599833035053
240.93599833035052
241.29599833035047
241.65599833035043
242.01599833035039
242.37599833035034
242.7359983303503
243.09599833035026
243.45599833035021
243.8159983303502
244.17599833035015
244.53599833035011
244.89599833035007
245.25599833035003
245.61599833034998
245.97599833034994
246.3359983303499
246.69599833034988
247.05599833034984
247.41599833034979
247.77599833034975
248.13599833034971
248.49599833034966
248.85599833034962
249.21599833034958
249.57599833034956
249.93599833034952
250.29599833034948
250.65599833034943
251.01599833034939
251.37599833034935
251.7359983303493
252.09599833034926
252.45599833034925
252.8159983303492
253.17599833034916
253.53599833034912
253.89599833034907
254.25599833034903
254.615998330349
254.97599833034894
255.33599833034893
255.69599833034889
256.05599833034887
256.41599833034883
256.77599833034878
257.13599833034874
257.4959983303487
257.85599833034865
258.21599833034861
258.57599833034857
258.93599833034853
259.29599833034848
259.65599833034844
260.0159983303484
260.37599833034835
260.73599833034837
261.09599833034832
261.45599833034828
261.81599833034824
262.17599833034819
262.53599833034815
262.89599833034811
263.25599833034806
263.615998330348
263.975998330348
264.33599833034793
264.69599833034789
265.0559983303479
265.41599833034786
265.77599833034782
266.13599833034777
266.49599833034773
266.85599833034769
267.21599833034765
267.5759983303476
267.93599833034756
268.29599833034752
268.65599833034747
269.01599833034743
269.37599833034739
269.73599833034734
270.0959983303473
270.45599833034726
270.81599833034727
271.17599833034723
271.53599833034718
271.89599833034714
272.2559983303471
272.61599833034705
272.975998330347
273.33599833034697
273.69599833034692
274.05599833034688
274.41599833034684
274.77599833034679
275.13599833034675
275.49599833034671
275.85599833034667
276.21599833034668
276.57599833034664
276.93599833034659
277.29599833034655
277.65599833034651
278.01599833034646
278.37599833034642
278.73599833034638
279.09599833034633
279.45599833034629
279.81599833034625
280.1759983303462
280.53599833034616
280.89599833034612
281.25599833034607
281.61599833034603
281.97599833034604
282.335998330346
282.695998330346
283.05599833034614
283.41599833034627
283.7759983303464
284.13599833034652
284.49599833034665
284.85599833034678
285.21599833034685
285.575998330347
285.9359983303471
286.29599833034723
286.65599833034736
287.01599833034749
287.37599833034761
287.73599833034774
288.09599833034781
288.45599833034794
288.81599833034807
289.17599833034819
289.53599833034832
289.89599833034845
290.25599833034858
290.6159983303487
290.97599833034877
291.3359983303489
291.695998330349
292.05599833034915
292.41599833034928
292.77599833034941
293.13599833034954
293.49599833034966
293.85599833034979
294.21599833034986
294.57599833035
294.93599833035012
295.29599833035024
295.65599833035037
296.0159983303505
296.37599833035063
296.73599833035075
297.09599833035082
297.45599833035095
297.81599833035108
298.17599833035121
298.53599833035133
298.89599833035146
299.25599833035159
299.61599833035172
299.97599833035179
300.33599833035191
300.69599833035204
301.05599833035217
301.41599833035229
301.77599833035242
302.13599833035255
302.49599833035268
302.85599833035275
303.21599833035287
303.575998330353
303.93599833035313
304.29599833035326
304.65599833035338
305.01599833035351
305.37599833035364
305.73599833035371
306.09599833035384
306.45599833035396
306.81599833035409
307.17599833035422
307.53599833035435
307.89599833035447
308.2559983303546
308.61599833035467
308.9759983303548
309.33599833035493
309.69599833035505
310.05599833035518
310.41599833035531
310.77599833035543
311.13599833035556
311.49599833035563
311.85599833035576
312.21599833035589
312.575998330356
312.93599833035614
313.29599833035627
313.6559983303564
314.01599833035652
314.37599833035659
314.73599833035672
315.09599833035685
315.455998330357
315.8159983303571
316.17599833035723
316.53599833035736
316.89599833035749
317.25599833035756
317.61599833035768
317.97599833035781
318.33599833035794
318.69599833035807
319.05599833035819
319.41599833035832
319.77599833035845
320.13599833035852
320.49599833035865
320.85599833035877
321.2159983303589
321.575998330359
321.93599833035915
322.29599833035928
322.65599833035941
323.01599833035948
323.37599833035961
323.73599833035973
324.09599833035986
324.45599833036
324.81599833036012
325.17599833036024
325.53599833036037
325.89599833036044
326.25599833036057
326.6159983303607
326.97599833036082
327.33599833036095
327.69599833036108
328.05599833036121
328.41599833036133
328.7759983303614
329.13599833036153
329.49599833036166
329.85599833036179
330.21599833036191
330.57599833036204
330.93599833036217
331.29599833036229
331.65599833036242
332.01599833036249
332.37599833036262
332.73599833036275
333.09599833036287
333.455998330363
333.81599833036313
334.17599833036326
334.53599833036338
334.89599833036345
335.25599833036358
335.61599833036371
335.97599833036384
336.33599833036396
336.69599833036409
337.05599833036422
337.41599833036435
337.77599833036442
338.13599833036454
338.49599833036467
338.8559983303648
339.21599833036493
339.57599833036505
339.93599833036518
340.29599833036531
340.65599833036538
341.01599833036551
341.37599833036563
341.73599833036576
342.09599833036589
342.455998330366
342.81599833036614
343.17599833036627
343.53599833036634
343.89599833036647
344.25599833036659
344.61599833036672
344.97599833036685
345.335998330367
345.6959983303671
346.05599833036723
346.4159983303673
346.77599833036743
347.13599833036756
347.49599833036768
347.85599833036781
348.21599833036794
348.57599833036807
348.93599833036819
349.29599833036826
349.65599833036839
350.01599833036852
350.37599833036865
350.73599833036877
351.0959983303689
351.455998330369
351.81599833036915
352.17599833036923
352.53599833036935
352.89599833036948
353.25599833036961
353.61599833036973
353.97599833036986
354.33599833037
354.69594320753009
355.05495303799688
355.41151296446367
355.76409179693047
356.1111583453972
356.451181419864
356.78262983033073
357.10397238679747
357.4136778992642
357.7102151777309
357.99205303219759
358.25766027266428
358.50550570913089
358.73405815159754
358.94178641006414
359.12716897265886
359.28968288085878
359.43065803552247
359.55162562665
359.65411684424123
359.73966287829626
359.80979491881504
359.86604415579762
359.90994177924392
359.94301897915403
359.96680694552794
359.98283686836561
359.99263993766709
359.99774734343231
359.99969027566135
359.99999992435414
360
360
360
360
360
360
360
360
360
360
360
360
360
360
360
360
360
360
360
360
359.99994487716
359.99895470762669
359.99551463409335
359.98809346656
359.97516001502669
359.95518308949335
359.92663149996
359.88797405642669
359.83767956889335
359.77421684736
359.69605470182665
359.60166194229333
359.48950737876
359.35805982122668
359.20578807969332
359.03117064228809
358.83368455048816
358.61465970515195
358.3756272962795
358.11811851387085
357.843664547926
357.55379658844487
357.25004582542749
356.93394344887395
356.60702064878416
356.2708086151581
355.92683853799582
355.57664160729735
355.22174901306261
354.86369194529169
354.50400159398447
354.14400166963037
353.78400166963036
353.4240016696304
353.06400166963039
352.70400166963037
352.34400166963036
351.9840016696304
351.62400166963039
351.26400166963037
350.90400166963036
350.54400166963035
350.18400166963039
349.82400166963038
349.46400166963036
349.10400166963035
348.74400166963039
348.38400166963038
348.02400166963037
347.66400166963035
347.3040016696304
346.94400166963038
346.58400166963037
346.22400166963035
345.8640016696304
345.50400166963038
345.14400166963037
344.78400166963036
344.42400166963034
344.06400166963039
343.70400166963037
343.34400166963036
342.98400166963035
342.62400166963039
342.26400166963037
341.90400166963036
341.54400166963035
341.18400166963039
340.82400166963038
340.46400166963036
340.10400166963035
339.74400166963039
339.38400166963038
339.02400166963037
338.66400166963035
338.30400166963034
337.94400166963038
337.58400166963037
337.22400166963035
336.86400166963034
336.50400166963038
336.14400166963037
335.78400166963036
335.42400166963034
335.06400166963033
334.70400166963037
334.34400166963036
333.98400166963035
333.62400166963033
333.26400166963037
332.90400166963036
332.54400166963035
332.18400166963033
331.82400166963038
331.46400166963036
331.10400166963035
330.74400166963034
330.38400166963038
330.02400166963037
329.66400166963035
329.30400166963034
328.94400166963038
328.58400166963037
328.22400166963035
327.86400166963034
327.50400166963038
327.14400166963037
326.78400166963036
326.42400166963034
326.06400166963033
325.70400166963037
325.34400166963036
324.98400166963035
324.62400166963033
324.26400166963037
323.90400166963036
323.54400166963035
323.18400166963033
322.82400166963032
322.46400166963036
322.10400166963035
321.74400166963034
321.38400166963038
321.02400166963037
320.66400166963035
320.30400166963034
319.94400166963032
319.58400166963037
319.22400166963035
318.86400166963034
318.50400166963033
318.14400166963037
317.78400166963036
317.42400166963034
317.06400166963033
316.70400166963032
316.34400166963036
315.98400166963035
315.62400166963033
315.26400166963037
314.90400166963036
314.54400166963035
314.18400166963033
313.82400166963032
313.46400166963031
313.10400166963035
312.74400166963034
312.38400166963032
312.02400166963037
311.66400166963035
311.30400166963034
310.94400166963032
310.58400166963031
310.22400166963035
309.86400166963034
309.50400166963033
309.14400166963031
308.78400166963036
308.42400166963034
308.06400166963033
307.70400166963032
307.34400166963036
306.98400166963035
306.62400166963033
306.26400166963032
305.90400166963036
305.54400166963035
305.18400166963033
304.82400166963032
304.46400166963031
304.10400166963035
303.74400166963034
303.38400166963032
303.02400166963031
302.66400166963035
302.30400166963034
301.94400166963032
301.58400166963031
301.2240016696303
300.86400166963034
300.50400166963033
300.14400166963031
299.7840016696303
299.42400166963034
299.06400166963033
298.70400166963032
298.3440016696303
297.98400166963035
297.62400166963033
297.26400166963032
296.9040016696303
296.54400166963035
296.18400166963033
295.82400166963032
295.46400166963031
295.10400166963029
294.74400166963034
294.38400166963032
294.02400166963031
293.66400166963035
293.30400166963034
292.94400166963038
292.58400166963042
292.22400166963047
291.86400166963051
291.50400166963055
291.1440016696306
290.78400166963064
290.42400166963068
290.06400166963067
289.70400166963077
289.34400166963076
288.9840016696308
288.62400166963084
288.26400166963089
287.90400166963093
287.544001669631
287.184001669631
286.82400166963106
286.4640016696311
286.10400166963115
285.74400166963119
285.38400166963123
285.02400166963128
284.66400166963126
284.30400166963136
283.94400166963135
283.58400166963145
283.22400166963143
282.86400166963148
282.50400166963152
282.14400166963156
281.78400166963161
281.42400166963165
281.06400166963169
280.70400166963174
280.34400166963178
279.98400166963182
279.62400166963187
279.26400166963191
278.90400166963195
278.54400166963194
278.18400166963204
277.824001669632
277.46400166963207
277.10400166963211
276.74400166963215
276.3840016696322
276.02400166963224
275.66400166963228
275.30400166963233
274.94400166963237
274.58400166963241
274.22400166963246
273.8640016696325
273.50400166963254
273.14400166963253
272.78400166963263
272.42400166963262
272.06400166963266
271.7040016696327
271.34400166963275
270.98400166963279
270.62400166963283
270.26400166963288
269.90400166963292
269.54400166963296
269.184001669633
268.82400166963305
268.46400166963309
268.10400166963313
267.74400166963312
267.38400166963322
267.02400166963321
266.66400166963331
266.30400166963329
265.94400166963334
265.58400166963338
265.22400166963342
264.86400166963347
264.50400166963351
264.14400166963355
263.7840016696336
263.42400166963364
263.06400166963368
262.70400166963373
262.34400166963377
261.98400166963381
261.6240016696338
261.2640016696339
260.90400166963389
260.54400166963393
260.184001669634
259.824001669634
259.46400166963406
259.1040016696341
258.74400166963414
258.38400166963419
258.02400166963423
257.66400166963427
257.30400166963432
256.94400166963436
256.5840016696344
256.22400166963439
255.86400166963446
255.50400166963451
255.14400166963452
254.78400166963456
254.42400166963461
254.06400166963465
253.70400166963469
253.34400166963474
252.98400166963478
252.62400166963482
252.26400166963487
251.90400166963491
251.54400166963495
251.184001669635
250.824001669635
250.46400166963505
250.1040016696351
249.74400166963514
249.38400166963515
249.0240016696352
248.66400166963524
248.30400166963528
247.94400166963533
247.58400166963537
247.22400166963541
246.86400166963546
246.5040016696355
246.14400166963554
245.78400166963559
245.42400166963563
245.06400166963564
244.70400166963569
244.34400166963573
243.98400166963577
243.62400166963579
243.26400166963583
242.90400166963588
242.54400166963592
242.18400166963596
241.824001669636
241.46400166963605
241.10400166963609
240.74400166963613
240.38400166963618
240.02400166963622
239.66400166963626
239.30400166963628
238.94400166963632
238.58400166963637
238.22400166963641
237.86400166963642
237.50400166963647
237.14400166963651
236.78400166963655
236.4240016696366
236.06400166963664
235.70400166963668
235.34400166963673
234.98400166963677
234.62400166963681
234.26400166963686
233.90400166963687
233.54400166963691
233.18400166963696
232.824001669637
232.464001669637
232.10400166963706
231.74400166963713
231.38400166963717
231.02400166963719
230.66400166963723
230.30400166963727
229.94400166963732
229.58400166963736
229.2240016696374
228.86400166963745
228.50400166963749
228.1440016696375
227.78400166963755
227.42400166963759
227.06400166963763
226.70400166963768
226.34400166963772
225.98400166963776
225.62400166963781
225.26400166963785
224.90400166963789
224.54400166963791
224.18400166963795
223.824001669638
223.46400166963804
223.10400166963808
222.74400166963812
222.38400166963817
222.02400166963821
221.66400166963823
221.30400166963827
220.94400166963831
220.58400166963833
220.22400166963837
219.86400166963841
219.50400166963846
219.1440016696385
218.78400166963854
218.42400166963859
218.06400166963863
217.70400166963864
217.34400166963869
216.98400166963873
216.62400166963877
216.26400166963882
215.90400166963886
215.5440016696389
215.18400166963895
214.82400166963896
214.464001669639
214.10400166963905
213.74400166963909
213.38400166963913
213.02400166963918
212.66400166963922
212.30400166963926
211.94400166963928
211.58400166963932
211.22400166963936
210.86400166963941
210.50400166963945
210.14400166963949
209.78400166963954
209.42400166963955
209.0640016696396
208.70400166963964
208.34400166963968
207.98400166963972
207.62400166963977
207.26400166963981
206.90400166963985
206.54400166963987
206.18400166963991
205.82400166963996
205.46400166964
205.10400166964004
204.74400166964009
204.38400166964013
204.02400166964017
203.66400166964019
203.30400166964023
202.94400166964027
202.58400166964032
202.22400166964036
201.8640016696404
201.50400166964045
201.14400166964049
200.7840016696405
200.42400166964055
200.06400166964059
199.70400166964063
199.34400166964068
198.98400166964072
198.62400166964076
198.26400166964081
197.90400166964082
197.54400166964086
197.18400166964091
196.82400166964095
196.464001669641
196.10400166964104
195.74400166964108
195.38400166964112
195.02400166964114
194.66400166964118
194.30400166964122
193.94400166964127
193.58400166964131
193.22400166964135
192.8640016696414
192.50400166964144
192.14400166964146
191.7840016696415
191.42400166964154
191.06400166964158
190.70400166964163
190.34400166964167
189.98400166964171
189.62400166964173
189.26400166964177
188.90400166964182
188.54400166964186
188.1840016696419
187.82400166964195
187.464001669642
187.10400166964203
186.74400166964205
186.38400166964209
186.02400166964213
185.66400166964218
185.30400166964222
184.94400166964226
184.58400166964231
184.22400166964235
183.86400166964236
183.50400166964241
183.14400166964245
182.78400166964249
182.42400166964254
182.06400166964258
181.70400166964262
181.34400166964267
180.98400166964268
180.62400166964272
180.26400166964277
179.90400166964281
179.54400166964285
179.1840016696429
178.82400166964294
178.46400166964298
178.104001669643
177.74400166964304
177.38400166964308
177.02400166964313
176.66400166964317
176.30400166964321
175.94400166964326
175.5840016696433
175.22400166964331
174.86400166964336
174.5040016696434
174.14400166964344
173.78400166964349
173.42400166964353
173.06400166964357
172.70400166964359
172.34400166964363
171.98400166964368
171.62400166964372
171.26400166964376
170.9040016696438
170.54400166964385
170.18400166964389
169.82400166964391
169.46400166964395
169.104001669644
168.74400166964404
168.38400166964408
168.02400166964412
167.66400166964417
167.30400166964421
166.94400166964422
166.58400166964427
166.22400166964431
165.86400166964435
165.5040016696444
165.14400166964444
164.78400166964448
164.42400166964453
164.06400166964454
163.70400166964458
163.34400166964463
162.98400166964467
162.62400166964471
162.26400166964476
161.9040016696448
161.54400166964484
161.18400166964486
160.8240016696449
160.46400166964494
160.104001669645
159.74400166964503
159.38400166964507
159.02400166964512
158.66400166964516
158.30400166964517
157.94400166964522
157.58400166964526
157.2240016696453
156.86400166964535
156.50400166964539
156.14400166964543
155.78400166964545
155.42400166964549
155.06400166964554
154.70400166964558
154.34400166964562
153.98400166964566
153.62400166964571
153.26400166964575
152.90400166964577
152.54400166964581
152.18400166964585
151.8240016696459
151.46400166964594
151.10400166964598
150.74400166964603
150.38400166964607
150.02400166964608
149.66400166964613
149.30400166964617
148.94400166964621
148.58400166964626
148.2240016696463
147.86400166964634
147.50400166964639
147.1440016696464
146.78400166964644
146.42400166964649
146.06400166964653
145.70400166964657
145.34400166964662
144.98400166964666
144.6240016696467
144.26400166964672
143.90400166964676
143.5440016696468
143.18400166964685
142.82400166964689
142.46400166964693
142.10400166964698
141.74400166964702
141.38400166964703
141.02400166964708
140.66400166964712
140.30400166964716
139.94400166964721
139.58400166964725
139.22400166964729
138.86400166964734
138.50400166964735
138.1440016696474
137.78400166964744
137.42400166964748
137.06400166964752
136.70400166964757
136.34400166964761
135.98400166964763
135.62400166964767
135.26400166964771
134.90400166964776
134.5440016696478
134.18400166964784
133.82400166964789
133.46400166964793
133.10400166964794
132.744001669648
132.38400166964803
132.02400166964807
131.66400166964812
131.30400166964816
130.9440016696482
130.58400166964825
130.22400166964826
129.8640016696483
129.50400166964835
129.14400166964839
128.78400166964843
128.42400166964848
128.06400166964852
127.70400166964856
127.34400166964858
126.98400166964862
126.62400166964866
126.26400166964871
125.90400166964875
125.54400166964879
125.18400166964884
124.82400166964888
124.46400166964889
124.10400166964894
123.74400166964898
123.38400166964902
123.02400166964907
122.66400166964911
122.30400166964915
121.9440016696492
121.58400166964921
121.22400166964926
120.8640016696493
120.50400166964934
120.14400166964938
119.78400166964943
119.42400166964947
119.06400166964949
118.70400166964953
118.34400166964957
117.98400166964962
117.62400166964966
117.2640016696497
116.90400166964975
116.54400166964979
116.1840016696498
115.82400166964985
115.46400166964989
115.10400166964993
114.74400166964998
114.38400166965002
114.02400166965006
113.66400166965011
113.30400166965012
112.94400166965016
112.58400166965021
112.22400166965025
111.86400166965029
111.50400166965034
111.14400166965038
110.78400166965042
110.42400166965044
110.06400166965048
109.70400166965052
109.34400166965057
108.98400166965061
108.62400166965065
108.2640016696507
107.90400166965074
107.54400166965075
107.1840016696508
106.82400166965084
106.46400166965088
106.10400166965093
105.74400166965097
105.38400166965101
105.02400166965106
104.66400166965107
104.30400166965112
103.94400166965113
103.58400166965117
103.22400166965122
102.86400166965126
102.5040016696513
102.14400166965135
101.78400166965139
101.42400166965143
101.06400166965148
100.70400166965152
100.34400166965156
99.9840016696516
99.624001669651648
99.264001669651634
98.904001669651677
98.54400166965172
98.184001669651764
97.8240016696518
97.46400166965185
97.1040016696519
96.744001669651936
96.38400166965198
96.024001669652023
95.664001669652066
95.304001669652109
94.9440016696521
94.584001669652139
94.224001669652182
93.864001669652225
93.504001669652268
93.144001669652312
92.784001669652355
92.4240016696524
92.064001669652441
91.704001669652484
91.344001669652528
90.984001669652571
90.624001669652614
90.264001669652657
89.9040016696527
89.544001669652744
89.18400166965273
88.824001669652773
88.464001669652816
88.10400166965286
87.7440016696529
87.384001669652946
87.024001669652989
86.664001669653032
86.304001669653076
85.944001669653119
85.584001669653162
85.2240016696532
84.864001669653248
84.504001669653292
84.144001669653335
83.784001669653321
83.424001669653364
83.064001669653408
82.704001669653451
82.3440016696535
81.984001669653537
81.62400166965358
81.264001669653624
80.904001669653667
80.54400166965371
80.184001669653753
79.8240016696538
79.46400166965384
79.104001669653883
78.744001669653926
78.384001669653969
78.024001669653956
77.664001669654
77.304001669653985
76.944001669653858
76.58400166965373
76.2240016696536
75.864001669653476
75.504001669653348
75.144001669653221
74.784001669653151
74.424001669653023
74.0640016696529
73.704001669652769
73.344001669652641
72.984001669652514
72.624001669652387
72.264001669652259
71.904001669652189
71.544001669652062
71.184001669651934
70.8240016696518
70.46400166965168
70.104001669651552
69.744001669651425
69.3840016696513
69.024001669651227
68.6640016696511
68.304001669650972
67.944001669650845
67.584001669650718
67.22400166965059
66.864001669650463
66.504001669650336
66.144001669650208
65.784001669650138
65.424001669650011
65.064001669649883
64.704001669649756
64.344001669649629
63.9840016696495
63.624001669649374
63.264001669649247
62.904001669649176
62.544001669649049
62.184001669648922
61.824001669648794
61.464001669648667
61.10400166964854
60.744001669648412
60.384001669648285
60.024001669648214
59.664001669648087
59.30400166964796
58.944001669647832
58.584001669647705
58.224001669647578
57.86400166964745
57.504001669647323
57.144001669647253
56.784001669647125
56.424001669647
56.064001669646871
55.704001669646743
55.344001669646616
54.984001669646489
54.624001669646361
54.264001669646291
53.904001669646163
53.544001669646036
53.184001669645909
52.824001669645781
52.464001669645654
52.104001669645527
51.7440016696454
51.384001669645329
51.0240016696452
50.664001669645074
50.304001669644947
49.94400166964482
49.584001669644692
49.224001669644565
48.864001669644438
48.504001669644367
48.14400166964424
47.784001669644113
47.424001669643985
47.064001669643858
46.704001669643731
46.3440016696436
45.984001669643476
45.624001669643405
45.264001669643278
44.904001669643151
44.544001669643023
44.184001669642896
43.824001669642769
43.464001669642641
43.104001669642514
42.744001669642444
42.384001669642316
42.024001669642189
41.664001669642062
41.304001669641934
40.944001669641807
40.58400166964168
40.224001669641552
39.864001669641482
39.504001669641355
39.144001669641227
38.7840016696411
38.424001669640973
38.064001669640845
37.704001669640718
37.344001669640591
36.98400166964052
36.624001669640393
36.264001669640265
35.904001669640138
35.544001669640011
35.184001669639883
34.824001669639756
34.464001669639629
34.104001669639558
33.744001669639431
33.384001669639304
33.024001669639176
32.664001669639049
32.304001669638922
31.944001669638794
31.584001669638667
31.224001669638596
30.864001669638469
30.504001669638342
30.144001669638214
29.784001669638087
29.42400166963796
29.064001669637832
28.704001669637705
28.344001669637578
27.984001669637507
27.62400166963738
27.264001669637253
26.904001669637125
26.544001669636998
26.184001669636871
25.824001669636743
25.464001669636616
25.104001669636546
24.744001669636418
24.384001669636291
24.024001669636164
23.664001669636036
23.304001669635909
22.944001669635782
22.584001669635654
22.224001669635584
21.864001669635456
21.504001669635329
21.144001669635202
20.784001669635074
20.424001669634947
20.06400166963482
19.704001669634692
19.344001669634622
18.984001669634495
18.624001669634367
18.26400166963424
17.904001669634113
17.544001669633985
17.184001669633858
16.824001669633731
16.46400166963366
16.104001669633533
15.744001669633406
15.384001669633278
15.024001669633151
14.664001669633024
14.304001669632896
13.944001669632769
13.584001669632698
13.224001669632571
12.864001669632444
12.504001669632316
12.144001669632189
11.784001669632062
11.424001669631934
11.064001669631807
10.704001669631737
10.344001669631609
9.9840016696314819
9.6240016696313546
9.2640016696312273
8.9040016696311
8.5440016696309726
8.1840016696308453
7.8240016696307748
7.4640016696306475
7.10400166963052
6.7440016696303928
6.3840016696302655
6.0240016696301382
5.6640016696300108
5.3040567924699076
4.9450469620031186
4.5884870355363319
4.2359082030695276
3.8888416546027997
3.5488185801360146
3.217370169669266
2.8960276132025342
2.5863221007357993
2.2897848222690982
2.0079469678024111
1.7423397273357182
1.4944942908691132
1.2659418484024627
1.0582135899358605
0.87283102734113527
0.710317119141223
0.56934196447753038
0.44837437335002051
0.34588315575877004
0.260337121703742
0.19020508118495627
0.13395584420237583
0.09005822075607739
0.056981020845967123
0.033193054472064887
0.017163131634390538
0.0073600623329070913
0.0022526565676912469
0.00030972433864917548
