-0.07104400728496757
-0.071589537278080775
-0.071963317444548577
-0.071159641183373243
-0.071960600044891937
-0.0713054938217423
-0.070967593192992354
-0.071217287899142986
-0.070778779118285867
-0.071682102812949788
-0.070235429008295089
-0.070478880329199967
-0.0705267449238585
-0.069973611056086835
-0.0708387240044804
-0.070929427939031786
-0.071578453530268649
-0.070761105343799424
-0.071280062635228292
-0.070740210061782841
-0.0706641738894993
-0.0708913738796005
-0.070348864681039319
-0.07107274571552423
-0.071595984064494786
-0.07166686569825427
-0.0715161899365596
-0.07157596692464302
-0.071445307665774019
-0.0705004943502124
-0.070835666058640764
-0.070978586642959918
-0.0711072287330178
-0.073088766703544875
-0.0730733183713985
-0.073581376716872648
-0.073689728536267984
-0.073140990894323757
-0.071954447645239575
-0.071730922270551722
-0.072549589462534259
-0.072745469198017082
-0.07261424684946638
-0.072229689492272944
-0.072837255422499747
-0.072166239017959613
-0.071738651696782993
-0.072266062227521632
-0.071712696832935879
-0.070230613342531889
-0.071011370221661166
-0.070738784134574587
-0.071439231560596048
-0.0714743776859239
-0.0726739069459094
-0.073464443056227013
-0.072564143851699153
-0.071036132613396863
-0.0703708242577131
-0.0702767136554359
-0.069794393473528338
-0.070835747037838209
-0.072389575341000448
-0.0715692250295657
-0.071343111548191521
-0.072526383863132649
-0.072181928746135771
-0.071583934102864885
-0.071452413334923442
-0.071323955760135879
-0.0704497036543038
-0.070282367987334546
-0.070760081141914233
-0.071390986304025725
-0.07059226742205188
-0.070702260136017978
-0.070958460798574791
-0.071434006345646131
-0.071822014724622629
-0.072470444491381625
-0.072087765235675269
-0.071663947820184079
-0.071532210888021
-0.07156272473199804
-0.072075052247642588
-0.071859850742235415
-0.07081653826715742
-0.071639519140671765
-0.071305246650343435
-0.070924376680116127
-0.071607327719284311
-0.07146840899674152
-0.071329610868908613
-0.071165474726521391
-0.071664122630732727
-0.0718283112813168
-0.071752613023120582
-0.070882938899604009
-0.071537196120231863
-0.071774990910781628
-0.0717401717733683
-0.070871064734692665
-0.0708131303794439
-0.070483057134470936
-0.069420780694695719
-0.069682197351073311
-0.070969324044044782
-0.070806285587523832
-0.0712501223093862
-0.071367214949289326
-0.071703305665053965
-0.072159594703308058
-0.072143640712385118
-0.0716687354946779
-0.071594981435983723
-0.07148252008261638
-0.070838085917868138
-0.072277805902966077
-0.072632931833322728
-0.07320225939394466
-0.073164627975649626
-0.072696463990138238
-0.072207238735410753
-0.07208289800913581
-0.072160121103579708
-0.07303856404550936
-0.073278108060018415
-0.073840551497756368
-0.073651872289541412
-0.073284588787659449
-0.0719306801014283
-0.071731233987944593
-0.070921470820239613
-0.071837278808459859
-0.071936767774976124
-0.071539151344022542
-0.072362007135920989
-0.0721937516041925
-0.072063288152133
-0.0727265674433167
-0.072939716257911374
-0.072827915519001932
-0.074903390301492082
-0.0750093477316312
-0.073966321584784736
-0.073200805320707371
-0.072587762855168075
-0.072723804693642383
-0.071695730053993031
-0.070811037193684437
-0.0708727247234671
-0.0709462268208545
-0.071882520913998382
-0.072720709657379687
-0.0717258771957984
-0.071417620254557557
-0.071682786472826387
-0.071958100720568532
-0.072105051170751763
-0.072572633981030116
-0.072319319652247777
-0.073057927040236642
-0.07273739156188061
-0.0728062131044441
-0.073059536755585686
-0.072930299750848568
-0.07233084828408734
-0.071371896266395063
-0.0711784730552755
-0.070950189482412052
-0.071948761836796965
-0.072334502355541425
-0.072429081252987623
-0.072883121257233771
-0.072995378256871218
-0.073466906037058466
-0.072066355805639554
-0.070358101987460508
-0.070055457852730846
-0.069904891302142572
-0.069245565323558925
-0.070227644982465448
-0.070036822917136712
-0.0701042241323643
-0.069522848736915874
-0.06989592003023519
-0.070514489103561492
-0.070370330549900231
-0.070516838056602443
-0.071756441143133134
-0.072108303976219076
-0.071883489838067346
-0.071385885754186557
-0.0711369722745074
-0.0708918228955
-0.07084618447448246
-0.0714554610823454
-0.071385196138933668
-0.071381767523337941
-0.07152093457440159
-0.071749037140347985
-0.071624001911757024
-0.071274014668766164
-0.071487810032034832
-0.071985983580408072
-0.071825056494845566
-0.071079484309658547
-0.071071351626307344
-0.0720153787196768
-0.071403874391699262
-0.071825816380553992
-0.071071405504118015
-0.070887356559064793
-0.070306963748831677
-0.0704567763944145
-0.070666852393070287
-0.071883663949643017
-0.07163737357394892
-0.071630783825057373
-0.072355505324613434
-0.07180011480694283
-0.07111591190883608
-0.070494724905193359
-0.070620697187738113
-0.070602219745126954
-0.07063988788767632
-0.069771427537155428
-0.070293970446104387
-0.070257116952568741
-0.071415473844141375
-0.071432049945598278
-0.071676637272749477
-0.071772981945004158
-0.0720246844497642
-0.071738746072674053
-0.071724845086591
-0.072143980024201221
-0.071739410559068684
-0.071148707460490512
-0.071661126269605441
-0.071517432919713825
-0.07085467703876426
-0.071013996028698914
-0.071028359146805234
-0.071678584886795252
-0.072304637993989312
-0.070885851530942789
-0.07089578715452266
-0.071668960502750109
-0.071674879280496109
-0.071745005550435725
-0.071654465174444765
-0.071426886583512719
-0.071363421125783741
-0.071386985656217358
-0.070247560413718324
-0.070699616552549249
-0.0716617479433442
-0.071636272717550159
-0.071747072720040772
-0.071195750432013316
-0.0715779434716902
-0.071871067433301433
-0.071475157906230713
-0.071738547123136431
-0.072778322957587474
-0.072686943947619209
-0.070752194686778125
-0.071729260082678117
-0.070659979107031312
-0.07113487652586381
-0.072275437591460656
-0.072684862579124793
-0.072174881139913133
-0.072832924924312564
-0.071822250177155461
-0.071682440324282545
-0.071084813748191089
-0.0715000192138553
-0.071654982475246
-0.072134273453177855
-0.07183777707948058
-0.071737997985913793
-0.071108304886237789
-0.071972749046522247
-0.072174329867562184
-0.07138526365834888
-0.070942979169677664
-0.070385609714426034
-0.070581091310685781
-0.0703620846107911
-0.070625450704134451
-0.071384970087911212
-0.071264507864179691
-0.071216627862933923
-0.071101852061106863
-0.071322334479665531
-0.07146621599870065
-0.072721038062718651
-0.071717821844996379
-0.072567227486234329
-0.071030438970948712
-0.071441107084621633
-0.0708846219487544
-0.0705063011438998
-0.0709917240450887
-0.070707806372801385
-0.07131265200234059
-0.071740317240126569
-0.072564267023798854
-0.072614494759288439
-0.072884334217569471
-0.0730794330677436
-0.071691278575782932
-0.071811463164534642
-0.071815169156904737
-0.072265046319454823
-0.0723582342973337
-0.072800117096229092
-0.072176035718052714
-0.072284578246143746
-0.071984307894270932
-0.0713536747233583
-0.071161448247959141
-0.0711731633433576
-0.071080552029884017
-0.070179877625162382
-0.070009343459579834
-0.070154947102290421
-0.069432048078297587
-0.069891813765605562
-0.069313139115668956
-0.0697318871136987
-0.069609487534626091
-0.0705194523583232
-0.0702867684338473
-0.0711895611266388
-0.071144512965911746
-0.0713651372347647
-0.071254946246143813
-0.071797626338455572
-0.071691961671322177
-0.072475706998646278
-0.072266221301837838
-0.072088633356508364
-0.070755564465285428
-0.07157794641841296
-0.071278267413031185
-0.072291377431784334
-0.071804461448927409
-0.072353227065245454
-0.072431781807330037
-0.0720696319565499
-0.071531723540275871
-0.0708477369263451
-0.070867274798041682
-0.070691490275468935
-0.07073052219428029
-0.07161796957147476
-0.072187456174313
-0.072202249280444067
-0.072267750299097475
-0.071313766234490636
-0.071337344582962925
-0.072017124612893085
-0.071783039190731687
-0.071452907140014552
-0.07126809268513698
-0.0711449674477695
-0.070759160169937829
-0.069788597342987077
-0.070315677574905339
-0.071015997066845277
-0.070753929472556973
-0.070514730016400809
-0.0711367223660345
-0.071291644066651283
-0.072001894047210011
-0.071591306724299517
-0.0724746676332459
-0.07155122859356379
-0.071608966060074553
-0.070222059650043731
-0.070365379150133522
-0.070045074728887519
-0.070654599956490149
-0.0698646326576784
-0.069629739876946622
-0.0700271859564204
-0.069638496860760679
-0.070259425477466456
-0.071334327148634052
-0.072658192144324243
-0.071885234809814236
-0.071292985887767613
-0.071200660574807534
-0.071019611416268724
-0.070597056555223511
-0.06978281483363788
-0.070371774178963023
-0.071304333041030163
-0.070940353796009
-0.071229750383204157
-0.071375924148470049
-0.0715672568797112
-0.071962806138363644
-0.071215329512032008
-0.070961158165163
-0.070421131661653216
-0.071623606503955051
-0.071806278935254764
-0.071106580501506852
-0.070691572595779434
-0.0703178394788268
-0.070231289020230944
-0.070618304586875846
-0.070141073498897658
-0.070980148054778078
-0.071444570073203484
-0.071783691792800836
-0.071918975599643789
-0.071871073910465488
-0.07255851250058383
-0.073224310204985224
-0.0731834587312312
-0.073563542439739338
-0.073255707436519837
-0.072401036001354141
-0.071750321171778875
-0.071598735056165319
-0.072094511050682444
-0.072247146022961659
-0.071940803152844984
-0.071469524052711481
-0.0718700628550349
-0.071468486767928455
-0.071896734258177011
-0.070975341549471063
-0.07101653330420446
-0.070725694896784944
-0.070741223562787933
-0.071352696388776407
-0.0716847751904965
-0.070872259726411979
-0.0723632064208272
-0.072140263428138979
-0.071182248059256048
-0.071048730863379622
-0.0717217815029628
-0.072073204885154785
-0.071693751036293468
-0.070392059746268665
-0.07037243621322449
-0.070547358489573234
-0.070038263050346689
-0.070979875300297715
-0.070497673659813284
-0.070493987629463753
-0.070329446816491337
-0.071253801162450642
-0.072152053572855632
-0.071355316152983322
-0.0715927681610343
-0.070807811462276
-0.070688581732927955
-0.0710911165229248
-0.070708077163708943
-0.071095484196860084
-0.0710173580907379
-0.071263530800381267
-0.071097406601308241
-0.071170054263103827
-0.071772452347213481
-0.071809049509190953
-0.072261857045249608
-0.071331487781141553
-0.070808284632842181
-0.0717648140766233
-0.0713245656743389
-0.0707389008819603
-0.071535930076714146
-0.070985177080595846
-0.070324588398678375
-0.07049126627865912
-0.070423795970293
-0.07038430492831986
-0.071030513679348664
-0.071830481316695158
-0.071798484265184689
-0.070590488698924578
-0.069872001959094446
-0.071862553874807236
-0.072574075045185288
-0.072612042314673025
-0.072609085872262114
-0.071887152789761558
-0.071892657365543372
-0.071607029411253714
-0.072124916357755461
-0.07205024039567462
-0.071537809597154042
-0.071054191705343
-0.071331981869265315
-0.072133163839078307
-0.071789028641623523
-0.071984420070447877
-0.0726613098737463
-0.072043369357706416
-0.072292507179634452
-0.071341280907732924
-0.0706042115541488
-0.069558772797593
-0.06975181965366363
-0.070089217231595086
-0.070585585415104027
-0.071330391876857524
-0.071693821117779291
-0.071952706779283865
-0.071769941208640692
-0.071392015956268678
-0.0710809850412809
-0.070296283626874817
-0.070941985685403067
-0.071226455727252419
-0.071626294374145028
-0.071408284227108584
-0.071988151355909677
-0.072144956969775964
-0.0715890069350908
-0.071246416173482957
-0.070923890307330067
-0.0708546403548808
-0.071796882529578512
-0.071906983170883412
-0.071038417373713372
-0.071472154840523869
-0.072031103229515239
-0.071725469027249689
-0.0721349632669503
-0.072052238674218075
-0.071848662879529748
-0.071034359012693962
-0.070281160099795514
-0.069959492833656961
-0.06969360392762794
-0.070654739621501039
-0.0704703020004642
-0.069912106295638959
-0.070552526738703117
-0.070577868334510921
-0.071415933231825157
-0.0708046829149777
-0.071442598541386446
-0.071887148573474557
-0.071850891439743034
-0.071596876999070344
-0.071053590734642832
-0.07154668673391143
-0.072354663815868359
-0.071702217594155529
-0.071861169644626813
-0.071011483577768042
-0.072061113695219808
-0.071401601568329115
-0.071133348025571128
-0.070713455743683651
-0.070884707468132732
-0.07055807586701511
-0.072112969778682839
-0.071844142985664328
-0.071586244581940808
-0.071909423422288635
-0.0723570267131897
-0.0717902975147399
-0.070815858394630019
-0.071636108499169057
-0.071406887215805459
-0.071510603439186818
-0.072527691543060976
-0.071792763282220173
-0.071481855220773688
-0.070928445026636838
-0.072530591476339654
-0.072720639925636876
-0.071906200185898356
-0.071306091141168232
-0.07148341540814393
-0.07140922781068175
-0.072150512267010469
-0.071545170658458584
-0.070787955841144543
-0.070977258219126815
-0.070889131974808284
-0.071015912321222091
-0.070445282147002769
-0.07026273510970163
-0.070660168845086663
-0.070821313704926434
-0.070132401907391922
-0.070453995140360812
-0.070592025276831366
-0.0697846747757355
-0.070281025220888971
-0.070249593617709771
-0.070632094730514572
-0.071228242922285
-0.070522733255130615
-0.070275570007967372
-0.070739501248794634
-0.071272657165661432
-0.070972528252698938
-0.071283368317206219
-0.0715505963596597
-0.07097120038790132
-0.071981349370517617
-0.071768879969818136
-0.072013758201560057
-0.072445929525373653
-0.072642487604413011
-0.072614839938186862
-0.07179592290991868
-0.071119763070687819
-0.071028180229361859
-0.071304232122135089
-0.071075828328926435
-0.0715731244452511
-0.070908743517630241
-0.070837652171256246
-0.07057791490496676
-0.069536495601280363
-0.06997870143891835
-0.071153515551858088
-0.071666661185626951
-0.071785613914867416
-0.071806760937717179
-0.072385541001453488
-0.072316823957418522
-0.0722198115336729
-0.071506379679053725
-0.07084027914952
-0.0711838601087922
-0.07041261766899834
-0.071005145691823715
-0.07092471566586378
-0.070958625676625725
-0.071821158533282817
-0.0721210603202897
-0.071066809771928779
-0.070735156763611723
-0.0705953478964404
-0.070206038392698331
-0.0704256593589783
-0.070106842882170187
-0.070214973673603465
-0.070479376078535369
-0.070870355320453035
-0.070578545861363362
-0.069930045181030659
-0.071202348777552618
-0.070433113713462531
-0.070910985373617536
-0.0717537111187367
-0.072208342619207916
-0.072371489048026913
-0.072756877684652471
-0.071662044624658791
-0.072051233705266948
-0.0724550431312402
-0.071978203732063692
-0.071683430759038921
-0.071686998954708328
-0.07068281334381174
-0.0702581461774762
-0.07191058825469028
-0.072315237784997488
-0.072289519450263753
-0.07247331289474121
-0.071786974277688056
-0.071099933327351345
-0.072126896802799087
-0.07181127683083896
-0.0724212890089848
-0.071169993452349312
-0.070587785600107048
-0.07150347423415368
-0.072209679002654029
-0.072016362161109237
-0.070915806579108037
-0.070590743773815356
-0.07071382911734117
-0.071626094662163617
-0.071696440669623468
-0.071308220000570216
-0.071154457708452912
-0.072400608469465125
-0.072050868796338152
-0.071452365809314411
-0.0712364082961639
-0.0707952263985971
-0.070781462109415
-0.071516669209560624
-0.071627805795304464
-0.0709149530999974
-0.071515876343310317
-0.070578998634377235
-0.070037226728904889
-0.069762466165422282
-0.069485771149646283
-0.069718544837891486
-0.07057219523166823
-0.07130035224826671
-0.070659876428705332
-0.070694196201383078
-0.071697249613838387
-0.072090170540666437
-0.072952763625056316
-0.072616575340538
-0.072381186395778813
-0.072278216520380814
-0.072475010150359162
-0.072706831747616066
-0.071966787176851649
-0.0711749245785984
-0.071383876227368956
-0.071437364337237116
-0.0718152441484705
-0.071702638372873564
-0.072373556101482689
-0.072832946143617849
-0.072593111606005692
-0.071631061342545335
-0.0711245780656386
-0.07146618354182574
-0.0713267497737615
-0.071464297953782119
-0.071230578273978384
-0.070474745641343831
-0.07115662123406867
-0.0705710446384327
-0.070984912797461733
-0.0722761361528049
-0.07252521045233444
-0.071906076318933365
-0.071950576626703233
-0.07261162242455392
-0.0733885902752372
-0.073523153323831081
-0.072600876789760849
-0.072450875226111322
-0.070724166118366641
-0.070638507036227927
-0.071144313464326037
-0.0710919019052072
-0.071102496879160731
-0.071003714211024624
-0.072012439812746923
-0.071191942880296288
-0.071991461232431928
-0.071533029294847131
-0.0718353860702636
-0.07253302045101219
-0.071135413759001176
-0.07180934874106229
-0.0712950277729822
-0.070977850817663515
-0.071442116034247619
-0.070908136363598218
-0.071916846177189908
-0.072016170051968031
-0.0717822408352953
-0.072281510845540034
-0.07101881794490765
-0.072156175841222539
-0.073045406343405422
-0.071741772846328017
-0.07212958260542314
-0.071349809257907668
-0.070159655720722219
-0.070968815731288673
-0.070584026671082378
-0.070763482726674584
-0.071036025709811532
-0.071020297478147837
-0.07208376742065721
-0.071079955997920927
-0.071413118258096139
-0.070743731272612881
-0.071570241901902129
-0.070690361099817828
-0.072436415121755832
-0.071325478726075
-0.071033995403296468
-0.070545610953916357
-0.070775165886679189
-0.070718589393645587
-0.071021863300367374
-0.0714882239050083
-0.071800738569873332
-0.072098809080484688
-0.072045889638599273
-0.071451993505202163
-0.071292342990818186
-0.072034956727271032
-0.071849654346634623
-0.073035478409673713
-0.072480743095972369
-0.0724108649406783
-0.071467694593620859
-0.071548167518335051
-0.072045853664708032
-0.07174011824121021
-0.072361925346135961
-0.071588402480083024
-0.071218578420108716
-0.071096764410064961
-0.07161442081763221
-0.071575641400283552
-0.071170173066541345
-0.070504579833978592
-0.070910268482262756
-0.07160952206218256
-0.07175636612700062
-0.072175117000960159
-0.070992693578502269
-0.07150124117804034
-0.0719968494570807
-0.071988976082519876
-0.072277417739975688
-0.0718673868215492
-0.071858473863366773
-0.0709472209607951
-0.070890415276149435
-0.070434113538682383
-0.070792415857328914
-0.0710491458219379
-0.072281406946521076
-0.071508318673120574
-0.071329592119103072
-0.071588885177548967
-0.0704945154219133
-0.0715653564717393
-0.071889211192120953
-0.07102897667785929
-0.071202698239037854
-0.0701832145470315
-0.070889342871304675
-0.070413571640070075
-0.070014660170328591
-0.0708556862378642
-0.071490844979904142
-0.07157348445942649
-0.071418454834719328
-0.071367585343899559
-0.071905940087345688
-0.071349172103185129
-0.07205499499035406
-0.07127101218366011
-0.071335062794406115
-0.070593193447230709
-0.071069258258602108
-0.07133122775047919
-0.07104272369367004
-0.071234842596747311
-0.071066066879122744
-0.069915210658409471
-0.070775769233714952
-0.070723815157007264
-0.071004583316480435
-0.071984361824915
-0.070525088519341125
-0.070881534206173213
-0.070978507704571328
-0.070472754859998987
-0.070385632651643409
-0.0696898111770414
-0.069724749241101433
-0.069773160780940729
-0.070927927998424289
-0.069013456559326891
-0.070135455432561652
-0.070590371095079055
-0.07096052634367904
-0.071235769121021267
-0.071565922584138172
-0.071248898056685647
-0.071713323428584413
-0.071577103501048539
-0.070880817355678319
-0.070200887828305608
-0.0712227404055139
-0.070233396009041618
-0.07085629530685357
-0.071020758641941947
-0.071934084174243781
-0.072028138391394811
-0.072202753141710332
-0.071438549587573633
-0.070978872031623064
-0.07067287260676576
-0.070749762195217059
-0.070034705055226576
-0.070529806056406241
-0.071924885180237347
-0.071069067122770932
-0.071000663260236047
-0.071497234442470234
-0.07191990670506089
-0.0720236294262559
-0.0722796656568063
-0.0718751034275592
-0.071758535250026415
-0.071136760852199485
-0.071188248322132164
-0.072400518219752311
-0.071216511874505659
-0.070356543800651844
-0.070807398626430471
-0.072181156798321974
-0.070993554706147849
-0.071236737422833665
-0.071948890706096363
-0.073011673696831134
-0.070780129227335051
-0.070432611060945172
-0.0705815792816986
-0.069304412925407385
-0.070667444632548065
-0.0706062154839425
-0.0711745025286486
-0.072081630875961852
-0.071872113825132158
-0.072348395708429561
-0.071626957514736384
-0.072300740936464034
-0.07108720675823145
-0.071504195091911971
-0.071205351013903614
-0.071595460006275008
-0.07146589656558941
-0.071480435800096984
-0.070823952216462815
-0.071436952397999381
-0.071129643713446877
-0.070288569352877889
-0.070274880925936312
-0.070857566643404785
-0.071561938697672259
-0.071298932594840408
-0.071444371240079019
-0.071808144778809965
-0.070449667840535052
-0.069829239180249927
-0.0694695616742661
-0.069536559227889164
-0.0694613688117185
-0.069219776916957076
-0.069987562891448432
-0.071156877843044614
-0.0716711356341584
-0.071824969199434111
-0.071954126889915759
-0.071503631865267966
-0.072863258412623755
-0.0737758414511289
-0.071744030084496951
-0.0726358250397362
-0.072213493563692666
-0.072119249200825686
-0.07170182732269359
-0.071939073216839525
-0.071757164612339358
-0.071571180368320664
-0.071622462276647647
-0.0720315235307792
-0.0722003310246244
-0.072404498930095776
-0.0719414750554222
-0.071792733212287491
-0.070901172291830974
-0.07169768198926009
-0.071012006075074116
-0.0702778017448585
-0.070504403453092224
-0.070801207989710624
-0.07044685042362861
-0.070530397944499348
-0.071119757481639637
-0.071670180809445677
-0.071922222315257175
-0.071076071969207
-0.070315130839045309
-0.07089914887345522
-0.070390921583662489
-0.070658003201587688
-0.071586465288793741
-0.072681468872745056
-0.073037007743987387
-0.073500205365325144
-0.072910134551662661
-0.071606088277533869
-0.071018452143865055
-0.07125978083422356
-0.071029970747931631
-0.0704611989251106
-0.070643385635277972
-0.069715335018426763
-0.070808364877326044
-0.071367582042063879
-0.071160491117022259
-0.070773517741976127
-0.070979760764823679
-0.070789416445979678
-0.071145361252511585
-0.07038194045396988
-0.070549910991006076
-0.071285982140030707
-0.071502620838416589
-0.071399755693924372
-0.071198419887881073
-0.07060975461127493
-0.070066928566469122
-0.07078479302172716
-0.07104706459450294
-0.071352774570547173
-0.070919169435737256
-0.071542290774388145
-0.071807489331763508
-0.071851162434410851
-0.0722537734003616
-0.07225036962072641
-0.071323717709930762
-0.071902553895102708
-0.071654885382682068
-0.070048502061372975
-0.070353848046624534
-0.070243717532998073
-0.071409939050819812
-0.071528667821222927
-0.0723790882748307
-0.073080306580680626
-0.072888403123507459
-0.0730944988197528
-0.073197117729795674
-0.073219743452676886
-0.0729948811462515
-0.072354456649798837
-0.072128221609456561
-0.071740782422923643
-0.071702574111784045
-0.070861645256706116
-0.07053280575608338
-0.071111973007201928
-0.07062755815526417
-0.070966886691351289
-0.070728645179082714
-0.070927568033226418
-0.070743825770420377
-0.071886396790772633
-0.071947250407338736
-0.072046694689761576
-0.072110948466677649
-0.071208226436574332
-0.071078471246021513
-0.069742914727796465
-0.069753000029256509
-0.070257001090428178
-0.070089099833590338
-0.070452410707831745
-0.06956065156902301
-0.070376960772470076
-0.070401134933317122
-0.070691112495159691
-0.0713854367368529
-0.07137990489359626
-0.071793918086396638
-0.072053965265158379
-0.07190494313667814
-0.0723741111876683
-0.072076771949489277
-0.0719337407930914
-0.071605353972551328
-0.070973487393343013
-0.071181154336528718
-0.071920317302541642
-0.072812795260070992
-0.0724453537411281
-0.071743427592069739
-0.071325054039555524
-0.070882690009122215
-0.071957640804258954
-0.071834990491634873
-0.071292599112748212
-0.071831949294551264
-0.070897432393302
-0.070736254825451775
-0.070940949395607758
-0.0702542928231089
-0.0705361538955697
-0.070570280388480247
-0.070421243220611135
-0.06987754529618
-0.070008532411185584
-0.06921090262799412
-0.070013872437402952
-0.070226728140876826
-0.069106432773432092
-0.06912887411524346
-0.0693302850919432
-0.070504373253682431
-0.069499826962825556
-0.070772826594511631
-0.071702757669831821
-0.071334547446160371
-0.071000874916094858
-0.071165929957138843
-0.071425974492574776
-0.070458376279603385
-0.0699747912822553
-0.069223725345290435
-0.0696661952714714
-0.0691841927326357
-0.071442051887974561
-0.0707674830218823
-0.070937718335221764
-0.0712816559535091
-0.070824271843430708
-0.071187575794906213
-0.071566728090785556
-0.072275637530956963
-0.072683986811427015
-0.073070238181854041
-0.072776966051335629
-0.071859137804035134
-0.0710099882245135
-0.0714313006624621
-0.072366066723379724
-0.07176288933220408
-0.072448424037528963
-0.072192259616594673
-0.071920675815827534
-0.071097583159980729
-0.071879825830254485
-0.072733600091054965
-0.072774888291903372
-0.071636551678204319
-0.0724080581251983
-0.071764253086707752
-0.071738902265425217
-0.071328194542290974
-0.072055232707890424
-0.072235259318167849
-0.0721279000274278
-0.072555436318493344
-0.072771390028300686
-0.072923778935183384
-0.073220419537991049
-0.072853130387189408
-0.073043528753661491
-0.072953543148964184
-0.072723946371994183
-0.072212829919871546
-0.071129516773777463
-0.071049804450241671
-0.0716532644869477
-0.071833093405941184
-0.072077237659891671
-0.072430468589676986
-0.07347605227156026
-0.071755690086935608
-0.072586527953965668
-0.071968093088701529
-0.073385740239215833
-0.07267308647405378
-0.072058797945118616
-0.071727490253534421
-0.071531086717144921
-0.071106386481473216
-0.070786171584872631
-0.071801338425642042
-0.071597684991017679
-0.0718713768569437
-0.072237069831430911
-0.072166932741685452
-0.07120871007963972
-0.071206304473895379
-0.0712470412792255
-0.071819246919941765
-0.0722567188746014
-0.072823352455151175
-0.073100846305827819
-0.072665425801238817
-0.07250095090780255
-0.072603914893463309
-0.071760679780140307
-0.071611772058955137
-0.071155932710199668
-0.07192323848083744
-0.070888959420933567
-0.0718376936656319
-0.071455399068608441
-0.071657176987955928
-0.0714177169337474
-0.072027060979221222
-0.072684469741836108
-0.072172789953791339
-0.071724869218129622
-0.071516640589702363
-0.071417257981327531
-0.070071687118453865
-0.069415517513087957
-0.069746128314274389
-0.069534423992877264
-0.070492665477449812
-0.070088939536312234
-0.0705932655975945
-0.071324297742415721
-0.0708988579932553
-0.071830661057933967
-0.070888479997946646
-0.070358591038610419
-0.070251896356149271
-0.070914135329444614
-0.071272870733017607
-0.071687077789879691
-0.072023059450851246
-0.071256030749747262
-0.0722323020183984
-0.071729887900355546
-0.071143869337101179
-0.070892275120686216
-0.072098763608891073
-0.071920354941710729
-0.0727211365245573
-0.07260396789926464
-0.07157303604353922
-0.071223558432243789
-0.071149508889045
-0.070860533142230508
-0.071083254107697155
-0.069605517167852071
-0.069690287247948485
-0.070478198250754
-0.071012777034150626
-0.070276259354186715
-0.0696303650902916
-0.06961423763633591
-0.069148946512609152
-0.070763861657621288
-0.0705507687582955
-0.07125461520872213
-0.0721552693252882
-0.072238879511704032
-0.072586613959594787
-0.0717630483703683
-0.071637228819508791
-0.070406310311226933
-0.071087422383530177
-0.072398151760221977
-0.071475988594829024
-0.071610880907650026
-0.07155997256102363
-0.0721034258826169
-0.071761724389560161
-0.07173282601234883
-0.0716681495730358
-0.071914307706884284
-0.072241024744725435
-0.0721704729947963
-0.0714589885334862
-0.072517198174727682
-0.07222830977206228
-0.070607120356350223
-0.070573889622047956
-0.07063511719207663
-0.0720862635435033
-0.072198846520799415
-0.071395642776790474
-0.07210934205707295
-0.0711054759542375
-0.072021798897414474
-0.072700939911791732
-0.072264951799677249
-0.072072567612160576
-0.07098665283210441
-0.070402271074891873
-0.070276775623224569
-0.07125462555582425
-0.070355273182970329
-0.069504197937664977
-0.069292641618405371
-0.069002923058271187
-0.070134928486442968
-0.070430182125265792
-0.071176154599169428
-0.071603003812637844
-0.0721160240106118
-0.071921643402066457
-0.071838191851893288
-0.071359320071836124
-0.070634064486012518
-0.070655967865402111
-0.070130091252543908
-0.07036204924394783
-0.070617096222209116
-0.071533632856244311
-0.071514839516297932
-0.070841550445958579
-0.071129471295675414
-0.072008470285269674
-0.072103771394276567
-0.072611736363396878
-0.072433107413368419
-0.0721161623767266
-0.071195628464629027
-0.071762319071057137
-0.07260490668187837
-0.071748542273524243
-0.071815990056777371
-0.072123909242780768
-0.071962244873983186
-0.0714624294234317
-0.0710206739734576
-0.0710510143824353
-0.070946432054310976
-0.071854976494650252
-0.0728126026481076
-0.071210421549293551
-0.0714490097490264
-0.071564665526932261
-0.072307256307692636
-0.072340917351162257
-0.072315777763763481
-0.072336749013453466
-0.071687523501831177
-0.0713680389078078
-0.07148919186033792
-0.071516656924630634
-0.071237525947037486
-0.07090281905368935
-0.0707864786542008
-0.071326566411304262
-0.071785048296871365
-0.071013167136602884
-0.071034795415044552
-0.071479212283530685
-0.071675349682207845
-0.070838784895528237
-0.070753508545027488
-0.07145093316990099
-0.071449970628925524
-0.07182554049915249
-0.07182919667228313
-0.071382216807894985
-0.071399309030754074
-0.071124127359647155
-0.072155244124269949
-0.072189595596088146
-0.07164145327522925
-0.072149001257807127
-0.071902055702364118
-0.0722736227019055
-0.072378133336756065
-0.071731401632775735
-0.071332912581424879
-0.0711045358922415
-0.070954373883495916
-0.070025512745856319
-0.070037899554030114
-0.0704936920399585
-0.070631560429310764
-0.0707141319221308
-0.070851247794586875
-0.071540033335975681
-0.071166270806948359
-0.072158087908176016
-0.071448805557893819
-0.0714834429618605
-0.071876494128702
-0.0716395108036027
-0.070979298864785309
-0.070707039727650911
-0.070330844795983588
-0.070949059790339955
-0.071426980108348623
-0.072077296667399413
-0.072641506291181893
-0.0720729901430568
-0.0718037763979345
-0.072138851429133968
-0.071497378414443272
-0.071742365202202049
-0.071071836230135854
-0.071584692833139382
-0.070918336680005231
-0.070803885026591323
-0.07074618882746446
-0.071485236459380722
-0.070965680276006
-0.071716117021806483
-0.071815563954346573
-0.070619197891824165
-0.0705046031565697
-0.0713593979951807
-0.071951581201879763
-0.072009399773996979
-0.071890988681488979
-0.071826616539803781
-0.073256990419420326
-0.073348208579562563
-0.072943377260455355
-0.07214224131234187
-0.0736068614861297
-0.073678883187395516
-0.0721252384346267
-0.072504243792186424
-0.072764479021595843
-0.073345912600145571
-0.071904765043402125
-0.070861030549505544
-0.070974388858074833
-0.071290594231025933
-0.070444330621961385
-0.070724373903098492
-0.070345380662471035
-0.07050289228965137
-0.0714900002331374
-0.070881132886056825
-0.071184755219125054
-0.071247522434252392
-0.070884088628462572
-0.072014756495657029
-0.072037319890138507
-0.071603436339114576
-0.071615356635352845
-0.071865232461776507
-0.0723719248265791
-0.072636705265437446
-0.071637505299442183
-0.071284578268473064
-0.071115924268949582
-0.0712464187383576
-0.072113375726616968
-0.071649425260085442
-0.07103962510687846
-0.070504772708392435
-0.0707662870922721
-0.0709286252050031
-0.071146796068037074
-0.071337523372806216
-0.070902593821023346
-0.071262855021810165
-0.071345341663146725
-0.071764401231173058
-0.07173684597029921
-0.071190894190856113
-0.071134224995688236
-0.0708554010242626
-0.070298437622074911
-0.070760912269635878
-0.0705909205461173
-0.0717550104744456
-0.070725403424501551
-0.070001130376244974
-0.0702986801775138
-0.071493708545390888
-0.071228530095346521
-0.07190815485425707
-0.071787042391149358
-0.072025711046449
-0.07169527036507857
-0.071912095273753612
-0.07189927996960245
-0.070783868478064324
-0.070098719468609252
-0.068777170206757041
-0.070475569123434029
-0.070264029356041466
-0.0698137181615813
-0.070409946958200437
-0.070629923486266219
-0.07083714280315756
-0.070457868374469643
-0.070656239872926782
-0.071734728463438188
-0.071841875458387855
-0.07201831199811419
-0.071649374982786909
-0.072135787480315211
-0.071877752176186152
-0.072214448550370972
-0.071764935428761875
-0.0718785561129717
-0.072159767443055148
-0.0717543674283785
-0.0717499662330761
-0.0727753490882616
-0.070831679053714514
-0.070680885188080217
-0.070238209746794372
-0.069938180443408576
-0.069414098114188513
-0.0701545037092887
-0.070117134513489859
-0.071188561933224592
-0.071270824093098581
-0.071363558991981269
-0.071701692021131164
-0.071973214684203313
-0.071859812047435842
-0.071211100499683336
-0.0714445417084803
-0.069941873310969932
-0.071409563997179279
-0.071215075130666286
-0.071160591121993438
-0.071455263169716482
-0.071192316330183913
-0.070968639208293674
-0.070483678679369763
-0.0711256600363052
-0.071260046854694808
-0.072448482630764324
-0.072096470611516777
-0.070919973602360159
-0.0716019273147497
-0.070057600474915369
-0.070388906770409029
-0.068880274678113945
-0.069981262079224893
-0.069715361549285829
-0.070334037659052592
-0.071168306388731756
-0.070810584816949573
-0.070940160281761408
-0.071160705364985741
-0.071530979883031753
-0.0706942013179293
-0.071318885336349766
-0.072512655060997577
-0.072153040330587309
-0.072740799099802578
-0.07208492244725
-0.0719184119080402
-0.071768482986708251
-0.07157265879642763
-0.071453071396802417
-0.071785192858736524
-0.0715825070601194
-0.072483256331837456
-0.0725355173413972
-0.072364563967830017
-0.071305269772995186
-0.0717520848885646
-0.071458408784733973
-0.072110443896821974
-0.071650194781009938
-0.071437789479532318
-0.0715920591785934
-0.0720402732230925
-0.072056750491039753
-0.071921232355598483
-0.071883366368996268
-0.070954125948810176
-0.07082312906325243
-0.07127359232787045
-0.070322587142787565
-0.0701524152568075
-0.070953075179080255
-0.071789700893005293
-0.0715805150599708
-0.07165267278804828
-0.071096689225342222
-0.071134536988688865
-0.070819445925067323
-0.071504165769492367
-0.071322984963161348
-0.07137178779863744
-0.072226534486501348
-0.0712228245623967
-0.072134190208235513
-0.071689105836250572
-0.071942555355534787
-0.072818608890864125
-0.0728445778863949
-0.072836018255236
-0.071506033065814364
-0.071220912326762822
-0.071046068654414249
-0.070386687650618771
-0.069834242470581467
-0.071088059105606047
-0.071219988796499892
-0.0710449964576163
-0.071609277624964857
-0.069671826842580525
-0.0700536032341202
-0.069261112683684886
-0.0693562671425042
-0.070235562770741722
-0.071224705031042418
-0.0714568464254297
-0.070640255471752372
-0.071011205197221289
-0.07083642553921371
-0.070720215163751973
-0.07069042974390935
-0.071440800198124474
-0.07197928455666576
-0.0711067043929407
-0.07202517101468861
-0.070568761325506074
-0.070309005526940457
-0.071366142405529437
-0.0708082094612784
-0.0711389687694024
-0.070793299070674123
-0.070779052330606038
-0.071336829398858978
-0.071316702810767754
-0.071513580889106573
-0.071664784474416432
-0.071284868398123424
-0.071508564000915681
-0.071861166908985807
-0.071505418781291644
-0.071035873551283532
-0.072366163420680377
-0.071630088714901369
-0.0715252552598832
-0.0720164655049972
-0.072160297277658769
-0.072483756396653387
-0.072691976211084253
-0.07358165108057059
-0.0728272854887433
-0.073300026784782243
-0.072425672669223742
-0.072010470259007545
-0.071767508965679516
-0.071942067833594692
-0.071694933049638782
-0.07152259503660563
-0.072021498258981784
-0.072575733816047122
-0.072979452236186848
-0.072792605586127337
-0.071583900108197734
-0.072443283192803534
-0.071574855009220562
-0.071972123428494919
-0.071664764424322888
-0.072562635635161341
-0.071420141383309738
-0.071319554495400769
-0.071164145058125516
-0.071175041712267031
-0.071414832681714224
-0.072297476331622978
-0.072006169449002025
-0.072324617702563293
-0.073019947300383664
-0.073000434260609634
-0.074110667611727563
-0.072617964547829691
-0.071858377030960791
-0.070505150722340759
-0.070403999316666716
-0.07060374795021418
-0.07134379755960725
-0.072236162266850673
-0.0711699105032471
-0.069823746740382137
-0.070596451550778455
-0.070708012423739489
-0.071528934041782941
-0.070804088150649508
-0.070419177821926443
-0.069827152222394856
-0.07057294499632201
-0.071335060026031821
-0.071671998743048526
-0.072542444442895759
-0.072018798222608871
-0.071328925171069618
-0.072557823899028887
-0.072979055787151567
-0.072539392672649444
-0.071979792206300866
-0.071165543064578
-0.070353817798491952
-0.070424339237171785
-0.070075197272738435
-0.070295084458148416
-0.083533427413961123
-0.10102157867407403
-0.11865114064515971
-0.1331912017241782
-0.1431699989246113
-0.14438958230621249
-0.13794231404905963
-0.117059676815428
-0.08633912887055141
-0.043055349552945932
0.021233415383981782
0.10336666022106562
0.20509821333388842
0.33005345857114532
0.48130579371307591
0.65865852695397886
0.865635649361689
1.0943540890542844
1.3530155958472909
1.6371104104626379
1.9455649438472393
2.2794863119145372
2.631199509306664
2.9957610181886056
3.3683286559361258
3.7579115684972471
4.1618535293271428
4.5772714823402954
5.0047254555373231
5.4309773138599819
5.8608632452998082
6.2942182836446356
6.7319270756015133
7.1627347605485756
7.5852601713631058
8.01037997432208
8.4394972052899355
8.8691928597460858
9.2914090506665481
9.7063742002448521
10.118046526176126
10.527466671831634
10.937268481698995
11.337430220621148
11.727407570053645
12.116350900218558
12.507952645515486
12.899866929792012
13.285540822125851
13.663965740273172
14.040612001556607
14.413994193189021
14.78846204141005
15.157184049051548
15.515755891686975
15.875548536253376
16.235433519020035
16.592563478624136
16.943230007500233
17.287010286567753
17.62833901860942
17.965900804652357
18.303144873733125
18.633578593362785
18.953685197963296
19.271003286642234
19.59090553517477
19.909448499546144
20.223047629616087
20.529647292507249
20.832671158190404
21.133259503486531
21.434474714147935
21.730697660014766
22.01993037930157
22.307731593558103
22.596569739916603
22.884582991198673
23.16620607340024
23.441601498710224
23.716174002559484
23.98662564623735
24.257273436567033
24.521942380717721
24.779302586290036
25.033554258633139
25.288451401792429
25.541582964714795
25.789623032855751
26.03119045198131
26.267854457873579
26.501038330533678
26.731096067745817
26.940689693373905
27.126173738571104
27.293630940513097
27.449840950277384
27.594269857193829
27.726018711816344
27.845470880350938
27.956175931885873
28.056123563386265
28.147605173784456
28.230275560283875
28.305427401319584
28.375047948540477
28.441123046466465
28.503223825822925
28.562820976640818
28.618477198895039
28.671963993252135
28.725154454365377
28.776581915329654
28.828411778905902
28.878490488803035
28.929354922634815
28.982317459488897
29.037358018071892
29.092587388763693
29.149546581537713
29.212109173283707
29.277964726904742
29.350105083960912
29.428763517795829
29.513317988060226
29.606344897659671
29.706857102226458
29.816235362723642
29.93438063161835
30.070796817109958
30.230859533591811
30.410755304065059
30.608124196228296
30.816217266554773
31.030562096190032
31.253452443750948
31.485804166691295
31.728285273280925
31.974907209189979
32.222826340863385
32.4751011705702
32.730979810496848
32.996023959940914
33.2634099303135
33.527527353885908
33.796251109564835
34.071024598321586
34.352017507678049
34.63506363628786
34.91605637384216
35.200867405525429
35.488420168088368
35.784845542223159
36.081723707023421
36.376728190386849
36.674954699196974
36.982402499461777
37.296532509867511
37.613054253303893
37.930171093685487
38.250404458941667
38.575070802162642
38.906805548411427
39.24084607284869
39.5728318793432
39.908256073490179
40.251237827036455
40.601278431050588
40.953654360238517
41.304885982959988
41.660363875525483
42.018787655119084
42.389536152213765
42.763155621573169
43.131977916977121
43.507018320696879
43.891746773272779
44.286167238420667
44.683270093140173
45.077687368098324
45.477418597250015
45.8786825447186
46.2913340599273
46.705665503902878
47.115016344919695
47.527225967924089
47.949782726725637
48.38010461081759
48.812583512739344
49.241161379486805
49.675564678615849
50.1122611799325
50.559667809518004
51.010119073225241
51.452399101867478
51.89998600321433
52.357808926932655
52.824324807378993
53.2948514693399
53.76014327106401
54.232135068275873
54.705460724812973
55.19016898187509
55.676936627405922
56.15517180773135
56.6354818391952
57.127265599834708
57.627115432038494
58.132223720619635
58.6320055391071
59.133891237801087
59.638153869681879
60.1545223059185
60.668656896616028
61.177891161026771
61.687695487939088
62.208868346613819
62.738620377632209
63.27019286070049
63.796049778402548
64.326533157441673
64.8587405932843
65.401110898380011
65.945362184654186
66.48121634641177
67.017199296503492
67.562706725511873
68.1155249204195
68.670094147655135
69.216606403131436
69.767165651781426
70.316885719805626
70.8761706543241
71.43734415559824
71.988301996859235
72.5396076920519
73.101569498030543
73.6733421275712
74.241107806839679
74.801094868421885
75.362845717452785
75.920486854510159
76.4870509103525
77.051193879922948
77.603493524205533
78.151014992376318
78.707048401357468
79.267649064033819
79.824754985364464
80.371907677172331
80.917075082480309
81.459711478066225
82.008701821943689
82.555680737836056
83.087689905607078
83.616961855477854
84.153295315597731
84.69165234192819
85.2273925111736
85.754701983042253
86.278759538292277
86.800345022901652
87.325416048487739
87.846835446866635
88.353766187135
88.857013374416979
89.365691829909323
89.8769943434784
90.38447102114354
90.882441087475058
91.378972535236457
91.869163843817049
92.362626177817631
92.853693121375969
93.329739580478872
93.80295762794637
94.279997246383985
94.75740440064898
95.232144050214373
95.69768523888159
96.158514441448432
96.615315247284343
97.072851610835855
97.527862961768918
97.971440917473288
98.408908361783
98.849024276009189
99.289056268351459
99.726402334689183
100.15301693476346
100.57654705088881
100.99475564927676
101.41564373885973
101.83417143385067
102.24037149055712
102.64120140887916
103.04337575511991
103.44667316928333
103.84883980180777
104.24027030505185
104.62682853740003
105.01049999554417
105.39498361027238
105.77556683580285
106.1433502004426
106.50613173578056
106.86948851789289
107.2328459249199
107.59245025500299
107.94394878331084
108.2887544031926
108.63248748241286
108.97627573095517
109.31621061900668
109.64639247771116
109.97028178265597
110.29610368330272
110.62239405302474
110.94601542664881
111.26002812840414
111.56919095861993
111.87608596008009
112.18041299752038
112.48477308060585
112.77884091072492
113.06709889177701
113.35616469513374
113.645520049314
113.9319252046989
114.21352699408362
114.49056158454657
114.7652408276436
115.03902254991954
115.31071624004288
115.57340912925106
115.83292896560315
116.0923933315358
116.35110225789117
116.60679927449334
116.85594608450568
117.10039820960701
117.3405615894078
117.57942846456717
117.8140853372032
118.02757164482912
118.21600984076892
118.38671434425078
118.54066857171048
118.67645843734945
118.79796429371976
118.90843768873459
119.0092301407004
119.10161138716262
119.18536205111528
119.26118102437427
119.33163296299415
119.39719682949473
119.45915906992633
119.51852465026511
119.57267278290112
119.6265892891094
119.67846942404331
119.73045987503097
119.78189471605035
119.83297018453398
119.8841343435286
119.93486112164001
119.98866429996471
120.04163780743751
120.09709398054162
120.1525963929541
120.21308710820993
120.27782380604616
120.34964687482021
120.42759965380948
120.51120832653014
120.60451817839682
120.7051051520431
120.81366686446238
120.93013371131453
121.06748004584706
121.22559643897456
121.40480791554327
121.60136649194972
121.80293879650135
122.01157531091643
122.23059891099635
122.45904841862902
122.69534682694135
122.93388210603851
123.17391496697999
123.41978791904727
123.67282291292678
123.93127548025788
124.19018372044405
124.44998575311729
124.71647933726017
124.9892185591272
125.26646576015762
125.54251535146936
125.81993663810549
126.10056485367535
126.38890587959426
126.68099556865511
126.96974854794169
127.25873553574604
127.55417212487427
127.85679309516377
128.16832739747071
128.47709467128158
128.78828217431118
129.10156936530376
129.42119595725723
129.75012109709471
130.07675766529496
130.40334529837111
130.73865335245932
131.08169542106532
131.43145020555437
131.77952515594913
132.12790235553953
132.48329656905082
132.84479856311822
133.21181493811196
133.57736201963351
133.94150704676844
134.313511394184
134.69646791029044
135.08308647968352
135.46865732662451
135.85791531302249
136.25032137524477
136.65062150123023
137.05872329807332
137.46266826164
137.86712042010427
138.27851722832969
138.69952515678648
139.12551067988147
139.54995540451665
139.97285529105602
140.39969710023382
140.83120092868114
141.27154534738389
141.70603544593644
142.1367331880293
142.57482620891017
143.022411100427
143.47378536071045
143.9230655718645
144.37246731149423
144.82854879398622
145.29281054288092
145.7649126100678
146.23266441397928
146.69892960928166
147.17269407455558
147.65946551180551
148.15155107237152
148.64166198835386
149.13050054439512
149.62134151710018
150.11730285954468
150.62058891082023
151.11771763684973
151.61154121674269
152.10914060157333
152.61602098766713
153.13009603673379
153.64009335417848
154.1487056235662
154.6633739368045
155.18186778548713
155.71008252920373
156.23223159582909
156.75070955908487
157.27606618995063
157.81332866642089
158.354998666571
158.89397727986352
159.42865866691386
159.96532237535544
160.504787648731
161.05102337204258
161.59009855853441
162.12305952991716
162.65894232497936
163.20680144791484
163.75937945285031
164.30668444265854
164.84958353991064
165.39418487461293
165.94051909914904
166.49244447700224
167.03891959660535
167.57693272809064
168.11823564021645
168.6677322295115
169.21926538113519
169.76335300507247
170.29902332219527
170.8334832418567
171.36810138876484
171.90515013537578
172.43134975576766
172.94732570685136
173.4635193960342
173.98374350309558
174.50655605956914
175.02288667082243
175.53086903965871
176.03966676024547
176.54729212809471
177.06001437005489
177.56370124747537
178.05956421273456
178.55804902003956
179.06228883267926
179.56571230835291
180.06198734965892
180.5497378340805
181.03557414867939
181.51887955131068
182.00231646678694
182.47574212778827
182.93763201722643
183.39668732287106
183.85922175165314
184.32183245464202
184.77774683445384
185.22489378910257
185.66885513319815
186.11059122488445
186.55716489056624
186.99446754677663
187.42263697985857
187.85078685952021
188.28249675557055
188.71341529087709
189.13811297023784
189.55268325327137
189.96753368468279
190.37818066714115
190.78921525973118
191.19115716123733
191.5833372268485
191.97320674349811
192.36561128151621
192.75944774048503
193.14865671165083
193.52928926519192
193.90732516929415
194.28187976131557
194.6585756202748
195.02799155506909
195.38897949714149
195.74730817422162
196.10683459658887
196.4671156975586
196.81988440054505
197.1664905791944
197.50856249036752
197.84877724780486
198.18943645640871
198.52184651151043
198.84494016655646
199.16388924036846
199.48411778220387
199.80424308831462
200.11931225905536
200.4261244988883
200.73040426519714
201.0323961279872
201.33663313718807
201.63398127948878
201.92478783523626
202.21308164200849
202.5026691953307
202.79105572740346
203.07435537767969
203.3522005968677
203.6275300272136
203.90061642077782
204.17279999713733
204.43866903868477
204.69800118999643
204.95220480593028
205.20798494349009
205.46123879341229
205.70974846533593
205.95093614473959
206.19136515821282
206.42708072179619
206.66066697837093
206.88667433021325
207.09445151880334
207.27970446119824
207.44890853366593
207.59913274315352
207.73462086291
207.8547235628026
207.96398214233113
208.06224648418618
208.15348340242957
208.23662829403486
208.31197188221523
208.38140044490407
208.44610141766287
208.50813366569145
208.56700186651761
208.6218336000461
208.67598570879713
208.7293892464694
208.78265940636609
208.83517154386428
208.88610353634934
208.93802786440628
208.99030227425209
209.04300089333106
209.0988305475133
209.15404935750314
209.21308534833742
209.27523045104971
209.34372037450024
209.41655700611432
209.49237247165286
209.57556824099325
209.668491687953
209.77338240070321
209.8930619456481
210.03707210660738
210.20298441832409
210.38612810484858
210.58556196392212
210.7960343238974
211.01099315537317
211.23288965826552
211.46611661667149
211.70729454724776
211.95361704360809
212.2005132603523
212.45327154134216
212.70842273578228
212.97155906647839
213.23842978414041
213.50188247583802
213.76913377360353
214.04401024782334
214.32262195842122
214.60386345971079
214.8843798031306
215.16773093652321
215.45357794042997
215.746595876915
216.04228004478773
216.33579107928085
216.632979436072
216.93685702906089
217.2471326170508
217.56116658386344
217.87578704206567
218.19538037581773
218.5154024297776
218.84463623213492
219.17631605466065
219.50457289820008
219.83583030857264
220.17550784684983
220.52381251890725
220.87383837627527
221.22327144094709
221.57694500342166
221.93421446397323
222.30067834529129
222.67000735153289
223.03704543046962
223.40855016182391
223.79012315779681
224.18053187770545
224.57507259496188
224.96670987886068
225.36629897484443
225.76759632372921
226.17763034538402
226.59150047797144
226.99809625747264
227.40899060326916
227.83020067806834
228.25822925892081
228.68846136368876
229.11410809179253
229.54523096054325
229.97881347276351
230.42357785118585
230.87110412806081
231.31393202405363
231.7583631570524
232.21454561862657
232.67912926675203
233.14562602085962
233.60910713696003
234.07804651058558
234.55044924400409
235.03286299796113
235.5169794018006
235.99375627468527
236.47097273832026
236.95981339924248
237.46001253892712
237.96154964828864
238.45935294201647
238.95894367637058
239.46035030983887
239.97312746204756
240.48791127691948
240.99581365323246
241.50540805827026
242.024581674575
242.55279397011324
243.08397051321518
243.6076270986849
244.13590860525551
244.66658271092729
245.20654240758722
245.74761435667799
246.279782563031
246.81092017851847
247.35406722150711
247.90345021315611
248.45319029011063
248.9977397902606
249.5430036661453
250.09099237277849
250.64794017254692
251.20693202631622
251.75681077554856
252.30463232452053
252.86153852327621
253.42766581626529
253.99528402487951
254.55400594332306
255.11336108513734
255.67137065499495
256.23553245301093
256.79816480021049
257.34836418318491
257.894447676365
258.44936712490858
259.00702124396037
259.56667971038917
260.11340906230271
260.65932963628131
261.20254231052559
261.75228777815136
262.29993927114185
262.83268775114823
263.36286918154065
263.89907885932473
264.43798989741805
264.97516023032449
265.50373917969466
266.0296896987029
266.55154424592365
267.07662532321314
267.60035169783561
268.11242504623851
268.61729417606841
269.1261849064025
269.63999333459026
270.15171169146589
270.65174424320685
271.14885393098638
271.64066321925725
272.138232358311
272.63318207783357
273.11077538524478
273.58593717915022
274.06449187878775
274.54512297605891
275.02309031602817
275.48930684671581
275.9540216731466
276.41419201122966
276.87458142807111
277.33169475813668
277.77643960097868
278.2148070569894
278.65436380834984
279.0963420049581
279.53407391762732
279.96353027323551
280.38731771880265
280.80864967922867
281.23122182164
281.6510209267787
282.05794129288927
282.46086096233461
282.86599693171888
283.27030921140749
283.67224385686683
284.06553470735781
284.45332107911315
284.83713901844834
285.2207975501409
285.60341511104815
285.97487434386153
286.33767567835656
286.70073610147347
287.06646853741745
287.42659233741171
287.77975462212135
288.12642278335636
288.47064603528059
288.814614118565
289.15492773223735
289.48772092058113
289.81362030796134
290.13981014422012
290.4660929109358
290.78911679651856
291.10640597042442
291.41888990513723
291.72724672066693
292.03307661406927
292.3357481371707
292.631971858376
292.92167761275857
293.21159468462076
293.50089550495261
293.788277015462
294.07029313917133
294.3467457464838
294.62232949753246
294.89568017739418
295.1700877977666
295.43559955701687
295.69469918870396
295.9550246301398
296.21482409795561
296.47307940969904
296.723863026924
296.96931481188972
297.2109476505882
297.44978507409155
297.68172263691793
297.88906064130936
298.07220189567283
298.23806852174772
298.39179645444875
298.53495139792994
298.66423492469994
298.78299511193404
298.88980531610088
298.98627910577784
299.07651720564013
299.15698547622975
299.2307867044243
299.29925194707539
299.36446739245224
299.42572405995872
299.48257408733485
299.53711734019896
299.592157698587
299.64424939224978
299.69577950658487
299.74562607364737
299.79453772638277
299.84453545152758
299.89617819651392
299.94928418129825
300.00240671584794
300.05722577783325
300.11644128471937
300.17882314839682
300.24785147568423
300.317289678117
300.39324796080297
300.4758661792622
300.56735021275745
300.67046067920182
300.7872899473204
300.92776893539661
301.09035310255291
301.27231728089214
301.46842286086417
301.67030021535555
301.87994000230515
302.09790780971912
302.32748192353841
302.56358757132915
302.80106454245617
303.04153189133115
303.28648795362557
303.5385362081181
303.798130184311
304.05532616715072
304.31366240404697
304.57732300645307
304.8497053703025
305.12755691004691
305.40398616338621
305.68090575395735
305.96119119966312
306.24604539952793
306.53863499199667
306.82773728621936
307.115249815636
307.40933521909682
307.71085538229954
308.01688848084234
308.32472172197174
308.63320944157812
308.94434743940923
309.2620556719101
309.58758201352254
309.91287224028792
310.23749444321663
310.569769144596
310.91185439693822
311.2602377981259
311.60613620764792
311.95278793301208
312.30363103257065
312.66173701338147
313.02662804354316
313.3887453078404
313.75048240190017
314.11939816480816
314.50034033797954
314.88431277860826
315.26732948569276
315.65329074452711
316.04314440677109
316.44000822159626
316.84534227004309
317.24885119716964
317.65008982095947
318.06000594730432
318.47954408691686
318.905597456129
319.33076620914278
319.75219208434908
320.17770670593086
320.60768912817781
321.04545363526267
321.47993686481584
321.91120424515611
322.34710708589677
322.79107568617729
323.24234052487145
323.69335366249464
324.14320478664393
324.59826341427083
325.06032465212104
325.53137107466347
326.00111520030873
326.46774165293772
326.94212821306456
327.4279959486596
327.92061356460425
328.41087571784789
328.897987319364
329.38822783537864
329.88476503153709
330.39020691071266
330.89056911476996
331.38345001458231
331.88089430081652
332.38797756748403
332.9021403034364
333.4128145722425
333.92246790730377
334.4352279109919
334.95334429459126
335.48159431450767
336.00589508067043
336.52485037299755
337.05125646482475
337.58774407732437
338.13089327410461
338.66967443483094
339.20473962236713
339.7409770675564
340.28135816648404
340.82887462737409
341.37047611956774
341.90396714849965
342.43967400966005
342.989624352878
343.54482065805394
344.09464887313857
344.63977060579265
345.186702531942
345.73304718981944
346.28751101894568
346.83540463187069
347.37463976161985
347.91569187585179
348.46566251517186
349.0177670308392
349.56351700865042
350.10116630000425
350.63757477833218
351.15951147538317
351.68228632125562
352.19626002332132
352.69294513178306
353.17649422614875
353.6449379556642
354.10724221737877
354.55415151272922
354.97540226371632
355.37342297039635
355.74253511925713
356.09302658576655
356.41706502131029
356.70383378581005
356.96483831277811
357.20011936246334
357.40883717805474
357.59337431192944
357.75015960651086
357.88517297502
357.99966702553377
358.08898024623545
358.16230960943636
358.22476698404239
358.26961388591462
358.310775777176
358.34341982785276
358.36683054770884
358.37877255424269
358.38484010498865
358.38481501905591
358.3835428891897
358.38242267228804
358.38244318793608
358.38153586317247
358.3821535991251
358.38317922214731
358.38224045263541
358.38081972721335
358.38115574581246
358.38168420948722
358.38187239189904
358.38285350933108
358.38240430460922
358.38147631342105
358.38024188969496
358.37962949771435
358.37986662041396
358.37927706558622
358.37964575419477
358.38105250751363
358.38217206867927
358.38298004588955
358.38097135480211
358.38161588118743
358.38263161718675
358.38255799989906
358.38164011497696
358.38297697884519
358.38297411136659
358.38300962991235
358.38287806313417
358.38189725760219
358.38212414289336
358.38138033487434
358.38096091754244
358.38130830940423
358.38112971559173
358.38183587177843
358.38211734159751
358.38207954134276
358.38237712569827
358.38267721525926
358.38281333895748
358.38259153641604
358.38272167925163
358.38290512224125
358.38159152128873
358.38082819951131
358.37951770209719
358.38042345671005
358.38037347804959
358.38004315456106
358.38058255051442
358.38147967642249
358.38172758587655
358.38148995297297
358.3808319010912
358.38143280420348
358.38134037243987
358.38129398410246
358.381321777838
358.38227568720947
358.38136920410903
358.380804997477
358.38094782700909
358.38168953177569
358.38092129481487
358.3802212560546
358.3801417149084
358.38121585089107
358.38068801760664
358.382004446962
358.38187504214824
358.38132159029357
358.38190195945981
358.38272550793829
358.38237511122111
358.38107022192582
358.37981537923741
358.37968813966336
358.38010761197842
358.3799286243725
358.37912895188055
358.37931461385915
358.37877004704939
358.38096854032852
358.38012017361677
358.38120313171896
358.38055190429253
358.379621870841
358.38057962198769
358.38097831914234
358.38073685313503
358.3811891876648
358.38047013711616
358.38060376827286
358.38047202868012
358.38074099516518
358.38062991724775
358.38146697243627
358.38090180091905
358.38162513635166
358.38075729904313
358.38088072974364
358.37999613188128
358.38127837207207
358.38129069984609
358.38210478479493
358.3818917368921
358.38217936694622
358.38073400035194
358.38048422837079
358.37971000952865
358.37754359929988
358.379649215854
358.3813721885727
358.38099137161277
358.38064050992512
358.380250741831
358.38004025310391
358.38094056566081
358.38127345209273
358.38121367525684
358.38120397854118
358.38034612052638
358.38058605867224
358.38199747503415
358.38127820365384
358.38055070788937
358.38201274641762
358.38260608397115
358.38410187284757
358.38368488210284
358.38291665148233
358.38216324091042
358.38307582638339
358.38184176452012
358.38271014302796
358.383378407426
358.3814202572683
358.38102669290851
358.38079343723308
358.38061487739878
358.38127845811118
358.380684350855
358.38026030933395
358.38063213677282
358.38133207776576
358.3827819804348
358.383122298359
358.38246943623574
358.38155523422222
358.38021519003979
358.38180402763152
358.382220423359
358.38288483579748
358.38305174440382
358.3839700838721
358.38346643841493
358.38350561628442
358.38319623047971
358.38363482208638
358.38356884123175
358.38214899329847
358.3814949958396
358.38062064975526
358.38076102063968
358.381346187934
358.38300203029178
358.38335103272942
358.383094549789
358.38322584991084
358.38312944928362
358.38310895139841
358.38310627671768
358.38287266828269
358.38250032283787
358.3827602269904
358.38255444152782
358.38273048193491
358.38221243884607
358.38234140491778
358.38167613395268
358.38192324496282
358.38187724676817
358.38168077655496
358.38173469049337
358.38129700473752
358.38305568557115
358.38182830198826
358.3819191774528
358.38230238461284
358.38206863344851
358.38116492208417
358.38174013138035
358.38256795011637
358.38173236814697
358.38108552726771
358.38105621966452
358.37999621545691
358.38064575611992
358.38154760642749
358.38105187914221
358.37921326685444
358.3799896474909
358.38165593872446
358.381488941615
358.38116060528131
358.38086228823562
358.38133781764816
358.38156429327728
358.38080009458753
358.38130779132837
358.38125604346772
358.38271690257528
358.38209675821008
358.38253173722649
358.38272255112969
358.38347173008918
358.38295269248886
358.38360585094159
358.38174666826757
358.38180524941725
358.38245094830887
358.38255365202167
358.381751815141
358.38264227723238
358.38274760013508
358.38342784041788
358.38456796114741
358.38489841053945
358.38403384177326
358.3824943142269
358.38293736130561
358.38240486186703
358.38115360871609
358.38131451943087
358.38187955729552
358.38265965363411
358.38267404421003
358.38234069024026
358.38250137280613
358.38318731462221
358.38336256175444
358.38389650431043
358.38243229096418
358.38273103486438
358.38329710824274
358.38160231839868
358.38107350742337
358.38088198921633
358.381040206883
358.38128634328575
358.38213924558028
358.38282694459355
358.38286171928809
358.38369746523972
358.38311227902176
358.38317029099841
358.38310862569972
358.38223027323073
358.3815108854659
358.38128456989728
358.38247542031638
358.38197882648467
358.3831247263829
358.38218016515117
358.382540574129
358.38208563877367
358.38252870913317
358.38283897337055
358.38085590787705
358.38006897037991
358.38099455759721
358.38195375858731
358.38161511369123
358.38342240742446
358.38331638664658
358.38287106232883
358.38275240092224
358.38300767111156
358.38230198205781
358.38216122430015
358.3829659649308
358.382944972113
358.38401669712124
358.38369271529388
358.38320879996695
358.3809611298318
358.38177765633696
358.38250916021673
358.3825408952452
358.38346160717373
358.38343916969137
358.3825729276337
358.38297262856088
358.38267122965652
358.38199786799896
358.38185527799476
358.38176156103316
358.38213772296029
358.38291122052306
358.38282348359405
358.38314367329997
358.38342081553606
358.38266616185274
358.38307856477871
358.38166679077773
358.38171937999232
358.3818490025871
358.383398894632
358.383366544368
358.38324461161278
358.38353156814622
358.38408966602333
358.38340994280566
358.38431066999669
358.38381829575366
358.383143757194
358.38286259189533
358.38280600939123
358.38229792042137
358.38265864957737
358.38254720565612
358.3828413511846
358.3833930231126
358.38321245083864
358.38353703949804
358.38342222843215
358.38255300379188
358.38388573683653
358.38411072843314
358.383552384099
358.38324958292384
358.38315539639893
358.38373499202555
358.38290309342204
358.38343339668984
358.3830526791071
358.38363650587974
358.3836026217345
358.38369845145809
358.38430980082171
358.38396473577194
358.38437009188749
358.384278724477
358.3846338297422
358.38446546277748
358.38412801016665
358.38464100982407
358.38431392606708
358.38385301549596
358.38273963724322
358.38312513469441
358.38314666830524
358.38295089366176
358.38215181372976
358.38110648519967
358.38286055129606
358.38232099420259
358.38252807723381
358.381630092017
358.38168605544217
358.38212056455717
358.38212901055209
358.38203194185604
358.38309174670275
358.38239807136353
358.38352459354513
358.38339244009222
358.38275207615339
358.38238094502634
358.38278991095029
358.38372789668421
358.38327565112149
358.38334169080093
358.38346244436713
358.3838233554855
358.3837023298189
358.38288784472627
358.38286751139208
358.38349432281075
358.383992402901
358.3847166201345
358.38511011390403
358.38404644165968
358.38400245248187
358.38347497130451
358.38364899128749
358.384173096474
358.38325144172728
358.38292634966592
358.38396959476381
358.38485936083953
358.38430530057275
358.38410403173441
358.38316650480658
358.38197150274431
358.38384342945085
358.38394467947296
358.38390499558813
358.38278156825726
358.38321682252348
358.38473827261924
358.38494715409234
358.38515096679657
358.38434810008619
358.38362281822077
358.38345398363964
358.38399616601663
358.38322014855294
358.38314970879526
358.38283725985343
358.38403264598043
358.38447985379094
358.38482823227145
358.3842409345848
358.38458467601635
358.38428940594821
358.38355904860185
358.38362914460873
358.38340315682535
358.38397237099088
358.3833835503948
358.3825090453995
358.3825896030034
358.38298412298172
358.38304227453239
358.38390941886655
358.38348539621632
358.3839585032502
358.38434452596886
358.38373141885603
358.38393733997111
358.38402103012078
358.38396369819026
358.38362247879303
358.38406216537004
358.38501367711984
358.38294895201767
358.38400271272229
358.38419334123597
358.38512050187666
358.38555065796777
358.38534005542374
358.38442752635285
358.38492237723943
358.38503310946987
358.38506309403579
358.38494469626607
358.38375495447821
358.38361180748996
358.38379985863583
358.38365050170444
358.383349148974
358.38284628623671
358.38428000498538
358.38434444402253
358.38363429763433
358.38347023819591
358.38401636165645
358.3844618378273
358.38498006980939
358.38544983537417
358.38495210284572
358.38381313023058
358.384046433922
358.3838961295383
358.3834617209713
358.38272472036977
358.38357202129578
358.38326826846168
358.38391739508535
358.38341991224161
358.38350614396734
358.383806667438
358.38419677769252
358.38394420374374
358.38455022815663
358.38380074410213
358.38343916802421
358.38490715706365
358.3842078125611
358.384530681923
358.38485640452592
358.3837629156514
358.38399552837888
358.38382708819148
358.38311735137336
358.38288555623831
358.38327093547292
358.383855194755
358.38335552899838
358.38438127367618
358.38436927999442
358.38359306981067
358.38279447206094
358.38353560956432
358.38368015169738
358.38457655642014
358.38430529221364
358.38373292900587
358.3834852148392
358.38399393182817
358.38386948746336
358.38389828300791
358.38358676242876
358.38323662314428
358.38376906036672
358.38434435605586
358.38461683227831
358.38524677194152
358.38510931626519
358.38531229384625
358.38530935313941
358.38370366467626
358.382332737758
358.39019507091461
358.40191995751621
358.41467698154753
358.41783391546915
358.42021892839523
358.41531250170266
358.40538417459572
358.38116318066028
358.34660599137311
358.30100066734468
358.23656219539868
358.15413469943314
358.05038903076206
357.92219786519246
357.77479949508495
357.59235127981344
357.37531527490779
357.12768848341403
356.85197862312509
356.5568995879
356.23016914610321
355.87560398614744
355.49636500041788
355.08505317160871
354.66403023910283
354.23589432179296
353.79054422131117
353.33002674231369
352.83348856177145
352.32319390889086
351.81193877452586
351.29426780011704
350.7626120888533
350.22262295156793
349.68508290741079
349.15360962277248
348.62184490647496
348.08605709985471
347.53768994503861
346.9891686946861
346.449267293287
345.90663396069255
345.35059484463795
344.79453783228428
344.24630065921758
343.71041767205583
343.17580566764212
342.63993510774185
342.09129198280931
341.5426924312751
341.00306919848879
340.46655253475024
339.92221234218351
339.37265240758893
338.8321288650011
338.30210749963936
337.77471679890414
337.25035949174816
336.71533141573127
336.18347450618239
335.66285182343256
335.1447344230458
334.62198964828764
334.09924145201722
333.58402215100062
333.08106249479488
332.58261378964716
332.08415287227513
331.57467986174578
331.06707658289042
330.57002108217341
330.07474854864432
329.57477084905207
329.07345670297553
328.57748090052337
328.09337221205766
327.61357222648383
327.13841277677227
326.65619835790653
326.17774546767447
325.7113754784462
325.24810729738732
324.78444913738122
324.32080421221229
323.864018680137
323.42097949466745
322.98213568731262
322.54680935791009
322.10385661599878
321.66060072813946
321.22596478537946
320.79418615074184
320.36044949653865
319.92541211775966
319.4963652097228
319.07820008680693
318.664162157571
318.25379898796638
317.83757991975665
317.42496959911563
317.0222010522458
316.62343016038085
316.22409566514636
315.82480049735193
315.43233070407757
315.05250495634158
314.6778181184
314.30898877358834
313.93445905642096
313.56137554387044
313.19691793211473
312.838667347312
312.47949454581237
312.11967288687231
311.76485415481085
311.42135334492281
311.08205546859966
310.74748933099215
310.41045788765814
310.07517520677703
309.74928082630441
309.42865723044781
309.10750259112029
308.78843394752397
308.47470765658369
308.17190828207163
307.87245000570954
307.57546519187326
307.27468096939992
306.97547360019024
306.68488589695374
306.39886978262655
306.110755127368
305.823221076505
305.541119813358
305.26677451784019
304.99462412663036
304.72795477011073
304.45816864386677
304.19039932974607
303.9300928772343
303.67556046141544
303.41932216824955
303.16560201789838
302.91688001580809
302.67719187540331
302.44141523588644
302.21075100978391
301.97790155254978
301.74798631591807
301.53534629063051
301.34551738545548
301.17423562879458
301.020328870634
300.88355977558291
300.76218509490525
300.65331878512058
300.5544418274136
300.46199814742857
300.37814110168972
300.30141668581439
300.23049427795758
300.16487915060731
300.10202719987484
300.04326288678038
299.98733353897967
299.93378008602269
299.88443494779563
299.83265031456096
299.78038860373658
299.73030824361581
299.68119355861467
299.62805194902666
299.57551614980036
299.52283814566
299.46860543084154
299.41281530880241
299.3537990522488
299.28829671025284
299.21714644217684
299.14174510845851
299.05693396588669
298.96394275421329
298.86290976154157
298.75454474481876
298.64188806856168
298.51002422087669
298.354895837682
298.17551447306289
297.97847599431833
297.77332631589007
297.55783511804162
297.33066558655725
297.09296107851117
296.85106498481844
296.61121001485861
296.36717024275612
296.11922802243623
295.86272585659339
295.59807109726444
295.33430245486221
295.06825457010478
294.79477614480356
294.51776224079242
294.23793924606719
293.96403910220175
293.68753706411962
293.40697010813477
293.11887550263486
292.82369504048177
292.52724623400326
292.23037600499157
291.9276219666196
291.61536783592305
291.30246402225475
290.99198561987538
290.67888197724591
290.36389774058881
290.03757691632484
289.7062109807614
289.37535089833858
289.04348590961342
288.70389638833768
288.35460794948574
288.00370637634006
287.65859549676418
287.30987315926063
286.95888664376577
286.59634505451146
286.22570781044715
285.85631629189464
285.484199742281
285.10576553210575
284.71791559959036
284.32797342567068
283.94204658048943
283.55320404928233
283.16167304009747
282.75924750289983
282.35040771608732
281.9417656116276
281.53149501292711
281.11565992656011
280.69048796326706
280.26144391613968
279.83925903944333
279.41696838075489
278.99235413658153
278.55505838122104
278.10618576493323
277.66036220973518
277.213116344353
276.75765968892352
276.29475260885147
275.82630364272171
275.36436213914021
274.90383123237723
274.43972073729788
273.96492422059424
273.48040563398564
272.99719916301831
272.51521101236443
272.02395368564163
271.52253793021845
271.0175397268066
270.52210025220182
270.02659678581824
269.5305645991387
269.02507282896181
268.508125245668
267.99446546129246
267.4798356158193
266.95866901385
266.42939671851087
265.89845085158788
265.374519968831
264.85399093147112
264.32874221397242
263.7951217724862
263.25089174020752
262.71019900838138
262.17417479911308
261.63013398073213
261.07859212692648
260.52524291456405
259.9805764771117
259.44163361215965
258.89780486947973
258.34554950812878
257.78251645572743
257.22437730709078
256.66837657906211
256.1065595969481
255.53756647656891
254.9687769015633
254.41019596438756
253.86006763814862
253.30980004060959
252.75142019385473
252.18549634278861
251.62770377045629
251.07618493532615
250.52265052580827
249.963014821063
249.40505730001695
248.85817849255287
248.32073673430784
247.78421236184602
247.24325222032161
246.69249242724769
246.14938189308833
245.61391743118321
245.07577261427446
244.53526881725065
243.99471473576605
243.46779851615963
242.95071186352436
242.43495163807467
241.91609457570684
241.39025561732859
240.87184176672477
240.36376058015642
239.85243555036317
239.33786865980417
238.82397738681723
238.32465053987525
237.8361355147039
237.34860048525218
236.85764423327504
236.36033469903472
235.87151120600058
235.39208892362217
234.91208677177136
234.43146427655117
233.95145474559317
233.48382919913226
233.02678120879
232.57097533858291
232.11389333987845
231.65384342680122
231.20227835820731
230.75980385224904
230.31653279817371
229.87180850297392
229.43033116508903
228.99951043524439
228.57864333965182
228.16167431712987
227.74082936455136
227.31461446725609
226.89434807178836
226.48529871941031
226.07683318480142
225.6666022875103
225.25770604027153
224.8616237463217
224.47472238768953
224.09287887908968
223.71005712888342
223.32658229033041
222.94990920847079
222.58145686677938
222.21623772014831
221.84959785573037
221.48626562428376
221.13400012311382
220.78848012190252
220.44654617974186
220.1067951460029
219.7621018429474
219.42454321038434
219.09476697394695
218.76616932381103
218.43701312270747
218.11076930595991
217.79359816646911
217.48331405255181
217.17753624794568
216.87356171778126
216.56625235282479
216.26593868712106
215.97203478304914
215.67814806505373
215.38451389529089
215.09331677692228
214.80990223773327
214.53363517700836
214.25772988699825
213.98214830874642
213.70466354158143
213.4333603110039
213.1668124728742
212.90341489459456
212.63909217305331
212.37848569005129
212.12472021458345
211.8782903489726
211.63433053299212
211.39453066258889
211.15407731097017
210.91942954294109
210.69793554043957
210.49843450722531
210.31949335972249
210.15821593953169
210.01556446619074
209.8901417329412
209.77763420796683
209.67432922190534
209.57873178239498
209.49237247757307
209.41345077496985
209.34034727463407
209.27241458093766
209.20936813677773
209.14879351359329
209.09221977544672
209.03731767855484
208.9836745720485
208.929693938958
208.87713119287812
208.82513828749757
208.77379020589905
208.72057795178944
208.66668597268566
208.613824211501
208.55910724460196
208.50232580895607
208.44307414217153
208.375859791458
208.30552810974834
208.23167195854597
208.15058585819077
208.06108512202476
207.959744442813
207.84943148213239
207.71698702892883
207.56248305676778
207.38819432985497
207.19521626826293
206.99159434228676
206.78134668594029
206.56323882872036
206.33627751853032
206.10023337107052
205.86176669850158
205.62288457394291
205.38076988366797
205.132860574768
204.87441390399783
204.6140547537569
204.35314754814252
204.08737197246234
203.81681336022461
203.53741412020176
203.25925786897915
202.98258322556654
202.70547309088764
202.4206787782208
202.12871012125868
201.83580929540398
201.54246671287962
201.24565692296028
200.94160285916072
200.63304774460562
200.32589057907427
200.02109468521439
199.71251227515029
199.39983687210349
199.07600229480264
198.74705894119188
198.41943895121341
198.08694327417527
197.74528942854124
197.39767963443777
197.05067151339929
196.70705711728948
196.35927045411165
196.00527886758906
195.64180158955998
195.27610537018768
194.91185093594746
194.54461746275368
194.16634661977534
193.78401925799926
193.4039447879486
193.02699495270019
192.64835056141928
192.2634680793584
191.86561416427213
191.46450799887586
191.06605025466578
190.66410702639246
190.25090564208793
189.830581599739
189.409474042546
188.99413312602454
188.57671785915019
188.15392582522415
187.72019412550372
187.28383626944793
186.85089005289692
186.41363696794437
185.96727873118269
185.51592087209531
185.06586815577984
184.62286169414546
184.17532971330144
183.72222218636762
183.2547343068515
182.78148349548209
182.31172245287002
181.83880536196742
181.35195410330007
180.85635003283889
180.36316945651353
179.87594991930922
179.38768680443371
178.89453526740914
178.39007873072771
177.8847659158146
177.3840852594505
176.87982175214626
176.36656547260787
175.84754995690329
175.33353714107767
174.82893270986327
174.32205525546823
173.81149821024113
173.28544004242812
172.75594100536523
172.23093014220379
171.70287335967683
171.16396851491487
170.61749114413055
170.07372085169735
169.53763245559753
169.00018072507552
168.46325539208635
167.91214669226847
167.35921476791913
166.81400902764116
166.27061447452419
165.7140534324497
165.15201548847679
164.59967506337318
164.05840465181484
163.52139604898844
162.98450309526564
162.43465988745311
161.88383959151668
161.34074786508012
160.79964587759861
160.25262525337237
159.70167718545775
159.156139204829
158.6230528934403
158.0933740649522
157.56710968910858
157.03031858357775
156.49632986245979
155.97295284912426
155.45254341913937
154.929870007216
154.40636078023988
153.88817200267556
153.38319319719429
152.8817374153187
152.38231281153131
151.87276155843856
151.36271668292852
150.86387158197013
150.36626047635909
149.86525887349347
149.36123700960508
148.86204281492084
148.37626611176421
147.89412797173969
147.41797226325659
146.93409767038389
146.45233903959127
145.98127070651808
145.51573032425722
145.0485725072123
144.5826118633014
144.12260791489462
143.67696130964885
143.23359662229265
142.79408551481342
142.348427742652
141.90041740447336
141.46330897297045
141.02915336509375
140.59267745534535
140.15436832680555
139.71940254886835
139.29735277300031
138.87931403458964
138.46502812324985
138.04640578469446
137.6280382267625
137.21963238539988
136.81833106149156
136.41583104960256
136.01178260879408
135.61513064118194
135.23222993705755
134.85363651425908
134.47933432942091
134.10089369863465
133.72372008521597
133.35397257072009
132.99022915277095
132.62632573829563
132.26196391992136
131.90315006559106
131.55510368804153
131.21311313526786
130.87594811642879
130.53552428871592
130.1976410130564
129.8683605293709
129.54573603040225
129.22074812984388
128.89827241733133
128.58139139075644
128.27365139175657
127.97193296498993
127.67576989790886
127.37439179627432
127.07393327443248
126.78120717808544
126.49337233345737
126.20466107517781
125.91460544481129
125.63119650919667
125.35403194197447
125.08166415150055
124.81371055229967
124.54347953659885
124.274430032114
124.01463678386874
123.75781405949218
123.50232589785378
123.24707482198819
122.99729469166894
122.7551973398116
122.51951644458148
122.28543233908145
122.05318619516947
121.82782010503107
121.62528445452661
121.44490221534889
121.27980245141636
121.12933717951687
120.99025565423403
120.86460255836037
120.74889399304352
120.64503927792289
120.54907598384875
120.46098612902472
120.382180796467
120.30976596268673
120.24099383754134
120.17785648393077
120.11649559034139
120.05991131564987
120.00631999966427
119.95205595295236
119.8998250919237
119.8466312711453
119.79670290974285
119.74739916665065
119.69571597069189
119.643372979496
119.59075506518093
119.53672478135958
119.48198180740585
119.42421448960587
119.35974522996722
119.29128087548642
119.21931665264032
119.14206176993467
119.05686108921216
118.96123710344665
118.85500434585582
118.73704117644118
118.59451508734674
118.4284564724428
118.24231965293883
118.03941855445082
117.8293221534733
117.61094954977686
117.3818563472084
117.14424837108214
116.89937276498139
116.65612375702972
116.41232020557416
116.16522444492233
115.90660935007266
115.64061988093258
115.3758165394875
115.1095752665068
114.83744317933457
114.55908006222744
114.27897083255435
114.00239210972397
113.72456078092939
113.44483419091634
113.15562351308685
112.85869686405593
112.56295316054452
112.2646623771661
111.96003204635125
111.65020799681228
111.3351919246951
111.02163798357881
110.70865206223553
110.39189520767697
110.06439596906856
109.73046300101579
109.39845474844763
109.06607693042176
108.7272051900883
108.37690773909016
108.02412898118074
107.67627306289681
107.32672497859059
106.9732468833369
106.60988552597526
106.23683097043761
105.86428371730162
105.49038188173044
105.10889567522992
104.72056562222173
104.3258596206224
103.93694464913661
103.5481612821136
103.1543965370137
102.75349451277472
102.34156300455783
101.93100064270568
101.52057296828031
101.10141951077465
100.67486198809195
100.24441722677233
99.818202429432517
99.393890007220293
98.964196092686151
98.525442597122321
98.076268422912179
97.628807192151413
97.179779065653108
96.723451049766936
96.258368691173715
95.790921122626443
95.328216591117837
94.868104910526611
94.403657217490576
93.930171287505217
93.445205718578336
92.962153674361844
92.479804283616716
91.988408272436772
91.489628790953645
90.98712561453334
90.49129964942783
89.999486928323577
89.503493923558509
88.998872866654537
88.48209442299688
87.966104790301273
87.453929549927238
86.933558871835288
86.406857234192245
85.873768355233153
85.349297071602251
84.828639996578019
84.306187772262319
83.774603525072152
83.233946240746249
82.694234634637979
82.158877434626078
81.616754641558231
81.063596910823918
80.508553725407026
79.9619784767042
79.421822280327149
78.880472495922277
78.329451802476228
77.766777688151961
77.20686307812899
76.651330954344374
76.089990649757624
75.521148106619847
74.951477318193454
74.391109427875662
73.837931972337785
73.28455378250068
72.727483385441559
72.160522109307863
71.600145844594508
71.047741460973455
70.49369961457883
69.933621566877832
69.373722849915765
68.82407621303517
68.28446400081063
67.746525230164693
67.20191156106668
66.65211415915131
66.10776439355304
65.571208981034829
65.035399842966441
64.493692454890748
63.953342663404463
63.424448748674479
62.9059354593943
62.391652645654219
61.873000355079
61.348931744091693
60.833155846421562
60.324645663899879
59.815344367156989
59.300619137856721
58.787441957984456
58.287501631829315
57.798092934960948
57.310145928051313
56.820032951883434
56.323013487229879
55.832868052504196
55.352058224385907
54.8735310288506
54.391951861012352
53.912682097644563
53.443728033649805
52.985913001383025
52.5321699884705
52.075690209104557
51.616464690567653
51.163706469715279
50.720765155029063
50.280147094614392
49.833289361356243
49.38880161746625
48.955552026821621
48.532045570098404
48.112042909986123
47.692801887654944
47.267536678802827
46.848100326278811
46.437178576888122
46.02761960931015
45.6171515335736
45.209359016309868
44.809688348192566
44.422495379285955
44.038811907711825
43.655115766740479
43.268576243909834
42.890138565831123
42.520908853356175
42.155429211936919
41.787071188255027
41.42092072457541
41.064299253909759
40.717990120193832
40.375668991305893
40.03457683793917
39.688954562362248
39.350704786013637
39.017119127126051
38.686881761716705
38.358120712924034
38.0296649307269
37.709968662901332
37.399683193625876
37.091250200981065
36.7858265783448
36.478091670753386
36.176017225377976
35.881916515277737
35.58853705285545
35.293523309276942
35.000641558177314
34.715161902539961
34.438595247488735
34.163703393703116
33.88957367268759
33.612765505783678
33.341262295605887
33.074458530729459
32.810997018938124
32.54789677407198
32.285695234405452
32.031354090991726
31.784187722178142
31.542212148271116
31.302662805597251
31.0644094747392
30.837532057356956
30.636803359006372
30.455997136319759
30.290792519003773
30.13912026738782
30.000965382857743
29.876029583152931
29.760329831561378
29.655418763669605
29.559360936344238
29.471248337653797
29.391967821538714
29.318554178597587
29.249666190573269
29.185964255031593
29.1267780824413
29.069468071859234
29.014656457282367
28.960683225345438
28.907232703300728
28.8556689322847
28.803698221909549
28.751620169409669
28.699821770084093
28.646616770973235
28.592282138845437
28.536641140315595
28.478056071873379
28.415495068300359
28.346578768395993
28.271598137679717
28.188584277189516
28.098277092823214
27.999946888758817
27.895392783335911
27.782558747479381
27.659405992616449
27.51243712660321
27.344869356999304
27.156568901817462
26.955087638386011
26.746783076203712
26.529234457902174
26.3017640437963
26.066348518938092
25.828400846217669
25.591541322507865
25.3476225834068
25.100243528760384
24.841462173661768
24.580028672127785
24.3191201149637
24.052865213666159
23.779191000335274
23.498965639950196
23.219704817750298
22.942510818044671
22.66439898705217
22.380596032204508
22.088952110056482
21.79400751093878
21.500666920053757
21.204273786158634
20.900612020877432
20.590396212907695
20.281980256338692
19.977048322517344
19.669785025106179
19.357064977691497
19.032723705641054
18.704077635615871
18.375647104055307
18.043047076288644
17.703323550123862
17.356706659124441
17.008693399501638
16.664674171290457
16.316517707365922
15.96421564358725
15.602549994649879
15.236962732549189
14.871181822897167
14.502800283864204
14.125405427374371
13.742687575966251
13.362184119125477
12.985045222918467
12.607882883781247
12.224868429504994
11.829340655737322
11.427520694155559
11.02849787212498
10.626403345596232
10.214095645501306
9.7935820274366243
9.37345254866149
8.9579453703521263
8.5397796051200228
8.1192206096683766
7.6852934235152972
7.2463578327099176
6.8154558554610931
6.3912342590741158
5.95966562009587
5.5252105969322383
5.09316053532431
4.6778416920802419
4.2763373830038338
3.8804895959095416
3.4949142736804113
3.1158503477963775
2.7474960569802183
2.4020672114908024
2.0784489162967508
1.782362290350606
1.5143725097726546
1.2681301822175388
1.0472163235195684
0.849299400151936
0.672504931534861
0.52298914552573661
0.39173780057556806
0.28066544666233795
0.19535722694218666
0.12422376204177341
0.06346948212066697
0.018257152284659978
-0.01651287734025874
-0.042911812305337076
-0.06037126438265604
-0.0712290315577455
-0.076819911955491177
-0.079725568943687486
-0.08226039286738461
-0.083271023667306446
-0.084783303958434669
-0.085612507390349118
-0.086280810450827763
-0.087670044133765057
-0.087358234320474321
-0.088258917574677825
-0.087629767835321531
-0.08727241119765769
-0.087934423070189421
-0.088065842251113358
-0.087322932157441135
-0.086229909759331813
-0.08652795305081061
-0.087307655598896472
-0.086718417603267636
-0.087501977346283163
-0.087678601937419817
-0.087014507687578874
-0.087215565892268615
-0.087510578111399076
-0.088217773447504436
-0.088615269685228426
-0.087797503334803
-0.087367181712811812
-0.087207462866949456
-0.086406836072721691
-0.0866124572277847
-0.085559892401566126
-0.085804365978896874
-0.085163676892724652
-0.086516015619828149
-0.0868689405855953
-0.086710539101303052
-0.086589292986639033
-0.086281212649269273
-0.08630919652291584
-0.086552082958201382
-0.086967868126706468
-0.085495801326990459
-0.0856296895475608
-0.0850137791974118
-0.085872465445613347
-0.086388783243290412
-0.0858733832152623
-0.085416027732369518
-0.086057699314424987
-0.087085795567479515
-0.086951739748818146
-0.086886229632348821
-0.08607733239239343
-0.086442691529644677
-0.087680910398838824
-0.087194810108516818
-0.086490760334622871
-0.085028614523155369
-0.085366165706697916
-0.087134377178219674
-0.087315054882504711
-0.0871627787353455
-0.0857348084688783
-0.086170957044371388
-0.085532807750499928
-0.086300648835677368
-0.086007257390538938
-0.086861669693903229
-0.087155472544515528
-0.086387592656752679
-0.086071258729810127
-0.084522572174297164
-0.08452761618442052
-0.084472897212759912
-0.084296270537381368
-0.08500273776778243
-0.085109736461704028
-0.085148442151646311
-0.085037671826986475
-0.084825438889113466
-0.085045454937408532
-0.086227881267971151
-0.0861288196380355
-0.086833179049099235
-0.087657710542832182
-0.086771597486275109
-0.086412586992278
-0.086446069121276475
-0.086408206470548476
-0.0861822127774567
-0.086218479141711851
-0.085543052402445419
-0.084989960385838642
-0.086448044294958185
-0.085713556815136621
-0.086055426080797873
-0.085492180115401981
-0.085704693398982956
-0.086358904490213814
-0.085909684107505088
-0.085872013747872664
-0.085420943579248829
-0.086077943612863084
-0.085398011350741113
-0.086312758148520241
-0.085920306141049049
-0.086077612604430073
-0.085224980501455272
-0.085908431063050766
-0.086523171510526756
-0.08528129288874392
-0.085446930195565957
-0.08616900495200519
-0.085972054696246275
-0.085434035194694863
-0.085481758418098616
-0.086119254832796879
-0.085776975798780825
-0.086093673956497183
-0.086239458633496691
-0.085645089478459377
-0.085393924456720338
-0.085221706857490573
-0.085706017151512159
-0.085412105062967023
-0.085965168807580747
-0.0852631701093016
-0.0847552523813842
-0.0851884172146064
-0.0849197168448002
-0.084998088153209042
-0.0842613137840374
-0.085022423906907257
-0.08489765955496581
-0.084422237055667662
-0.084060845226613778
-0.0845336943279536
-0.085115306486397729
-0.084629345151766761
-0.08334850671670839
-0.082714484882936992
-0.08367965556389563
-0.08433597265947862
-0.084596612777655456
-0.084466890486132554
-0.084284716300214946
-0.083798672922126866
-0.08511438441205138
-0.086147974093728888
-0.0845397812688644
-0.08462737197026618
-0.083655828717654174
-0.084968482441081836
-0.084459739803046913
-0.084717060139689479
-0.084089288347734353
-0.084729681934043385
-0.084666929184206721
-0.084073672602707761
-0.084105610832105382
-0.085344539217795612
-0.085699240660769352
-0.086638856533920228
-0.0867947329028749
-0.086155443313472163
-0.08506782978804181
-0.085604231238860642
-0.085223624713872875
-0.084644629815540731
-0.083894146934094055
-0.083893702144883744
-0.0847234979910289
-0.084941158181265436
-0.085515033605579382
-0.084350498150130238
-0.0853605716034337
-0.085169431855535313
-0.084195533623443258
-0.084134322094094424
-0.084008570841309763
-0.083525368597599542
-0.0839484462081918
-0.0849058245292691
-0.085219037770828635
-0.085266515376390017
-0.085105122582851217
-0.084579006162044487
-0.084693628065637155
-0.0841799161417336
-0.083586439015019068
-0.082987412572663066
-0.083124359124228622
-0.0832006972399461
-0.0825207643126251
-0.083112804102045759
-0.082693919086591988
-0.0840843505378948
-0.084789745977705458
-0.083888334742056717
-0.084008371068328147
-0.084807634066534313
-0.084884358409018021
-0.084685136688625678
-0.084006719156281481
-0.08242384283816695
-0.082651544063390689
-0.083297873952899851
-0.08318914744853019
-0.083613749397872389
-0.083187617513316645
-0.083283885515174
-0.083701901645071269
-0.083041023610475148
-0.08421233444302291
-0.083860867051891788
-0.083173661693633591
-0.0834043319379989
-0.083571946648314632
-0.083001191725495221
-0.084339318539909114
-0.084133620412335047
-0.082930701264893186
-0.083190354160934732
-0.083049118340250236
-0.0834602786712724
-0.083770565890143769
-0.083863303233369518
-0.083400178730005631
-0.0847259049128285
-0.0840285850423802
-0.083771747728191459
-0.084012509121340159
-0.084254216974757115
-0.0825512740986215
-0.08238617514288836
-0.082367821990368142
-0.0833405571226129
-0.083124329491699817
-0.0830889563639872
-0.082330942934673787
-0.083631677761798293
-0.082893524616310027
-0.083587275071985309
-0.082684689118969451
-0.082560217800236368
-0.082621089014029842
-0.082659238908497037
-0.082965969506581153
-0.083359347776369955
-0.083433112838773887
-0.083951326578949687
-0.0831011420561849
-0.08358404676589179
-0.083753308635615975
-0.083612029825883269
-0.082910355870745842
-0.083621466068399528
-0.083107466477998784
