-0.00267044
-0.00323201
-0.00199711
0.00261051
-0.00495573
-0.0096589
-0.00064587
0.00303433
-0.0124404
-0.00701433
-0.00172653
-0.00538838
-0.00110398
-0.0113494
0.000715378
0.00445982
-0.00362459
0.00806319
0.000620495
-0.00612542
-0.00159261
0.00112775
0.000791211
0.0055351
-0.00138977
0.00356801
-0.00690825
-0.00307625
-0.00733559
-0.00470819
-0.00439397
-0.000248469
0.00175783
-0.0020972
-0.00218164
0.000510072
0.0083625
0.00426001
-0.000491791
-0.014845
-0.0154879
-0.00867471
-0.00994915
-0.0162374
-0.0106354
-0.0102039
-0.00373746
-0.0106684
-0.0102203
4.97419e-05
-0.00286325
0.00321812
0.00638531
-0.000844249
0.00337087
-0.00189944
-0.0044046
-0.00237666
-0.00194275
-0.00213319
-0.00212648
0.00305058
0.000604335
-0.00273553
0.00144109
-0.0094623
-0.00989614
-0.00174336
-0.00545
0.00393954
-0.00415182
0.00236804
-3.57015e-05
-0.0041563
0.00643339
0.00280402
0.00213866
0.00496641
0.00292563
0.0107017
0.00716679
0.0125319
0.00118941
0.00415925
0.00343261
0.00965698
0.0130414
0.0129088
0.00628299
-0.00229593
0.000590643
0.0028577
-0.00419678
0.000627804
-0.00303991
-0.00343774
-0.00358476
0.00624908
0.0105108
0.00625762
0.00175339
0.00367968
0.00474117
0.00280459
-0.00426936
-0.00524665
-0.00107484
0.00373937
0.0072098
0.00831229
0.0109969
-0.00135404
0.00177219
0.00304858
0.00723612
0.00670903
0.00565496
0.0128963
0.0143807
0.0114422
0.0133422
0.0215438
0.0120309
0.00625902
0.00225736
-0.00754199
-0.00767124
-0.0029908
0.00135091
0.00107018
0.00984323
0.00185975
0.000402916
-0.00450296
0.00391333
-0.00917014
-0.00296833
-0.00633155
-0.00527049
-0.00146913
-0.00927997
-0.000463719
-0.000228368
-0.00476987
-0.0075808
-0.00682576
-0.000492786
-0.0120747
-0.00417402
-0.00536196
-0.00943014
-0.0049297
-0.00185128
0.00519587
0.00205495
0.00328154
0.00895221
0.0104045
0.0109746
0.00179786
0.00387064
-0.00290945
-0.0133369
-0.0102019
-0.0100753
-0.00947609
-0.00930276
0.00343799
-0.000960246
0.0032454
0.00398547
-0.00324728
-0.00720275
-0.00718473
0.00509491
-0.00440191
0.00306816
-0.00389827
0.00232361
0.0123706
0.00953245
0.00604536
0.0074536
0.00114273
-0.00105649
-0.00193653
0.00377823
-0.00388463
-0.00528498
-0.00414857
-0.00252052
-0.00238406
0.00504292
0.000643343
-0.00430391
0.00695561
-0.00119341
0.00527099
-0.00116749
0.00233067
0.00830479
0.00778477
0.00171358
0.00282258
0.00506376
0.0052857
0.00796794
0.0137351
0.00175703
0.000889394
-0.00122859
-0.00128485
-0.00262949
1.60481e-05
-0.00165629
0.00186578
-0.0115145
-0.00803144
0.00240306
-0.00180764
-0.000555855
-0.00622625
-0.00751501
-0.00708343
-0.0205497
-0.0184799
-0.0136537
-0.00157679
-0.013466
-0.0047402
-0.00996164
-0.00335315
-0.00802401
-0.00245934
-0.00172276
0.00472789
-0.0122013
-0.00122229
-0.00551077
0.000905216
0.00586241
0.00485059
-0.00376897
-0.00584215
0.00870086
0.00301129
0.00205691
0.00807677
0.00572358
-0.00166976
-0.00428828
-0.00272754
0.00271875
-0.00311344
0.00194748
-0.00713679
-0.00248583
-0.00408191
-0.0112698
-0.00924618
-0.000619349
-3.34965e-05
-0.00291263
0.00054512
-0.000101285
0.00283865
-0.00781148
0.00678177
0.00744305
0.000327096
-0.00283393
-0.00355489
-0.0011181
-0.00130574
0.000273425
-0.00142613
-0.00157658
-0.00505767
-0.00483086
-0.00685005
-0.00119374
0.00375138
-0.00158507
0.00574624
0.0043493
0.00122919
0.000690986
-0.00335998
-0.0127268
-0.00709596
-0.0176705
-0.00764085
0.00260253
-0.00249548
0.00385219
-0.00386301
-0.0060489
-0.0100778
-0.00593727
-0.00436218
-0.0148615
-0.0199745
-0.00999082
-0.0110106
-0.00837563
-0.00453403
-0.00588477
-0.0087938
-0.0039322
-0.00541578
0.00510222
0.00108668
-0.00128567
-0.00787084
-0.0016005
-0.00897208
-0.0103163
0.00745134
0.00234674
-0.00290623
-0.000418935
-0.00675036
-0.00224427
-0.00767298
-0.00859671
-0.00376764
0.00364993
0.00361505
0.00233319
-0.0026013
-0.000646464
-0.00150209
0.000201059
-0.00109079
-0.0010628
-0.00427586
-0.0105028
0.00519423
0.00191743
0.00117565
0.00684798
0.00814232
0.00299831
-0.00509914
-0.000978842
-0.00742573
0.00344358
-0.0128593
-0.00942304
-0.0116157
-0.0120808
-0.00393295
-0.00203727
-0.00671357
-0.0027857
0.000893125
-0.00308843
-0.00575746
0.00233299
0.00134896
-0.000360604
-0.00315724
-0.00467937
-0.000978791
0.00171697
0.00256344
0.000615458
-0.00775724
-0.00515059
-0.00716356
-0.0103004
-0.00597265
-0.0109961
-0.00495317
-0.00926692
-0.00363594
0.00067814
-0.0046455
-0.00701363
-0.0074498
-0.00355156
-0.0070141
-0.00500248
-0.0069059
0.00759247
0.0074821
0.0147232
0.0114678
0.0122723
0.0114566
0.00570905
0.00598578
-0.00257767
-0.00299557
0.000424727
0.0042996
0.00738573
0.00457885
0.00541657
0.00893579
0.000277854
-0.00260953
-0.000503268
-0.00220892
0.00179388
-0.00688894
-0.00899136
-0.00938649
-0.00924186
-0.00959693
-0.000898664
-0.00543692
-0.0110971
-0.00842601
-0.00827083
-0.00958231
-0.0069482
-0.00791854
0.000186698
-0.000699645
0.0046843
-0.00716791
-0.0061154
-0.0176673
-0.00133515
-0.0123684
-0.0115877
-0.0129093
-0.0149399
-0.0107177
-0.00488207
-0.00446302
0.00275061
0.0046069
0.00422597
0.00214742
0.00260555
-0.00126057
0.00605958
0.00659006
0.00207304
0.00225296
-0.000343293
-0.00128589
-0.000468305
-0.00491015
-0.000269645
0.00415063
0.00564238
0.0091664
0.0077431
0.0141397
0.0075988
0.00552275
-0.00190376
-0.00633931
-0.00674973
-0.00427829
0.00725296
0.00424965
0.0111352
0.00625562
0.0138552
0.00975143
0.0176865
0.0137755
0.00797555
0.00922916
-0.00110758
0.00509664
0.0133366
0.00201929
0.00187793
0.00289821
0.00469812
0.00833498
0.00190153
0.00673872
0.00567658
-0.000869977
0.00661986
0.00765161
0.000853907
0.00498501
0.00812173
0.00317317
0.00498733
-0.00119036
-0.00417892
0.00915077
-0.000773502
0.00946783
0.00622368
0.00955756
0.0110636
0.00475204
0.00183967
0.00635158
0.00443488
0.00766966
0.00130133
-0.00185386
-0.00215227
-0.00319003
0.00154502
0.000262041
0.00253614
-0.000240024
-0.000929613
-0.0039886
-0.00056979
0.00818216
0.00253926
0.000827057
-0.00271473
-0.0059066
-0.0112086
-0.0130764
0.000424316
-0.00785772
-0.00442716
-0.00405896
-0.00465286
-0.00485013
-0.00257982
0.000662554
-0.00255955
-0.0110528
-0.00837092
0.00166217
-0.000479616
0.00479515
-0.00158152
-0.0106883
-0.0044526
-0.0114454
-0.0141715
-0.012763
-0.00872623
-0.0124158
-0.00860843
0.00451758
-0.00191698
0.00169006
-0.00393655
0.000381263
-0.00342956
-0.00868832
-0.0134746
0.00054397
-0.00345027
-0.00496719
-0.00344387
-0.00399346
-0.0101212
-0.009719
-0.00571894
-0.0136529
-0.00433763
-0.00172096
0.000561519
-0.00194537
-0.00185569
-0.00193718
-0.000197809
0.00412716
0.00509094
0.00902633
0.00237435
-0.00745737
0.00292689
-0.00348187
0.00147341
-0.00460417
-0.00281561
1.44375e-05
0.00585622
0.00170318
-0.00736837
-0.00722117
-0.0145763
-0.0039227
-0.00453693
-0.00567074
-0.00689674
-0.00459878
-0.00916791
-0.00562464
0.00232041
0.00625128
0.0093014
0.00833633
0.0110791
0.00513487
0.00478637
0.00650773
0.0135227
0.00584662
0.00204581
-0.00070653
0.004458
0.00823765
-0.0102655
-0.00455332
-0.00343761
0.000158004
-0.00141271
-0.0068545
-0.00726754
-0.0071182
0.00396227
-0.00447526
-0.00596086
0.00018432
-0.000996763
-0.000790079
-0.00966635
-0.00873268
-0.00564846
0.00594394
0.00153738
-0.000204627
-0.00285889
-0.00460389
-0.00049234
0.0031759
-0.00547123
-0.0039499
0.00029597
-0.00344158
-0.0158477
-0.0110281
-0.00652096
-0.00906859
-0.0166009
-0.0108829
-0.0128535
-0.00681888
-0.0114839
-0.0207175
-0.0134446
-0.012197
-0.0112711
-0.0116647
-0.00629119
-0.0102767
-0.00977132
-0.00563371
0.000408774
0.00818312
0.000496788
-0.00949213
-0.014979
-0.00696716
-0.017303
-0.0163986
-0.0112724
-0.00914743
-0.00551826
-0.0028026
-0.00277853
-0.000435553
-0.00931364
0.0111149
0.00524915
0.00698092
-0.0124907
-0.0100558
-0.00611245
-0.00389578
0.00952539
0.00179149
0.00764483
0.00654571
0.00640945
-0.000265794
0.00372016
0.00476885
0.00159679
0.000671608
-0.00232362
-0.00868324
0.00131334
-0.00609185
0.00393718
0.000724251
0.00114726
0.00128537
-0.00502784
-0.00379515
-0.00509489
0.000968214
-0.000394946
-0.00230169
6.30607e-05
0.00133132
0.00314745
0.0025487
0.00403442
0.000633615
0.00549074
0.0104503
-0.00162118
-0.00778606
-0.00834713
-0.0124897
-0.0124365
-0.0103734
-0.00748188
-0.00513703
-0.0124387
-0.020801
-0.0113053
-0.0177345
-0.011587
-0.0136303
-0.012449
-0.00608277
-0.0088097
-0.0105638
-0.00586603
0.005346
6.8593e-05
-0.00224212
-0.00242258
-0.00691775
-0.0100228
0.000432354
-0.00268587
-0.00725594
0.000760885
-0.0010232
-0.00410122
0.00242189
-0.00428291
-0.00461237
-0.00356453
-0.00644371
0.000504524
-0.00290179
0.00370823
0.0095965
0.011164
0.0174203
0.00851098
0.00819084
0.0031853
0.000669333
0.00438797
0.00347666
0.00308369
-0.00442187
-0.005035
-0.0116772
-0.00254572
-0.00975998
-0.0114951
0.00421826
-0.00254149
0.00453291
-0.00334952
-0.00225075
0.00107743
-0.00320902
-0.001592
0.0107478
0.00309202
0.00589761
0.00973639
0.00309543
0.0122705
0.0021136
0.00210884
-0.00152966
0.00521555
-0.000155526
-0.000787494
-0.0149742
-0.00397164
-0.00660412
-0.00237454
1.55671e-05
-0.00607468
-0.012034
-0.0137387
-0.0129392
-0.00489891
0.00366874
0.00304063
0.00204611
-0.00355665
-0.0047827
0.00241226
-0.00218955
-0.00131681
-0.0053569
0.000985523
-0.00287623
-0.00554561
0.00654246
-0.00150992
-0.00878653
-0.00604227
-0.00342231
-0.00589109
0.00041492
0.00024083
0.000829231
-0.00293527
-0.00672113
-0.0106938
-0.0187481
-0.0107393
-0.000248781
-0.000325516
-0.00512642
-0.0149707
-0.00688821
-0.0070886
-0.0122022
-0.000428893
-0.00315664
0.00134826
0.00517281
0.00426032
-0.000702973
0.000743555
0.00191895
0.00161069
-0.00391595
-0.0104307
-0.0123313
-0.0115091
-0.0128363
-0.0038623
0.00184879
0.00576689
0.00472288
0.000390892
0.00340968
-0.00370176
0.00189983
0.00886594
0.00416665
-0.00161135
0.00237687
0.00134123
0.00112245
-0.00116917
-0.00367629
-0.00748848
0.00389704
-0.00159991
-0.0113823
-0.00677754
-0.00975567
0.0029938
0.0082803
0.00907928
-0.00053072
-0.000588436
0.00242143
0.00172473
0.00430947
0.00427836
0.0085179
0.00966812
0.00133606
-0.00650478
-0.00750084
-0.00282479
-0.00383105
-0.00249095
-0.000139933
-0.0145905
-0.0107859
-0.0148539
-0.00800199
-0.00764375
0.00113702
0.00927484
-0.00120209
0.00425779
-0.00506075
-0.00854738
0.00659322
0.00220455
0.00203351
-0.00227971
-0.00792446
-0.00988547
-0.00952046
-0.00232552
0.00366218
-0.00498674
0.00767599
0.000572156
-0.0082118
-0.00336449
-0.0192842
-0.0169362
-0.0115906
-0.00631
0.00291914
0.0059662
0.013518
1.41866e-05
0.00107689
-0.00777665
-0.00595421
0.0015986
0.000238751
-0.000392051
-0.00442006
0.00233945
0.0016299
-0.007307
-0.0103458
-0.0133343
-0.0128839
-0.00339021
-0.00241955
0.00412303
-0.00625473
-0.00131334
0.0031182
-0.00675934
-0.00653499
-0.00232631
-0.00475292
-0.00596143
0.00284109
0.000188126
-0.0034264
0.00357992
-0.0114222
-0.00606673
0.001381
0.00255524
0.00445649
-0.000268068
-0.00293516
-0.00264144
-0.00383565
-0.00458821
-0.00132169
-0.0106455
-0.00351509
-0.00337961
0.00778978
0.00148442
0.00324235
-0.000255782
-0.00554662
-0.00249538
0.00167642
-0.00467681
-0.00236818
-0.00716299
-0.00199233
-0.00756075
-0.0035182
-0.0024779
-0.00550611
0.00534845
0.00779205
0.00862719
-0.0023452
-0.000984311
-0.00786865
-0.00389371
-0.00113707
-0.00842191
-0.00389553
-0.00577465
-0.00288592
-0.0107146
-0.0040095
0.00111517
-0.00488808
-0.0070588
-0.00398658
-0.00076834
-0.00128848
-0.00816029
0.000984259
-0.00579789
-0.0064301
0.00236157
-0.00103865
0.000554099
-0.000766236
-0.00767381
-0.00137429
-0.00246181
-0.00119264
-0.00581199
-0.00780611
-0.00323853
-0.0103035
-0.018531
-0.0102125
-0.0112069
-0.0206271
-0.0135299
-0.0199862
-0.0132131
-0.010934
-0.00392063
0.00308812
-0.00333075
-0.00798569
-0.0021832
-0.0115452
-0.00517512
0.000752596
-0.00822668
0.00270822
0.00276981
-0.000176602
-0.00457951
-0.000182249
-0.00071345
-0.0093061
-0.0121235
-0.0070584
-0.00353598
-0.0133018
-0.000140962
-0.00428145
0.00328999
-0.00778126
-0.00812025
-0.00444157
-0.0049588
0.0064203
0.00394338
0.000499852
0.00112717
0.0113465
0.00408011
0.00990336
0.00389971
0.00596887
-0.000365042
0.00249977
0.0101435
0.00551937
0.000571277
0.00439871
0.00268132
-0.00401562
-0.0054839
-0.00189767
-0.00135363
-0.0012183
-0.00167823
-0.00246168
4.21059e-05
0.00708109
0.00387315
0.0144556
0.00575748
0.0123638
0.00811923
0.00967424
0.00864481
0.0110849
0.0125104
0.0178791
0.00894552
0.00474028
0.0060466
0.00894446
0.00229858
-5.99201e-05
-0.00101495
-0.00171666
0.000209321
-0.00370646
-0.00341948
-0.00263632
-0.00488956
-0.00598878
-0.00241458
0.00141523
0.00211772
0.0045604
0.00724736
0.00493195
0.00880554
0.00314072
-0.00174825
-0.00446398
-0.0052663
-0.00208295
-0.000256603
0.0026549
-0.00504388
-0.0142836
-0.0112234
-0.0101836
-0.00413609
-0.0155399
-0.00544421
-0.00190507
-0.0136896
-0.0112513
-0.0109907
-0.0146738
-0.00806456
-0.0114033
-0.00730232
0.00660073
0.00350808
0.010302
0.00844016
0.00842932
0.00399674
0.00379753
0.00452179
0.0017147
-0.00913174
-0.00481862
-0.00441153
0.00367739
-0.00197853
0.00327914
0.00762266
0.00700954
0.00122621
0.00346602
-0.00135644
-0.00202006
0.00264175
-0.00816258
-0.0101601
-0.00423804
0.00703333
-0.00358618
-0.00944851
-0.012159
-0.000892015
0.00105104
0.00106985
0.00133764
-0.00570397
-0.0127587
-0.0134381
-0.00682674
0.00308552
0.00751393
0.00600017
-0.000809134
-0.00823905
0.00565965
-0.000994497
-0.000951299
-0.00171253
0.00453974
-0.00779772
-0.000535408
0.00751759
0.00625577
0.00452616
0.00390796
0.000867607
-0.00286185
0.00120211
-0.00737091
-0.000943271
-0.00432717
0.00556215
0.00177644
0.00132701
-0.000339853
-0.00127658
-0.00330404
-0.00372952
0.00160117
0.00348456
-0.00252562
-0.00381739
-0.000808102
0.0037666
0.00683979
0.0074093
-0.00137875
0.00101391
-0.00719728
-0.000415096
-0.00805653
-0.00491661
0.00281026
0.00199085
0.00418509
-0.000931002
0.000814385
-0.0004528
-0.00151063
-0.00608566
-0.00141491
-0.0104197
-0.00993522
-0.00618668
-0.0114196
6.38224e-05
-0.00433643
-0.00347347
-0.00392581
0.00336418
-0.00103274
0.000385426
-0.000122797
0.00314867
0.00287806
0.00342187
0.00429443
0.000647256
0.00732778
0.00989904
0.0104805
0.00678924
0.00520798
0.0107851
0.0117294
0.0114205
0.00159109
-0.00128637
0.00200113
0.00181088
0.00262019
0.00352348
-0.000816734
0.0111236
-0.00403236
-0.000746206
0.000825961
-0.00415766
-0.00717891
-0.00338766
-0.00596743
-0.00530762
-0.00691263
-0.00264079
-0.000930282
-0.00530211
-0.00202475
-0.001281
0.00232351
0.00100349
0.00297268
0.00225617
-0.00373523
0.00244278
0.00694325
0.0111276
0.00726202
0.00538885
0.00764263
-0.00207781
0.00343524
-0.000342312
0.00518134
-1.08887e-05
0.000564794
-0.000453745
0.00388731
0.000676708
-0.000387482
0.00875167
-0.00878503
-0.0035832
-0.009479
-0.0071894
-0.00577684
-0.00275582
-0.00694204
-0.00779615
-0.00244025
-0.00595518
-0.00394609
-0.00969169
-0.00793743
0.00362682
0.0090383
-0.00130484
-0.000920601
-0.00359377
-0.00020444
-0.0042317
-0.0105087
-0.00431919
-0.00241565
-0.0109491
-0.00364224
-0.00373884
-0.000467084
0.000680232
-0.0098234
-0.0112488
-0.00742675
-0.0180176
-0.0187097
-0.011966
-0.00694434
-0.0062008
-0.00455385
-0.000756109
-0.0070621
-0.00273441
-0.00588139
-0.010554
0.00341988
-0.000499356
0.00153561
-0.00139104
-0.00595185
-0.00729024
-0.00309986
-0.0149092
-0.0087792
-0.00529028
-0.00709491
-0.00504167
-0.00149678
0.000103917
0.00274149
0.00305154
-0.0211561
-0.0715903
-0.11403
-0.158819
-0.198677
-0.234812
-0.289296
-0.305626
-0.325179
-0.366203
-0.424647
-0.507104
-0.59677
-0.659564
-0.713683
-0.795159
-0.845409
-0.926519
-0.917622
-0.938112
-0.944834
-0.990129
-1.01088
-1.03456
-1.08278
-1.10171
-1.08966
-1.10198
-1.1169
-1.11397
-1.11604
-1.11719
-1.12483
-1.11903
-1.11321
-1.12282
-1.11899
-1.09351
-1.10248
-1.09644
-1.09528
-1.09098
-1.09978
-1.09638
-1.09376
-1.08573
-1.09348
-1.0859
-1.08329
-1.09695
-1.08674
-1.07658
-1.07778
-1.09574
-1.08558
-1.08879
-1.08541
-1.0746
-1.0812
-1.09316
-1.09244
-1.0978
-1.09633
-1.10206
-1.09646
-1.10807
-1.10337
-1.0929
-1.09661
-1.1133
-1.10984
-1.10867
-1.11585
-1.11756
-1.11517
-1.12022
-1.11481
-1.10536
-1.11753
-1.11686
-1.10445
-1.1065
-1.10294
-1.09297
-1.10238
-1.10379
-1.08363
-1.08191
-1.08787
-1.08429
-1.08192
-1.08448
-1.0804
-1.08059
-1.07893
-1.07207
-1.05564
-1.05544
-1.04992
-1.05803
-1.05116
-1.04761
-1.05962
-1.06711
-1.05958
-1.06066
-1.05636
-1.04193
-1.04426
-1.04906
-1.05542
-1.05359
-1.04904
-1.06181
-1.06548
-1.06824
-1.06385
-1.04511
-1.05724
-1.05453
-1.06939
-1.07032
-1.08159
-1.08817
-1.08109
-1.08415
-1.07672
-1.08413
-1.08324
-1.10092
-1.10248
-1.10088
-1.11164
-1.10116
-1.10833
-1.10338
-1.10843
-1.09869
-1.10699
-1.10741
-1.12218
-1.12604
-1.12198
-1.11906
-1.11972
-1.12098
-1.11764
-1.11503
-1.11791
-1.12323
-1.11763
-1.12156
-1.12192
-1.12127
-1.1238
-1.11551
-1.12652
-1.09726
-1.12292
-1.11739
-1.13145
-1.13166
-1.13939
-1.14493
-1.14046
-1.15713
-1.1485
-1.15968
-1.15382
-1.16838
-1.18431
-1.17238
-1.18698
-1.17611
-1.19685
-1.19723
-1.19562
-1.21253
-1.19041
-1.21356
-1.21444
-1.2077
-1.22957
-1.21717
-1.22905
-1.23762
-1.22752
-1.24141
-1.24165
-1.2431
-1.26677
-1.26693
-1.25632
-1.28925
-1.28165
-1.28864
-1.30679
-1.283
-1.28814
-1.30182
-1.29824
-1.3118
-1.31018
-1.30896
-1.3112
-1.30776
-1.31419
-1.32229
-1.31723
-1.31655
-1.33422
-1.33538
-1.32921
-1.35411
-1.35826
-1.34498
-1.33503
-1.34764
-1.34264
-1.36838
-1.37127
-1.36016
-1.35515
-1.38871
-1.38153
-1.38796
-1.38793
-1.39183
-1.39252
-1.41066
-1.41643
-1.40647
-1.4198
-1.43899
-1.43695
-1.44752
-1.46015
-1.44749
-1.43713
-1.46125
-1.47353
-1.47967
-1.49728
-1.51287
-1.51103
-1.52491
-1.53502
-1.53091
-1.52536
-1.53282
-1.55316
-1.56113
-1.5677
-1.58894
-1.58651
-1.59247
-1.60809
-1.60823
-1.60869
-1.61631
-1.62849
-1.63344
-1.61898
-1.6245
-1.63705
-1.62671
-1.62441
-1.63742
-1.6359
-1.62836
-1.64048
-1.63902
-1.64255
-1.63433
-1.65208
-1.65707
-1.64696
-1.63367
-1.63813
-1.63932
-1.63692
-1.64217
-1.64383
-1.64867
-1.65717
-1.65747
-1.67466
-1.65826
-1.6618
-1.66691
-1.67327
-1.68453
-1.69625
-1.69541
-1.71526
-1.73237
-1.7263
-1.72197
-1.71754
-1.71737
-1.74465
-1.74686
-1.75099
-1.75691
-1.76057
-1.77215
-1.77623
-1.79057
-1.79237
-1.80741
-1.80409
-1.81902
-1.8212
-1.84418
-1.87091
-1.86747
-1.86389
-1.87329
-1.87897
-1.88214
-1.8948
-1.89542
-1.90114
-1.9247
-1.9203
-1.90809
-1.93319
-1.93174
-1.91509
-1.91918
-1.93757
-1.93033
-1.9442
-1.95828
-1.96661
-1.97782
-1.96589
-1.96202
-1.97014
-1.95809
-1.96511
-1.98166
-1.96956
-1.97529
-1.99053
-1.97777
-1.98167
-1.99844
-1.97253
-1.98679
-1.99882
-1.99217
-2.00373
-2.01246
-2.02008
-2.04584
-2.03751
-2.03941
-2.05073
-2.0348
-2.06628
-2.06614
-2.06257
-2.08538
-2.07689
-2.09921
-2.09744
-2.11228
-2.10881
-2.09682
-2.1231
-2.10766
-2.1328
-2.13635
-2.14677
-2.16787
-2.15477
-2.17996
-2.15609
-2.18326
-2.16317
-2.18933
-2.17278
-2.18464
-2.18398
-2.19599
-2.20409
-2.19119
-2.19023
-2.18886
-2.20057
-2.18732
-2.21339
-2.20608
-2.21771
-2.20808
-2.20449
-2.19375
-2.20373
-2.20281
-2.20828
-2.21066
-2.20666
-2.20862
-2.21007
-2.21879
-2.21839
-2.20495
-2.19905
-2.20303
-2.20194
-2.19529
-2.20254
-2.20814
-2.21994
-2.22982
-2.21493
-2.22957
-2.22488
-2.24053
-2.24674
-2.25861
-2.25842
-2.26252
-2.26977
-2.26927
-2.27274
-2.28468
-2.26816
-2.26943
-2.28105
-2.27709
-2.28193
-2.28725
-2.29532
-2.2937
-2.2925
-2.29392
-2.29338
-2.29878
-2.31759
-2.32557
-2.31814
-2.32046
-2.32422
-2.3313
-2.34208
-2.34417
-2.328
-2.32505
-2.3249
-2.32474
-2.32421
-2.33221
-2.32604
-2.32975
-2.32122
-2.31674
-2.30571
-2.3171
-2.30656
-2.31849
-2.31248
-2.30406
-2.31252
-2.30664
-2.30072
-2.28514
-2.28659
-2.27898
-2.27405
-2.27562
-2.27245
-2.26507
-2.27647
-2.27659
-2.274
-2.25732
-2.26841
-2.27158
-2.26094
-2.28037
-2.26949
-2.25867
-2.28173
-2.28576
-2.28242
-2.27951
-2.28414
-2.27888
-2.27184
-2.28536
-2.28331
-2.28171
-2.28399
-2.29898
-2.29354
-2.27859
-2.27326
-2.29051
-2.27567
-2.28865
-2.29761
-2.29521
-2.30266
-2.3052
-2.31159
-2.30143
-2.29918
-2.30593
-2.31398
-2.29924
-2.3161
-2.29657
-2.27561
-2.26604
-2.25731
-2.2615
-2.24658
-2.20861
-2.15672
-2.10889
-2.05415
-2.03983
-2.03094
-2.00107
-1.9829
-1.93679
-1.92909
-1.90401
-1.89164
-1.88536
-1.88457
-1.86087
-1.8704
-1.8783
-1.86883
-1.84654
-1.83201
-1.84269
-1.84102
-1.83303
-1.85499
-1.84715
-1.83366
-1.84212
-1.84084
-1.83006
-1.81382
-1.82841
-1.8216
-1.82071
-1.81729
-1.82703
-1.82355
-1.82001
-1.83872
-1.84009
-1.81587
-1.82643
-1.82842
-1.81559
-1.82597
-1.83457
-1.82663
-1.83511
-1.83902
-1.83878
-1.83804
-1.85096
-1.84984
-1.8517
-1.85811
-1.85206
-1.87292
-1.87053
-1.86375
-1.8516
-1.85209
-1.84724
-1.85278
-1.85787
-1.86333
-1.85693
-1.86536
-1.86239
-1.85698
-1.83985
-1.84135
-1.82907
-1.83078
-1.8236
-1.8274
-1.81236
-1.81004
-1.81551
-1.80457
-1.79305
-1.79387
-1.78769
-1.78094
-1.80354
-1.79471
-1.7887
-1.78299
-1.79145
-1.79453
-1.78356
-1.78209
-1.77419
-1.77901
-1.78496
-1.78129
-1.76676
-1.76954
-1.76233
-1.76658
-1.7552
-1.76741
-1.76332
-1.76002
-1.7713
-1.77366
-1.77259
-1.77574
-1.7801
-1.79487
-1.78484
-1.79
-1.77942
-1.79443
-1.78205
-1.79837
-1.79547
-1.80544
-1.82291
-1.81996
-1.81882
-1.8131
-1.81742
-1.81478
-1.82424
-1.8194
-1.82694
-1.81414
-1.82607
-1.82156
-1.82839
-1.81388
-1.81872
-1.81002
-1.81994
-1.82331
-1.81472
-1.82512
-1.82232
-1.83512
-1.81265
-1.82159
-1.80678
-1.83825
-1.81161
-1.82536
-1.81899
-1.81526
-1.84208
-1.81816
-1.8444
-1.81991
-1.84285
-1.8361
-1.83597
-1.85442
-1.8361
-1.86501
-1.85609
-1.85203
-1.85655
-1.82975
-1.84902
-1.83472
-1.84681
-1.87083
-1.84442
-1.86597
-1.8694
-1.85614
-1.88215
-1.85758
-1.86808
-1.88552
-1.87785
-1.9045
-1.90884
-1.89654
-1.91706
-1.92247
-1.91662
-1.91998
-1.9243
-1.91705
-1.92162
-1.92825
-1.93349
-1.92928
-1.92835
-1.95078
-1.94025
-1.93327
-1.94219
-1.95724
-1.94419
-1.94131
-1.95199
-1.9462
-1.94278
-1.94633
-1.93759
-1.94295
-1.94787
-1.94435
-1.94731
-1.96783
-1.96731
-1.96213
-1.97607
-1.98615
-1.98102
-1.98569
-1.97692
-1.97383
-1.99078
-2.00823
-2.00318
-2.01681
-2.00915
-2.01135
-2.02175
-2.02675
-2.02564
-2.03118
-2.03347
-2.04131
-2.03786
-2.04876
-2.06195
-2.06861
-2.07372
-2.06919
-2.07424
-2.08013
-2.08126
-2.08913
-2.09153
-2.10155
-2.10828
-2.11392
-2.12181
-2.12096
-2.11872
-2.14159
-2.13063
-2.1447
-2.1318
-2.14464
-2.13663
-2.13893
-2.13816
-2.14165
-2.11496
-2.12464
-2.14612
-2.14198
-2.14218
-2.14836
-2.1489
-2.14241
-2.14952
-2.13942
-2.13504
-2.12752
-2.12934
-2.13285
-2.12645
-2.13042
-2.13874
-2.13221
-2.13081
-2.12858
-2.13945
-2.14144
-2.13789
-2.15808
-2.15457
-2.1537
-2.16982
-2.17612
-2.17094
-2.17805
-2.1958
-2.18836
-2.18614
-2.19485
-2.19011
-2.17843
-2.20581
-2.225
-2.221
-2.20375
-2.22052
-2.21983
-2.22692
-2.25785
-2.24609
-2.23649
-2.25601
-2.264
-2.27047
-2.26267
-2.26071
-2.25602
-2.2766
-2.29394
-2.27766
-2.28969
-2.30773
-2.30595
-2.31175
-2.31163
-2.311
-2.30917
-2.30759
-2.2956
-2.3121
-2.32078
-2.31645
-2.32645
-2.3429
-2.31335
-2.31082
-2.33347
-2.31944
-2.33062
-2.32986
-2.32518
-2.32885
-2.34165
-2.34873
-2.33919
-2.33461
-2.34826
-2.34656
-2.35055
-2.36021
-2.35862
-2.36342
-2.36521
-2.36023
-2.3573
-2.36171
-2.36877
-2.39624
-2.38144
-2.38661
-2.39052
-2.39754
-2.4118
-2.39858
-2.40448
-2.39255
-2.40316
-2.41706
-2.40548
-2.42835
-2.41872
-2.44341
-2.43835
-2.44028
-2.43741
-2.43306
-2.44766
-2.4415
-2.46813
-2.45395
-2.45936
-2.44686
-2.45818
-2.46263
-2.46083
-2.4479
-2.44982
-2.44823
-2.45273
-2.43545
-2.44629
-2.44044
-2.44923
-2.45109
-2.44498
-2.42914
-2.44592
-2.44591
-2.4551
-2.44965
-2.44341
-2.44308
-2.43005
-2.43067
-2.40414
-2.4155
-2.41677
-2.4189
-2.41919
-2.4234
-2.43846
-2.42989
-2.42851
-2.42668
-2.42263
-2.42255
-2.42974
-2.43988
-2.44017
-2.4491
-2.44121
-2.44658
-2.4433
-2.44708
-2.4467
-2.43953
-2.43621
-2.44653
-2.45099
-2.44656
-2.45605
-2.455
-2.45513
-2.45588
-2.44796
-2.44954
-2.45442
-2.46131
-2.45656
-2.46376
-2.4548
-2.45958
-2.4675
-2.47429
-2.45943
-2.45232
-2.45963
-2.45602
-2.45925
-2.46255
-2.46217
-2.45068
-2.45479
-2.46432
-2.44675
-2.426
-2.43283
-2.43
-2.42496
-2.42957
-2.42128
-2.42114
-2.40754
-2.41323
-2.39304
-2.39006
-2.38641
-2.38699
-2.37655
-2.38084
-2.37701
-2.37473
-2.37955
-2.37984
-2.358
-2.35868
-2.35484
-2.35234
-2.35772
-2.35825
-2.34852
-2.36037
-2.36884
-2.36579
-2.355
-2.36652
-2.36538
-2.35347
-2.35631
-2.36445
-2.35895
-2.36883
-2.37501
-2.38225
-2.36125
-2.35738
-2.36658
-2.35309
-2.3434
-2.34721
-2.33088
-2.32769
-2.31426
-2.27493
-2.24724
-2.22182
-2.14964
-2.12485
-2.05435
-2.01087
-1.94447
-1.87237
-1.82609
-1.78263
-1.72324
-1.6398
-1.57632
-1.52902
-1.47117
-1.41567
-1.35681
-1.31887
-1.26496
-1.2229
-1.1977
-1.15824
-1.12892
-1.11623
-1.11196
-1.09932
-1.1013
-1.09592
-1.1004
-1.09629
-1.10164
-1.09387
-1.0982
-1.0951
-1.08688
-1.08952
-1.08293
-1.0879
-1.07666
-1.0864
-1.07721
-1.08316
-1.08664
-1.09036
-1.08415
-1.08017
-1.0843
-1.08249
-1.07859
-1.08598
-1.08576
-1.09687
-1.09211
-1.09103
-1.09064
-1.09278
-1.08693
-1.09054
-1.10046
-1.09609
-1.09387
-1.09621
-1.09305
-1.08266
-1.08626
-1.07589
-1.08064
-1.08943
-1.07989
-1.07591
-1.07659
-1.08506
-1.08664
-1.07156
-1.07255
-1.0737
-1.07986
-1.07823
-1.07471
-1.08484
-1.082
-1.08554
-1.08562
-1.0782
-1.0803
-1.08184
-1.07914
-1.07573
-1.07717
-1.08744
-1.09724
-1.10338
-1.1007
-1.09207
-1.09407
-1.08601
-1.09321
-1.10059
-1.08926
-1.09092
-1.083
-1.09314
-1.08736
-1.09374
-1.08938
-1.08174
-1.07793
-1.08103
-1.09156
-1.09186
-1.08682
-1.09084
-1.08347
-1.085
-1.08948
-1.09156
-1.08635
-1.08885
-1.09129
-1.09831
-1.09872
-1.09427
-1.08636
-1.0958
-1.09813
-1.09149
-1.08749
-1.08439
-1.08814
-1.08505
-1.09305
-1.09488
-1.08631
-1.08474
-1.08114
-1.07959
-1.08343
-1.09407
-1.09881
-1.09083
-1.08179
-1.07406
-1.08247
-1.08277
-1.08347
-1.07744
-1.08862
-1.08548
-1.08486
-1.09327
-1.09237
-1.08128
-1.09407
-1.09014
-1.08894
-1.09282
-1.09311
-1.09652
-1.09181
-1.09482
-1.09358
-1.09018
-1.08695
-1.08178
-1.09041
-1.08526
-1.08137
-1.0827
-1.09349
-1.08502
-1.08702
-1.0885
-1.07573
-1.09209
-1.08478
-1.0765
-1.09195
-1.09144
-1.09231
-1.09515
-1.09516
-1.09267
-1.09572
-1.09387
-1.09678
-1.08119
-1.08931
-1.08926
-1.10552
-1.09652
-1.09666
-1.09172
-1.08687
-1.09095
-1.0892
-1.08915
-1.09607
-1.08807
-1.08305
-1.08009
-1.07246
-1.06784
-1.07778
-1.07871
-1.08067
-1.0752
-1.07606
-1.08908
-1.08823
-1.08048
-1.08366
-1.08273
-1.08529
-1.08312
-1.0898
-1.09804
-1.08857
-1.07712
-1.0809
-1.07963
-1.08765
-1.09458
-1.09195
-1.09363
-1.09384
-1.08934
-1.0906
-1.08816
-1.09461
-1.08782
-1.09234
-1.09722
-1.07997
-1.08412
-1.07745
-1.06241
-1.06261
-1.051
-1.02771
-1.01523
-1.0024
-0.967791
-0.94221
-0.916695
-0.874327
-0.814687
-0.770061
-0.737424
-0.671748
-0.582741
-0.530549
-0.450813
-0.410621
-0.323601
-0.264819
-0.196163
-0.154758
-0.110205
-0.0687093
-0.0329188
-0.010101
0.035234
0.0580172
0.0591683
0.0719218
0.0967936
0.0901828
0.0800864
0.0799128
0.0897771
0.075535
0.0903132
0.101558
0.0957026
0.0868522
0.100949
0.100803
0.103491
0.108013
0.111864
0.103286
0.0934581
0.0971079
0.10329
0.0995706
0.117
0.116889
0.108753
0.104458
0.101182
0.0852422
0.0891645
0.0906435
0.0857855
0.0969872
0.0922435
0.0900967
0.0834636
0.0760737
0.0612354
0.0614319
0.06143
0.0579882
0.0520692
0.0464161
0.0524041
0.0422171
0.0278529
0.0236138
0.0226783
0.0101646
0.0188835
0.0157852
0.0087849
0.00551437
0.0169677
0.0153967
0.0155478
0.0111206
-0.00337041
-0.0038093
0.00222416
0.015709
0.00407423
0.0133556
0.0125687
0.0191235
0.0234977
0.0366511
0.0225592
0.0180886
0.0122504
0.00998767
0.0124733
0.0157207
0.0173893
0.011113
0.023462
0.0154238
0.00937584
0.0145281
0.0264597
0.0134367
0.0175126
0.0250229
0.0222051
0.043047
0.0345696
0.0469543
0.0340595
0.0372711
0.0431825
0.0437337
0.0429465
0.0319671
0.0489414
0.0434043
0.054848
0.0438874
0.0369846
0.0405319
0.0369639
0.0345644
0.0181736
0.0293089
0.0414314
0.0412952
0.0299624
0.0308295
0.0094615
0.0146108
0.0176552
0.0202752
0.00524855
0.00848414
0.00560624
0.014474
0.0186726
0.02309
0.0125983
0.0174099
0.00691697
0.0110399
0.000567188
6.9999e-05
0.00533362
0.0127263
0.033181
0.0170566
0.0232642
0.01913
0.0292618
0.028856
0.0275527
0.0478792
0.0445945
0.0622047
0.0525412
0.056796
0.0595465
0.0560069
0.0685547
0.0594072
0.0609157
0.0686084
0.0782075
0.0852571
0.094027
0.0922597
0.0871013
0.0915963
0.101503
0.101799
0.108472
0.105386
0.111476
0.109493
0.116903
0.121017
0.127785
0.116092
0.120313
0.140786
0.12162
0.122859
0.152493
0.139619
0.131307
0.150597
0.123161
0.113972
0.138782
0.139381
0.134547
0.148882
0.143216
0.150521
0.163412
0.143564
0.139563
0.161904
0.15278
0.150474
0.163011
0.173301
0.16938
0.178305
0.182434
0.179229
0.20095
0.217315
0.199798
0.220591
0.224198
0.223702
0.245405
0.251217
0.240947
0.231991
0.249982
0.242934
0.251176
0.25388
0.25935
0.240771
0.263603
0.278101
0.279048
0.278437
0.290716
0.289568
0.291464
0.299661
0.310983
0.293937
0.297452
0.30468
0.31425
0.312863
0.311494
0.325638
0.320485
0.319991
0.343055
0.341762
0.345211
0.34107
0.343407
0.33591
0.317815
0.321735
0.332524
0.325315
0.310312
0.329358
0.320656
0.321394
0.341556
0.340593
0.331095
0.329826
0.321752
0.324448
0.306996
0.318539
0.325449
0.327877
0.339308
0.340247
0.335891
0.331229
0.352456
0.355867
0.364292
0.365499
0.363178
0.363344
0.376872
0.374397
0.379715
0.381243
0.40243
0.409789
0.408858
0.412727
0.406685
0.416925
0.428866
0.436164
0.427457
0.43378
0.428865
0.430141
0.446284
0.457593
0.452478
0.465343
0.474181
0.466093
0.478341
0.484249
0.463009
0.46966
0.485941
0.486734
0.491896
0.503091
0.511027
0.51551
0.510503
0.502476
0.503178
0.520442
0.503898
0.498303
0.519934
0.523363
0.516848
0.527497
0.524656
0.520121
0.526625
0.526801
0.538244
0.530037
0.523318
0.554279
0.547015
0.535342
0.553981
0.538468
0.534877
0.560744
0.550397
0.546888
0.572699
0.557889
0.574314
0.581363
0.56887
0.592631
0.577754
0.585219
0.599537
0.583153
0.610741
0.611958
0.611723
0.61849
0.586936
0.610615
0.596139
0.61506
0.62518
0.60395
0.631875
0.615879
0.64429
0.625605
0.626598
0.634005
0.631778
0.653821
0.625105
0.649149
0.630327
0.657138
0.639887
0.651359
0.634628
0.647922
0.646342
0.642322
0.644034
0.63807
0.642152
0.632226
0.656981
0.64173
0.654665
0.627695
0.645039
0.633189
0.634542
0.625992
0.641054
0.645949
0.650419
0.654173
0.649871
0.651807
0.63873
0.655871
0.644803
0.662831
0.660811
0.664906
0.667838
0.664087
0.66139
0.660189
0.669537
0.667233
0.678251
0.682183
0.676862
0.692367
0.695587
0.707597
0.694807
0.69308
0.697143
0.691476
0.696171
0.695195
0.690049
0.691079
0.693816
0.682818
0.668135
0.674654
0.674041
0.668612
0.665139
0.668215
0.665533
0.67404
0.684217
0.676946
0.666904
0.668811
0.663658
0.663514
0.666745
0.649234
0.648417
0.65348
0.645945
0.63991
0.624629
0.619883
0.612558
0.61438
0.609999
0.610335
0.606479
0.620371
0.624224
0.617394
0.605112
0.609125
0.601227
0.61064
0.615645
0.610095
0.611451
0.619139
0.628666
0.629252
0.631351
0.620863
0.619194
0.633892
0.629599
0.618719
0.635792
0.636165
0.629307
0.648118
0.647381
0.630033
0.636996
0.646695
0.641444
0.635693
0.639248
0.642619
0.642546
0.624737
0.637657
0.623635
0.612358
0.630199
0.618817
0.609986
0.619548
0.623054
0.617757
0.616068
0.609281
0.614042
0.601296
0.592911
0.608563
0.601064
0.588467
0.612465
0.58831
0.575207
0.546534
0.520141
0.526597
0.515849
0.494656
0.463434
0.403642
0.353151
0.330039
0.30221
0.28354
0.257315
0.216736
0.223694
0.199331
0.174308
0.173764
0.175853
0.161637
0.16298
0.159147
0.153979
0.153227
0.141514
0.159429
0.154836
0.152327
0.173625
0.181592
0.170369
0.166913
0.168152
0.172891
0.170372
0.19251
0.192144
0.181316
0.175357
0.188951
0.18241
0.168949
0.189246
0.190808
0.181702
0.191128
0.190559
0.182906
0.190006
0.19452
0.188316
0.180228
0.18641
0.184372
0.191646
0.193041
0.185119
0.187539
0.19764
0.199776
0.198333
0.191655
0.189428
0.18561
0.171668
0.174121
0.164432
0.1547
0.153339
0.160162
0.158043
0.146546
0.146921
0.146126
0.136674
0.13422
0.13162
0.133043
0.13775
0.138305
0.142094
0.134645
0.137156
0.139904
0.137302
0.138505
0.135445
0.142801
0.152439
0.168292
0.184106
0.170567
0.17057
0.163922
0.1733
0.169829
0.173637
0.17147
0.164714
0.182451
0.196384
0.185859
0.185029
0.186084
0.19581
0.202523
0.197043
0.211951
0.205846
0.230708
0.236137
0.236064
0.233311
0.231005
0.253133
0.246403
0.251759
0.250195
0.266729
0.258479
0.262771
0.26312
0.256071
0.259883
0.256209
0.251349
0.242354
0.249768
0.255989
0.260174
0.265636
0.254901
0.25655
0.233934
0.260112
0.24221
0.248856
0.241508
0.265565
0.264882
0.270607
0.264972
0.242083
0.26233
0.249694
0.274797
0.254486
0.284616
0.262339
0.294195
0.288687
0.287344
0.292812
0.291029
0.314441
0.301779
0.33361
0.331472
0.336262
0.358446
0.345029
0.364958
0.344702
0.351784
0.370471
0.357729
0.37471
0.37756
0.384852
0.410762
0.401074
0.420688
0.420054
0.40842
0.443326
0.439189
0.433324
0.461655
0.455636
0.471043
0.484166
0.471611
0.478111
0.490491
0.474739
0.481235
0.492544
0.486611
0.50503
0.508625
0.50966
0.513075
0.498967
0.502952
0.517053
0.508176
0.500152
0.528943
0.523903
0.512027
0.5348
0.537091
0.520022
0.526189
0.538353
0.542306
0.563125
0.561509
0.556765
0.581896
0.596231
0.588343
0.595681
0.598262
0.600532
0.607639
0.615757
0.619291
0.62875
0.65464
0.661935
0.668164
0.671933
0.682071
0.685318
0.680427
0.688829
0.694451
0.708339
0.711444
0.720205
0.708519
0.71934
0.728348
0.737476
0.758893
0.766276
0.763974
0.780341
0.785084
0.789023
0.802028
0.793414
0.789194
0.800137
0.801052
0.809862
0.809729
0.820986
0.845157
0.831998
0.821698
0.826636
0.825636
0.822818
0.814907
0.830318
0.82633
0.828086
0.834654
0.849146
0.837679
0.82951
0.842316
0.836111
0.83017
0.825611
0.835237
0.836913
0.836211
0.858924
0.869991
0.854609
0.860356
0.879152
0.872054
0.875671
0.886371
0.902193
0.898669
0.924652
0.934218
0.925271
0.915694
0.926438
0.931213
0.939108
0.957109
0.978484
0.974915
0.987511
0.994048
0.982704
0.988772
1.00978
1.01437
1.01983
1.03099
1.03619
1.04234
1.06249
1.07439
1.05619
1.0758
1.09471
1.09174
1.0805
1.09677
1.0878
1.09948
1.12982
1.11948
1.10597
1.12554
1.12661
1.10977
1.12855
1.1344
1.12511
1.13806
1.14378
1.14627
1.14081
1.13312
1.13124
1.15416
1.13703
1.1424
1.16323
1.15339
1.16134
1.18431
1.16374
1.17832
1.19367
1.17736
1.19394
1.1905
1.18865
1.20949
1.21159
1.22542
1.23348
1.21643
1.23461
1.23224
1.21691
1.24471
1.23815
1.24772
1.25702
1.25146
1.27073
1.25407
1.27622
1.26884
1.26621
1.28375
1.27513
1.29351
1.29047
1.31048
1.30504
1.29495
1.30104
1.29927
1.3149
1.3055
1.32976
1.32679
1.34112
1.33953
1.34483
1.3323
1.34033
1.34649
1.35274
1.35095
1.35283
1.34749
1.35813
1.35562
1.35483
1.34981
1.34276
1.34039
1.34429
1.33668
1.34206
1.35182
1.36523
1.36029
1.36508
1.3557
1.3569
1.35864
1.34915
1.35722
1.35727
1.37982
1.38151
1.39207
1.38045
1.38183
1.38522
1.382
1.39263
1.3853
1.40367
1.41159
1.42577
1.41987
1.39832
1.40892
1.41098
1.41459
1.41264
1.40802
1.41042
1.41923
1.43014
1.43053
1.42048
1.40864
1.41013
1.40826
1.40561
1.418
1.4127
1.4146
1.43504
1.42472
1.41279
1.40409
1.39839
1.39087
1.40117
1.39041
1.3856
1.39429
1.39681
1.37921
1.37744
1.3722
1.35989
1.36227
1.36391
1.35342
1.35942
1.35707
1.35897
1.36385
1.36141
1.3477
1.35089
1.35767
1.35295
1.35757
1.37178
1.36387
1.38212
1.37581
1.36599
1.36303
1.3637
1.36781
1.35122
1.35445
1.36495
1.37658
1.37741
1.38907
1.38221
1.36957
1.38888
1.39226
1.3761
1.38722
1.38274
1.36939
1.36843
1.38708
1.37202
1.36785
1.3717
1.38133
1.37255
1.36284
1.38222
1.37152
1.36097
1.3816
1.36912
1.34772
1.34281
1.35799
1.35016
1.33058
1.31281
1.32751
1.31115
1.26789
1.23309
1.18758
1.14206
1.11678
1.05721
1.00438
0.865757
0.767955
0.666938
0.566658
0.495698
0.408702
0.311431
0.243291
0.195287
0.160932
0.121277
0.0837289
0.025334
-0.023138
-0.0545647
-0.0858245
-0.104452
-0.128484
-0.151046
-0.151646
-0.147127
-0.144429
-0.140014
-0.144635
-0.134281
-0.128308
-0.134573
-0.128241
-0.117053
-0.117678
-0.126432
-0.129321
-0.128012
-0.133777
-0.134563
-0.133495
-0.134229
-0.142164
-0.127829
-0.132681
-0.131047
-0.130507
-0.135961
-0.137949
-0.12684
-0.124307
-0.123621
-0.129951
-0.124073
-0.132336
-0.128281
-0.138789
-0.134398
-0.127062
-0.136432
-0.130588
-0.122865
-0.117042
-0.126892
-0.126617
-0.126564
-0.128909
-0.131834
-0.135448
-0.118649
-0.132064
-0.138221
-0.14543
-0.126442
-0.137429
-0.131575
-0.135246
-0.143661
-0.14571
-0.141202
-0.146157
-0.132314
-0.136607
-0.133545
-0.136395
-0.130843
-0.121703
-0.127333
-0.126283
-0.132411
-0.130337
-0.135587
-0.125828
-0.124696
-0.119481
-0.133516
-0.128075
-0.123079
-0.13581
-0.131631
-0.128246
-0.131727
-0.125023
-0.137574
-0.138114
-0.134867
-0.133459
-0.132819
-0.142842
-0.139618
-0.14599
-0.148281
-0.140153
-0.134383
-0.134873
-0.140864
-0.140332
-0.140759
-0.132618
-0.152449
-0.140504
-0.138764
-0.138917
-0.133338
-0.144567
-0.140347
-0.141167
-0.138974
-0.13692
-0.144194
-0.131396
-0.13138
-0.12996
-0.133845
-0.133689
-0.146784
-0.139434
-0.132361
-0.133019
-0.143429
-0.129955
-0.134309
-0.136927
-0.135033
-0.127942
-0.136082
-0.121081
-0.141798
-0.131227
-0.141516
-0.141386
-0.13368
-0.128589
-0.133839
-0.124272
-0.124424
-0.1292
-0.122572
-0.110348
-0.121999
-0.131409
-0.126123
-0.127878
-0.134471
-0.124379
-0.132828
-0.129697
-0.125871
-0.139602
-0.136569
-0.129511
-0.132702
-0.129864
-0.143372
-0.135197
-0.135734
-0.123416
-0.138762
-0.147725
-0.134863
-0.130789
-0.122331
-0.140668
-0.126223
-0.128617
-0.131428
-0.139042
-0.124381
-0.131962
-0.144599
-0.138344
-0.134431
-0.132495
-0.145644
-0.134954
-0.150231
-0.13474
-0.142785
-0.139722
-0.134411
-0.125014
-0.123644
-0.125184
-0.124217
-0.112549
-0.128367
-0.12802
-0.126474
-0.134859
-0.122712
-0.133104
-0.127956
-0.135719
-0.157626
-0.139996
-0.137102
-0.13595
-0.122947
-0.135853
-0.128866
-0.121378
-0.111647
-0.12766
-0.121293
-0.11842
-0.124096
-0.112418
-0.116749
-0.119393
-0.124481
-0.115279
-0.124374
-0.129407
-0.130696
-0.134605
-0.126252
-0.123153
-0.121153
-0.125947
-0.127069
-0.128151
-0.125214
-0.113598
-0.116956
-0.115554
-0.121522
-0.126112
-0.130104
-0.12186
-0.131693
-0.136062
-0.13888
-0.1386
-0.142539
-0.137551
-0.148449
-0.140833
-0.141674
-0.131169
-0.133323
-0.13188
-0.141712
-0.13103
-0.124947
-0.130045
-0.136394
-0.126734
-0.117977
-0.128894
-0.123955
-0.134409
-0.124922
-0.129579
-0.132452
-0.137588
-0.141784
-0.138844
-0.142184
-0.138462
-0.13114
-0.125907
-0.122098
-0.125025
-0.138561
-0.13448
-0.151956
-0.149442
-0.147778
-0.130806
-0.129573
-0.123689
-0.136401
-0.122439
-0.125825
-0.133361
-0.13802
-0.140126
-0.146511
-0.154737
-0.142396
-0.134371
-0.13535
-0.134184
-0.133532
-0.13054
-0.130098
-0.132997
-0.134064
-0.142837
-0.133277
-0.131317
-0.13218
-0.119269
-0.125496
-0.118014
-0.124784
-0.119056
-0.135365
-0.121418
-0.124856
-0.12375
-0.129791
-0.114252
-0.133649
-0.133107
-0.157909
-0.14411
-0.133422
-0.131303
-0.136914
-0.142267
-0.139174
-0.140384
-0.129553
-0.129416
-0.124902
-0.133082
-0.12888
-0.124356
-0.127827
-0.124773
-0.134172
-0.135541
-0.13718
-0.135908
-0.137669
-0.138448
-0.140262
-0.139922
-0.147404
-0.149068
-0.145793
-0.140863
-0.143485
-0.145698
-0.132778
-0.149045
