-0.0026704414486600362
-0.0032320058707219742
-0.001997113130573349
0.0026105136582011941
-0.0049557303153900147
-0.0096589002690107145
-0.000645869667895641
0.0030343278035959232
-0.01244040399560859
-0.0070143345587344273
-0.0017265269996844025
-0.0053883757111752367
-0.0011039849773558845
-0.011349350595750752
0.00071537821615957572
0.0044598232768591935
-0.003624587515435207
0.0080631850645920631
0.000620495285186901
-0.00612542373981007
-0.0015926093914030316
0.0011277508545965839
0.00079121118464975815
0.0055351017382657764
-0.0013897730095168322
0.0035680074932994653
-0.0069082480160707078
-0.0030762533084287072
-0.0073355895402156691
-0.004708194116517234
-0.0043939694449386286
-0.00024846902071486718
0.0017578304462807859
-0.0020972045984058224
-0.0021816378099709915
0.00051007230944095277
0.0083624966508655738
0.0042600081106591251
-0.000491790839260672
-0.014845034442660081
-0.015487949311616759
-0.00867471297413135
-0.0099491458012909931
-0.016237431648295539
-0.010635398315231415
-0.010203896352812462
-0.003737459671779692
-0.010668388453653074
-0.010220313386068493
4.9741929492139517E-05
-0.0028632526389114074
0.003218123249884667
0.006385313387341161
-0.000844248651754179
0.003370868689920121
-0.0018994425373710794
-0.0044045957542256939
-0.0023766630069584028
-0.0019427489860816029
-0.0021331887997651563
-0.0021264845791279766
0.0030505778533773571
0.00060433471142773768
-0.0027355256292037997
0.0014410901238206578
-0.009462300962189
-0.0098961396933056976
-0.0017433604933928563
-0.00545000238998991
0.0039395405552956437
-0.0041518182528444527
0.0023680359587888054
-3.5701484760806111E-05
-0.0041562976537641589
0.0064333942640475645
0.0028040243832210135
0.0021386647317694005
0.0049664053748729384
0.0029256342547906615
0.010701666538167818
0.0071667853555748492
0.012531910440972625
0.0011894093561703317
0.0041592450077646706
0.0034326138622478141
0.009656983014670403
0.013041376601744653
0.012908775740424133
0.0062829877241983448
-0.0022959340385124492
0.00059064286439515935
0.0028577033435339006
-0.0041967775593417913
0.00062780428903678629
-0.0030399082172016595
-0.0034377371292970546
-0.003584763729396619
0.0062490807489769679
0.010510757668368733
0.006257617632420563
0.0017533850797570661
0.0036796840694361677
0.00474116540116258
0.0028045888792219984
-0.0042693565885967375
-0.005246648671300579
-0.0010748381133803588
0.0037393713897931583
0.0072097992233168418
0.00831229288124566
0.010996895016667455
-0.0013540433700192094
0.0017721893029283315
0.0030485768736225449
0.0072361166283205856
0.0067090263977201293
0.0056549581298023163
0.012896325572980625
0.014380654611328621
0.011442156023125418
0.013342246056546575
0.021543822737965665
0.012030927224457869
0.0062590175505204265
0.0022573607136119169
-0.0075419857246984742
-0.0076712442099894093
-0.0029907964145920035
0.0013509123517713158
0.0010701837981627119
0.0098432332292494
0.0018597470920890427
0.00040291555286725567
-0.004502964730209091
0.003913333259218949
-0.0091701369929697452
-0.0029683289149887056
-0.0063315504382123935
-0.0052704911140011215
-0.0014691276734283365
-0.00927997212790892
-0.00046371907553070975
-0.00022836792516136152
-0.0047698689178233989
-0.0075808024093104607
-0.0068257572991651822
-0.00049278585726168279
-0.012074659511345101
-0.0041740150909955476
-0.0053619628348009424
-0.0094301364604795421
-0.0049297002772618189
-0.0018512792754011779
0.0051958659763606634
0.0020549474027404561
0.0032815439348787955
0.008952205013553597
0.010404513562597691
0.010974642672598751
0.001797864121878193
0.0038706428096471133
-0.0029094512635180394
-0.013336911196306292
-0.010201947739325413
-0.010075345205261169
-0.0094760885596723871
-0.00930276191472925
0.0034379867998910589
-0.00096024632053106089
0.0032454012895525067
0.003985465351955716
-0.0032472750744998819
-0.0072027485010038444
-0.0071847267371978971
0.0050949143091179342
-0.004401905850405707
0.0030681618637392878
-0.00389826852014645
0.0023236137633269229
0.012370638070129142
0.0095324492967870534
0.0060453570199186773
0.0074535996797871085
0.0011427282788985277
-0.001056493175802419
-0.0019365284768930334
0.0037782309135178586
-0.0038846257714380806
-0.00528498275296135
-0.0041485749038085162
-0.0025205163728144768
-0.002384062608965249
0.0050429215168321592
0.00064334275279097158
-0.0043039110414111632
0.0069556089772439813
-0.0011934111111289178
0.0052709923692862226
-0.0011674877080608691
0.0023306674922925394
0.0083047938747509431
0.0077847735891673833
0.0017135835778731741
0.0028225837313254985
0.0050637615865061448
0.0052856998929820239
0.00796794242508689
0.013735099266613485
0.0017570332427370829
0.00088939402057669915
-0.0012285906123687372
-0.0012848478597470713
-0.0026294946472012969
1.6048122449340008E-05
-0.0016562889415820579
0.0018657834231325121
-0.011514526215325647
-0.0080314390239462768
0.0024030598326152935
-0.0018076371346948243
-0.00055585472289478629
-0.0062262478241638256
-0.0075150076966145228
-0.0070834289573406886
-0.020549680983552362
-0.01847994400095513
-0.013653693352886985
-0.0015767878730405319
-0.013466040633514359
-0.0047402012349492843
-0.0099616446237286126
-0.0033531452620431412
-0.0080240129674928676
-0.002459337180417619
-0.0017227565170871134
0.0047278935645071914
-0.012201327686327616
-0.0012222856101097978
-0.0055107747916495033
0.00090521612462517392
0.0058624125685133423
0.0048505894831056074
-0.0037689674081948571
-0.0058421471982339351
0.0087008623567002737
0.0030112860756803337
0.0020569136814168011
0.0080767714952321851
0.0057235773106723807
-0.0016697555556796442
-0.0042882786079505479
-0.0027275377739428182
0.002718752321264944
-0.0031134368679706474
0.0019474841390680773
-0.0071367883407078662
-0.0024858285881617769
-0.0040819137465498935
-0.011269835951481875
-0.0092461802318364213
-0.00061934916461798932
-3.3496521478883559E-05
-0.0029126348518345312
0.00054512017244668157
-0.0001012854237600223
0.0028386485073930616
-0.00781147747243904
0.0067817654103063405
0.0074430499250882493
0.00032709552197098327
-0.0028339266940859619
-0.0035548891575739577
-0.0011181039035926114
-0.0013057434767945048
0.00027342452617069336
-0.001426125956093175
-0.0015765796747412297
-0.0050576748795098251
-0.0048308578340041384
-0.0068500522003167377
-0.0011937393473225406
0.0037513777393804165
-0.0015850673903421396
0.0057462371722348526
0.00434929745184422
0.0012291892341438947
0.00069098620131278728
-0.0033599819241131286
-0.012726798688312198
-0.0070959621388382021
-0.017670520811542939
-0.00764084985522267
0.0026025299754654637
-0.0024954811182860172
0.003852194197064833
-0.0038630132777043242
-0.0060488985680250979
-0.010077782010610556
-0.00593727081750739
-0.0043621759449250794
-0.014861456907737979
-0.019974482458547268
-0.009990820369249049
-0.011010559721040758
-0.008375630030016748
-0.0045340294500772187
-0.0058847741974973489
-0.008793797802319453
-0.0039321965472502995
-0.0054157755499697965
0.0051022177900311473
0.0010866806132912724
-0.001285666856289227
-0.0078708420289774327
-0.0016004973287040538
-0.0089720761702295222
-0.010316310896401042
0.0074513414582938519
0.0023467384720618242
-0.0029062318747603132
-0.00041893504905039141
-0.0067503565747039848
-0.0022442693007730611
-0.0076729795536517615
-0.0085967054655724465
-0.0037676428350482682
0.0036499300079453822
0.0036150513271009203
0.0023331850292283886
-0.002601298607436079
-0.00064646367952599592
-0.0015020927848261876
0.00020105856293743852
-0.0010907888648772251
-0.0010628005141761912
-0.0042758608855639965
-0.010502824493068434
0.0051942329689105022
0.0019174271059359464
0.00117565305856226
0.0068479795082057307
0.0081423153989908584
0.002998307103779423
-0.0050991358976396721
-0.00097884154439310464
-0.0074257285434923253
0.0034435822273537198
-0.01285926039391623
-0.0094230399345640835
-0.011615708077181246
-0.012080753363930261
-0.0039329525091917244
-0.0020372675057782627
-0.0067135685130944277
-0.0027856987776407934
0.00089312501562895455
-0.003088428535205765
-0.0057574628293181407
0.0023329905618152394
0.0013489582388553066
-0.000360603913129406
-0.003157243747304994
-0.004679373587852859
-0.00097879073500140978
0.001716966258839275
0.0025634399028856888
0.00061545803898984135
-0.0077572415684524542
-0.0051505910383644639
-0.0071635648234667313
-0.010300447172673843
-0.0059726523845342154
-0.010996050109109251
-0.0049531726216160326
-0.00926692340076277
-0.0036359359737520363
0.00067813984934858335
-0.0046455032133381983
-0.0070136257293515157
-0.0074498011049008682
-0.0035515573217630753
-0.0070140978754394592
-0.0050024802522567694
-0.0069058989647658945
0.0075924651207929482
0.00748210352069628
0.014723221525245724
0.011467776015722664
0.012272290928405295
0.011456582509873102
0.0057090455210021592
0.0059857818193520132
-0.0025776685004234006
-0.0029955722202540543
0.0004247274381238308
0.0042996006207971643
0.0073857313610015077
0.00457885389024347
0.005416567976421845
0.0089357941719965476
0.00027785385213499955
-0.0026095257725700029
-0.0005032679459231631
-0.0022089194629246918
0.0017938813177052182
-0.0068889432625323585
-0.008991358854754463
-0.00938648557473162
-0.0092418649474235309
-0.00959693305628615
-0.0008986637117082241
-0.0054369222382501014
-0.01109709953681725
-0.008426010896501808
-0.0082708322322653117
-0.009582310565900639
-0.0069482005125720923
-0.00791854476166809
0.00018669779335959719
-0.00069964458833208739
0.0046843045914019025
-0.0071679136588030327
-0.0061153995012051786
-0.017667329596611193
-0.001335152672140183
-0.012368384872549451
-0.011587727075403658
-0.012909286803126656
-0.014939913774086835
-0.010717714839013435
-0.0048820706056014983
-0.0044630228400588928
0.0027506086168163925
0.0046069034604767668
0.0042259744996965267
0.0021474238768062134
0.0026055532667569525
-0.0012605721719159489
0.0060595830749633241
0.0065900587589162183
0.0020730357711131191
0.002252962139017242
-0.00034329294856476453
-0.0012858897321937741
-0.00046830544003327145
-0.0049101506414896239
-0.00026964484827512948
0.00415062723293572
0.0056423750436652379
0.0091663977792964049
0.0077431037569131141
0.014139742024600549
0.0075987967944890523
0.0055227540684332967
-0.0019037564004264372
-0.0063393060552577466
-0.006749725612621868
-0.0042782911204835225
0.0072529592769638145
0.0042496535675615541
0.011135202912645895
0.0062556153549049309
0.013855172142951806
0.0097514272865809552
0.017686482276499174
0.013775495391409581
0.007975547165153047
0.00922915652179821
-0.0011075794878116461
0.0050966357287715574
0.013336629448282088
0.002019287971495717
0.0018779330316092682
0.0028982066923417234
0.0046981235430010159
0.0083349838153248222
0.0019015292159400132
0.00673872044121013
0.0056765767192327463
-0.00086997706460871732
0.006619855902363035
0.0076516096915061407
0.00085390695310550747
0.0049850060356954017
0.0081217272263152257
0.0031731682751812732
0.0049873323665231527
-0.0011903575372882434
-0.004178915719669437
0.0091507671372632673
-0.00077350192001826015
0.0094678270962252429
0.0062236773237599446
0.0095575623896089548
0.011063572557691045
0.0047520443159101942
0.0018396656874271442
0.0063515802328659061
0.0044348802742194809
0.0076696593237539842
0.0013013290689926041
-0.0018538603783192437
-0.0021522657706893014
-0.0031900270336407827
0.0015450237177287358
0.00026204146457611734
0.0025361440821498531
-0.00024002369333225512
-0.00092961304508604355
-0.0039886049021990843
-0.0005697900255599948
0.008182159364195838
0.0025392581155799366
0.00082705670367547537
-0.0027147335973824903
-0.0059065977797380549
-0.011208554778399396
-0.013076418623578171
0.00042431618604918311
-0.0078577203155465042
-0.00442715964712774
-0.0040589599464978489
-0.0046528572992391637
-0.0048501310358999737
-0.0025798237755477607
0.00066255439824225914
-0.0025595511665658407
-0.011052833432289473
-0.0083709222760181279
0.001662165705110252
-0.00047961587312227855
0.0047951523704621996
-0.0015815193933855971
-0.010688285539910067
-0.0044526041221324107
-0.011445359725673975
-0.014171485900420656
-0.0127629617726502
-0.0087262303970732872
-0.012415755690286677
-0.00860842703326015
0.0045175796426673853
-0.0019169755523385061
0.0016900607406727473
-0.0039365461156487154
0.00038126306530473619
-0.0034295597652586936
-0.00868832346301243
-0.013474577046366404
0.00054396964235089128
-0.0034502743581434512
-0.0049671921145011018
-0.0034438711657881768
-0.00399345605711085
-0.01012122433390523
-0.0097190016478199224
-0.0057189410216500289
-0.013652851916389026
-0.0043376266442323157
-0.0017209576167306166
0.00056151920549033993
-0.0019453657967905408
-0.0018556902292344245
-0.0019371808007201804
-0.00019780913842750748
0.004127157863646003
0.0050909443526247983
0.0090263346369743487
0.0023743518238610569
-0.0074573675908254792
0.0029268893182685073
-0.0034818731713170069
0.0014734067220527388
-0.0046041727289805835
-0.0028156105700643131
1.4437469383351588E-05
0.0058562184730802823
0.0017031820583343982
-0.007368365353635116
-0.0072211738506222775
-0.014576304583608568
-0.0039227048846880918
-0.0045369318306976774
-0.0056707426182683032
-0.0068967391146819174
-0.004598780708314992
-0.00916790897710103
-0.0056246364500662
0.0023204106288886033
0.0062512788385223235
0.0093014004045408119
0.0083363325117831941
0.011079119196554427
0.0051348719486133312
0.0047863654101778577
0.006507733305802791
0.013522680074478452
0.0058466217838839514
0.002045809925352934
-0.0007065296550290345
0.0044579983427755834
0.00823764624721806
-0.010265456227161979
-0.0045533200222986764
-0.0034376145355415584
0.00015800423896195136
-0.0014127096479423285
-0.0068544950474861855
-0.00726753570281478
-0.007118204088141053
0.0039622733051284977
-0.0044752646935149838
-0.0059608629228914949
0.00018432036536389449
-0.00099676287068069854
-0.0007900789068786098
-0.0096663488332526335
-0.0087326828865960382
-0.0056484628321192155
0.0059439376429092309
0.0015373785514230303
-0.0002046266351872373
-0.0028588940547782096
-0.0046038888610829987
-0.00049233965167611114
0.0031759033605254219
-0.0054712327932709528
-0.0039498970543464292
0.000295969879295116
-0.0034415808339743944
-0.015847736373453009
-0.011028076193259245
-0.0065209591758488752
-0.0090685945167114056
-0.016600895317536425
-0.010882928828103222
-0.012853533188868458
-0.0068188755291899526
-0.011483916765097994
-0.020717526682219888
-0.013444641009482117
-0.012196992515863824
-0.011271051560213775
-0.011664696136008635
-0.0062911903998950306
-0.010276693031288406
-0.0097713216537684538
-0.0056337075841564332
0.00040877405542295939
0.008183115790264657
0.000496787877375191
-0.0094921263195994372
-0.014978960699070879
-0.0069671568094149278
-0.017302985627641779
-0.016398624171934245
-0.011272430351647244
-0.0091474254033501075
-0.0055182620265242449
-0.0028026036590531782
-0.0027785295413846403
-0.00043555288871486393
-0.009313638312586808
0.011114946877648323
0.0052491534212108478
0.0069809161116518416
-0.012490720818383769
-0.010055829764978097
-0.0061124502041552623
-0.0038957767452406054
0.0095253879841159725
0.0017914881614568626
0.0076448315676215239
0.0065457127786602036
0.0064094531619043821
-0.00026579388421548887
0.003720157391177739
0.0047688461476212765
0.001596794549151904
0.00067160806237348807
-0.0023236245185082006
-0.0086832417711132717
0.0013133386898735535
-0.0060918511423191657
0.00393717974075473
0.0007242506048435
0.0011472619553692209
0.0012853731066809855
-0.0050278426089077153
-0.0037951495522695888
-0.0050948911931111718
0.000968214405671089
-0.00039494572846403503
-0.0023016904606206869
6.306073004809531E-05
0.0013313199438583876
0.0031474544314213596
0.0025487047460708559
0.004034422977545955
0.00063361473228529166
0.00549074282927559
0.010450253188149485
-0.0016211808080453243
-0.0077860578421898776
-0.0083471297528504261
-0.012489704391287734
-0.012436504646701466
-0.010373379981222061
-0.0074818795162967123
-0.0051370345345003263
-0.012438706605373759
-0.020800955951938614
-0.011305325501916128
-0.01773454433146705
-0.011586953981084149
-0.013630339414757652
-0.012449033562206153
-0.0060827654165007475
-0.00880970361823788
-0.010563773804448976
-0.0058660331064846359
0.0053459995456738669
6.8592965502779855E-05
-0.0022421168628849368
-0.0024225841750832276
-0.0069177476156041546
-0.010022798717987275
0.00043235404947710929
-0.0026858747054273628
-0.0072559403685317839
0.0007608853938311658
-0.0010231998191331244
-0.0041012171140193416
0.0024218856505866223
-0.0042829135120024207
-0.0046123729898115123
-0.0035645276689258631
-0.0064437092480336047
0.00050452417206858649
-0.0029017931915902408
0.0037082311274140738
0.009596501864682503
0.011164032646385632
0.017420292442420528
0.00851098110341819
0.00819084435321506
0.0031853000701025126
0.00066933306130286072
0.0043879747725851558
0.0034766579112201191
0.0030836912701220492
-0.0044218657099198066
-0.0050349986869829989
-0.011677221843712613
-0.0025457228643063663
-0.0097599776712496943
-0.011495096190850544
0.0042182644695421241
-0.0025414887164736614
0.0045329054594610042
-0.0033495174394030081
-0.0022507535409031169
0.0010774256087136658
-0.0032090196690158883
-0.001592001038786177
0.010747751360220782
0.0030920224303832631
0.0058976126816234313
0.0097363868200616571
0.0030954290842646077
0.012270483521029569
0.002113603148430925
0.0021088405665843561
-0.0015296606510591571
0.0052155511107138909
-0.00015552584653935522
-0.00078749429054872149
-0.014974178771007058
-0.0039716350125452021
-0.00660411625518517
-0.002374539300865652
1.5567110578709081E-05
-0.0060746778349672964
-0.012034009264879041
-0.013738716483590869
-0.01293917220464374
-0.0048989141784485605
0.0036687373068494491
0.0030406283781395102
0.0020461132668243829
-0.0035566489354633525
-0.0047826958773754891
0.0024122626434398935
-0.0021895510177423025
-0.0013168119623432058
-0.0053568959887632132
0.00098552300817323843
-0.0028762285422749261
-0.0055456136312129764
0.0065424567712370936
-0.001509917545870155
-0.0087865252802734675
-0.0060422691318634692
-0.0034223064343480631
-0.0058910923609652921
0.00041491956732062768
0.00024082960420561666
0.00082923100078308469
-0.0029352668557292112
-0.0067211286001277112
-0.010693795790789102
-0.018748105137527192
-0.010739251423851879
-0.00024878141312727631
-0.00032551648045767173
-0.0051264222747811321
-0.014970688595659202
-0.0068882052465322006
-0.0070886033438876212
-0.012202241378970736
-0.00042889284236500517
-0.0031566363996514846
0.0013482621739195253
0.0051728059014568683
0.004260318549497627
-0.00070297320881083578
0.00074355482985609877
0.0019189536788778057
0.001610685881823325
-0.0039159535673854891
-0.010430747049572062
-0.012331264885409685
-0.011509125901849951
-0.012836252508661444
-0.0038622951703769651
0.0018487877349378798
0.0057668916672038986
0.00472287870683209
0.00039089176394934474
0.0034096790248258897
-0.0037017590012060598
0.001899826364765866
0.0088659435977439978
0.0041666509842682468
-0.0016113485787765847
0.0023768664610293888
0.0013412325974031004
0.0011224508922616817
-0.0011691710412951605
-0.0036762907840729468
-0.0074884761317349224
0.0038970428050618096
-0.0015999051701027808
-0.011382326236896849
-0.0067775391908803072
-0.0097556657991629755
0.0029937985589558349
0.0082803037703188739
0.009079283433993196
-0.00053072030954012068
-0.0005884361227806857
0.002421430243638366
0.001724728889870907
0.0043094675279367334
0.0042783646971755627
0.0085178995385205136
0.009668115418369776
0.0013360602751670801
-0.0065047783135579254
-0.0075008426891599459
-0.0028247947789611554
-0.0038310497803315108
-0.0024909465293089109
-0.00013993335838919123
-0.014590486700892516
-0.010785887266670942
-0.014853948254163585
-0.0080019923872102
-0.0076437502860731716
0.0011370159073802908
0.0092748357923442618
-0.0012020874544088622
0.00425779426059293
-0.0050607492275795956
-0.0085473841346491
0.0065932188241066576
0.00220455337669915
0.002033507865298254
-0.0022797139165021611
-0.0079244587418490532
-0.0098854708651804468
-0.0095204648006814146
-0.0023255245086970504
0.0036621819905744476
-0.00498674310318432
0.00767599173408498
0.0005721559262081709
-0.0082117969504745918
-0.0033644855993582292
-0.01928420137294928
-0.0169361964254196
-0.011590559791356047
-0.0063100049824631821
0.002919136735224676
0.0059661959896504481
0.013517954852258859
1.418663091160878E-05
0.0010768855294430065
-0.0077766467381939373
-0.0059542146587366011
0.0015985979058795088
0.00023875134847147449
-0.00039205135949789763
-0.00442005811353679
0.0023394519759235063
0.0016299037268224042
-0.0073070047839378493
-0.010345819158355212
-0.013334308965991628
-0.012883938726591099
-0.0033902063485910985
-0.0024195489496023652
0.0041230319669285052
-0.0062547299949149236
-0.0013133426021828898
0.0031181999809224781
-0.0067593362590343143
-0.0065349897971646968
-0.0023263058160068097
-0.0047529179821461107
-0.005961427085840249
0.0028410928911977115
0.0001881260743047241
-0.003426399756845369
0.0035799162871552387
-0.011422163114434879
-0.006066733058298939
0.0013809961383640457
0.0025552375995141459
0.0044564933326469991
-0.00026806765744506007
-0.0029351583982526685
-0.0026414350661301705
-0.0038356483847762392
-0.0045882131276853144
-0.0013216923764760857
-0.010645515449605496
-0.0035150855554400336
-0.0033796063625038935
0.0077897846708796358
0.0014844174446672549
0.0032423464580588705
-0.0002557816295200915
-0.0055466228093857123
-0.0024953779507250503
0.0016764190686735356
-0.0046768149548248187
-0.0023681811488503205
-0.0071629900008777286
-0.001992328449690774
-0.0075607492597758305
-0.0035181980791430373
-0.0024779007895659568
-0.0055061124288595057
0.0053484545918662113
0.00779204907383779
0.0086271945000017981
-0.0023451986001796644
-0.00098431144114343111
-0.0078686472367479731
-0.0038937143825779862
-0.0011370651850404322
-0.0084219118239511337
-0.0038955297793047319
-0.0057746549520088048
-0.0028859233225690464
-0.010714644697555746
-0.0040094977227000551
0.0011151723599923881
-0.0048880753732730309
-0.0070588023624639793
-0.0039865808576095355
-0.00076833953937464807
-0.0012884819544011494
-0.0081602908807314467
0.000984258503741266
-0.0057978929420008382
-0.0064300974612732835
0.0023615742653395437
-0.0010386486318710092
0.00055409887824988367
-0.00076623571602346034
-0.0076738057329760407
-0.0013742874413034002
-0.002461809555724451
-0.001192641724735136
-0.005811985819048366
-0.0078061067566985564
-0.0032385310320247242
-0.010303493322277436
-0.018531035644579877
-0.01021250314007921
-0.011206862231341774
-0.020627114439289256
-0.013529933430387744
-0.019986159809940066
-0.013213134600689024
-0.010933961400792504
-0.0039206285076943386
0.0030881227508089632
-0.0033307501892724609
-0.0079856852804442019
-0.0021831962203266325
-0.011545214681993659
-0.0051751197391742823
0.00075259578571610242
-0.0082266752624648477
0.0027082151251195514
0.002769811003650916
-0.0001766019786225391
-0.0045795118248778792
-0.00018224853905576214
-0.000713450341763699
-0.00930609823223974
-0.012123497978261944
-0.0070583950121941852
-0.003535981757640745
-0.013301841046389382
-0.00014096214776470077
-0.0042814459795918434
0.0032899877369755876
-0.0077812609415073633
-0.0081202523832950985
-0.0044415707635663592
-0.0049588013467849086
0.0064203001224492481
0.003943381785528762
0.00049985208215507816
0.0011271708564314334
0.011346459628137314
0.0040801137577599293
0.0099033626805234767
0.0038997148904447035
0.0059688693342210657
-0.00036504226211065988
0.0024997709923607861
0.010143462523004415
0.0055193656406739089
0.00057127670651348737
0.0043987056616596474
0.0026813245499934866
-0.0040156232746520835
-0.0054838957338496164
-0.0018976707012362875
-0.001353632472375937
-0.0012183044314365008
-0.0016782298215736108
-0.0024616796600844676
4.2105895339575664E-05
0.0070810914044750015
0.0038731512564881827
0.01445564198903784
0.0057574819637442971
0.012363759270428411
0.0081192332771063726
0.00967424104258082
0.00864480552200575
0.01108494603017455
0.01251043940335405
0.017879145920319625
0.0089455208269613243
0.0047402778570095425
0.0060465951955477005
0.0089444580150920255
0.0022985839914774447
-5.9920130710878518E-05
-0.0010149501064290532
-0.0017166583299849966
0.000209320899982613
-0.0037064592116227073
-0.0034194811779662583
-0.0026363232382504158
-0.0048895579600601279
-0.0059887833783197056
-0.0024145807472773376
0.0014152263783463112
0.0021177220520945984
0.00456039515457896
0.0072473624543783061
0.0049319498901771366
0.0088055357869119884
0.0031407151143474452
-0.0017482464147840367
-0.0044639818198150237
-0.0052663014571180068
-0.0020829485039900895
-0.00025660317986630566
0.0026548964861598389
-0.0050438776951673616
-0.01428356301753422
-0.011223414375042935
-0.010183564063225537
-0.0041360897041112978
-0.015539927395497005
-0.0054442147571573014
-0.0019050674471623313
-0.013689601986105221
-0.011251311564234959
-0.01099067697184327
-0.014673815623225056
-0.0080645567472626967
-0.011403268673776138
-0.0073023163326950769
0.0066007291935659285
0.0035080838803791276
0.010301976136037769
0.0084401569912302288
0.0084293226736545934
0.003996740574235897
0.0037975297082062896
0.0045217925975761016
0.001714697784801372
-0.0091317449749202077
-0.0048186230614982641
-0.0044115269048379153
0.0036773875829679576
-0.0019785346761680917
0.0032791447787123363
0.0076226556088652541
0.007009536760298361
0.0012262055031500123
0.0034660203912347037
-0.001356442314280061
-0.0020200551612612888
0.0026417526309358581
-0.0081625802639199389
-0.010160138630589231
-0.0042380369056180837
0.0070333348027685535
-0.003586176325412381
-0.0094485102360624181
-0.012159044244526195
-0.00089201502462440312
0.0010510420155083779
0.0010698512811914067
0.0013376363323963651
-0.0057039721634661675
-0.01275869691126829
-0.013438069966860566
-0.0068267442427919238
0.0030855240645106352
0.0075139302270356041
0.006000172637835967
-0.00080913365090058958
-0.0082390534275060476
0.00565965450495213
-0.00099449696709623565
-0.00095129913635848534
-0.0017125274139740652
0.0045397383602858643
-0.007797717716596409
-0.00053540849090756137
0.0075175931138725246
0.0062557658277499848
0.0045261629107719685
0.0039079605313115566
0.00086760710120894081
-0.0028618466465807259
0.0012021144327154353
-0.007370908530292701
-0.00094327106682343879
-0.0043271736489107673
0.0055621538609446561
0.001776443808621016
0.0013270136107273204
-0.00033985277636411088
-0.00127657791896141
-0.0033040424482066264
-0.0037295245865478681
0.0016011657818219233
0.0034845602461941608
-0.0025256245749975476
-0.0038173882497209459
-0.00080810200941168649
0.0037666027855856087
0.0068397939757043917
0.0074092985815223172
-0.0013787502749508639
0.0010139086856908611
-0.0071972813667980579
-0.00041509569402853027
-0.0080565290991329724
-0.0049166137536816208
0.002810256205649511
0.0019908506389144688
0.0041850924631694963
-0.00093100208971499607
0.00081438462508899058
-0.00045280008172512163
-0.0015106271146117321
-0.00608565755439157
-0.0014149117759924166
-0.010419653131679056
-0.0099352189799879354
-0.0061866846317365689
-0.01141955882026921
6.3822397059517481E-05
-0.0043364292817146908
-0.0034734749845558104
-0.0039258097278200973
0.0033641803339772756
-0.0010327419737290689
0.00038542587209104
-0.00012279710909273529
0.0031486707269082728
0.0028780612218430581
0.0034218709885143004
0.0042944266465918309
0.00064725628186826888
0.0073277826912470992
0.00989903820479559
0.010480513768360115
0.006789242442238207
0.005207982529854327
0.0107851308573999
0.011729446789365702
0.01142046654563692
0.0015910896208181629
-0.0012863672189185752
0.0020011263662620435
0.0018108778972845594
0.0026201881656878834
0.0035234773025835057
-0.00081673355138019718
0.011123599204946362
-0.0040323605875823756
-0.00074620616697716876
0.00082596103450327508
-0.0041576633784543007
-0.00717891255437218
-0.0033876619622462533
-0.0059674342328794282
-0.0053076164256946421
-0.0069126250392719446
-0.0026407869169432661
-0.00093028230939357
-0.0053021084344206763
-0.0020247457011087992
-0.001281004619920866
0.0023235094688725867
0.0010034861007905014
0.0029726839495643194
0.002256165577552646
-0.0037352312303103713
0.0024427767276189614
0.0069432537270994691
0.011127596293905851
0.00726202402637634
0.0053888508212608273
0.0076426306733104084
-0.0020778063280001459
0.0034352405861481352
-0.00034231191572225809
0.0051813443748104562
-1.088868582677289E-05
0.00056479380109012963
-0.00045374482843525731
0.0038873067722523316
0.00067670816849824946
-0.0003874824029705343
0.0087516709073377878
-0.00878503383743666
-0.0035831994786319973
-0.0094789957372779857
-0.0071893953587851035
-0.0057768406975242242
-0.0027558218234148934
-0.0069420412941590629
-0.0077961481682161868
-0.0024402477061461164
-0.0059551764245695813
-0.0039460924068506105
-0.00969169469881483
-0.0079374297293778751
0.0036268173303420402
0.00903830059292016
-0.0013048413415440528
-0.00092060118776053266
-0.0035937698141960458
-0.0002044398028801763
-0.00423170303102065
-0.010508664977385982
-0.004319191414169074
-0.0024156498442666069
-0.010949129088612255
-0.0036422405068853077
-0.0037388394046620915
-0.00046708417899818432
0.000680232206651907
-0.0098233990552117883
-0.011248827396463539
-0.0074267464361745337
-0.018017550348600718
-0.018709707089290609
-0.011965966302843273
-0.0069443428941959057
-0.0062007979848161471
-0.0045538468015564586
-0.00075610925341278428
-0.0070621007012510485
-0.0027344148071959504
-0.0058813916852186419
-0.010553969820518584
0.00341987792472029
-0.00049935609634159557
0.0015356058319183786
-0.0013910376922678215
-0.0059518474097507061
-0.0072902388141281357
-0.0030998610663313178
-0.014909163446244218
-0.0087791985693049454
-0.00529027926060909
-0.0070949080334299676
-0.005041667314023883
-0.0014967781082590801
0.00010391653544108027
0.002741486921749612
0.0031066606369126162
-0.020110767354550311
-0.067104955169587283
-0.10212323211736742
-0.133979263989092
-0.1538600985126575
-0.16144323027370136
-0.17727011836947168
-0.14330563134652746
-0.099395570240080638
-0.062257758536378577
-0.026308619979510478
0.0033890186826856508
0.045170048199703369
0.13464767813090822
0.25514615852376432
0.37115690292534603
0.53993117418544223
0.69785413483140135
0.96425909769158658
1.218223237373447
1.5013690400354027
1.7598247347958862
2.0551801956001228
2.3584157375355472
2.6464088807644544
2.9714480698335719
3.3336991588274305
3.6762731646495679
4.0194104767669536
4.382028240750838
4.7399568724115024
5.0988082239644479
5.4511710116420753
5.816966328813022
6.1827898349734074
6.5331821580328961
6.8970045329960374
7.2824887952515853
7.633518171485429
7.9995583213501522
8.3607161310319249
8.7250181337585175
9.0762168687219642
9.4396177132486532
9.80223451651518
10.170264023663274
10.522521687215606
10.890098705816792
11.252710841752236
11.599045927120379
11.969263309346289
12.339417483811001
12.698218392566616
13.040255253309725
13.410419644475057
13.767206178184996
14.130589558211572
14.501398338980522
14.85479720946331
15.202837014268086
15.563553619057215
15.918198564023268
16.279666363311843
16.633936445786127
16.99954136093638
17.34793272800875
17.712624962890452
18.08309696101017
18.439383551934444
18.782696120419793
19.146157027289807
19.507327752846816
19.860149257738488
20.218439042034472
20.580825149344605
20.935779672320038
21.301185028714059
21.670643028136794
22.018469904528065
22.379135438548857
22.751550839239322
23.109497304760442
23.473055761673074
23.84303091609225
24.19362221063777
24.552211773086931
24.932369003052628
25.294091224331513
25.648125612112644
26.011711458956455
26.374080044409883
26.731521112898708
27.095596339089639
27.45540807976926
27.817064034147542
28.183929428410902
28.560361359339403
28.920554862263977
29.286075029349131
29.63796940435931
30.00484150869659
30.368384032161789
30.716374086399977
31.068888419705242
31.436415430675172
31.795335807281596
32.159642418993982
32.534065948663027
32.891740634238985
33.246938976169261
33.600576958639145
33.962407876790152
34.326958709913846
34.674190798896554
35.030519684550363
35.387761067146677
35.752145024067474
36.130887979153968
36.478759166305757
36.841467063393665
37.186611793987247
37.545681398140275
37.8944036599855
38.247823691052389
38.614906476322737
38.971846891548232
39.339282331021337
39.691864581664014
40.052756518293307
40.3950796660547
40.753522098020241
41.115122800903592
41.464359120474391
41.834839659919076
42.18766845023417
42.552621120219285
42.9075692358042
43.277306863493138
43.629011324750493
43.988584229872934
44.333819987034275
44.689962478509436
45.054022219825832
45.416941097965541
45.7762791184225
46.135016805216651
46.498361300484071
46.860967607559068
47.218089024233485
47.572765589864488
47.938365763619025
48.294436172701715
48.65407812408867
49.01472942901507
49.372197475425423
49.740486495545852
50.089475026010362
50.478738439790554
50.813075864173804
51.178610605562149
51.524546934760522
51.884336385233127
52.236610613021462
52.591065813345338
52.955539824563509
53.298871228916468
53.667495238157883
54.016313536469582
54.38218264527459
54.727620922791985
55.071690995483635
55.443622951054465
55.789013350900149
56.159890097073735
56.499147444291957
56.8587701718674
57.220376147022662
57.563466133725058
57.94559279884475
58.282443105755107
58.641560243666284
59.008296863465787
59.346423468476942
59.718827544027477
60.066947983697766
60.418377279401312
60.7884788725452
61.134589658701969
61.494346330175652
61.852896242246686
62.1892277321907
62.549066037288625
62.919683315271868
63.246743964922452
63.614351219607023
63.967357976525619
64.309203407652916
64.692995352844065
65.0478557581895
65.394173407402278
65.757757576633566
66.104194309397386
66.465816645011884
66.827042601938942
67.184801117282376
67.548236494562289
67.901807175816543
68.253706339145936
68.618768466023482
68.979443650073108
69.321777565457424
69.680618484034525
70.046784056540815
70.38189328484151
70.73774197617459
71.111022732848753
71.480968659936011
71.828357218001258
72.193355652951539
72.527615506482377
72.884728912860979
73.2558414058658
73.620844465343737
73.947287279340259
74.314469731133229
74.6680375112597
75.028072724057338
75.384167939830334
75.743473478097627
76.0853382315771
76.439567495292508
76.8095310116229
77.156202788443707
77.497004931268265
77.859050590222751
78.2084810868167
78.555848051798634
78.928504039896026
79.298872315177064
79.634746361847064
79.98246574997961
80.3363302518333
80.67871386181983
81.023125486132173
81.384965788236983
81.731087307317807
82.080974245485066
82.445090796241232
82.810635008227038
83.1631733476023
83.502841549581589
83.85486363808
84.208301999215763
84.547060265578864
84.909485718619422
85.263529003228356
85.607906636639029
85.967767582389925
86.327303677320444
86.679687711292274
87.027507366887235
87.382559126307825
87.757019977756613
88.111502997145081
88.458943567539421
88.829292534529856
89.19158536728213
89.538573472982321
89.900100936020749
90.267635231346844
90.615515292728816
90.976975795551624
91.333449561182789
91.701668913574764
92.0439143161058
92.398924010727924
92.769036412605487
93.142324967221484
93.4978724161323
93.856680003228632
94.219080910457592
94.573823692284947
94.932171188699513
95.287323592356188
95.6388235172505
95.998531194573587
96.341337954509314
96.7177339457009
97.074202306338222
97.429091152351674
97.782732364543563
98.13147255188349
98.47975067377449
98.8405889222789
99.18073650262
99.523629107519938
99.889701845618134
100.25402565110394
100.6184591681387
100.97862854671882
101.3113500105152
101.66913630797836
102.02500583059428
102.37908805791561
102.73542728951081
103.08384525246275
103.43977146618721
103.78542338091359
104.1436242225932
104.488586768115
104.85191143544282
105.19697701092998
105.55480017503888
105.8918180205029
106.22508534245593
106.5885322044185
106.95210775658562
107.30271133464316
107.657024762347
108.01385791336979
108.36119788648819
108.72057821188466
109.07485412933137
109.41129349144204
109.77569371971131
110.14790352595388
110.48280680061204
110.84425379494569
111.22090511936379
111.57681709289909
111.91843125963037
112.28566371437933
112.63179599063807
112.97771901140945
113.32938944835114
113.67817521286597
114.0501087625883
114.41398119764607
114.76585760912973
115.13790633648507
115.49089205072778
115.83434210936639
116.20643535792966
116.56070718302642
116.90546635890854
117.27823069573422
117.63432938274467
117.97756217246266
118.36347055654181
118.70921066221167
119.05717783899758
119.42383209817334
119.77226743520565
120.12354292543149
120.47591351806405
120.81015972868708
121.17849135370695
121.53659077837894
121.88526860308438
122.26119360961789
122.58971909225315
122.94986278942272
123.31342880682271
123.65061767487353
124.01910365187004
124.35678458363572
124.7185594070347
125.06371895470595
125.4271864258391
125.79917358639537
126.13289932460782
126.50833714190289
126.84320095025284
127.19965026015191
127.54923160433583
127.88812850775956
128.26122779153477
128.59604170752513
128.9799078032907
129.31273551892835
129.69283138613048
130.02666494374859
130.40322295764764
130.75135479188265
131.1120209009529
131.46000372731589
131.81191031381781
132.1848050724048
132.54576500163225
132.90713622901558
133.2554267855916
133.62867903236116
133.96260739922303
134.32991479730413
134.6782917999596
135.04791704011512
135.41151192371723
135.78225212134009
136.13226795791775
136.49318655266808
136.8477231575196
137.20533474994889
137.56934264690366
137.92737436224743
138.28592558977829
138.63721224133809
138.997609325929
139.37104809392292
139.736950716532
140.09297284411574
140.45405622462982
140.82070914609946
141.17346107610041
141.52785690952626
141.8760617742696
142.22617655402382
142.60107206987593
142.94642497308453
143.31112051374598
143.65546589106134
144.0092618855353
144.35738717728538
144.71758270133392
145.07348229263144
145.42623182457902
145.78672485725778
146.14325634442162
146.49132255888398
146.86784211870034
147.22656433359134
147.5749435428904
147.93890455260362
148.29406558485292
148.64874661432381
149.00067627545221
149.36229504845565
149.7234971362804
150.08207763533778
150.4426219659652
150.7972185193035
151.13840598807167
151.49042667680803
151.85785779519003
152.21554157375411
152.5717762362612
152.92470173143707
153.27391558581073
153.63182358744066
154.00799923867587
154.37094451316878
154.7310969916405
155.09126152236385
155.45179234837653
155.80379308406586
156.16995734143393
156.52624826861637
156.89478285682631
157.25925578645163
157.6302840010992
157.9788956501406
158.34943902217711
158.69750359459704
159.06351547927685
159.4319399380565
159.78348158764814
160.14935444229994
160.5152816799604
160.8908567751534
161.24941184699549
161.6170219398546
161.98195047256792
162.34037948855411
162.70355276960359
163.0709278461521
163.41953063385429
163.77940505364387
164.14199979190514
164.51868110736018
164.86758635299782
165.22442175632739
165.59505740775032
165.93562618535
166.30650697652322
166.67732538341153
167.01426780784215
167.37023801549441
167.73357697371625
168.09649230776145
168.45186025368793
168.81711928697618
169.18416287590895
169.53063663791824
169.89268963668116
170.25428562750588
170.61200467419624
170.9570155596362
171.32245884867319
171.6974108398253
172.06274170225552
172.40548921612097
172.78033096632075
173.12734898303356
173.4783929358029
173.84078535976073
174.19333759569523
174.55079819508038
174.90440453444637
175.27457287728805
175.63681908522321
175.99006625128826
176.34202037698529
176.71675421528263
177.05990290781708
177.43942430265372
177.82039048134169
178.1899548607588
178.55868755890722
178.91449749065367
179.28941378348549
179.68738685039816
180.09927964636728
180.50710965801312
180.92184966440846
181.29617168563405
181.66506019775568
182.05492979313641
182.43309493784116
182.83921210986017
183.20690896706725
183.5919905418917
183.96435379929841
184.33064330176421
184.69142370919391
185.07512430564671
185.42559857520817
185.77769652285994
186.14717065422607
186.52945976991231
186.903990947765
187.2533133277839
187.61497706870952
187.98297058131249
188.32100753920602
188.68884388575427
189.06234093077833
189.41387453093759
189.77515433923787
190.14593900477371
190.52218058764143
190.86758988606024
191.23440086952476
191.5952924818117
191.95870352192995
192.30896569296417
192.67245165135057
193.03598957690616
193.37727394216006
193.7359042233926
194.12012975713805
194.46956807231067
194.82757902211239
195.2004130619531
195.55002554641328
195.90143218843053
196.26936550351826
196.62088377601498
196.97697630424938
197.33721734388934
197.69796210650242
198.04504280475521
198.40615949675541
198.76429551134069
199.1178909633675
199.48393772959594
199.82307470646265
200.18546944839073
200.55224612840669
200.92439482724876
201.28390540118429
201.64875810875509
202.00321379863146
202.35812469350765
202.71266454726089
203.07906524640606
203.430638237717
203.79360896033705
204.15902265545992
204.53614467988555
204.89465073840083
205.26693294209292
205.6252151852832
205.99239525802352
206.34859376020609
206.72363515070907
207.0859629229748
207.44049073671604
207.81142822498896
208.18294564652993
208.54213127339696
208.90830573264674
209.2750611383205
209.61245669638754
209.98128683001025
210.34730330054126
210.71301321457707
211.06455038150827
211.42146460631435
211.79243722835417
212.15391045159635
212.52180805214061
212.87698353754195
213.23104222616195
213.5947098678584
213.96923689052605
214.32645444000468
214.693671786746
215.04942001562313
215.4208014915823
215.76858454540644
216.13267363259897
216.4959780037785
216.84470314728782
217.20234035254686
217.5634075562993
217.92025614797106
218.27590193668524
218.62113170180405
218.99115383356195
219.34599797698519
219.71658327142114
220.06156651072291
220.43394529304652
220.77762337398121
221.1405330825373
221.49055536944749
221.83309170093452
222.19603511273303
222.55718257874608
222.922895700604
223.27857480242136
223.64121500395663
223.9917589142766
224.35660271726596
224.70905516491956
225.08186098369495
225.42992966600906
225.79444001198598
226.14761324052813
226.52211351126064
226.87727354123692
227.24598325923546
227.59605731579239
227.95268463433939
228.32127765925841
228.67087988979318
229.03367508590844
229.38088317431746
229.76334474701162
230.11440395882042
230.48921967580165
230.8177478335555
231.2043922250208
231.55063431222737
231.91700458914306
232.28074197144639
232.61391472023064
232.99783590944327
233.33159751299249
233.71608550350112
234.05315182010955
234.41989886946973
234.78002985446304
235.12157406118075
235.49989615267853
235.83099222417383
236.19990766957895
236.5639674395371
236.91945072898096
237.30624723563818
237.64697480918403
238.02127561227141
238.3691835809168
238.70517321536741
239.09157839097711
239.43003316745467
239.78659396344244
240.15986325492509
240.49385237268152
240.87841994241163
241.22791639470037
241.57048191850464
241.9381457144637
242.27150079977395
242.62715983008928
242.9994555526095
243.33893906102932
243.69352729513531
244.05937559932184
244.41602070867279
244.77169903691328
245.13894693936933
245.49437346142241
245.84774974963807
246.20250494118548
246.56671367799729
246.927649477444
247.26521417312719
247.63574813973966
248.00272553429613
248.35381236616871
248.69876259471909
249.07180981991067
249.43468960572579
249.78400609175924
250.14980067832781
250.51321755019043
250.86966888084083
251.23841203440063
251.59305245925802
251.94813086133476
252.31164615880357
252.66868585361064
253.00816883680017
253.36868684160831
253.73386587196873
254.07992882626374
254.42984893754294
254.79498237048082
255.15031195055846
255.51908077882379
255.8821702812246
256.22522032870097
256.56776594532789
256.93282099341684
257.279190831192
257.64685204964428
258.00464538962757
258.35424891662535
258.70925061683585
259.07036328298506
259.42481982502386
259.78252528799459
260.1346844745367
260.49814156142332
260.84724299000658
261.19404805815384
261.54738716557978
261.90228153487249
262.26681065013861
262.62175622319637
262.97587212954704
263.33474053556972
263.68687325803194
264.04447009922978
264.39444705495339
264.74771550847561
265.10208256519468
265.4541894353697
265.81503342205463
266.17728169198688
266.514404654714
266.88536356860652
267.23129676253461
267.60419595435684
267.95136007065457
268.31936469054983
268.6770657241874
269.0378416522791
269.39434505768088
269.78104242699845
270.13136293425396
270.46988315651731
270.8340151090589
271.19382136760566
271.54763982525213
271.90709496331692
272.2735876294081
272.62647741207945
272.99657760204371
273.3609560505966
273.7284792702705
274.08665650704773
274.44314707538393
274.80954665915476
275.1655746496653
275.51726031220215
275.88378415921142
276.24518439133726
276.60741563379105
276.95655197756423
277.31455619866131
277.6781129578988
278.01791830482193
278.38143085783878
278.74229849804072
279.08617700641366
279.43988185303408
279.80506011480247
280.15794548770953
280.50019774839916
280.86763486433688
281.22985895510715
281.58114968861838
281.94588863941027
282.31756876070074
282.65018809119636
282.99099342234342
283.35499489158258
283.73224464529386
284.07547344206455
284.43616437991329
284.78907923125763
285.11815072497222
285.48990476521556
285.85951103360526
286.19998720536296
286.55200278025541
286.90553195250965
287.27333188447852
287.63529281213238
287.99997824366994
288.3393934817658
288.682053387679
289.05833930987518
289.40631060800524
289.74826820857049
290.11004933578766
290.46424529125386
290.82436418892769
291.18499732274455
291.54683305584513
291.90841154438004
292.28039515562733
292.6239014632539
292.97521470776741
293.33954912024842
293.68954434836
294.03309800593536
294.42264928211785
294.78517778705549
295.12253293736683
295.49655339450618
295.84538135851585
296.20613743077365
296.57082314853454
296.92714536056985
297.27435197282819
297.62727295826784
297.99680678330179
298.36138405687336
298.70773380007063
299.06943840682175
299.42545324720459
299.7757862385709
300.13738082004329
300.49257369613946
300.85079022995865
301.21577296816
301.57869981320255
301.93428624721827
302.28722718268028
302.61975342673031
302.99455712964505
303.34938842492875
303.70547682845654
304.05846283705216
304.4042003912997
304.77741430284681
305.13151756733362
305.50344688383768
305.85283655995659
306.19894061279854
306.57051369270476
306.90764895360229
307.2772828103046
307.61258456566964
307.97764644442236
308.33571700660985
308.69858568354164
309.0629340801496
309.40834237240847
309.77449791940865
310.1078638631588
310.48205135239436
310.83663970886448
311.2091345299396
311.55782161934792
311.91337057310346
312.2751643897389
312.64810272321114
313.00617825724464
313.36777205200963
313.72327165888345
314.10055129531275
314.44970362233886
314.81556213698673
315.16677134149575
315.52491302492672
315.8910138456007
316.26685436137325
316.61007353568709
316.9700860182964
317.32089434213123
317.6863507072477
318.05259276970918
318.41292203629035
318.78594712015217
319.14533022440338
319.5318563833743
319.88049539853097
320.23923091378305
320.59709781468291
320.95680940163606
321.31259340198983
321.6575369777994
322.02611078951475
322.38748596516507
322.7493152167707
323.11336696073903
323.47345298215112
323.82625675447849
324.1761178075771
324.53583049186864
324.88690322398219
325.25478520393159
325.60941956355225
325.97269532926981
326.32892001732552
326.68930267921
327.05647094512943
327.41978767968772
327.76947174978261
328.12501118111624
328.4894397575398
328.83994566746384
329.20099624712589
329.56087325381941
329.92011725918422
330.28803619870979
330.64645361298358
331.00158046686272
331.35469198510032
331.71943919097725
332.07224080837256
332.44120219348019
332.79642153952517
333.14849528930677
333.501710485785
333.87656906235378
334.24367972836905
334.59636807526454
334.9599815063778
335.31674372774478
335.67344527248605
336.0338287976702
336.40531423650469
336.7612101748951
337.11167971252775
337.48924791466942
337.87000230223492
338.22316636197547
338.58599471994273
338.95103752809126
339.30642994717914
339.67472128111348
340.03485782604287
340.40845593531554
340.76276964637344
341.14296143105543
341.50593809650348
341.86959185305869
342.22901308818808
342.59945219550053
342.95515956652446
343.31898810922553
343.68127132324241
344.03645017127906
344.39615528805979
344.77800073359828
345.13731995267943
345.50115373780278
345.863653660693
346.21827928487818
346.57775290130195
346.94747582601508
347.29562836512684
347.64716236326444
348.010212820917
348.38099524341686
348.72948157653911
349.09061998406236
349.46252382084447
349.81969129300887
350.17154780597195
350.53705255122765
350.88716359128108
351.24099006851
351.59375273149294
351.97475006501816
352.3385674399064
352.68837338994661
353.058422580283
353.42069234923684
353.763947990752
354.12029660854483
354.45493647457118
354.78971203695681
355.13874822328023
355.4629797767945
355.770231347752
356.1080209966749
356.380653705253
356.6797041483506
356.93091774101242
357.18269679234413
357.41731076122107
357.60456851614077
357.76899103286058
357.93087516109557
358.09985894822267
358.23347914422277
358.33702138740017
358.43877572121278
358.52735393143166
358.60999575115716
358.66396540089175
358.72767602517024
358.774847885882
358.80199055401658
358.84175720478549
358.87107656031816
358.883765235118
358.88803704166753
358.90068168756233
358.89869845760893
358.90407862298025
358.89959704251368
358.90370543742182
358.89836063237738
358.90612857794162
358.90179980551255
358.90489996671903
358.91312473015415
358.91048265268051
358.91706745522185
358.91209859566879
358.92334086845267
358.91359965814394
358.92279211646957
358.916843505755
358.91335598747219
358.90964274022673
358.91585051199849
358.91982786499381
358.91570310033546
358.91751411938668
358.92141322420844
358.91402410025512
358.91423701869593
358.90313264807503
358.90788860055994
358.90897070067871
358.9093628709989
358.90722387444725
358.91306515217389
358.90945730598389
358.89954118259897
358.90390823577303
358.90612853419611
358.90378538965189
358.90695254753734
358.91733558099776
358.91374370608827
358.92411115121092
358.91935876570744
358.91057123017964
358.92010895285546
358.92409014076628
358.92341491144464
358.91493946050883
358.91335766699075
358.92843538117722
358.92744510209707
358.92630178820013
358.92014047940739
358.92176693647491
358.92529499072594
358.91515818340031
358.9180004693294
358.91445735713324
358.91437945060659
358.92180084890475
358.91970449951168
358.9181630130002
358.92086179611113
358.92426824466958
358.92283448503878
358.91255773746616
358.90276185463767
358.896620219823
358.89930295212417
358.90793347894493
358.90592863326549
358.91399069180108
358.90679242650623
358.89940727292338
358.91073598557739
358.90907997004621
358.91700322535723
358.90685870838945
358.91264139446474
358.90625676673005
358.91061541110867
358.9182591030592
358.92207269828265
358.91897365309364
358.90844386849176
358.90814069163395
358.91317650160471
358.90915918526935
358.91653087101497
358.91499850142623
358.91052198817039
358.90844286701173
358.91364705651517
358.91115108103315
358.908710341796
358.90169049757145
358.901281435278
358.9057306377137
358.913644928777
358.90419858262072
358.90187102236195
358.9085135393035
358.91251391336164
358.91561410396929
358.91185583182653
358.91494578679556
358.90694869784232
358.90512066248891
358.91368758408896
358.91525522831267
358.9188607417442
358.92041249157961
358.916573801557
358.90592581286381
358.90118604776768
358.90916608589947
358.91820722118564
358.92593682668178
358.91752722060687
358.91722933325923
358.91652511110539
358.92256058474067
358.91137742258309
358.91452263364187
358.91513515424015
358.90672607201907
358.90762742945316
358.91872429354896
358.90593082782397
358.90986102370772
358.91105602268925
358.90718011368847
358.90689384870308
358.90348186710156
358.90818775583972
358.90518232075317
358.90641883855756
358.90981965787324
358.91304994789044
358.91821715280531
358.90959433654837
358.91474434689616
358.91863156330828
358.91730153655828
358.90651106044419
358.91497839083866
358.912976894964
358.91149821896073
358.9242718918706
358.90790666469383
358.91522443213614
358.9235029521991
358.90805385665232
358.908556502215
358.90769065946853
358.904852428182
358.90483994912
358.90733444528354
358.9042801675933
358.90612958713859
358.90322224208967
358.91880948803862
358.91069088027194
358.91073758838104
358.894480763224
358.90347780586842
358.9033390835441
358.90827619185131
358.91313344166923
358.90904724628734
358.91080152896348
358.91084678273614
358.90392692473694
358.9119260981538
358.91694873179915
358.91991025923528
358.92754236836993
358.93215919254334
358.92222313676012
358.92129305937965
358.91933222998733
358.92480377142124
358.92394019020691
358.91091993153424
358.91177058502103
358.91951996757552
358.91634288468123
358.9172705653616
358.91471365133759
358.9168768584675
358.91019717708861
358.90195644567137
358.91143435262279
358.92288331107483
358.91909586171482
358.92037126575855
358.91235187323025
358.90541747940472
358.90805417916056
358.90636530867431
358.90615993131058
358.9106582213106
358.90940034733404
358.91184467492354
358.90538920209997
358.91217564450403
358.9076558951798
358.90278465392623
358.92003147308947
358.915827574696
358.92150208410612
358.93310296607484
358.92548150586384
358.9241602896073
358.92747709299681
358.91140249898581
358.88557573124319
358.8698884663628
358.83200711236896
358.77935950386461
358.72733461005748
358.6748204202093
358.58799858550356
358.468363922124
358.35942261983536
358.25094314259474
358.0841108956734
357.92481385101007
357.70749798763376
357.52006398901244
357.28897748119925
357.05388233980858
356.77918518023574
356.4968156787595
356.20209932794137
355.89391975129018
355.56654060067467
355.25698302302669
354.92170919525324
354.56316990442792
354.21592346831005
353.88079531742636
353.51418449487716
353.14408803620393
352.78391451450744
352.43377874070188
352.05953665656369
351.71431485791317
351.36556000382893
350.9997042410389
350.63085387912042
350.28495084440567
349.9248049053578
349.56749249512484
349.212014736728
348.85586547639838
348.48728760645895
348.11745973468737
347.7611095866327
347.407291186004
347.04357225620629
346.70100125185905
346.3408909670448
345.97275422889129
345.60845978513265
345.2451839614202
344.86924386177168
344.51316612837905
344.15464515146584
343.7897871712114
343.44098886461262
343.07624519286804
342.714098328942
342.34746525364204
341.980075418376
341.60523707915991
341.2454335399151
340.88543166181614
340.5219898226901
340.15607088025769
339.79041781599204
339.43640575275674
339.06621875511206
338.69185460034237
338.32761543527732
337.96667995167036
337.59416622830571
337.24288519644477
336.8797868903232
336.51278657406067
336.14951603641146
335.80096936058231
335.43939832684174
335.0795494299839
334.71512228793625
334.3406312568498
333.98019237341452
333.62622583238107
333.27971071776813
332.90807590279417
332.5573572470401
332.19657041426848
331.84312519846952
331.48749938087394
331.14065281446375
330.76656086494017
330.40209025955153
330.03625205646767
329.67398934441582
329.31647498554258
328.95972232776506
328.60139095808796
328.23511470688584
327.88746370534471
327.51942545230088
327.15337750588253
326.79852979252422
326.45046135904983
326.07743835699165
325.72151426893572
325.36902454845
325.00620679560257
324.6670486344857
324.29857127022331
323.95095598928742
323.5780611934569
323.22127274320491
322.86718420654267
322.50773538896362
322.14694816469267
321.77596879849938
321.43294311793034
321.06740597190213
320.71884967904271
320.34788904856015
319.98098626404237
319.62453358387347
319.26096556210211
318.89856602878956
318.52217524304717
318.17331058832934
317.82543304528656
317.46529684780876
317.09396404547311
316.73483117676267
316.35346317174833
315.99861244905827
315.64165685291334
315.28427682990122
314.90925022379963
314.55248580942015
314.18960790819915
313.83847571698954
313.48267431912274
313.12709170936859
312.75659994304397
312.40141158185889
312.03091864007712
311.6750415588873
311.30456885745565
310.94407166859088
310.58933529251175
310.23672799160875
309.89718265053079
309.52105823810894
309.16726583345826
308.80313167716935
308.4532634842011
308.09285765277781
307.73155433770751
307.39188091656342
307.02859615325769
306.68620639821074
306.31654285439788
305.96079769625663
305.60354820043847
305.24000861395706
304.8925563857465
304.52340884516627
304.164917327475
303.8126100575725
303.462209148127
303.10925873675956
302.75802864457108
302.39626133561796
302.03110297346421
301.67559800242446
301.32550479472616
300.96580112251485
300.61247357059949
300.24938814852334
299.89547785848094
299.53349481414074
299.18090480667877
298.82501849604932
298.47178709643856
298.10009348116506
297.74431460974029
297.40478731830444
297.02562207256346
296.66686076477441
296.33649461517615
295.96362027784676
295.595308613794
295.25459827826222
294.86716273575189
294.49797337940117
294.16278372316594
293.80338250004917
293.43854904182689
293.09288411160367
292.72721784014459
292.37452293263829
292.02741342632623
291.64756599086422
291.2835649457453
290.94590543050384
290.57678190494954
290.21447542566034
289.86701251811309
289.51730259221171
289.15338153821523
288.80230656735461
288.44643600599596
288.08323050562865
287.7449515835313
287.40131679153785
287.02379954990249
286.68459289835755
286.32820004648062
285.9677033483307
285.62940656797662
285.2752188835014
284.90494854781673
284.53599289416383
284.19398394893926
283.8269353664632
283.47517785559609
283.11788160126542
282.76335196119049
282.38477233006131
282.04760421617215
281.70210241262595
281.34304931020051
280.9824386026815
280.63471771374367
280.27356961150889
279.91546550471588
279.56366256232769
279.21498442103911
278.83793835149237
278.4814539935395
278.12868122207351
277.77825173424122
277.41686511337423
277.05549593800845
276.70963938226288
276.34448663920256
275.9839922941311
275.64705693084233
275.28576355774373
274.92921309987037
274.56507118323412
274.20740862532847
273.8399114715657
273.46181664457151
273.10573653130848
272.75652598490342
272.38931678295307
272.01431320896523
271.67336010776222
271.30465787434218
270.94539552213053
270.60555804667968
270.2445946214101
269.87509689911781
269.51382803379352
269.14575376829248
268.78844926526028
268.41099778632235
268.06254021241324
267.7094509452491
267.35187857012454
267.0033095822958
266.6442491213345
266.27989239925546
265.91523022952259
265.576457979731
265.21986818969532
264.86829350055905
264.50950060786965
264.14717948813359
263.78734586579424
263.44087387227052
263.078399066795
262.723717028304
262.36524430365256
262.02643201227721
261.67379061661512
261.3128593929876
260.95672888619129
260.59068619495048
260.24092707784774
259.89286759534048
259.5401652783346
259.17145896505275
258.81778200903341
258.4528664227704
258.09414279847
257.75028615300556
257.40159506350631
257.03648012968722
256.68934479765869
256.33818264538479
255.97009474646762
255.62234222129945
255.26825044204156
254.88701072304895
254.53366125758129
254.18994248248578
253.8307359429194
253.47589731669891
253.12709252979963
252.77502873090842
252.41951200495376
252.05450481721923
251.68647813407469
251.32718002898344
250.98444319723097
250.60790015680388
250.24230439583471
249.90393601845585
249.54736453153802
249.18084991330835
248.83149912624782
248.46865780578631
248.1041225953941
247.75062651689783
247.39080275626998
247.04224531623862
246.67403838345416
246.30731919583002
245.97828030937436
245.61101706040017
245.23934332102908
244.89798275101813
244.52246931242814
244.15887885637343
243.82474584541055
243.45439868877614
243.09088944531507
242.75670022057116
242.38189068315543
242.03831568033979
241.68536475162568
241.31287139926809
240.97663243758356
240.60175573000998
240.24922104057882
239.90353818643098
239.52715425891967
239.19474244200842
238.83596011408957
238.47572491498491
238.12249201438613
237.73093805816441
237.39461625050765
237.0201410836728
236.67906144277475
236.32918187519019
235.94795162362595
235.61587679190214
235.23988083248233
234.90829141579735
234.52960704656982
234.17060000272014
233.81800640761921
233.45577960412717
233.11782267047133
232.72910700273832
232.39315071255473
232.01432897452034
231.68113966440185
231.30388864162831
230.95536094502367
230.57862963105765
230.231924077346
229.87034415146539
229.50632332171594
229.14803543445927
228.78207148739503
228.42615416357666
228.05622784580868
227.72098265771382
227.34573151677063
226.99866617075873
226.61169713629161
226.26904035078812
225.89719038149207
225.53854348404715
225.16999379421924
224.82505552924133
224.46995028993604
224.11442027401924
223.75817481156057
223.39387253043668
223.03580903846239
222.66273155656521
222.31987254675929
221.94880483065978
221.60683316635993
221.24481292787152
220.88890749361653
220.53183988894392
220.16808841781068
219.80539178331864
219.44419046496603
219.09353881838723
218.73123486933164
218.38225278408507
218.02618454671361
217.66086334022188
217.31636893861938
216.95958885785598
216.61159867199586
216.23880888222189
215.87708166727964
215.52114445300265
215.15547750506647
214.80017230270076
214.4391965611058
214.07405071539668
213.71508083658128
213.35781721810278
212.98681922894107
212.61213626956644
212.25865525994436
211.89804284788386
211.53261413494749
211.1691404989368
210.81221689569208
210.44953489055169
210.09804184247267
209.74821870820918
209.38094721980536
209.01090584444367
208.65281272565713
208.28765949022986
207.92751586526458
207.57074686918924
207.19323616568971
206.83241871950327
206.47748208375904
206.10994634502194
205.74391178254612
205.3686307375356
205.00388423779086
204.63656008209904
204.278381558652
203.91400093496762
203.55433658209296
203.19048043658384
202.84437309445042
202.48822602217368
202.121395641107
201.74911414069894
201.3931266992916
201.02522836111208
200.67464189757624
200.31964659503004
199.95409645788453
199.59545223494217
199.24314020199887
198.89266789468948
198.53325406834938
198.17535297181689
197.80486444532835
197.44319524216002
197.09789395926148
196.73360029121693
196.36272025257003
196.01979323738632
195.66016706482836
195.29330864174153
194.95211942779409
194.59138289449962
194.21403491265826
193.86099812871944
193.51069670280663
193.14544613457207
192.77969423852923
192.4232493341338
192.06662071454244
191.70654810542067
191.32873838984196
190.9816589696436
190.60763618305668
190.23635923241949
189.89420070392734
189.52281828311615
189.15398756413444
188.8035494155088
188.44705614152196
188.08175834083264
187.72006927057117
187.35328270852111
186.99804327275209
186.62529723111032
186.25691245035745
185.9125645224467
185.54506570445636
185.17246881200978
184.83646670188836
184.45231175276004
184.07920862039592
183.6905356476907
183.30414251428232
182.95059875504288
182.57985047925894
182.19865777291912
181.80743533118761
181.38764392359772
180.97715266024298
180.59404071732061
180.206211496137
179.82754165624806
179.4413163955561
179.04073742663911
178.68769610846272
178.30333312390016
177.9183097863428
177.55776521534725
177.19985507948724
176.825639042607
176.46698204170644
176.10314835358525
175.73798022789967
175.37722893832967
175.00551577501668
174.66343053038443
174.29883718488333
173.93632897194775
173.59762664309608
173.245594167832
172.87437115636823
172.51091489382222
172.15215323676091
171.79689260389907
171.43437409838188
171.09651170889015
170.73614540080939
170.36531802465541
169.99935861833691
169.65295312279872
169.28641156881639
168.91295111812141
168.5732479457057
168.21480999241206
167.84570323899905
167.49512976329973
167.13456059296189
166.76690724964797
166.414007272523
166.05852196966552
165.69231746481734
165.32422968429862
164.97041206939872
164.60837413512823
164.25564763262128
163.89704242583471
163.52912060139283
163.17154018513364
162.82164205319774
162.46377794657579
162.1023350131675
161.73565709667011
161.37342965480107
161.00961121598741
160.63566983294183
160.2781226834388
159.90843346302248
159.53870207814964
159.17734051126192
158.8241640815169
158.46204433246595
158.09054744258694
157.73092306317463
157.37012775778692
157.00067611502664
156.63822150180613
156.2756212781093
155.91704484071059
155.56175186246864
155.20230694034254
154.84609541450953
154.47864637937323
154.12115737941329
153.76390517898494
153.40130394184095
153.04250674795756
152.67944667908259
152.32680233631524
151.97644090647864
151.63229396778468
151.28810813930835
150.91456898074824
150.55457156429713
150.1879241475371
149.83730123918758
149.47383081829017
149.11763869176485
148.755471771739
148.38871572173977
148.04645227703946
147.70038588801046
147.32986112792156
146.9690310330177
146.61008542316094
146.25981121486748
145.90652429281994
145.54104450830232
145.1959531653589
144.82984770404434
144.49470994588273
144.14013907938625
143.78006542392194
143.41731228619776
143.05500632920018
142.7171346671764
142.35040466272565
141.99576097235391
141.63419663144339
141.29073042632544
140.92248089290035
140.56677251293286
140.20712148050296
139.84007277427895
139.48388482133348
139.12021028927572
138.75535111605919
138.38635517297553
138.03376962358885
137.67999070109934
137.32417612348465
136.969637797883
136.59890287010768
136.2405511973534
135.8579360234877
135.52411344357461
135.14621207023674
134.79285787469001
134.42550947500331
134.08956689582038
133.72888344836832
133.37460845399966
133.0089740213225
132.62608479650152
132.28633210373039
131.91369539494065
131.57879901662125
131.19848718734892
130.86861755074261
130.48634105446541
130.15819682971358
129.79268844243205
129.43134538027752
129.07681398986119
128.71503077606505
128.37844218269549
128.00578059925709
127.67761202129849
127.31547413069586
126.96026371685173
126.62244739809944
126.24903026901806
125.90896007968729
125.52870407321188
125.17578520374919
124.83447292431768
124.4617308362846
124.118711650074
123.76156177029431
123.40885355022017
123.07476392182809
122.7050754299221
122.36468988296586
122.00405575537718
121.63242133891134
121.30732796917921
120.94319063852061
120.57732576088056
120.24565639011198
119.87963750104777
119.53504472437655
119.18816779775601
118.81561220773727
118.46211255594214
118.11449294357175
117.73874029537079
117.38523661520758
117.03654581060195
116.67061277446986
116.32903207875467
115.97262708854436
115.61366195742315
115.2570766772352
114.88296826867006
114.52695329016895
114.18105475660052
113.81217723754655
113.44415385724727
113.11294494481314
112.74790459842852
112.37602828665722
112.03880118302142
111.681092947044
111.30402413842371
110.95019038073174
110.60235513090041
110.2463075379226
109.90712667758349
109.54551062301911
109.18076646125263
108.8458971959797
108.50023284146526
108.13234503199512
107.77968237620084
107.42226351747941
107.06453366894814
106.71164080654907
106.35975865471008
106.00329272571915
105.65275165901512
105.31864130174336
104.96593630636733
104.61216534991353
104.25593457425673
103.90607254321979
103.54931982148503
103.18442838424416
102.83283115862344
102.4784526436342
102.13234072690813
101.77544533978274
101.42420715123811
101.05252073810878
100.70334129960294
100.35234959802433
100.00147761268579
99.662894449433438
99.3102780565095
98.947975434345921
98.604342832428131
98.249085409712478
97.893024293301451
97.546029592846892
97.177416002671976
96.813195613632487
96.464138956692622
96.105053996970668
95.753863499001255
95.393730660431359
95.04498806519274
94.709158444136165
94.335999409894427
93.965699712227575
93.610638169271681
93.249637584515511
92.8868195841151
92.518909111419759
92.174319910698216
91.810331206160882
91.45208805498504
91.098655267771136
90.753147465023176
90.381680221659423
90.013511530337041
89.666317232036818
89.300112792681233
88.934171528542691
88.569612518472141
88.219239111802764
87.860915138937969
87.500212610984988
87.162925840724739
86.813992981845317
86.438610514730271
86.084357567850773
85.743153383647822
85.376055487350087
85.01967249536375
84.670372450566333
84.326194588725258
83.962671168307523
83.628653918073724
83.278220100958052
82.909272969478849
82.53969577229438
82.1904398723402
81.835214873650742
81.483110030667731
81.141110785057066
80.802485729904149
80.438916677586761
80.091512220163025
79.738049456329222
79.3667057062335
79.0127738308621
78.67378500513945
78.318376127229712
77.963827058042369
77.614987692883943
77.2601935753236
76.9063370894536
76.566487196661811
76.218390674881164
75.840190912882235
75.499802728672577
75.158711974456338
74.795740461836147
74.424502123487486
74.080767676228859
73.711797490922834
73.363483619188159
73.033821959375132
72.663482996024712
72.289969265867185
71.9495441920098
71.590611697129589
71.2137729705861
70.872546728450729
70.5184025305202
70.149111350768862
69.802061155385829
69.447779325339
69.090270615161216
68.724810576608292
68.357118841641025
67.995239664872486
67.658159223071422
67.281032747478363
66.9264032242386
66.587228278509372
66.217395302240064
65.865337703992139
65.528315355880736
65.147741414899627
64.8023236989364
64.457667796408
64.08136463139499
63.737943926757218
63.37450251809873
63.012648931624966
62.6734929310498
62.315596192000683
61.969425139488905
61.6174826931585
61.2404298455341
60.898616403988953
60.536241786509407
60.160911459469474
59.828709575199447
59.462150039264195
59.111721291711085
58.761022181340294
58.395465921024993
58.054731562932773
57.678075441721987
57.34022049082423
56.972840824836283
56.6102165822739
56.267753087627931
55.899135860392391
55.557507633154742
55.194470169564013
54.854485788550591
54.489044772107754
54.118950119302859
53.76503677408337
53.40327249646009
53.058906235304846
52.689500543275237
52.353766349484914
51.990793732585075
51.645123351940747
51.283533168373367
50.928831887586306
50.556305186015869
50.204336627013376
49.850495948079008
49.4967408580179
49.134955494567336
48.776835184982268
48.411491985116477
48.062135482484429
47.699624009899324
47.338827121419591
46.973810987127209
46.606763246922853
46.244389244034565
45.888292606761226
45.520680957594294
45.166065938862836
44.8158209420339
44.469227805083023
44.104296163670618
43.749083665841724
43.379704067341528
43.0208988453289
42.6626444011824
42.293152315428415
41.941226093343424
41.581276212420761
41.243816872759723
40.885506767612313
40.536069140648635
40.164450654504215
39.805835175214561
39.449225829501955
39.08599778663055
38.736633787880123
38.369302042810354
38.027667643133974
37.675589015184968
37.329774626608341
36.963869284822216
36.582319378400044
36.232921220732941
35.874982435549441
35.518593998269871
35.156640358735572
34.792017928438113
34.43441763231062
34.083232550232268
33.734137436970222
33.374527494200279
33.004482734947281
32.632638128081524
32.274128489286412
31.912261821940408
31.54961604188939
31.201998923455509
30.836702966843959
30.47860368276833
30.139040389510825
29.768723531476251
29.396789982253694
29.028090003502882
28.662395096637155
28.29487291442857
27.945173160842604
27.574414848491475
27.209602346587385
26.858295221586712
26.500813932155037
26.123211755668873
25.761444234448867
25.396203849236684
25.023888696461153
24.66627341470134
24.307909381302746
23.937416718438836
23.583416703364257
23.221067264330816
22.862975391116926
22.507848058241439
22.145412436716033
21.771704569352341
21.414893955354568
21.061670433033608
20.696950238560994
20.341569411444219
19.995782715837148
19.62787392321362
19.286124834552648
18.919814410843752
18.549986756310183
18.187028240569784
17.827700375994233
17.471808017401532
17.095218715457491
16.738451004997522
16.38895279319097
16.040583253056855
15.68141461075221
15.333074255845272
14.966206744968321
14.593572610969453
14.25288274799124
13.896262406707644
13.52010251639396
13.171222109988484
12.806746546290126
12.433388884868847
12.072436569747067
11.731081243471568
11.35601901275057
10.991847004527042
10.635698195970246
10.28532906518091
9.91654741478371
9.5468405911223737
9.2062222205810258
8.835518365151918
8.46496891715449
8.12560188853841
7.7531226564079407
7.3717211020363962
7.0068107115309681
6.662046875806265
6.2952035014426659
5.9190678983964737
5.54871905468165
5.2163510551979453
4.8599723195561912
4.485255268351807
4.12911951932883
3.7738973499102042
3.4318488050010685
3.124731244869563
2.7995520504000559
2.498877119081178
2.1316984700131778
1.8261689115493194
1.5397692637069871
1.276975213179945
1.0650404430855289
0.8570765597106309
0.6573145249629514
0.50362775195735121
0.38549186070444197
0.29488757968131946
0.21133558191705623
0.14070996302236674
0.058527017154800118
-0.0059748992883328807
-0.047204619845869496
-0.083571829157072
-0.10414180647148094
-0.12848350030352593
-0.15104553873733553
-0.15164576362980128
-0.14712716705022932
-0.1444285570123596
-0.14001377233635348
-0.14463494030598448
-0.13428057993305587
-0.12830829744446903
-0.134573172705936
-0.12824125976422698
-0.11705319312806625
-0.11767789673515645
-0.12643235834850564
-0.12932112637595694
-0.12801186614844684
-0.13377674283371069
-0.13456325118003476
-0.13349479323518815
-0.13422856415031947
-0.14216403682132034
-0.12782914767154807
-0.13268081788584551
-0.13104680752762404
-0.13050716174352614
-0.13596130768449136
-0.13794886825598957
-0.1268403563512005
-0.12430662131770752
-0.12362139053509196
-0.12995063274928176
-0.1240728485670614
-0.13233587385820811
-0.1282808910235913
-0.13878937009961362
-0.13439802207460955
-0.12706167576240762
-0.13643185362530222
-0.13058810350276506
-0.12286469134046535
-0.11704174764106595
-0.12689213444181458
-0.12661737498887921
-0.12656370247868415
-0.12890935645215459
-0.13183410168161175
-0.13544788125770937
-0.11864941760008929
-0.13206435163256619
-0.13822146272330749
-0.14542984889853469
-0.12644241871571574
-0.13742858918088774
-0.13157543090942758
-0.13524648822190771
-0.1436609800271523
-0.14570977705783911
-0.14120236697121891
-0.14615720396188595
-0.13231380358292888
-0.13660722131961253
-0.13354519000060217
-0.13639499333815117
-0.13084272370613104
-0.12170270916103079
-0.12733267403819809
-0.12628347604768864
-0.13241064791322116
-0.13033698826766127
-0.13558699505952121
-0.12582767524796007
-0.12469610795967719
-0.11948090136329004
-0.13351609612291915
-0.12807461753474231
-0.12307891088856982
-0.13580995698728579
-0.13163080554165452
-0.12824623155308412
-0.13172702185691448
-0.12502264376229472
-0.13757402776901473
-0.13811395569016829
-0.13486725744532124
-0.13345872239313103
-0.13281930430581559
-0.14284197420386838
-0.13961788027463806
-0.1459899954056002
-0.14828123655970224
-0.14015333462895438
-0.13438267807844345
-0.134873187581312
-0.140863755372195
-0.14033158057222439
-0.1407589046831185
-0.13261798415747414
-0.15244934319895973
-0.14050382299911465
-0.13876402466643606
-0.13891740778839382
-0.133338340465437
-0.1445673401438512
-0.14034657506776385
-0.14116657837912272
-0.13897397564879632
-0.13692007842396817
-0.14419366528831037
-0.13139623732687111
-0.13137997672446913
-0.12996031546474715
-0.13384499877475664
-0.13368875036977512
-0.1467838468072894
-0.13943388625267117
-0.13236131040223623
-0.13301931130151687
-0.14342861141385543
-0.12995466806576189
-0.13430856720462037
-0.13692710214724779
-0.13503250334123951
-0.12794230610160517
-0.13608154787235013
-0.1210812044594087
-0.14179819641469738
-0.13122740081098616
-0.1415163728353305
-0.14138563308778951
-0.1336803847289893
-0.12858931427864884
-0.13383932645667218
-0.12427190261481477
-0.12442366773493051
-0.12920012366257561
-0.12257170772502914
-0.11034835176701106
-0.12199907147197765
-0.13140900220158069
-0.12612293235467165
-0.12787839609258372
-0.1344712280062853
-0.12437861606244177
-0.13282813372160562
-0.12969699658537187
-0.12587106185341274
-0.13960236949064764
-0.13656903000676343
-0.12951120698913352
-0.13270151548737919
-0.12986375994404276
-0.14337163993748586
-0.1351972759567619
-0.13573413278815846
-0.12341624419767941
-0.138762418269203
-0.14772458664659147
-0.13486340723480922
-0.13078902113652996
-0.12233050698024342
-0.14066752592490028
-0.126222882252182
-0.12861732408904045
-0.13142803598564226
-0.13904179314675827
-0.12438063202971092
-0.13196227967653895
-0.14459937987070579
-0.13834363478125022
-0.13443085910664737
-0.13249539347465125
-0.1456444504041427
-0.13495408669233219
-0.15023102656875828
-0.13473959324154639
-0.14278476465741247
-0.13972204017527568
-0.13441090501077874
-0.12501390052977093
-0.12364412481910063
-0.12518379781302724
-0.1242169309579567
-0.11254912014197741
-0.12836667674047411
-0.12801981329104017
-0.12647357865584932
-0.134858655513673
-0.12271190440726545
-0.133104007959414
-0.1279558637913723
-0.13571894358345582
-0.15762614759513233
-0.13999644172524775
-0.13710232383325288
-0.13594950733032737
-0.12294662751233676
-0.13585325041502866
-0.12886583112330347
-0.12137777032178583
-0.1116474651648349
-0.12765964889910242
-0.12129258995289484
-0.11842036136118554
-0.12409573801272088
-0.11241750804461048
-0.11674944948845646
-0.11939340229451667
-0.12448136250600983
-0.11527930627667322
-0.12437417441060704
-0.12940672689920771
-0.13069570252883569
-0.13460508618633335
-0.12625218818900849
-0.12315257338966219
-0.1211527199575714
-0.12594697224114926
-0.12706900330863735
-0.12815095704435819
-0.12521418331575951
-0.11359831590267687
-0.11695567546446524
-0.11555432504882884
-0.12152201302116468
-0.12611184587139684
-0.13010421636656169
-0.1218600089791972
-0.1316933134553899
-0.13606240967497921
-0.13887957053041428
-0.13860007246904224
-0.14253869113903916
-0.137550721891836
-0.1484487926248515
-0.14083257945065972
-0.14167414170578166
-0.13116932009102167
-0.13332284835290645
-0.13188041554411048
-0.141712002624456
-0.1310303389064188
-0.12494722792662541
-0.13004527349085698
-0.13639365945184709
-0.12673436945475181
-0.11797660369740526
-0.12889379508865345
-0.12395454752295368
-0.13440902704077007
-0.124921648833972
-0.12957933391740226
-0.13245202289902658
-0.13758835208798226
-0.14178443128364068
-0.1388443544561683
-0.14218448897716579
-0.1384619113468766
-0.13114004566996709
-0.12590674772342203
-0.12209834823367624
-0.12502495004634384
-0.138560890784293
-0.134479544278424
-0.15195589066268372
-0.14944236541953943
-0.14777799375411163
-0.13080560710687678
-0.12957252553157572
-0.12368924618843805
-0.13640124180027713
-0.12243893332513185
-0.125824640690825
-0.13336115551700073
-0.13801998186846085
-0.14012564127529115
-0.14651059591482113
-0.15473743242526758
-0.14239626550999068
-0.13437082635359204
-0.13534981084991793
-0.13418353896216562
-0.13353169791550817
-0.13053977645202466
-0.13009841079141471
-0.132997015711872
-0.13406411819518027
-0.14283726151598816
-0.13327668266865425
-0.13131730892631591
-0.132180031511501
-0.11926904878204746
-0.12549610456420307
-0.11801368049092924
-0.12478417510223817
-0.11905612877681925
-0.13536539878709317
-0.1214175968520216
-0.12485621441476003
-0.12375037303314
-0.12979079899432153
-0.11425236755286453
-0.13364852043315117
-0.13310687998240778
-0.15790879505436511
-0.14411009197579305
-0.13342235132632105
-0.13130318064419441
-0.13691386368133887
-0.14226705124635966
-0.13917444954591005
-0.14038383404966298
-0.1295531411430535
-0.12941565849778403
-0.12490202280335876
-0.13308188392239034
-0.12888021447722092
-0.12435584785458004
-0.12782689663069735
-0.12477261045067961
-0.13417232795305142
-0.13554115014387622
-0.13718045675673377
-0.1359084013773541
-0.13766890188845882
-0.13844845752121818
-0.14026182168961832
-0.13992222056227935
-0.14740431370881818
-0.14906820464246151
-0.14579325050971312
-0.14086264901003881
-0.14348531259795369
-0.14569816716920347
-0.13277841227339032
-0.14904482566540556
